|===========================================================================|
|                  PyTorch CUDA memory summary, device ID 0                 |
|---------------------------------------------------------------------------|
|            CUDA OOMs: 0            |        cudaMalloc retries: 0         |
|===========================================================================|
|        Metric         | Cur Usage  | Peak Usage | Tot Alloc  | Tot Freed  |
|---------------------------------------------------------------------------|
| Allocated memory      |  37653 KiB | 125912 KiB | 386285 MiB | 386248 MiB |
|       from large pool |  37314 KiB | 125184 KiB | 373197 MiB | 373161 MiB |
|       from small pool |    338 KiB |   3316 KiB |  13087 MiB |  13087 MiB |
|---------------------------------------------------------------------------|
| Active memory         |  37653 KiB | 125912 KiB | 386285 MiB | 386248 MiB |
|       from large pool |  37314 KiB | 125184 KiB | 373197 MiB | 373161 MiB |
|       from small pool |    338 KiB |   3316 KiB |  13087 MiB |  13087 MiB |
|---------------------------------------------------------------------------|
| Requested memory      |  37650 KiB | 125908 KiB | 384660 MiB | 384623 MiB |
|       from large pool |  37314 KiB | 125184 KiB | 371629 MiB | 371593 MiB |
|       from small pool |    336 KiB |   3313 KiB |  13030 MiB |  13030 MiB |
|---------------------------------------------------------------------------|
| GPU reserved memory   | 167936 KiB | 167936 KiB | 167936 KiB |      0 B   |
|       from large pool | 163840 KiB | 163840 KiB | 163840 KiB |      0 B   |
|       from small pool |   4096 KiB |   4096 KiB |   4096 KiB |      0 B   |
|---------------------------------------------------------------------------|
| Non-releasable memory |  25835 KiB |  42265 KiB | 118151 MiB | 118126 MiB |
|       from large pool |  24125 KiB |  40704 KiB | 105060 MiB | 105036 MiB |
|       from small pool |   1709 KiB |   3195 KiB |  13091 MiB |  13089 MiB |
|---------------------------------------------------------------------------|
| Allocations           |      29    |      42    |  268445    |  268416    |
|       from large pool |       8    |      13    |   33602    |   33594    |
|       from small pool |      21    |      34    |  234843    |  234822    |
|---------------------------------------------------------------------------|
| Active allocs         |      29    |      42    |  268445    |  268416    |
|       from large pool |       8    |      13    |   33602    |   33594    |
|       from small pool |      21    |      34    |  234843    |  234822    |
|---------------------------------------------------------------------------|
| GPU reserved segments |      11    |      11    |      11    |       0    |
|       from large pool |       9    |       9    |       9    |       0    |
|       from small pool |       2    |       2    |       2    |       0    |
|---------------------------------------------------------------------------|
| Non-releasable allocs |      10    |      15    |  105299    |  105289    |
|       from large pool |       3    |       4    |    9057    |    9054    |
|       from small pool |       7    |      12    |   96242    |   96235    |
|---------------------------------------------------------------------------|
| Oversize allocations  |       0    |       0    |       0    |       0    |
|---------------------------------------------------------------------------|
| Oversize GPU segments |       0    |       0    |       0    |       0    |
|===========================================================================|

|===========================================================================|
|                  PyTorch CUDA memory summary, device ID 0                 |
|---------------------------------------------------------------------------|
|            CUDA OOMs: 0            |        cudaMalloc retries: 0         |
|===========================================================================|
|        Metric         | Cur Usage  | Peak Usage | Tot Alloc  | Tot Freed  |
|---------------------------------------------------------------------------|
| Allocated memory      |  37637 KiB | 378396 KiB | 456413 MiB | 456376 MiB |
|       from large pool |  37298 KiB | 377350 KiB | 435709 MiB | 435673 MiB |
|       from small pool |    338 KiB |   3316 KiB |  20703 MiB |  20703 MiB |
|---------------------------------------------------------------------------|
| Active memory         |  37637 KiB | 378396 KiB | 456413 MiB | 456376 MiB |
|       from large pool |  37298 KiB | 377350 KiB | 435709 MiB | 435673 MiB |
|       from small pool |    338 KiB |   3316 KiB |  20703 MiB |  20703 MiB |
|---------------------------------------------------------------------------|
| Requested memory      |  37346 KiB | 378079 KiB | 454649 MiB | 454613 MiB |
|       from large pool |  37010 KiB | 377036 KiB | 434047 MiB | 434011 MiB |
|       from small pool |    336 KiB |   3313 KiB |  20602 MiB |  20602 MiB |
|---------------------------------------------------------------------------|
| GPU reserved memory   | 581632 KiB | 581632 KiB | 581632 KiB |      0 B   |
|       from large pool | 577536 KiB | 577536 KiB | 577536 KiB |      0 B   |
|       from small pool |   4096 KiB |   4096 KiB |   4096 KiB |      0 B   |
|---------------------------------------------------------------------------|
| Non-releasable memory |  25851 KiB |  60901 KiB | 169130 MiB | 169105 MiB |
|       from large pool |  24141 KiB |  59893 KiB | 148412 MiB | 148388 MiB |
|       from small pool |   1709 KiB |   3290 KiB |  20718 MiB |  20716 MiB |
|---------------------------------------------------------------------------|
| Allocations           |      29    |      54    |  451720    |  451691    |
|       from large pool |       8    |      26    |   44183    |   44175    |
|       from small pool |      21    |      34    |  407537    |  407516    |
|---------------------------------------------------------------------------|
| Active allocs         |      29    |      54    |  451720    |  451691    |
|       from large pool |       8    |      26    |   44183    |   44175    |
|       from small pool |      21    |      34    |  407537    |  407516    |
|---------------------------------------------------------------------------|
| GPU reserved segments |      21    |      21    |      21    |       0    |
|       from large pool |      19    |      19    |      19    |       0    |
|       from small pool |       2    |       2    |       2    |       0    |
|---------------------------------------------------------------------------|
| Non-releasable allocs |       6    |      17    |  172921    |  172915    |
|       from large pool |       3    |      10    |   12812    |   12809    |
|       from small pool |       3    |      12    |  160109    |  160106    |
|---------------------------------------------------------------------------|
| Oversize allocations  |       0    |       0    |       0    |       0    |
|---------------------------------------------------------------------------|
| Oversize GPU segments |       0    |       0    |       0    |       0    |
|===========================================================================|

|===========================================================================|
|                  PyTorch CUDA memory summary, device ID 0                 |
|---------------------------------------------------------------------------|
|            CUDA OOMs: 0            |        cudaMalloc retries: 0         |
|===========================================================================|
|        Metric         | Cur Usage  | Peak Usage | Tot Alloc  | Tot Freed  |
|---------------------------------------------------------------------------|
| Allocated memory      |  37356 KiB | 378396 KiB | 512028 MiB | 511992 MiB |
|       from large pool |  37017 KiB | 377350 KiB | 485226 MiB | 485190 MiB |
|       from small pool |    338 KiB |   3316 KiB |  26802 MiB |  26802 MiB |
|---------------------------------------------------------------------------|
| Active memory         |  37356 KiB | 378396 KiB | 512028 MiB | 511992 MiB |
|       from large pool |  37017 KiB | 377350 KiB | 485226 MiB | 485190 MiB |
|       from small pool |    338 KiB |   3316 KiB |  26802 MiB |  26802 MiB |
|---------------------------------------------------------------------------|
| Requested memory      |  36771 KiB | 378079 KiB | 510139 MiB | 510103 MiB |
|       from large pool |  36435 KiB | 377036 KiB | 483471 MiB | 483435 MiB |
|       from small pool |    336 KiB |   3313 KiB |  26668 MiB |  26667 MiB |
|---------------------------------------------------------------------------|
| GPU reserved memory   | 657408 KiB | 657408 KiB | 657408 KiB |      0 B   |
|       from large pool | 653312 KiB | 653312 KiB | 653312 KiB |      0 B   |
|       from small pool |   4096 KiB |   4096 KiB |   4096 KiB |      0 B   |
|---------------------------------------------------------------------------|
| Non-releasable memory |  26132 KiB | 109836 KiB | 207987 MiB | 207962 MiB |
|       from large pool |  24422 KiB | 108573 KiB | 181128 MiB | 181104 MiB |
|       from small pool |   1709 KiB |   3290 KiB |  26858 MiB |  26857 MiB |
|---------------------------------------------------------------------------|
| Allocations           |      29    |      54    |  589677    |  589648    |
|       from large pool |       8    |      26    |   51950    |   51942    |
|       from small pool |      21    |      34    |  537727    |  537706    |
|---------------------------------------------------------------------------|
| Active allocs         |      29    |      54    |  589677    |  589648    |
|       from large pool |       8    |      26    |   51950    |   51942    |
|       from small pool |      21    |      34    |  537727    |  537706    |
|---------------------------------------------------------------------------|
| GPU reserved segments |      22    |      22    |      22    |       0    |
|       from large pool |      20    |      20    |      20    |       0    |
|       from small pool |       2    |       2    |       2    |       0    |
|---------------------------------------------------------------------------|
| Non-releasable allocs |       7    |      17    |  225713    |  225706    |
|       from large pool |       3    |      12    |   14941    |   14938    |
|       from small pool |       4    |      12    |  210772    |  210768    |
|---------------------------------------------------------------------------|
| Oversize allocations  |       0    |       0    |       0    |       0    |
|---------------------------------------------------------------------------|
| Oversize GPU segments |       0    |       0    |       0    |       0    |
|===========================================================================|

|===========================================================================|
|                  PyTorch CUDA memory summary, device ID 0                 |
|---------------------------------------------------------------------------|
|            CUDA OOMs: 0            |        cudaMalloc retries: 0         |
|===========================================================================|
|        Metric         | Cur Usage  | Peak Usage | Tot Alloc  | Tot Freed  |
|---------------------------------------------------------------------------|
| Allocated memory      |  37330 KiB | 378396 KiB | 556964 MiB | 556927 MiB |
|       from large pool |  36992 KiB | 377350 KiB | 526147 MiB | 526111 MiB |
|       from small pool |    338 KiB |   3316 KiB |  30816 MiB |  30816 MiB |
|---------------------------------------------------------------------------|
| Active memory         |  37330 KiB | 378396 KiB | 556964 MiB | 556927 MiB |
|       from large pool |  36992 KiB | 377350 KiB | 526147 MiB | 526111 MiB |
|       from small pool |    338 KiB |   3316 KiB |  30816 MiB |  30816 MiB |
|---------------------------------------------------------------------------|
| Requested memory      |  36478 KiB | 378079 KiB | 554710 MiB | 554675 MiB |
|       from large pool |  36142 KiB | 377036 KiB | 524050 MiB | 524015 MiB |
|       from small pool |    336 KiB |   3313 KiB |  30660 MiB |  30659 MiB |
|---------------------------------------------------------------------------|
| GPU reserved memory   | 657408 KiB | 657408 KiB | 657408 KiB |      0 B   |
|       from large pool | 653312 KiB | 653312 KiB | 653312 KiB |      0 B   |
|       from small pool |   4096 KiB |   4096 KiB |   4096 KiB |      0 B   |
|---------------------------------------------------------------------------|
| Non-releasable memory |  26157 KiB | 109836 KiB | 237142 MiB | 237116 MiB |
|       from large pool |  24448 KiB | 108573 KiB | 206260 MiB | 206236 MiB |
|       from small pool |   1709 KiB |   3305 KiB |  30882 MiB |  30880 MiB |
|---------------------------------------------------------------------------|
| Allocations           |      29    |      54    |  685426    |  685397    |
|       from large pool |       8    |      26    |   58127    |   58119    |
|       from small pool |      21    |      34    |  627299    |  627278    |
|---------------------------------------------------------------------------|
| Active allocs         |      29    |      54    |  685426    |  685397    |
|       from large pool |       8    |      26    |   58127    |   58119    |
|       from small pool |      21    |      34    |  627299    |  627278    |
|---------------------------------------------------------------------------|
| GPU reserved segments |      22    |      22    |      22    |       0    |
|       from large pool |      20    |      20    |      20    |       0    |
|       from small pool |       2    |       2    |       2    |       0    |
|---------------------------------------------------------------------------|
| Non-releasable allocs |       7    |      17    |  268027    |  268020    |
|       from large pool |       2    |      12    |   17532    |   17530    |
|       from small pool |       5    |      12    |  250495    |  250490    |
|---------------------------------------------------------------------------|
| Oversize allocations  |       0    |       0    |       0    |       0    |
|---------------------------------------------------------------------------|
| Oversize GPU segments |       0    |       0    |       0    |       0    |
|===========================================================================|

|===========================================================================|
|                  PyTorch CUDA memory summary, device ID 0                 |
|---------------------------------------------------------------------------|
|            CUDA OOMs: 0            |        cudaMalloc retries: 0         |
|===========================================================================|
|        Metric         | Cur Usage  | Peak Usage | Tot Alloc  | Tot Freed  |
|---------------------------------------------------------------------------|
| Allocated memory      |  36845 KiB | 378396 KiB | 605869 MiB | 605833 MiB |
|       from large pool |  36506 KiB | 377350 KiB | 570777 MiB | 570742 MiB |
|       from small pool |    338 KiB |   3316 KiB |  35091 MiB |  35091 MiB |
|---------------------------------------------------------------------------|
| Active memory         |  36845 KiB | 378396 KiB | 605869 MiB | 605833 MiB |
|       from large pool |  36506 KiB | 377350 KiB | 570777 MiB | 570742 MiB |
|       from small pool |    338 KiB |   3316 KiB |  35091 MiB |  35091 MiB |
|---------------------------------------------------------------------------|
| Requested memory      |  36553 KiB | 378079 KiB | 603477 MiB | 603441 MiB |
|       from large pool |  36217 KiB | 377036 KiB | 568565 MiB | 568530 MiB |
|       from small pool |    336 KiB |   3313 KiB |  34912 MiB |  34911 MiB |
|---------------------------------------------------------------------------|
| GPU reserved memory   | 657408 KiB | 657408 KiB | 657408 KiB |      0 B   |
|       from large pool | 653312 KiB | 653312 KiB | 653312 KiB |      0 B   |
|       from small pool |   4096 KiB |   4096 KiB |   4096 KiB |      0 B   |
|---------------------------------------------------------------------------|
| Non-releasable memory |  26643 KiB | 109836 KiB | 267949 MiB | 267923 MiB |
|       from large pool |  24933 KiB | 108573 KiB | 232784 MiB | 232760 MiB |
|       from small pool |   1709 KiB |   3305 KiB |  35165 MiB |  35163 MiB |
|---------------------------------------------------------------------------|
| Allocations           |      29    |      54    |     782 K  |     782 K  |
|       from large pool |       8    |      26    |      64 K  |      64 K  |
|       from small pool |      21    |      34    |     718 K  |     718 K  |
|---------------------------------------------------------------------------|
| Active allocs         |      29    |      54    |     782 K  |     782 K  |
|       from large pool |       8    |      26    |      64 K  |      64 K  |
|       from small pool |      21    |      34    |     718 K  |     718 K  |
|---------------------------------------------------------------------------|
| GPU reserved segments |      22    |      22    |      22    |       0    |
|       from large pool |      20    |      20    |      20    |       0    |
|       from small pool |       2    |       2    |       2    |       0    |
|---------------------------------------------------------------------------|
| Non-releasable allocs |       9    |      17    |  305989    |  305980    |
|       from large pool |       4    |      12    |   19639    |   19635    |
|       from small pool |       5    |      12    |  286350    |  286345    |
|---------------------------------------------------------------------------|
| Oversize allocations  |       0    |       0    |       0    |       0    |
|---------------------------------------------------------------------------|
| Oversize GPU segments |       0    |       0    |       0    |       0    |
|===========================================================================|

|===========================================================================|
|                  PyTorch CUDA memory summary, device ID 0                 |
|---------------------------------------------------------------------------|
|            CUDA OOMs: 0            |        cudaMalloc retries: 0         |
|===========================================================================|
|        Metric         | Cur Usage  | Peak Usage | Tot Alloc  | Tot Freed  |
|---------------------------------------------------------------------------|
| Allocated memory      |  37336 KiB | 378396 KiB | 649675 MiB | 649638 MiB |
|       from large pool |  36997 KiB | 377350 KiB | 611268 MiB | 611231 MiB |
|       from small pool |    338 KiB |   3316 KiB |  38407 MiB |  38406 MiB |
|---------------------------------------------------------------------------|
| Active memory         |  37336 KiB | 378396 KiB | 649675 MiB | 649638 MiB |
|       from large pool |  36997 KiB | 377350 KiB | 611268 MiB | 611231 MiB |
|       from small pool |    338 KiB |   3316 KiB |  38407 MiB |  38406 MiB |
|---------------------------------------------------------------------------|
| Requested memory      |  37044 KiB | 378079 KiB | 647119 MiB | 647083 MiB |
|       from large pool |  36708 KiB | 377036 KiB | 608911 MiB | 608875 MiB |
|       from small pool |    336 KiB |   3313 KiB |  38208 MiB |  38208 MiB |
|---------------------------------------------------------------------------|
| GPU reserved memory   | 657408 KiB | 657408 KiB | 657408 KiB |      0 B   |
|       from large pool | 653312 KiB | 653312 KiB | 653312 KiB |      0 B   |
|       from small pool |   4096 KiB |   4096 KiB |   4096 KiB |      0 B   |
|---------------------------------------------------------------------------|
| Non-releasable memory |  26152 KiB | 109836 KiB | 294950 MiB | 294924 MiB |
|       from large pool |  24442 KiB | 108573 KiB | 256461 MiB | 256437 MiB |
|       from small pool |   1709 KiB |   3305 KiB |  38488 MiB |  38487 MiB |
|---------------------------------------------------------------------------|
| Allocations           |      29    |      54    |     860 K  |     860 K  |
|       from large pool |       8    |      26    |      69 K  |      69 K  |
|       from small pool |      21    |      34    |     790 K  |     790 K  |
|---------------------------------------------------------------------------|
| Active allocs         |      29    |      54    |     860 K  |     860 K  |
|       from large pool |       8    |      26    |      69 K  |      69 K  |
|       from small pool |      21    |      34    |     790 K  |     790 K  |
|---------------------------------------------------------------------------|
| GPU reserved segments |      22    |      22    |      22    |       0    |
|       from large pool |      20    |      20    |      20    |       0    |
|       from small pool |       2    |       2    |       2    |       0    |
|---------------------------------------------------------------------------|
| Non-releasable allocs |       9    |      17    |  340304    |  340295    |
|       from large pool |       4    |      12    |   21621    |   21617    |
|       from small pool |       5    |      12    |  318683    |  318678    |
|---------------------------------------------------------------------------|
| Oversize allocations  |       0    |       0    |       0    |       0    |
|---------------------------------------------------------------------------|
| Oversize GPU segments |       0    |       0    |       0    |       0    |
|===========================================================================|

|===========================================================================|
|                  PyTorch CUDA memory summary, device ID 0                 |
|---------------------------------------------------------------------------|
|            CUDA OOMs: 0            |        cudaMalloc retries: 0         |
|===========================================================================|
|        Metric         | Cur Usage  | Peak Usage | Tot Alloc  | Tot Freed  |
|---------------------------------------------------------------------------|
| Allocated memory      |  38175 KiB | 378396 KiB | 693670 MiB | 693632 MiB |
|       from large pool |  37837 KiB | 377350 KiB | 651648 MiB | 651611 MiB |
|       from small pool |    338 KiB |   3316 KiB |  42021 MiB |  42021 MiB |
|---------------------------------------------------------------------------|
| Active memory         |  38175 KiB | 378396 KiB | 693670 MiB | 693632 MiB |
|       from large pool |  37837 KiB | 377350 KiB | 651648 MiB | 651611 MiB |
|       from small pool |    338 KiB |   3316 KiB |  42021 MiB |  42021 MiB |
|---------------------------------------------------------------------------|
| Requested memory      |  37026 KiB | 378079 KiB | 690359 MiB | 690322 MiB |
|       from large pool |  36690 KiB | 377036 KiB | 648556 MiB | 648520 MiB |
|       from small pool |    336 KiB |   3313 KiB |  41802 MiB |  41802 MiB |
|---------------------------------------------------------------------------|
| GPU reserved memory   | 657408 KiB | 657408 KiB | 657408 KiB |      0 B   |
|       from large pool | 653312 KiB | 653312 KiB | 653312 KiB |      0 B   |
|       from small pool |   4096 KiB |   4096 KiB |   4096 KiB |      0 B   |
|---------------------------------------------------------------------------|
| Non-releasable memory |  25312 KiB | 109836 KiB | 322988 MiB | 322963 MiB |
|       from large pool |  23603 KiB | 108573 KiB | 280876 MiB | 280853 MiB |
|       from small pool |   1709 KiB |   3305 KiB |  42111 MiB |  42110 MiB |
|---------------------------------------------------------------------------|
| Allocations           |      29    |      54    |     945 K  |     945 K  |
|       from large pool |       8    |      26    |      75 K  |      75 K  |
|       from small pool |      21    |      34    |     869 K  |     869 K  |
|---------------------------------------------------------------------------|
| Active allocs         |      29    |      54    |     945 K  |     945 K  |
|       from large pool |       8    |      26    |      75 K  |      75 K  |
|       from small pool |      21    |      34    |     869 K  |     869 K  |
|---------------------------------------------------------------------------|
| GPU reserved segments |      22    |      22    |      22    |       0    |
|       from large pool |      20    |      20    |      20    |       0    |
|       from small pool |       2    |       2    |       2    |       0    |
|---------------------------------------------------------------------------|
| Non-releasable allocs |       8    |      17    |  371316    |  371308    |
|       from large pool |       3    |      12    |   25140    |   25137    |
|       from small pool |       5    |      12    |  346176    |  346171    |
|---------------------------------------------------------------------------|
| Oversize allocations  |       0    |       0    |       0    |       0    |
|---------------------------------------------------------------------------|
| Oversize GPU segments |       0    |       0    |       0    |       0    |
|===========================================================================|

|===========================================================================|
|                  PyTorch CUDA memory summary, device ID 0                 |
|---------------------------------------------------------------------------|
|            CUDA OOMs: 0            |        cudaMalloc retries: 0         |
|===========================================================================|
|        Metric         | Cur Usage  | Peak Usage | Tot Alloc  | Tot Freed  |
|---------------------------------------------------------------------------|
| Allocated memory      |  36525 KiB | 378396 KiB | 735774 MiB | 735738 MiB |
|       from large pool |  35803 KiB | 377350 KiB | 689886 MiB | 689851 MiB |
|       from small pool |    721 KiB |   3316 KiB |  45887 MiB |  45887 MiB |
|---------------------------------------------------------------------------|
| Active memory         |  36525 KiB | 378396 KiB | 735774 MiB | 735738 MiB |
|       from large pool |  35803 KiB | 377350 KiB | 689886 MiB | 689851 MiB |
|       from small pool |    721 KiB |   3316 KiB |  45887 MiB |  45887 MiB |
|---------------------------------------------------------------------------|
| Requested memory      |  36234 KiB | 378079 KiB | 732337 MiB | 732301 MiB |
|       from large pool |  35515 KiB | 377036 KiB | 686688 MiB | 686653 MiB |
|       from small pool |    719 KiB |   3313 KiB |  45648 MiB |  45647 MiB |
|---------------------------------------------------------------------------|
| GPU reserved memory   | 657408 KiB | 657408 KiB | 657408 KiB |      0 B   |
|       from large pool | 653312 KiB | 653312 KiB | 653312 KiB |      0 B   |
|       from small pool |   4096 KiB |   4096 KiB |   4096 KiB |      0 B   |
|---------------------------------------------------------------------------|
| Non-releasable memory |  26963 KiB | 109836 KiB | 349298 MiB | 349272 MiB |
|       from large pool |  25636 KiB | 108573 KiB | 303256 MiB | 303231 MiB |
|       from small pool |   1326 KiB |   3317 KiB |  46042 MiB |  46040 MiB |
|---------------------------------------------------------------------------|
| Allocations           |      29    |      54    |    1030 K  |    1030 K  |
|       from large pool |       7    |      26    |      80 K  |      80 K  |
|       from small pool |      22    |      34    |     949 K  |     949 K  |
|---------------------------------------------------------------------------|
| Active allocs         |      29    |      54    |    1030 K  |    1030 K  |
|       from large pool |       7    |      26    |      80 K  |      80 K  |
|       from small pool |      22    |      34    |     949 K  |     949 K  |
|---------------------------------------------------------------------------|
| GPU reserved segments |      22    |      22    |      22    |       0    |
|       from large pool |      20    |      20    |      20    |       0    |
|       from small pool |       2    |       2    |       2    |       0    |
|---------------------------------------------------------------------------|
| Non-releasable allocs |       8    |      17    |  403331    |  403323    |
|       from large pool |       3    |      12    |   26912    |   26909    |
|       from small pool |       5    |      12    |  376419    |  376414    |
|---------------------------------------------------------------------------|
| Oversize allocations  |       0    |       0    |       0    |       0    |
|---------------------------------------------------------------------------|
| Oversize GPU segments |       0    |       0    |       0    |       0    |
|===========================================================================|

|===========================================================================|
|                  PyTorch CUDA memory summary, device ID 0                 |
|---------------------------------------------------------------------------|
|            CUDA OOMs: 0            |        cudaMalloc retries: 0         |
|===========================================================================|
|        Metric         | Cur Usage  | Peak Usage | Tot Alloc  | Tot Freed  |
|---------------------------------------------------------------------------|
| Allocated memory      |  36481 KiB | 378396 KiB | 773526 MiB | 773490 MiB |
|       from large pool |  35920 KiB | 377350 KiB | 725206 MiB | 725171 MiB |
|       from small pool |    560 KiB |   3699 KiB |  48319 MiB |  48319 MiB |
|---------------------------------------------------------------------------|
| Active memory         |  36481 KiB | 378396 KiB | 773526 MiB | 773490 MiB |
|       from large pool |  35920 KiB | 377350 KiB | 725206 MiB | 725171 MiB |
|       from small pool |    560 KiB |   3699 KiB |  48319 MiB |  48319 MiB |
|---------------------------------------------------------------------------|
| Requested memory      |  36190 KiB | 378079 KiB | 769905 MiB | 769869 MiB |
|       from large pool |  35632 KiB | 377036 KiB | 721838 MiB | 721803 MiB |
|       from small pool |    558 KiB |   3696 KiB |  48066 MiB |  48066 MiB |
|---------------------------------------------------------------------------|
| GPU reserved memory   | 659456 KiB | 659456 KiB | 659456 KiB |      0 B   |
|       from large pool | 653312 KiB | 653312 KiB | 653312 KiB |      0 B   |
|       from small pool |   6144 KiB |   6144 KiB |   6144 KiB |      0 B   |
|---------------------------------------------------------------------------|
| Non-releasable memory |  27007 KiB | 109836 KiB | 369659 MiB | 369633 MiB |
|       from large pool |  25519 KiB | 108573 KiB | 321047 MiB | 321022 MiB |
|       from small pool |   1487 KiB |   3834 KiB |  48612 MiB |  48610 MiB |
|---------------------------------------------------------------------------|
| Allocations           |      29    |      54    |    1080 K  |    1080 K  |
|       from large pool |       7    |      26    |      84 K  |      84 K  |
|       from small pool |      22    |      35    |     995 K  |     995 K  |
|---------------------------------------------------------------------------|
| Active allocs         |      29    |      54    |    1080 K  |    1080 K  |
|       from large pool |       7    |      26    |      84 K  |      84 K  |
|       from small pool |      22    |      35    |     995 K  |     995 K  |
|---------------------------------------------------------------------------|
| GPU reserved segments |      23    |      23    |      23    |       0    |
|       from large pool |      20    |      20    |      20    |       0    |
|       from small pool |       3    |       3    |       3    |       0    |
|---------------------------------------------------------------------------|
| Non-releasable allocs |       7    |      19    |  425803    |  425796    |
|       from large pool |       3    |      12    |   28585    |   28582    |
|       from small pool |       4    |      13    |  397218    |  397214    |
|---------------------------------------------------------------------------|
| Oversize allocations  |       0    |       0    |       0    |       0    |
|---------------------------------------------------------------------------|
| Oversize GPU segments |       0    |       0    |       0    |       0    |
|===========================================================================|

