|===========================================================================|
|                  PyTorch CUDA memory summary, device ID 0                 |
|---------------------------------------------------------------------------|
|            CUDA OOMs: 0            |        cudaMalloc retries: 0         |
|===========================================================================|
|        Metric         | Cur Usage  | Peak Usage | Tot Alloc  | Tot Freed  |
|---------------------------------------------------------------------------|
| Allocated memory      |  37653 KiB | 378645 KiB |   1896 GiB |   1896 GiB |
|       from large pool |  37314 KiB | 377599 KiB |   1784 GiB |   1784 GiB |
|       from small pool |    338 KiB |   3699 KiB |    111 GiB |    111 GiB |
|---------------------------------------------------------------------------|
| Active memory         |  37653 KiB | 378645 KiB |   1896 GiB |   1896 GiB |
|       from large pool |  37314 KiB | 377599 KiB |   1784 GiB |   1784 GiB |
|       from small pool |    338 KiB |   3699 KiB |    111 GiB |    111 GiB |
|---------------------------------------------------------------------------|
| Requested memory      |  37650 KiB | 378079 KiB |   1888 GiB |   1888 GiB |
|       from large pool |  37314 KiB | 377036 KiB |   1776 GiB |   1776 GiB |
|       from small pool |    336 KiB |   3696 KiB |    111 GiB |    111 GiB |
|---------------------------------------------------------------------------|
| GPU reserved memory   | 659456 KiB | 659456 KiB | 659456 KiB |      0 B   |
|       from large pool | 653312 KiB | 653312 KiB | 653312 KiB |      0 B   |
|       from small pool |   6144 KiB |   6144 KiB |   6144 KiB |      0 B   |
|---------------------------------------------------------------------------|
| Non-releasable memory |  21739 KiB | 109005 KiB |    836 GiB |    836 GiB |
|       from large pool |  20029 KiB | 107742 KiB |    723 GiB |    723 GiB |
|       from small pool |   1709 KiB |   4213 KiB |    112 GiB |    112 GiB |
|---------------------------------------------------------------------------|
| Allocations           |      29    |      54    |    2524 K  |    2524 K  |
|       from large pool |       8    |      26    |     209 K  |     209 K  |
|       from small pool |      21    |      35    |    2314 K  |    2314 K  |
|---------------------------------------------------------------------------|
| Active allocs         |      29    |      54    |    2524 K  |    2524 K  |
|       from large pool |       8    |      26    |     209 K  |     209 K  |
|       from small pool |      21    |      35    |    2314 K  |    2314 K  |
|---------------------------------------------------------------------------|
| GPU reserved segments |      23    |      23    |      23    |       0    |
|       from large pool |      20    |      20    |      20    |       0    |
|       from small pool |       3    |       3    |       3    |       0    |
|---------------------------------------------------------------------------|
| Non-releasable allocs |       8    |      20    |    1104 K  |    1104 K  |
|       from large pool |       4    |      14    |     102 K  |     102 K  |
|       from small pool |       4    |      14    |    1002 K  |    1002 K  |
|---------------------------------------------------------------------------|
| Oversize allocations  |       0    |       0    |       0    |       0    |
|---------------------------------------------------------------------------|
| Oversize GPU segments |       0    |       0    |       0    |       0    |
|===========================================================================|

|===========================================================================|
|                  PyTorch CUDA memory summary, device ID 0                 |
|---------------------------------------------------------------------------|
|            CUDA OOMs: 0            |        cudaMalloc retries: 0         |
|===========================================================================|
|        Metric         | Cur Usage  | Peak Usage | Tot Alloc  | Tot Freed  |
|---------------------------------------------------------------------------|
| Allocated memory      |  41529 KiB | 378645 KiB |   1958 GiB |   1958 GiB |
|       from large pool |  41191 KiB | 377599 KiB |   1839 GiB |   1839 GiB |
|       from small pool |    338 KiB |   3699 KiB |    118 GiB |    118 GiB |
|---------------------------------------------------------------------------|
| Active memory         |  41529 KiB | 378645 KiB |   1958 GiB |   1958 GiB |
|       from large pool |  41191 KiB | 377599 KiB |   1839 GiB |   1839 GiB |
|       from small pool |    338 KiB |   3699 KiB |    118 GiB |    118 GiB |
|---------------------------------------------------------------------------|
| Requested memory      |  41526 KiB | 378079 KiB |   1949 GiB |   1949 GiB |
|       from large pool |  41190 KiB | 377036 KiB |   1831 GiB |   1831 GiB |
|       from small pool |    336 KiB |   3696 KiB |    118 GiB |    118 GiB |
|---------------------------------------------------------------------------|
| GPU reserved memory   | 659456 KiB | 659456 KiB | 659456 KiB |      0 B   |
|       from large pool | 653312 KiB | 653312 KiB | 653312 KiB |      0 B   |
|       from small pool |   6144 KiB |   6144 KiB |   6144 KiB |      0 B   |
|---------------------------------------------------------------------------|
| Non-releasable memory |  17862 KiB | 109005 KiB |    893 GiB |    893 GiB |
|       from large pool |  16153 KiB | 107742 KiB |    774 GiB |    774 GiB |
|       from small pool |   1709 KiB |   4213 KiB |    119 GiB |    119 GiB |
|---------------------------------------------------------------------------|
| Allocations           |      30    |      54    |    2686 K  |    2686 K  |
|       from large pool |       9    |      26    |     220 K  |     220 K  |
|       from small pool |      21    |      35    |    2465 K  |    2465 K  |
|---------------------------------------------------------------------------|
| Active allocs         |      30    |      54    |    2686 K  |    2686 K  |
|       from large pool |       9    |      26    |     220 K  |     220 K  |
|       from small pool |      21    |      35    |    2465 K  |    2465 K  |
|---------------------------------------------------------------------------|
| GPU reserved segments |      23    |      23    |      23    |       0    |
|       from large pool |      20    |      20    |      20    |       0    |
|       from small pool |       3    |       3    |       3    |       0    |
|---------------------------------------------------------------------------|
| Non-releasable allocs |       8    |      20    |    1177 K  |    1177 K  |
|       from large pool |       3    |      14    |     108 K  |     108 K  |
|       from small pool |       5    |      14    |    1068 K  |    1068 K  |
|---------------------------------------------------------------------------|
| Oversize allocations  |       0    |       0    |       0    |       0    |
|---------------------------------------------------------------------------|
| Oversize GPU segments |       0    |       0    |       0    |       0    |
|===========================================================================|

|===========================================================================|
|                  PyTorch CUDA memory summary, device ID 0                 |
|---------------------------------------------------------------------------|
|            CUDA OOMs: 0            |        cudaMalloc retries: 0         |
|===========================================================================|
|        Metric         | Cur Usage  | Peak Usage | Tot Alloc  | Tot Freed  |
|---------------------------------------------------------------------------|
| Allocated memory      |  45691 KiB | 378645 KiB |   2027 GiB |   2027 GiB |
|       from large pool |  45352 KiB | 377599 KiB |   1901 GiB |   1901 GiB |
|       from small pool |    338 KiB |   3699 KiB |    126 GiB |    126 GiB |
|---------------------------------------------------------------------------|
| Active memory         |  45691 KiB | 378645 KiB |   2027 GiB |   2027 GiB |
|       from large pool |  45352 KiB | 377599 KiB |   1901 GiB |   1901 GiB |
|       from small pool |    338 KiB |   3699 KiB |    126 GiB |    126 GiB |
|---------------------------------------------------------------------------|
| Requested memory      |  45131 KiB | 378079 KiB |   2018 GiB |   2018 GiB |
|       from large pool |  44795 KiB | 377036 KiB |   1892 GiB |   1892 GiB |
|       from small pool |    336 KiB |   3696 KiB |    125 GiB |    125 GiB |
|---------------------------------------------------------------------------|
| GPU reserved memory   | 659456 KiB | 659456 KiB | 659456 KiB |      0 B   |
|       from large pool | 653312 KiB | 653312 KiB | 653312 KiB |      0 B   |
|       from small pool |   6144 KiB |   6144 KiB |   6144 KiB |      0 B   |
|---------------------------------------------------------------------------|
| Non-releasable memory |  13701 KiB | 109005 KiB |    957 GiB |    957 GiB |
|       from large pool |  11991 KiB | 107742 KiB |    830 GiB |    830 GiB |
|       from small pool |   1709 KiB |   4213 KiB |    127 GiB |    127 GiB |
|---------------------------------------------------------------------------|
| Allocations           |      30    |      54    |    2845 K  |    2845 K  |
|       from large pool |       9    |      26    |     232 K  |     232 K  |
|       from small pool |      21    |      35    |    2613 K  |    2612 K  |
|---------------------------------------------------------------------------|
| Active allocs         |      30    |      54    |    2845 K  |    2845 K  |
|       from large pool |       9    |      26    |     232 K  |     232 K  |
|       from small pool |      21    |      35    |    2613 K  |    2612 K  |
|---------------------------------------------------------------------------|
| GPU reserved segments |      23    |      23    |      23    |       0    |
|       from large pool |      20    |      20    |      20    |       0    |
|       from small pool |       3    |       3    |       3    |       0    |
|---------------------------------------------------------------------------|
| Non-releasable allocs |       8    |      20    |    1242 K  |    1242 K  |
|       from large pool |       3    |      14    |     116 K  |     116 K  |
|       from small pool |       5    |      14    |    1125 K  |    1125 K  |
|---------------------------------------------------------------------------|
| Oversize allocations  |       0    |       0    |       0    |       0    |
|---------------------------------------------------------------------------|
| Oversize GPU segments |       0    |       0    |       0    |       0    |
|===========================================================================|

|===========================================================================|
|                  PyTorch CUDA memory summary, device ID 0                 |
|---------------------------------------------------------------------------|
|            CUDA OOMs: 0            |        cudaMalloc retries: 0         |
|===========================================================================|
|        Metric         | Cur Usage  | Peak Usage | Tot Alloc  | Tot Freed  |
|---------------------------------------------------------------------------|
| Allocated memory      |  49871 KiB | 378645 KiB |   2085 GiB |   2085 GiB |
|       from large pool |  49532 KiB | 377599 KiB |   1953 GiB |   1953 GiB |
|       from small pool |    338 KiB |   3699 KiB |    131 GiB |    131 GiB |
|---------------------------------------------------------------------------|
| Active memory         |  49871 KiB | 378645 KiB |   2085 GiB |   2085 GiB |
|       from large pool |  49532 KiB | 377599 KiB |   1953 GiB |   1953 GiB |
|       from small pool |    338 KiB |   3699 KiB |    131 GiB |    131 GiB |
|---------------------------------------------------------------------------|
| Requested memory      |  49018 KiB | 378079 KiB |   2075 GiB |   2075 GiB |
|       from large pool |  48682 KiB | 377036 KiB |   1944 GiB |   1944 GiB |
|       from small pool |    336 KiB |   3696 KiB |    131 GiB |    131 GiB |
|---------------------------------------------------------------------------|
| GPU reserved memory   | 659456 KiB | 659456 KiB | 659456 KiB |      0 B   |
|       from large pool | 653312 KiB | 653312 KiB | 653312 KiB |      0 B   |
|       from small pool |   6144 KiB |   6144 KiB |   6144 KiB |      0 B   |
|---------------------------------------------------------------------------|
| Non-releasable memory |  25905 KiB | 109005 KiB |   1010 GiB |   1010 GiB |
|       from large pool |  24195 KiB | 107742 KiB |    877 GiB |    877 GiB |
|       from small pool |   1709 KiB |   4213 KiB |    132 GiB |    132 GiB |
|---------------------------------------------------------------------------|
| Allocations           |      30    |      54    |    2949 K  |    2949 K  |
|       from large pool |       9    |      26    |     243 K  |     243 K  |
|       from small pool |      21    |      35    |    2706 K  |    2706 K  |
|---------------------------------------------------------------------------|
| Active allocs         |      30    |      54    |    2949 K  |    2949 K  |
|       from large pool |       9    |      26    |     243 K  |     243 K  |
|       from small pool |      21    |      35    |    2706 K  |    2706 K  |
|---------------------------------------------------------------------------|
| GPU reserved segments |      23    |      23    |      23    |       0    |
|       from large pool |      20    |      20    |      20    |       0    |
|       from small pool |       3    |       3    |       3    |       0    |
|---------------------------------------------------------------------------|
| Non-releasable allocs |       9    |      20    |    1284 K  |    1284 K  |
|       from large pool |       4    |      14    |     124 K  |     124 K  |
|       from small pool |       5    |      14    |    1160 K  |    1160 K  |
|---------------------------------------------------------------------------|
| Oversize allocations  |       0    |       0    |       0    |       0    |
|---------------------------------------------------------------------------|
| Oversize GPU segments |       0    |       0    |       0    |       0    |
|===========================================================================|

|===========================================================================|
|                  PyTorch CUDA memory summary, device ID 0                 |
|---------------------------------------------------------------------------|
|            CUDA OOMs: 0            |        cudaMalloc retries: 0         |
|===========================================================================|
|        Metric         | Cur Usage  | Peak Usage | Tot Alloc  | Tot Freed  |
|---------------------------------------------------------------------------|
| Allocated memory      |  53934 KiB | 378645 KiB |   2144 GiB |   2144 GiB |
|       from large pool |  53596 KiB | 377599 KiB |   2007 GiB |   2007 GiB |
|       from small pool |    338 KiB |   3699 KiB |    137 GiB |    137 GiB |
|---------------------------------------------------------------------------|
| Active memory         |  53934 KiB | 378645 KiB |   2144 GiB |   2144 GiB |
|       from large pool |  53596 KiB | 377599 KiB |   2007 GiB |   2007 GiB |
|       from small pool |    338 KiB |   3699 KiB |    137 GiB |    137 GiB |
|---------------------------------------------------------------------------|
| Requested memory      |  53273 KiB | 378079 KiB |   2133 GiB |   2133 GiB |
|       from large pool |  52937 KiB | 377036 KiB |   1997 GiB |   1997 GiB |
|       from small pool |    336 KiB |   3696 KiB |    136 GiB |    136 GiB |
|---------------------------------------------------------------------------|
| GPU reserved memory   | 659456 KiB | 659456 KiB | 659456 KiB |      0 B   |
|       from large pool | 653312 KiB | 653312 KiB | 653312 KiB |      0 B   |
|       from small pool |   6144 KiB |   6144 KiB |   6144 KiB |      0 B   |
|---------------------------------------------------------------------------|
| Non-releasable memory |  23889 KiB | 109005 KiB |   1065 GiB |   1065 GiB |
|       from large pool |  22180 KiB | 107742 KiB |    927 GiB |    927 GiB |
|       from small pool |   1709 KiB |   4213 KiB |    137 GiB |    137 GiB |
|---------------------------------------------------------------------------|
| Allocations           |      30    |      54    |    3039 K  |    3038 K  |
|       from large pool |       9    |      26    |     254 K  |     254 K  |
|       from small pool |      21    |      35    |    2784 K  |    2784 K  |
|---------------------------------------------------------------------------|
| Active allocs         |      30    |      54    |    3039 K  |    3038 K  |
|       from large pool |       9    |      26    |     254 K  |     254 K  |
|       from small pool |      21    |      35    |    2784 K  |    2784 K  |
|---------------------------------------------------------------------------|
| GPU reserved segments |      23    |      23    |      23    |       0    |
|       from large pool |      20    |      20    |      20    |       0    |
|       from small pool |       3    |       3    |       3    |       0    |
|---------------------------------------------------------------------------|
| Non-releasable allocs |       9    |      20    |    1325 K  |    1325 K  |
|       from large pool |       4    |      14    |     131 K  |     131 K  |
|       from small pool |       5    |      14    |    1194 K  |    1194 K  |
|---------------------------------------------------------------------------|
| Oversize allocations  |       0    |       0    |       0    |       0    |
|---------------------------------------------------------------------------|
| Oversize GPU segments |       0    |       0    |       0    |       0    |
|===========================================================================|

|===========================================================================|
|                  PyTorch CUDA memory summary, device ID 0                 |
|---------------------------------------------------------------------------|
|            CUDA OOMs: 0            |        cudaMalloc retries: 0         |
|===========================================================================|
|        Metric         | Cur Usage  | Peak Usage | Tot Alloc  | Tot Freed  |
|---------------------------------------------------------------------------|
| Allocated memory      |  58231 KiB | 378645 KiB |   2225 GiB |   2225 GiB |
|       from large pool |  57892 KiB | 377599 KiB |   2081 GiB |   2081 GiB |
|       from small pool |    338 KiB |   3699 KiB |    143 GiB |    143 GiB |
|---------------------------------------------------------------------------|
| Active memory         |  58231 KiB | 378645 KiB |   2225 GiB |   2225 GiB |
|       from large pool |  57892 KiB | 377599 KiB |   2081 GiB |   2081 GiB |
|       from small pool |    338 KiB |   3699 KiB |    143 GiB |    143 GiB |
|---------------------------------------------------------------------------|
| Requested memory      |  57944 KiB | 378079 KiB |   2213 GiB |   2213 GiB |
|       from large pool |  57608 KiB | 377036 KiB |   2070 GiB |   2070 GiB |
|       from small pool |    336 KiB |   3696 KiB |    143 GiB |    143 GiB |
|---------------------------------------------------------------------------|
| GPU reserved memory   | 659456 KiB | 659456 KiB | 659456 KiB |      0 B   |
|       from large pool | 653312 KiB | 653312 KiB | 653312 KiB |      0 B   |
|       from small pool |   6144 KiB |   6144 KiB |   6144 KiB |      0 B   |
|---------------------------------------------------------------------------|
| Non-releasable memory |  17545 KiB | 109005 KiB |   1147 GiB |   1147 GiB |
|       from large pool |  15835 KiB | 107742 KiB |   1003 GiB |   1003 GiB |
|       from small pool |   1709 KiB |   4213 KiB |    144 GiB |    144 GiB |
|---------------------------------------------------------------------------|
| Allocations           |      30    |      54    |    3142 K  |    3142 K  |
|       from large pool |       9    |      26    |     269 K  |     269 K  |
|       from small pool |      21    |      35    |    2873 K  |    2873 K  |
|---------------------------------------------------------------------------|
| Active allocs         |      30    |      54    |    3142 K  |    3142 K  |
|       from large pool |       9    |      26    |     269 K  |     269 K  |
|       from small pool |      21    |      35    |    2873 K  |    2873 K  |
|---------------------------------------------------------------------------|
| GPU reserved segments |      23    |      23    |      23    |       0    |
|       from large pool |      20    |      20    |      20    |       0    |
|       from small pool |       3    |       3    |       3    |       0    |
|---------------------------------------------------------------------------|
| Non-releasable allocs |       6    |      20    |    1368 K  |    1368 K  |
|       from large pool |       2    |      14    |     141 K  |     141 K  |
|       from small pool |       4    |      14    |    1226 K  |    1226 K  |
|---------------------------------------------------------------------------|
| Oversize allocations  |       0    |       0    |       0    |       0    |
|---------------------------------------------------------------------------|
| Oversize GPU segments |       0    |       0    |       0    |       0    |
|===========================================================================|

|===========================================================================|
|                  PyTorch CUDA memory summary, device ID 0                 |
|---------------------------------------------------------------------------|
|            CUDA OOMs: 0            |        cudaMalloc retries: 0         |
|===========================================================================|
|        Metric         | Cur Usage  | Peak Usage | Tot Alloc  | Tot Freed  |
|---------------------------------------------------------------------------|
| Allocated memory      |  62110 KiB | 384259 KiB |   2330 GiB |   2330 GiB |
|       from large pool |  61771 KiB | 383190 KiB |   2177 GiB |   2177 GiB |
|       from small pool |    338 KiB |   3699 KiB |    152 GiB |    152 GiB |
|---------------------------------------------------------------------------|
| Active memory         |  62110 KiB | 384259 KiB |   2330 GiB |   2330 GiB |
|       from large pool |  61771 KiB | 383190 KiB |   2177 GiB |   2177 GiB |
|       from small pool |    338 KiB |   3699 KiB |    152 GiB |    152 GiB |
|---------------------------------------------------------------------------|
| Requested memory      |  62106 KiB | 380349 KiB |   2317 GiB |   2317 GiB |
|       from large pool |  61770 KiB | 379283 KiB |   2165 GiB |   2165 GiB |
|       from small pool |    336 KiB |   3696 KiB |    152 GiB |    152 GiB |
|---------------------------------------------------------------------------|
| GPU reserved memory   | 659456 KiB | 659456 KiB | 659456 KiB |      0 B   |
|       from large pool | 653312 KiB | 653312 KiB | 653312 KiB |      0 B   |
|       from small pool |   6144 KiB |   6144 KiB |   6144 KiB |      0 B   |
|---------------------------------------------------------------------------|
| Non-releasable memory |  13666 KiB | 109005 KiB |   1260 GiB |   1260 GiB |
|       from large pool |  11956 KiB | 107742 KiB |   1107 GiB |   1107 GiB |
|       from small pool |   1709 KiB |   4213 KiB |    153 GiB |    153 GiB |
|---------------------------------------------------------------------------|
| Allocations           |      30    |      54    |    3287 K  |    3287 K  |
|       from large pool |       9    |      26    |     289 K  |     289 K  |
|       from small pool |      21    |      35    |    2997 K  |    2997 K  |
|---------------------------------------------------------------------------|
| Active allocs         |      30    |      54    |    3287 K  |    3287 K  |
|       from large pool |       9    |      26    |     289 K  |     289 K  |
|       from small pool |      21    |      35    |    2997 K  |    2997 K  |
|---------------------------------------------------------------------------|
| GPU reserved segments |      23    |      23    |      23    |       0    |
|       from large pool |      20    |      20    |      20    |       0    |
|       from small pool |       3    |       3    |       3    |       0    |
|---------------------------------------------------------------------------|
| Non-releasable allocs |      10    |      20    |    1429 K  |    1429 K  |
|       from large pool |       4    |      14    |     155 K  |     155 K  |
|       from small pool |       6    |      14    |    1273 K  |    1273 K  |
|---------------------------------------------------------------------------|
| Oversize allocations  |       0    |       0    |       0    |       0    |
|---------------------------------------------------------------------------|
| Oversize GPU segments |       0    |       0    |       0    |       0    |
|===========================================================================|

|===========================================================================|
|                  PyTorch CUDA memory summary, device ID 0                 |
|---------------------------------------------------------------------------|
|            CUDA OOMs: 0            |        cudaMalloc retries: 0         |
|===========================================================================|
|        Metric         | Cur Usage  | Peak Usage | Tot Alloc  | Tot Freed  |
|---------------------------------------------------------------------------|
| Allocated memory      |  66513 KiB | 384259 KiB |   2439 GiB |   2439 GiB |
|       from large pool |  65792 KiB | 383190 KiB |   2276 GiB |   2276 GiB |
|       from small pool |    721 KiB |   3699 KiB |    162 GiB |    162 GiB |
|---------------------------------------------------------------------------|
| Active memory         |  66513 KiB | 384259 KiB |   2439 GiB |   2439 GiB |
|       from large pool |  65792 KiB | 383190 KiB |   2276 GiB |   2276 GiB |
|       from small pool |    721 KiB |   3699 KiB |    162 GiB |    162 GiB |
|---------------------------------------------------------------------------|
| Requested memory      |  65494 KiB | 380349 KiB |   2426 GiB |   2426 GiB |
|       from large pool |  64775 KiB | 379283 KiB |   2264 GiB |   2264 GiB |
|       from small pool |    719 KiB |   3696 KiB |    162 GiB |    162 GiB |
|---------------------------------------------------------------------------|
| GPU reserved memory   | 659456 KiB | 659456 KiB | 659456 KiB |      0 B   |
|       from large pool | 653312 KiB | 653312 KiB | 653312 KiB |      0 B   |
|       from small pool |   6144 KiB |   6144 KiB |   6144 KiB |      0 B   |
|---------------------------------------------------------------------------|
| Non-releasable memory |  25646 KiB | 109005 KiB |   1373 GiB |   1373 GiB |
|       from large pool |  24320 KiB | 107742 KiB |   1209 GiB |   1209 GiB |
|       from small pool |   1326 KiB |   4213 KiB |    163 GiB |    163 GiB |
|---------------------------------------------------------------------------|
| Allocations           |      30    |      54    |    3433 K  |    3433 K  |
|       from large pool |       8    |      26    |     310 K  |     310 K  |
|       from small pool |      22    |      35    |    3122 K  |    3122 K  |
|---------------------------------------------------------------------------|
| Active allocs         |      30    |      54    |    3433 K  |    3433 K  |
|       from large pool |       8    |      26    |     310 K  |     310 K  |
|       from small pool |      22    |      35    |    3122 K  |    3122 K  |
|---------------------------------------------------------------------------|
| GPU reserved segments |      23    |      23    |      23    |       0    |
|       from large pool |      20    |      20    |      20    |       0    |
|       from small pool |       3    |       3    |       3    |       0    |
|---------------------------------------------------------------------------|
| Non-releasable allocs |      11    |      20    |    1488 K  |    1488 K  |
|       from large pool |       4    |      14    |     169 K  |     169 K  |
|       from small pool |       7    |      14    |    1318 K  |    1318 K  |
|---------------------------------------------------------------------------|
| Oversize allocations  |       0    |       0    |       0    |       0    |
|---------------------------------------------------------------------------|
| Oversize GPU segments |       0    |       0    |       0    |       0    |
|===========================================================================|

|===========================================================================|
|                  PyTorch CUDA memory summary, device ID 0                 |
|---------------------------------------------------------------------------|
|            CUDA OOMs: 0            |        cudaMalloc retries: 0         |
|===========================================================================|
|        Metric         | Cur Usage  | Peak Usage | Tot Alloc  | Tot Freed  |
|---------------------------------------------------------------------------|
| Allocated memory      |  69633 KiB | 384259 KiB |   2530 GiB |   2530 GiB |
|       from large pool |  69073 KiB | 383190 KiB |   2360 GiB |   2360 GiB |
|       from small pool |    560 KiB |   4017 KiB |    170 GiB |    170 GiB |
|---------------------------------------------------------------------------|
| Active memory         |  69633 KiB | 384259 KiB |   2530 GiB |   2530 GiB |
|       from large pool |  69073 KiB | 383190 KiB |   2360 GiB |   2360 GiB |
|       from small pool |    560 KiB |   4017 KiB |    170 GiB |    170 GiB |
|---------------------------------------------------------------------------|
| Requested memory      |  69630 KiB | 380349 KiB |   2516 GiB |   2516 GiB |
|       from large pool |  69072 KiB | 379283 KiB |   2347 GiB |   2347 GiB |
|       from small pool |    558 KiB |   4012 KiB |    169 GiB |    169 GiB |
|---------------------------------------------------------------------------|
| GPU reserved memory   | 659456 KiB | 659456 KiB | 659456 KiB |      0 B   |
|       from large pool | 653312 KiB | 653312 KiB | 653312 KiB |      0 B   |
|       from small pool |   6144 KiB |   6144 KiB |   6144 KiB |      0 B   |
|---------------------------------------------------------------------------|
| Non-releasable memory |  24574 KiB | 109005 KiB |   1467 GiB |   1467 GiB |
|       from large pool |  23087 KiB | 107742 KiB |   1296 GiB |   1296 GiB |
|       from small pool |   1487 KiB |   4213 KiB |    171 GiB |    171 GiB |
|---------------------------------------------------------------------------|
| Allocations           |      30    |      54    |    3511 K  |    3511 K  |
|       from large pool |       8    |      26    |     328 K  |     328 K  |
|       from small pool |      22    |      35    |    3182 K  |    3182 K  |
|---------------------------------------------------------------------------|
| Active allocs         |      30    |      54    |    3511 K  |    3511 K  |
|       from large pool |       8    |      26    |     328 K  |     328 K  |
|       from small pool |      22    |      35    |    3182 K  |    3182 K  |
|---------------------------------------------------------------------------|
| GPU reserved segments |      23    |      23    |      23    |       0    |
|       from large pool |      20    |      20    |      20    |       0    |
|       from small pool |       3    |       3    |       3    |       0    |
|---------------------------------------------------------------------------|
| Non-releasable allocs |      11    |      20    |    1526 K  |    1526 K  |
|       from large pool |       5    |      14    |     181 K  |     181 K  |
|       from small pool |       6    |      14    |    1345 K  |    1345 K  |
|---------------------------------------------------------------------------|
| Oversize allocations  |       0    |       0    |       0    |       0    |
|---------------------------------------------------------------------------|
| Oversize GPU segments |       0    |       0    |       0    |       0    |
|===========================================================================|

