|===========================================================================|
|                  PyTorch CUDA memory summary, device ID 0                 |
|---------------------------------------------------------------------------|
|            CUDA OOMs: 0            |        cudaMalloc retries: 0         |
|===========================================================================|
|        Metric         | Cur Usage  | Peak Usage | Tot Alloc  | Tot Freed  |
|---------------------------------------------------------------------------|
| Allocated memory      |  37653 KiB | 125912 KiB | 386256 MiB | 386220 MiB |
|       from large pool |  37314 KiB | 125184 KiB | 373169 MiB | 373133 MiB |
|       from small pool |    338 KiB |   3316 KiB |  13087 MiB |  13086 MiB |
|---------------------------------------------------------------------------|
| Active memory         |  37653 KiB | 125912 KiB | 386256 MiB | 386220 MiB |
|       from large pool |  37314 KiB | 125184 KiB | 373169 MiB | 373133 MiB |
|       from small pool |    338 KiB |   3316 KiB |  13087 MiB |  13086 MiB |
|---------------------------------------------------------------------------|
| Requested memory      |  37650 KiB | 125908 KiB | 384643 MiB | 384607 MiB |
|       from large pool |  37314 KiB | 125184 KiB | 371613 MiB | 371577 MiB |
|       from small pool |    336 KiB |   3313 KiB |  13030 MiB |  13029 MiB |
|---------------------------------------------------------------------------|
| GPU reserved memory   | 167936 KiB | 167936 KiB | 167936 KiB |      0 B   |
|       from large pool | 163840 KiB | 163840 KiB | 163840 KiB |      0 B   |
|       from small pool |   4096 KiB |   4096 KiB |   4096 KiB |      0 B   |
|---------------------------------------------------------------------------|
| Non-releasable memory |  25835 KiB |  42265 KiB | 113574 MiB | 113548 MiB |
|       from large pool |  24125 KiB |  40704 KiB | 100483 MiB | 100459 MiB |
|       from small pool |   1709 KiB |   3195 KiB |  13090 MiB |  13089 MiB |
|---------------------------------------------------------------------------|
| Allocations           |      29    |      42    |  268397    |  268368    |
|       from large pool |       8    |      13    |   33598    |   33590    |
|       from small pool |      21    |      34    |  234799    |  234778    |
|---------------------------------------------------------------------------|
| Active allocs         |      29    |      42    |  268397    |  268368    |
|       from large pool |       8    |      13    |   33598    |   33590    |
|       from small pool |      21    |      34    |  234799    |  234778    |
|---------------------------------------------------------------------------|
| GPU reserved segments |      11    |      11    |      11    |       0    |
|       from large pool |       9    |       9    |       9    |       0    |
|       from small pool |       2    |       2    |       2    |       0    |
|---------------------------------------------------------------------------|
| Non-releasable allocs |       8    |      14    |  105096    |  105088    |
|       from large pool |       3    |       4    |    8694    |    8691    |
|       from small pool |       5    |      11    |   96402    |   96397    |
|---------------------------------------------------------------------------|
| Oversize allocations  |       0    |       0    |       0    |       0    |
|---------------------------------------------------------------------------|
| Oversize GPU segments |       0    |       0    |       0    |       0    |
|===========================================================================|

|===========================================================================|
|                  PyTorch CUDA memory summary, device ID 0                 |
|---------------------------------------------------------------------------|
|            CUDA OOMs: 0            |        cudaMalloc retries: 0         |
|===========================================================================|
|        Metric         | Cur Usage  | Peak Usage | Tot Alloc  | Tot Freed  |
|---------------------------------------------------------------------------|
| Allocated memory      |  37541 KiB | 378396 KiB | 469837 MiB | 469800 MiB |
|       from large pool |  37202 KiB | 377350 KiB | 425786 MiB | 425750 MiB |
|       from small pool |    338 KiB |   3316 KiB |  44050 MiB |  44050 MiB |
|---------------------------------------------------------------------------|
| Active memory         |  37541 KiB | 378396 KiB | 469837 MiB | 469800 MiB |
|       from large pool |  37202 KiB | 377350 KiB | 425786 MiB | 425750 MiB |
|       from small pool |    338 KiB |   3316 KiB |  44050 MiB |  44050 MiB |
|---------------------------------------------------------------------------|
| Requested memory      |  37346 KiB | 378079 KiB | 467861 MiB | 467825 MiB |
|       from large pool |  37010 KiB | 377036 KiB | 424055 MiB | 424019 MiB |
|       from small pool |    336 KiB |   3313 KiB |  43805 MiB |  43805 MiB |
|---------------------------------------------------------------------------|
| GPU reserved memory   | 581632 KiB | 581632 KiB | 581632 KiB |      0 B   |
|       from large pool | 577536 KiB | 577536 KiB | 577536 KiB |      0 B   |
|       from small pool |   4096 KiB |   4096 KiB |   4096 KiB |      0 B   |
|---------------------------------------------------------------------------|
| Non-releasable memory |  25947 KiB |  60901 KiB | 237789 MiB | 237764 MiB |
|       from large pool |  24237 KiB |  59893 KiB | 143125 MiB | 143101 MiB |
|       from small pool |   1709 KiB |   3290 KiB |  94664 MiB |  94662 MiB |
|---------------------------------------------------------------------------|
| Allocations           |      29    |      54    |     847 K  |     847 K  |
|       from large pool |       8    |      26    |      43 K  |      43 K  |
|       from small pool |      21    |      34    |     804 K  |     804 K  |
|---------------------------------------------------------------------------|
| Active allocs         |      29    |      54    |     847 K  |     847 K  |
|       from large pool |       8    |      26    |      43 K  |      43 K  |
|       from small pool |      21    |      34    |     804 K  |     804 K  |
|---------------------------------------------------------------------------|
| GPU reserved segments |      21    |      21    |      21    |       0    |
|       from large pool |      19    |      19    |      19    |       0    |
|       from small pool |       2    |       2    |       2    |       0    |
|---------------------------------------------------------------------------|
| Non-releasable allocs |       9    |      16    |  297517    |  297508    |
|       from large pool |       3    |      10    |   14011    |   14008    |
|       from small pool |       6    |      11    |  283506    |  283500    |
|---------------------------------------------------------------------------|
| Oversize allocations  |       0    |       0    |       0    |       0    |
|---------------------------------------------------------------------------|
| Oversize GPU segments |       0    |       0    |       0    |       0    |
|===========================================================================|

|===========================================================================|
|                  PyTorch CUDA memory summary, device ID 0                 |
|---------------------------------------------------------------------------|
|            CUDA OOMs: 0            |        cudaMalloc retries: 0         |
|===========================================================================|
|        Metric         | Cur Usage  | Peak Usage | Tot Alloc  | Tot Freed  |
|---------------------------------------------------------------------------|
| Allocated memory      |  37330 KiB | 378396 KiB | 540076 MiB | 540039 MiB |
|       from large pool |  36992 KiB | 377350 KiB | 468725 MiB | 468689 MiB |
|       from small pool |    338 KiB |   3316 KiB |  71350 MiB |  71349 MiB |
|---------------------------------------------------------------------------|
| Active memory         |  37330 KiB | 378396 KiB | 540076 MiB | 540039 MiB |
|       from large pool |  36992 KiB | 377350 KiB | 468725 MiB | 468689 MiB |
|       from small pool |    338 KiB |   3316 KiB |  71350 MiB |  71349 MiB |
|---------------------------------------------------------------------------|
| Requested memory      |  36771 KiB | 378079 KiB | 537792 MiB | 537756 MiB |
|       from large pool |  36435 KiB | 377036 KiB | 466861 MiB | 466826 MiB |
|       from small pool |    336 KiB |   3313 KiB |  70930 MiB |  70930 MiB |
|---------------------------------------------------------------------------|
| GPU reserved memory   | 657408 KiB | 657408 KiB | 657408 KiB |      0 B   |
|       from large pool | 653312 KiB | 653312 KiB | 653312 KiB |      0 B   |
|       from small pool |   4096 KiB |   4096 KiB |   4096 KiB |      0 B   |
|---------------------------------------------------------------------------|
| Non-releasable memory |  26157 KiB | 109836 KiB | 299648 MiB | 299623 MiB |
|       from large pool |  24448 KiB | 108573 KiB | 177643 MiB | 177620 MiB |
|       from small pool |   1709 KiB |   3290 KiB | 122004 MiB | 122003 MiB |
|---------------------------------------------------------------------------|
| Allocations           |      29    |      54    |    1401 K  |    1401 K  |
|       from large pool |       8    |      26    |      51 K  |      51 K  |
|       from small pool |      21    |      34    |    1350 K  |    1350 K  |
|---------------------------------------------------------------------------|
| Active allocs         |      29    |      54    |    1401 K  |    1401 K  |
|       from large pool |       8    |      26    |      51 K  |      51 K  |
|       from small pool |      21    |      34    |    1350 K  |    1350 K  |
|---------------------------------------------------------------------------|
| GPU reserved segments |      22    |      22    |      22    |       0    |
|       from large pool |      20    |      20    |      20    |       0    |
|       from small pool |       2    |       2    |       2    |       0    |
|---------------------------------------------------------------------------|
| Non-releasable allocs |       7    |      17    |  530543    |  530536    |
|       from large pool |       2    |      12    |   17125    |   17123    |
|       from small pool |       5    |      12    |  513418    |  513413    |
|---------------------------------------------------------------------------|
| Oversize allocations  |       0    |       0    |       0    |       0    |
|---------------------------------------------------------------------------|
| Oversize GPU segments |       0    |       0    |       0    |       0    |
|===========================================================================|

|===========================================================================|
|                  PyTorch CUDA memory summary, device ID 0                 |
|---------------------------------------------------------------------------|
|            CUDA OOMs: 0            |        cudaMalloc retries: 0         |
|===========================================================================|
|        Metric         | Cur Usage  | Peak Usage | Tot Alloc  | Tot Freed  |
|---------------------------------------------------------------------------|
| Allocated memory      |  37330 KiB | 378396 KiB | 610769 MiB | 610732 MiB |
|       from large pool |  36992 KiB | 377350 KiB | 517971 MiB | 517935 MiB |
|       from small pool |    338 KiB |   3316 KiB |  92798 MiB |  92797 MiB |
|---------------------------------------------------------------------------|
| Active memory         |  37330 KiB | 378396 KiB | 610769 MiB | 610732 MiB |
|       from large pool |  36992 KiB | 377350 KiB | 517971 MiB | 517935 MiB |
|       from small pool |    338 KiB |   3316 KiB |  92798 MiB |  92797 MiB |
|---------------------------------------------------------------------------|
| Requested memory      |  36478 KiB | 378079 KiB | 607907 MiB | 607871 MiB |
|       from large pool |  36142 KiB | 377036 KiB | 515654 MiB | 515619 MiB |
|       from small pool |    336 KiB |   3313 KiB |  92252 MiB |  92252 MiB |
|---------------------------------------------------------------------------|
| GPU reserved memory   | 657408 KiB | 657408 KiB | 657408 KiB |      0 B   |
|       from large pool | 653312 KiB | 653312 KiB | 653312 KiB |      0 B   |
|       from small pool |   4096 KiB |   4096 KiB |   4096 KiB |      0 B   |
|---------------------------------------------------------------------------|
| Non-releasable memory |  26157 KiB | 109836 KiB | 360988 MiB | 360963 MiB |
|       from large pool |  24448 KiB | 108573 KiB | 217526 MiB | 217502 MiB |
|       from small pool |   1709 KiB |   3305 KiB | 143461 MiB | 143460 MiB |
|---------------------------------------------------------------------------|
| Allocations           |      29    |      54    |    1978 K  |    1978 K  |
|       from large pool |       8    |      26    |      59 K  |      59 K  |
|       from small pool |      21    |      34    |    1918 K  |    1918 K  |
|---------------------------------------------------------------------------|
| Active allocs         |      29    |      54    |    1978 K  |    1978 K  |
|       from large pool |       8    |      26    |      59 K  |      59 K  |
|       from small pool |      21    |      34    |    1918 K  |    1918 K  |
|---------------------------------------------------------------------------|
| GPU reserved segments |      22    |      22    |      22    |       0    |
|       from large pool |      20    |      20    |      20    |       0    |
|       from small pool |       2    |       2    |       2    |       0    |
|---------------------------------------------------------------------------|
| Non-releasable allocs |       7    |      17    |  699437    |  699430    |
|       from large pool |       2    |      12    |   21151    |   21149    |
|       from small pool |       5    |      12    |  678286    |  678281    |
|---------------------------------------------------------------------------|
| Oversize allocations  |       0    |       0    |       0    |       0    |
|---------------------------------------------------------------------------|
| Oversize GPU segments |       0    |       0    |       0    |       0    |
|===========================================================================|

|===========================================================================|
|                  PyTorch CUDA memory summary, device ID 0                 |
|---------------------------------------------------------------------------|
|            CUDA OOMs: 0            |        cudaMalloc retries: 0         |
|===========================================================================|
|        Metric         | Cur Usage  | Peak Usage | Tot Alloc  | Tot Freed  |
|---------------------------------------------------------------------------|
| Allocated memory      |  36557 KiB | 378396 KiB | 681315 MiB | 681280 MiB |
|       from large pool |  36218 KiB | 377350 KiB | 570189 MiB | 570154 MiB |
|       from small pool |    338 KiB |   3316 KiB | 111126 MiB | 111126 MiB |
|---------------------------------------------------------------------------|
| Active memory         |  36557 KiB | 378396 KiB | 681315 MiB | 681280 MiB |
|       from large pool |  36218 KiB | 377350 KiB | 570189 MiB | 570154 MiB |
|       from small pool |    338 KiB |   3316 KiB | 111126 MiB | 111126 MiB |
|---------------------------------------------------------------------------|
| Requested memory      |  36553 KiB | 378079 KiB | 677889 MiB | 677854 MiB |
|       from large pool |  36217 KiB | 377036 KiB | 567501 MiB | 567466 MiB |
|       from small pool |    336 KiB |   3313 KiB | 110388 MiB | 110388 MiB |
|---------------------------------------------------------------------------|
| GPU reserved memory   | 657408 KiB | 657408 KiB | 657408 KiB |      0 B   |
|       from large pool | 653312 KiB | 653312 KiB | 653312 KiB |      0 B   |
|       from small pool |   4096 KiB |   4096 KiB |   4096 KiB |      0 B   |
|---------------------------------------------------------------------------|
| Non-releasable memory |  26931 KiB | 109836 KiB | 422833 MiB | 422807 MiB |
|       from large pool |  25221 KiB | 108573 KiB | 261035 MiB | 261010 MiB |
|       from small pool |   1709 KiB |   3305 KiB | 161798 MiB | 161796 MiB |
|---------------------------------------------------------------------------|
| Allocations           |      29    |      54    |    2572 K  |    2572 K  |
|       from large pool |       8    |      26    |      68 K  |      68 K  |
|       from small pool |      21    |      34    |    2504 K  |    2503 K  |
|---------------------------------------------------------------------------|
| Active allocs         |      29    |      54    |    2572 K  |    2572 K  |
|       from large pool |       8    |      26    |      68 K  |      68 K  |
|       from small pool |      21    |      34    |    2504 K  |    2503 K  |
|---------------------------------------------------------------------------|
| GPU reserved segments |      22    |      22    |      22    |       0    |
|       from large pool |      20    |      20    |      20    |       0    |
|       from small pool |       2    |       2    |       2    |       0    |
|---------------------------------------------------------------------------|
| Non-releasable allocs |      10    |      17    |     814 K  |     814 K  |
|       from large pool |       4    |      12    |      25 K  |      25 K  |
|       from small pool |       6    |      12    |     788 K  |     788 K  |
|---------------------------------------------------------------------------|
| Oversize allocations  |       0    |       0    |       0    |       0    |
|---------------------------------------------------------------------------|
| Oversize GPU segments |       0    |       0    |       0    |       0    |
|===========================================================================|

|===========================================================================|
|                  PyTorch CUDA memory summary, device ID 0                 |
|---------------------------------------------------------------------------|
|            CUDA OOMs: 0            |        cudaMalloc retries: 0         |
|===========================================================================|
|        Metric         | Cur Usage  | Peak Usage | Tot Alloc  | Tot Freed  |
|---------------------------------------------------------------------------|
| Allocated memory      |  37436 KiB | 378396 KiB | 739363 MiB | 739326 MiB |
|       from large pool |  37098 KiB | 377350 KiB | 611740 MiB | 611704 MiB |
|       from small pool |    338 KiB |   3316 KiB | 127622 MiB | 127622 MiB |
|---------------------------------------------------------------------------|
| Active memory         |  37436 KiB | 378396 KiB | 739363 MiB | 739326 MiB |
|       from large pool |  37098 KiB | 377350 KiB | 611740 MiB | 611704 MiB |
|       from small pool |    338 KiB |   3316 KiB | 127622 MiB | 127622 MiB |
|---------------------------------------------------------------------------|
| Requested memory      |  37044 KiB | 378079 KiB | 735538 MiB | 735502 MiB |
|       from large pool |  36708 KiB | 377036 KiB | 608822 MiB | 608786 MiB |
|       from small pool |    336 KiB |   3313 KiB | 126716 MiB | 126716 MiB |
|---------------------------------------------------------------------------|
| GPU reserved memory   | 657408 KiB | 657408 KiB | 657408 KiB |      0 B   |
|       from large pool | 653312 KiB | 653312 KiB | 653312 KiB |      0 B   |
|       from small pool |   4096 KiB |   4096 KiB |   4096 KiB |      0 B   |
|---------------------------------------------------------------------------|
| Non-releasable memory |  26051 KiB | 109836 KiB | 472381 MiB | 472356 MiB |
|       from large pool |  24342 KiB | 108573 KiB | 294079 MiB | 294055 MiB |
|       from small pool |   1709 KiB |   3305 KiB | 178302 MiB | 178300 MiB |
|---------------------------------------------------------------------------|
| Allocations           |      29    |      54    |    3142 K  |    3142 K  |
|       from large pool |       8    |      26    |      75 K  |      75 K  |
|       from small pool |      21    |      34    |    3066 K  |    3066 K  |
|---------------------------------------------------------------------------|
| Active allocs         |      29    |      54    |    3142 K  |    3142 K  |
|       from large pool |       8    |      26    |      75 K  |      75 K  |
|       from small pool |      21    |      34    |    3066 K  |    3066 K  |
|---------------------------------------------------------------------------|
| GPU reserved segments |      22    |      22    |      22    |       0    |
|       from large pool |      20    |      20    |      20    |       0    |
|       from small pool |       2    |       2    |       2    |       0    |
|---------------------------------------------------------------------------|
| Non-releasable allocs |      10    |      17    |     922 K  |     922 K  |
|       from large pool |       3    |      12    |      29 K  |      29 K  |
|       from small pool |       7    |      12    |     893 K  |     893 K  |
|---------------------------------------------------------------------------|
| Oversize allocations  |       0    |       0    |       0    |       0    |
|---------------------------------------------------------------------------|
| Oversize GPU segments |       0    |       0    |       0    |       0    |
|===========================================================================|

|===========================================================================|
|                  PyTorch CUDA memory summary, device ID 0                 |
|---------------------------------------------------------------------------|
|            CUDA OOMs: 0            |        cudaMalloc retries: 0         |
|===========================================================================|
|        Metric         | Cur Usage  | Peak Usage | Tot Alloc  | Tot Freed  |
|---------------------------------------------------------------------------|
| Allocated memory      |  37887 KiB | 378396 KiB |    776 GiB |    776 GiB |
|       from large pool |  37549 KiB | 377350 KiB |    631 GiB |    631 GiB |
|       from small pool |    338 KiB |   3316 KiB |    145 GiB |    145 GiB |
|---------------------------------------------------------------------------|
| Active memory         |  37887 KiB | 378396 KiB |    776 GiB |    776 GiB |
|       from large pool |  37549 KiB | 377350 KiB |    631 GiB |    631 GiB |
|       from small pool |    338 KiB |   3316 KiB |    145 GiB |    145 GiB |
|---------------------------------------------------------------------------|
| Requested memory      |  37026 KiB | 378079 KiB |    772 GiB |    772 GiB |
|       from large pool |  36690 KiB | 377036 KiB |    628 GiB |    628 GiB |
|       from small pool |    336 KiB |   3313 KiB |    144 GiB |    144 GiB |
|---------------------------------------------------------------------------|
| GPU reserved memory   | 657408 KiB | 657408 KiB | 657408 KiB |      0 B   |
|       from large pool | 653312 KiB | 653312 KiB | 653312 KiB |      0 B   |
|       from small pool |   4096 KiB |   4096 KiB |   4096 KiB |      0 B   |
|---------------------------------------------------------------------------|
| Non-releasable memory |  25600 KiB | 109836 KiB | 519526 MiB | 519501 MiB |
|       from large pool |  23891 KiB | 108573 KiB | 320213 MiB | 320189 MiB |
|       from small pool |   1709 KiB |   3305 KiB | 199313 MiB | 199311 MiB |
|---------------------------------------------------------------------------|
| Allocations           |      29    |      54    |    3732 K  |    3732 K  |
|       from large pool |       8    |      26    |      81 K  |      81 K  |
|       from small pool |      21    |      34    |    3651 K  |    3651 K  |
|---------------------------------------------------------------------------|
| Active allocs         |      29    |      54    |    3732 K  |    3732 K  |
|       from large pool |       8    |      26    |      81 K  |      81 K  |
|       from small pool |      21    |      34    |    3651 K  |    3651 K  |
|---------------------------------------------------------------------------|
| GPU reserved segments |      22    |      22    |      22    |       0    |
|       from large pool |      20    |      20    |      20    |       0    |
|       from small pool |       2    |       2    |       2    |       0    |
|---------------------------------------------------------------------------|
| Non-releasable allocs |       7    |      17    |    1079 K  |    1079 K  |
|       from large pool |       3    |      12    |      31 K  |      31 K  |
|       from small pool |       4    |      12    |    1048 K  |    1048 K  |
|---------------------------------------------------------------------------|
| Oversize allocations  |       0    |       0    |       0    |       0    |
|---------------------------------------------------------------------------|
| Oversize GPU segments |       0    |       0    |       0    |       0    |
|===========================================================================|

|===========================================================================|
|                  PyTorch CUDA memory summary, device ID 0                 |
|---------------------------------------------------------------------------|
|            CUDA OOMs: 0            |        cudaMalloc retries: 0         |
|===========================================================================|
|        Metric         | Cur Usage  | Peak Usage | Tot Alloc  | Tot Freed  |
|---------------------------------------------------------------------------|
| Allocated memory      |  36237 KiB | 378396 KiB |    836 GiB |    836 GiB |
|       from large pool |  35515 KiB | 377350 KiB |    670 GiB |    670 GiB |
|       from small pool |    721 KiB |   3316 KiB |    166 GiB |    166 GiB |
|---------------------------------------------------------------------------|
| Active memory         |  36237 KiB | 378396 KiB |    836 GiB |    836 GiB |
|       from large pool |  35515 KiB | 377350 KiB |    670 GiB |    670 GiB |
|       from small pool |    721 KiB |   3316 KiB |    166 GiB |    166 GiB |
|---------------------------------------------------------------------------|
| Requested memory      |  36234 KiB | 378079 KiB |    832 GiB |    832 GiB |
|       from large pool |  35515 KiB | 377036 KiB |    667 GiB |    667 GiB |
|       from small pool |    719 KiB |   3313 KiB |    164 GiB |    164 GiB |
|---------------------------------------------------------------------------|
| GPU reserved memory   | 657408 KiB | 657408 KiB | 657408 KiB |      0 B   |
|       from large pool | 653312 KiB | 653312 KiB | 653312 KiB |      0 B   |
|       from small pool |   4096 KiB |   4096 KiB |   4096 KiB |      0 B   |
|---------------------------------------------------------------------------|
| Non-releasable memory |  27251 KiB | 109836 KiB | 571813 MiB | 571787 MiB |
|       from large pool |  25924 KiB | 108573 KiB | 350967 MiB | 350941 MiB |
|       from small pool |   1326 KiB |   3317 KiB | 220846 MiB | 220845 MiB |
|---------------------------------------------------------------------------|
| Allocations           |      29    |      54    |    4368 K  |    4368 K  |
|       from large pool |       7    |      26    |      87 K  |      87 K  |
|       from small pool |      22    |      34    |    4280 K  |    4280 K  |
|---------------------------------------------------------------------------|
| Active allocs         |      29    |      54    |    4368 K  |    4368 K  |
|       from large pool |       7    |      26    |      87 K  |      87 K  |
|       from small pool |      22    |      34    |    4280 K  |    4280 K  |
|---------------------------------------------------------------------------|
| GPU reserved segments |      22    |      22    |      22    |       0    |
|       from large pool |      20    |      20    |      20    |       0    |
|       from small pool |       2    |       2    |       2    |       0    |
|---------------------------------------------------------------------------|
| Non-releasable allocs |      10    |      17    |    1249 K  |    1249 K  |
|       from large pool |       4    |      12    |      35 K  |      35 K  |
|       from small pool |       6    |      12    |    1214 K  |    1214 K  |
|---------------------------------------------------------------------------|
| Oversize allocations  |       0    |       0    |       0    |       0    |
|---------------------------------------------------------------------------|
| Oversize GPU segments |       0    |       0    |       0    |       0    |
|===========================================================================|

|===========================================================================|
|                  PyTorch CUDA memory summary, device ID 0                 |
|---------------------------------------------------------------------------|
|            CUDA OOMs: 0            |        cudaMalloc retries: 0         |
|===========================================================================|
|        Metric         | Cur Usage  | Peak Usage | Tot Alloc  | Tot Freed  |
|---------------------------------------------------------------------------|
| Allocated memory      |  36385 KiB | 378396 KiB |    873 GiB |    873 GiB |
|       from large pool |  35824 KiB | 377350 KiB |    699 GiB |    699 GiB |
|       from small pool |    560 KiB |   3699 KiB |    174 GiB |    174 GiB |
|---------------------------------------------------------------------------|
| Active memory         |  36385 KiB | 378396 KiB |    873 GiB |    873 GiB |
|       from large pool |  35824 KiB | 377350 KiB |    699 GiB |    699 GiB |
|       from small pool |    560 KiB |   3699 KiB |    174 GiB |    174 GiB |
|---------------------------------------------------------------------------|
| Requested memory      |  36190 KiB | 378079 KiB |    868 GiB |    868 GiB |
|       from large pool |  35632 KiB | 377036 KiB |    696 GiB |    695 GiB |
|       from small pool |    558 KiB |   3696 KiB |    172 GiB |    172 GiB |
|---------------------------------------------------------------------------|
| GPU reserved memory   | 659456 KiB | 659456 KiB | 659456 KiB |      0 B   |
|       from large pool | 653312 KiB | 653312 KiB | 653312 KiB |      0 B   |
|       from small pool |   6144 KiB |   6144 KiB |   6144 KiB |      0 B   |
|---------------------------------------------------------------------------|
| Non-releasable memory |  43487 KiB | 109836 KiB | 603767 MiB | 603724 MiB |
|       from large pool |  41999 KiB | 108573 KiB | 374492 MiB | 374451 MiB |
|       from small pool |   1487 KiB |   3834 KiB | 229274 MiB | 229273 MiB |
|---------------------------------------------------------------------------|
| Allocations           |      29    |      54    |    4954 K  |    4954 K  |
|       from large pool |       7    |      26    |      91 K  |      91 K  |
|       from small pool |      22    |      35    |    4862 K  |    4862 K  |
|---------------------------------------------------------------------------|
| Active allocs         |      29    |      54    |    4954 K  |    4954 K  |
|       from large pool |       7    |      26    |      91 K  |      91 K  |
|       from small pool |      22    |      35    |    4862 K  |    4862 K  |
|---------------------------------------------------------------------------|
| GPU reserved segments |      23    |      23    |      23    |       0    |
|       from large pool |      20    |      20    |      20    |       0    |
|       from small pool |       3    |       3    |       3    |       0    |
|---------------------------------------------------------------------------|
| Non-releasable allocs |       9    |      19    |    1384 K  |    1384 K  |
|       from large pool |       4    |      12    |      37 K  |      37 K  |
|       from small pool |       5    |      12    |    1346 K  |    1346 K  |
|---------------------------------------------------------------------------|
| Oversize allocations  |       0    |       0    |       0    |       0    |
|---------------------------------------------------------------------------|
| Oversize GPU segments |       0    |       0    |       0    |       0    |
|===========================================================================|

