|===========================================================================|
|                  PyTorch CUDA memory summary, device ID 0                 |
|---------------------------------------------------------------------------|
|            CUDA OOMs: 0            |        cudaMalloc retries: 0         |
|===========================================================================|
|        Metric         | Cur Usage  | Peak Usage | Tot Alloc  | Tot Freed  |
|---------------------------------------------------------------------------|
| Allocated memory      |  37653 KiB | 125912 KiB | 386298 MiB | 386262 MiB |
|       from large pool |  37314 KiB | 125184 KiB | 373210 MiB | 373174 MiB |
|       from small pool |    338 KiB |   3316 KiB |  13087 MiB |  13087 MiB |
|---------------------------------------------------------------------------|
| Active memory         |  37653 KiB | 125912 KiB | 386298 MiB | 386262 MiB |
|       from large pool |  37314 KiB | 125184 KiB | 373210 MiB | 373174 MiB |
|       from small pool |    338 KiB |   3316 KiB |  13087 MiB |  13087 MiB |
|---------------------------------------------------------------------------|
| Requested memory      |  37650 KiB | 125908 KiB | 384684 MiB | 384647 MiB |
|       from large pool |  37314 KiB | 125184 KiB | 371653 MiB | 371617 MiB |
|       from small pool |    336 KiB |   3313 KiB |  13030 MiB |  13030 MiB |
|---------------------------------------------------------------------------|
| GPU reserved memory   | 167936 KiB | 167936 KiB | 167936 KiB |      0 B   |
|       from large pool | 163840 KiB | 163840 KiB | 163840 KiB |      0 B   |
|       from small pool |   4096 KiB |   4096 KiB |   4096 KiB |      0 B   |
|---------------------------------------------------------------------------|
| Non-releasable memory |  25835 KiB |  42265 KiB | 114029 MiB | 114004 MiB |
|       from large pool |  24125 KiB |  40704 KiB | 100937 MiB | 100914 MiB |
|       from small pool |   1709 KiB |   3195 KiB |  13091 MiB |  13089 MiB |
|---------------------------------------------------------------------------|
| Allocations           |      29    |      42    |  268517    |  268488    |
|       from large pool |       8    |      13    |   33608    |   33600    |
|       from small pool |      21    |      34    |  234909    |  234888    |
|---------------------------------------------------------------------------|
| Active allocs         |      29    |      42    |  268517    |  268488    |
|       from large pool |       8    |      13    |   33608    |   33600    |
|       from small pool |      21    |      34    |  234909    |  234888    |
|---------------------------------------------------------------------------|
| GPU reserved segments |      11    |      11    |      11    |       0    |
|       from large pool |       9    |       9    |       9    |       0    |
|       from small pool |       2    |       2    |       2    |       0    |
|---------------------------------------------------------------------------|
| Non-releasable allocs |       8    |      15    |  107553    |  107545    |
|       from large pool |       3    |       4    |    8727    |    8724    |
|       from small pool |       5    |      12    |   98826    |   98821    |
|---------------------------------------------------------------------------|
| Oversize allocations  |       0    |       0    |       0    |       0    |
|---------------------------------------------------------------------------|
| Oversize GPU segments |       0    |       0    |       0    |       0    |
|===========================================================================|

|===========================================================================|
|                  PyTorch CUDA memory summary, device ID 0                 |
|---------------------------------------------------------------------------|
|            CUDA OOMs: 0            |        cudaMalloc retries: 0         |
|===========================================================================|
|        Metric         | Cur Usage  | Peak Usage | Tot Alloc  | Tot Freed  |
|---------------------------------------------------------------------------|
| Allocated memory      |  37541 KiB | 378396 KiB | 438619 MiB | 438583 MiB |
|       from large pool |  37202 KiB | 377350 KiB | 419424 MiB | 419388 MiB |
|       from small pool |    338 KiB |   3316 KiB |  19194 MiB |  19194 MiB |
|---------------------------------------------------------------------------|
| Active memory         |  37541 KiB | 378396 KiB | 438619 MiB | 438583 MiB |
|       from large pool |  37202 KiB | 377350 KiB | 419424 MiB | 419388 MiB |
|       from small pool |    338 KiB |   3316 KiB |  19194 MiB |  19194 MiB |
|---------------------------------------------------------------------------|
| Requested memory      |  37346 KiB | 378079 KiB | 436819 MiB | 436783 MiB |
|       from large pool |  37010 KiB | 377036 KiB | 417717 MiB | 417681 MiB |
|       from small pool |    336 KiB |   3313 KiB |  19102 MiB |  19101 MiB |
|---------------------------------------------------------------------------|
| GPU reserved memory   | 581632 KiB | 581632 KiB | 581632 KiB |      0 B   |
|       from large pool | 577536 KiB | 577536 KiB | 577536 KiB |      0 B   |
|       from small pool |   4096 KiB |   4096 KiB |   4096 KiB |      0 B   |
|---------------------------------------------------------------------------|
| Non-releasable memory |  25947 KiB |  60901 KiB | 156917 MiB | 156892 MiB |
|       from large pool |  24237 KiB |  59893 KiB | 137708 MiB | 137684 MiB |
|       from small pool |   1709 KiB |   3290 KiB |  19209 MiB |  19207 MiB |
|---------------------------------------------------------------------------|
| Allocations           |      29    |      54    |  415850    |  415821    |
|       from large pool |       8    |      26    |   42158    |   42150    |
|       from small pool |      21    |      34    |  373692    |  373671    |
|---------------------------------------------------------------------------|
| Active allocs         |      29    |      54    |  415850    |  415821    |
|       from large pool |       8    |      26    |   42158    |   42150    |
|       from small pool |      21    |      34    |  373692    |  373671    |
|---------------------------------------------------------------------------|
| GPU reserved segments |      21    |      21    |      21    |       0    |
|       from large pool |      19    |      19    |      19    |       0    |
|       from small pool |       2    |       2    |       2    |       0    |
|---------------------------------------------------------------------------|
| Non-releasable allocs |       8    |      15    |  176381    |  176373    |
|       from large pool |       3    |      10    |   13315    |   13312    |
|       from small pool |       5    |      12    |  163066    |  163061    |
|---------------------------------------------------------------------------|
| Oversize allocations  |       0    |       0    |       0    |       0    |
|---------------------------------------------------------------------------|
| Oversize GPU segments |       0    |       0    |       0    |       0    |
|===========================================================================|

|===========================================================================|
|                  PyTorch CUDA memory summary, device ID 0                 |
|---------------------------------------------------------------------------|
|            CUDA OOMs: 0            |        cudaMalloc retries: 0         |
|===========================================================================|
|        Metric         | Cur Usage  | Peak Usage | Tot Alloc  | Tot Freed  |
|---------------------------------------------------------------------------|
| Allocated memory      |  37330 KiB | 378396 KiB | 485890 MiB | 485854 MiB |
|       from large pool |  36992 KiB | 377350 KiB | 460991 MiB | 460954 MiB |
|       from small pool |    338 KiB |   3316 KiB |  24899 MiB |  24899 MiB |
|---------------------------------------------------------------------------|
| Active memory         |  37330 KiB | 378396 KiB | 485890 MiB | 485854 MiB |
|       from large pool |  36992 KiB | 377350 KiB | 460991 MiB | 460954 MiB |
|       from small pool |    338 KiB |   3316 KiB |  24899 MiB |  24899 MiB |
|---------------------------------------------------------------------------|
| Requested memory      |  36771 KiB | 378079 KiB | 483936 MiB | 483900 MiB |
|       from large pool |  36435 KiB | 377036 KiB | 459160 MiB | 459125 MiB |
|       from small pool |    336 KiB |   3313 KiB |  24775 MiB |  24775 MiB |
|---------------------------------------------------------------------------|
| GPU reserved memory   | 657408 KiB | 657408 KiB | 657408 KiB |      0 B   |
|       from large pool | 653312 KiB | 653312 KiB | 653312 KiB |      0 B   |
|       from small pool |   4096 KiB |   4096 KiB |   4096 KiB |      0 B   |
|---------------------------------------------------------------------------|
| Non-releasable memory |  26157 KiB | 109836 KiB | 196780 MiB | 196755 MiB |
|       from large pool |  24448 KiB | 108573 KiB | 171827 MiB | 171803 MiB |
|       from small pool |   1709 KiB |   3290 KiB |  24953 MiB |  24952 MiB |
|---------------------------------------------------------------------------|
| Allocations           |      29    |      54    |  545468    |  545439    |
|       from large pool |       8    |      26    |   49471    |   49463    |
|       from small pool |      21    |      34    |  495997    |  495976    |
|---------------------------------------------------------------------------|
| Active allocs         |      29    |      54    |  545468    |  545439    |
|       from large pool |       8    |      26    |   49471    |   49463    |
|       from small pool |      21    |      34    |  495997    |  495976    |
|---------------------------------------------------------------------------|
| GPU reserved segments |      22    |      22    |      22    |       0    |
|       from large pool |      20    |      20    |      20    |       0    |
|       from small pool |       2    |       2    |       2    |       0    |
|---------------------------------------------------------------------------|
| Non-releasable allocs |       8    |      18    |  229311    |  229303    |
|       from large pool |       2    |      12    |   16957    |   16955    |
|       from small pool |       6    |      12    |  212354    |  212348    |
|---------------------------------------------------------------------------|
| Oversize allocations  |       0    |       0    |       0    |       0    |
|---------------------------------------------------------------------------|
| Oversize GPU segments |       0    |       0    |       0    |       0    |
|===========================================================================|

|===========================================================================|
|                  PyTorch CUDA memory summary, device ID 0                 |
|---------------------------------------------------------------------------|
|            CUDA OOMs: 0            |        cudaMalloc retries: 0         |
|===========================================================================|
|        Metric         | Cur Usage  | Peak Usage | Tot Alloc  | Tot Freed  |
|---------------------------------------------------------------------------|
| Allocated memory      |  37330 KiB | 378396 KiB | 531843 MiB | 531806 MiB |
|       from large pool |  36992 KiB | 377350 KiB | 502207 MiB | 502171 MiB |
|       from small pool |    338 KiB |   3316 KiB |  29635 MiB |  29634 MiB |
|---------------------------------------------------------------------------|
| Active memory         |  37330 KiB | 378396 KiB | 531843 MiB | 531806 MiB |
|       from large pool |  36992 KiB | 377350 KiB | 502207 MiB | 502171 MiB |
|       from small pool |    338 KiB |   3316 KiB |  29635 MiB |  29634 MiB |
|---------------------------------------------------------------------------|
| Requested memory      |  36478 KiB | 378079 KiB | 529490 MiB | 529454 MiB |
|       from large pool |  36142 KiB | 377036 KiB | 500005 MiB | 499970 MiB |
|       from small pool |    336 KiB |   3313 KiB |  29484 MiB |  29484 MiB |
|---------------------------------------------------------------------------|
| GPU reserved memory   | 657408 KiB | 657408 KiB | 657408 KiB |      0 B   |
|       from large pool | 653312 KiB | 653312 KiB | 653312 KiB |      0 B   |
|       from small pool |   4096 KiB |   4096 KiB |   4096 KiB |      0 B   |
|---------------------------------------------------------------------------|
| Non-releasable memory |  26157 KiB | 109836 KiB | 234158 MiB | 234132 MiB |
|       from large pool |  24448 KiB | 108573 KiB | 204459 MiB | 204435 MiB |
|       from small pool |   1709 KiB |   3305 KiB |  29698 MiB |  29696 MiB |
|---------------------------------------------------------------------------|
| Allocations           |      29    |      54    |  659142    |  659113    |
|       from large pool |       8    |      26    |   56783    |   56775    |
|       from small pool |      21    |      34    |  602359    |  602338    |
|---------------------------------------------------------------------------|
| Active allocs         |      29    |      54    |  659142    |  659113    |
|       from large pool |       8    |      26    |   56783    |   56775    |
|       from small pool |      21    |      34    |  602359    |  602338    |
|---------------------------------------------------------------------------|
| GPU reserved segments |      22    |      22    |      22    |       0    |
|       from large pool |      20    |      20    |      20    |       0    |
|       from small pool |       2    |       2    |       2    |       0    |
|---------------------------------------------------------------------------|
| Non-releasable allocs |       8    |      18    |  276298    |  276290    |
|       from large pool |       2    |      12    |   20252    |   20250    |
|       from small pool |       6    |      12    |  256046    |  256040    |
|---------------------------------------------------------------------------|
| Oversize allocations  |       0    |       0    |       0    |       0    |
|---------------------------------------------------------------------------|
| Oversize GPU segments |       0    |       0    |       0    |       0    |
|===========================================================================|

|===========================================================================|
|                  PyTorch CUDA memory summary, device ID 0                 |
|---------------------------------------------------------------------------|
|            CUDA OOMs: 0            |        cudaMalloc retries: 0         |
|===========================================================================|
|        Metric         | Cur Usage  | Peak Usage | Tot Alloc  | Tot Freed  |
|---------------------------------------------------------------------------|
| Allocated memory      |  36557 KiB | 378396 KiB | 567535 MiB | 567500 MiB |
|       from large pool |  36218 KiB | 377350 KiB | 534364 MiB | 534328 MiB |
|       from small pool |    338 KiB |   3316 KiB |  33171 MiB |  33171 MiB |
|---------------------------------------------------------------------------|
| Active memory         |  36557 KiB | 378396 KiB | 567535 MiB | 567500 MiB |
|       from large pool |  36218 KiB | 377350 KiB | 534364 MiB | 534328 MiB |
|       from small pool |    338 KiB |   3316 KiB |  33171 MiB |  33171 MiB |
|---------------------------------------------------------------------------|
| Requested memory      |  36553 KiB | 378079 KiB | 564957 MiB | 564921 MiB |
|       from large pool |  36217 KiB | 377036 KiB | 531955 MiB | 531920 MiB |
|       from small pool |    336 KiB |   3313 KiB |  33001 MiB |  33001 MiB |
|---------------------------------------------------------------------------|
| GPU reserved memory   | 657408 KiB | 657408 KiB | 657408 KiB |      0 B   |
|       from large pool | 653312 KiB | 653312 KiB | 653312 KiB |      0 B   |
|       from small pool |   4096 KiB |   4096 KiB |   4096 KiB |      0 B   |
|---------------------------------------------------------------------------|
| Non-releasable memory |  26931 KiB | 109836 KiB | 262685 MiB | 262659 MiB |
|       from large pool |  25221 KiB | 108573 KiB | 229442 MiB | 229418 MiB |
|       from small pool |   1709 KiB |   3305 KiB |  33242 MiB |  33241 MiB |
|---------------------------------------------------------------------------|
| Allocations           |      29    |      54    |  740207    |  740178    |
|       from large pool |       8    |      26    |   61939    |   61931    |
|       from small pool |      21    |      34    |  678268    |  678247    |
|---------------------------------------------------------------------------|
| Active allocs         |      29    |      54    |  740207    |  740178    |
|       from large pool |       8    |      26    |   61939    |   61931    |
|       from small pool |      21    |      34    |  678268    |  678247    |
|---------------------------------------------------------------------------|
| GPU reserved segments |      22    |      22    |      22    |       0    |
|       from large pool |      20    |      20    |      20    |       0    |
|       from small pool |       2    |       2    |       2    |       0    |
|---------------------------------------------------------------------------|
| Non-releasable allocs |      10    |      18    |  316238    |  316228    |
|       from large pool |       4    |      12    |   22787    |   22783    |
|       from small pool |       6    |      13    |  293451    |  293445    |
|---------------------------------------------------------------------------|
| Oversize allocations  |       0    |       0    |       0    |       0    |
|---------------------------------------------------------------------------|
| Oversize GPU segments |       0    |       0    |       0    |       0    |
|===========================================================================|

|===========================================================================|
|                  PyTorch CUDA memory summary, device ID 0                 |
|---------------------------------------------------------------------------|
|            CUDA OOMs: 0            |        cudaMalloc retries: 0         |
|===========================================================================|
|        Metric         | Cur Usage  | Peak Usage | Tot Alloc  | Tot Freed  |
|---------------------------------------------------------------------------|
| Allocated memory      |  37436 KiB | 378396 KiB | 606738 MiB | 606701 MiB |
|       from large pool |  37098 KiB | 377350 KiB | 570126 MiB | 570089 MiB |
|       from small pool |    338 KiB |   3316 KiB |  36612 MiB |  36611 MiB |
|---------------------------------------------------------------------------|
| Active memory         |  37436 KiB | 378396 KiB | 606738 MiB | 606701 MiB |
|       from large pool |  37098 KiB | 377350 KiB | 570126 MiB | 570089 MiB |
|       from small pool |    338 KiB |   3316 KiB |  36612 MiB |  36611 MiB |
|---------------------------------------------------------------------------|
| Requested memory      |  37044 KiB | 378079 KiB | 603930 MiB | 603893 MiB |
|       from large pool |  36708 KiB | 377036 KiB | 567508 MiB | 567472 MiB |
|       from small pool |    336 KiB |   3313 KiB |  36421 MiB |  36421 MiB |
|---------------------------------------------------------------------------|
| GPU reserved memory   | 657408 KiB | 657408 KiB | 657408 KiB |      0 B   |
|       from large pool | 653312 KiB | 653312 KiB | 653312 KiB |      0 B   |
|       from small pool |   4096 KiB |   4096 KiB |   4096 KiB |      0 B   |
|---------------------------------------------------------------------------|
| Non-releasable memory |  26051 KiB | 109836 KiB | 294346 MiB | 294320 MiB |
|       from large pool |  24342 KiB | 108573 KiB | 257654 MiB | 257630 MiB |
|       from small pool |   1709 KiB |   3305 KiB |  36692 MiB |  36690 MiB |
|---------------------------------------------------------------------------|
| Allocations           |      29    |      54    |     821 K  |     821 K  |
|       from large pool |       8    |      26    |      67 K  |      67 K  |
|       from small pool |      21    |      34    |     753 K  |     753 K  |
|---------------------------------------------------------------------------|
| Active allocs         |      29    |      54    |     821 K  |     821 K  |
|       from large pool |       8    |      26    |      67 K  |      67 K  |
|       from small pool |      21    |      34    |     753 K  |     753 K  |
|---------------------------------------------------------------------------|
| GPU reserved segments |      22    |      22    |      22    |       0    |
|       from large pool |      20    |      20    |      20    |       0    |
|       from small pool |       2    |       2    |       2    |       0    |
|---------------------------------------------------------------------------|
| Non-releasable allocs |       9    |      18    |  351929    |  351920    |
|       from large pool |       3    |      12    |   25688    |   25685    |
|       from small pool |       6    |      13    |  326241    |  326235    |
|---------------------------------------------------------------------------|
| Oversize allocations  |       0    |       0    |       0    |       0    |
|---------------------------------------------------------------------------|
| Oversize GPU segments |       0    |       0    |       0    |       0    |
|===========================================================================|

|===========================================================================|
|                  PyTorch CUDA memory summary, device ID 0                 |
|---------------------------------------------------------------------------|
|            CUDA OOMs: 0            |        cudaMalloc retries: 0         |
|===========================================================================|
|        Metric         | Cur Usage  | Peak Usage | Tot Alloc  | Tot Freed  |
|---------------------------------------------------------------------------|
| Allocated memory      |  37887 KiB | 378396 KiB | 644831 MiB | 644794 MiB |
|       from large pool |  37549 KiB | 377350 KiB | 604627 MiB | 604590 MiB |
|       from small pool |    338 KiB |   3316 KiB |  40204 MiB |  40203 MiB |
|---------------------------------------------------------------------------|
| Active memory         |  37887 KiB | 378396 KiB | 644831 MiB | 644794 MiB |
|       from large pool |  37549 KiB | 377350 KiB | 604627 MiB | 604590 MiB |
|       from small pool |    338 KiB |   3316 KiB |  40204 MiB |  40203 MiB |
|---------------------------------------------------------------------------|
| Requested memory      |  37026 KiB | 378079 KiB | 641819 MiB | 641783 MiB |
|       from large pool |  36690 KiB | 377036 KiB | 601825 MiB | 601789 MiB |
|       from small pool |    336 KiB |   3313 KiB |  39993 MiB |  39993 MiB |
|---------------------------------------------------------------------------|
| GPU reserved memory   | 657408 KiB | 657408 KiB | 657408 KiB |      0 B   |
|       from large pool | 653312 KiB | 653312 KiB | 653312 KiB |      0 B   |
|       from small pool |   4096 KiB |   4096 KiB |   4096 KiB |      0 B   |
|---------------------------------------------------------------------------|
| Non-releasable memory |  25600 KiB | 109836 KiB | 323852 MiB | 323827 MiB |
|       from large pool |  23891 KiB | 108573 KiB | 283558 MiB | 283535 MiB |
|       from small pool |   1709 KiB |   3305 KiB |  40293 MiB |  40291 MiB |
|---------------------------------------------------------------------------|
| Allocations           |      29    |      54    |     906 K  |     906 K  |
|       from large pool |       8    |      26    |      73 K  |      73 K  |
|       from small pool |      21    |      34    |     832 K  |     832 K  |
|---------------------------------------------------------------------------|
| Active allocs         |      29    |      54    |     906 K  |     906 K  |
|       from large pool |       8    |      26    |      73 K  |      73 K  |
|       from small pool |      21    |      34    |     832 K  |     832 K  |
|---------------------------------------------------------------------------|
| GPU reserved segments |      22    |      22    |      22    |       0    |
|       from large pool |      20    |      20    |      20    |       0    |
|       from small pool |       2    |       2    |       2    |       0    |
|---------------------------------------------------------------------------|
| Non-releasable allocs |       8    |      18    |  387579    |  387571    |
|       from large pool |       3    |      12    |   28040    |   28037    |
|       from small pool |       5    |      13    |  359539    |  359534    |
|---------------------------------------------------------------------------|
| Oversize allocations  |       0    |       0    |       0    |       0    |
|---------------------------------------------------------------------------|
| Oversize GPU segments |       0    |       0    |       0    |       0    |
|===========================================================================|

|===========================================================================|
|                  PyTorch CUDA memory summary, device ID 0                 |
|---------------------------------------------------------------------------|
|            CUDA OOMs: 0            |        cudaMalloc retries: 0         |
|===========================================================================|
|        Metric         | Cur Usage  | Peak Usage | Tot Alloc  | Tot Freed  |
|---------------------------------------------------------------------------|
| Allocated memory      |  36429 KiB | 378396 KiB | 681543 MiB | 681508 MiB |
|       from large pool |  35707 KiB | 377350 KiB | 637496 MiB | 637461 MiB |
|       from small pool |    721 KiB |   3316 KiB |  44046 MiB |  44046 MiB |
|---------------------------------------------------------------------------|
| Active memory         |  36429 KiB | 378396 KiB | 681543 MiB | 681508 MiB |
|       from large pool |  35707 KiB | 377350 KiB | 637496 MiB | 637461 MiB |
|       from small pool |    721 KiB |   3316 KiB |  44046 MiB |  44046 MiB |
|---------------------------------------------------------------------------|
| Requested memory      |  36234 KiB | 378079 KiB | 678370 MiB | 678334 MiB |
|       from large pool |  35515 KiB | 377036 KiB | 634553 MiB | 634519 MiB |
|       from small pool |    719 KiB |   3313 KiB |  43816 MiB |  43815 MiB |
|---------------------------------------------------------------------------|
| GPU reserved memory   | 657408 KiB | 657408 KiB | 657408 KiB |      0 B   |
|       from large pool | 653312 KiB | 653312 KiB | 653312 KiB |      0 B   |
|       from small pool |   4096 KiB |   4096 KiB |   4096 KiB |      0 B   |
|---------------------------------------------------------------------------|
| Non-releasable memory |  27059 KiB | 109836 KiB | 352010 MiB | 351983 MiB |
|       from large pool |  25732 KiB | 108573 KiB | 307809 MiB | 307784 MiB |
|       from small pool |   1326 KiB |   3317 KiB |  44200 MiB |  44199 MiB |
|---------------------------------------------------------------------------|
| Allocations           |      29    |      54    |     991 K  |     991 K  |
|       from large pool |       7    |      26    |      78 K  |      78 K  |
|       from small pool |      22    |      34    |     912 K  |     912 K  |
|---------------------------------------------------------------------------|
| Active allocs         |      29    |      54    |     991 K  |     991 K  |
|       from large pool |       7    |      26    |      78 K  |      78 K  |
|       from small pool |      22    |      34    |     912 K  |     912 K  |
|---------------------------------------------------------------------------|
| GPU reserved segments |      22    |      22    |      22    |       0    |
|       from large pool |      20    |      20    |      20    |       0    |
|       from small pool |       2    |       2    |       2    |       0    |
|---------------------------------------------------------------------------|
| Non-releasable allocs |       7    |      18    |  418357    |  418350    |
|       from large pool |       3    |      12    |   31133    |   31130    |
|       from small pool |       4    |      13    |  387224    |  387220    |
|---------------------------------------------------------------------------|
| Oversize allocations  |       0    |       0    |       0    |       0    |
|---------------------------------------------------------------------------|
| Oversize GPU segments |       0    |       0    |       0    |       0    |
|===========================================================================|

|===========================================================================|
|                  PyTorch CUDA memory summary, device ID 0                 |
|---------------------------------------------------------------------------|
|            CUDA OOMs: 0            |        cudaMalloc retries: 0         |
|===========================================================================|
|        Metric         | Cur Usage  | Peak Usage | Tot Alloc  | Tot Freed  |
|---------------------------------------------------------------------------|
| Allocated memory      |  36193 KiB | 378396 KiB | 708685 MiB | 708650 MiB |
|       from large pool |  35632 KiB | 377350 KiB | 662553 MiB | 662519 MiB |
|       from small pool |    560 KiB |   3699 KiB |  46131 MiB |  46131 MiB |
|---------------------------------------------------------------------------|
| Active memory         |  36193 KiB | 378396 KiB | 708685 MiB | 708650 MiB |
|       from large pool |  35632 KiB | 377350 KiB | 662553 MiB | 662519 MiB |
|       from small pool |    560 KiB |   3699 KiB |  46131 MiB |  46131 MiB |
|---------------------------------------------------------------------------|
| Requested memory      |  36190 KiB | 378079 KiB | 705307 MiB | 705272 MiB |
|       from large pool |  35632 KiB | 377036 KiB | 659418 MiB | 659384 MiB |
|       from small pool |    558 KiB |   3696 KiB |  45889 MiB |  45888 MiB |
|---------------------------------------------------------------------------|
| GPU reserved memory   | 659456 KiB | 659456 KiB | 659456 KiB |      0 B   |
|       from large pool | 653312 KiB | 653312 KiB | 653312 KiB |      0 B   |
|       from small pool |   6144 KiB |   6144 KiB |   6144 KiB |      0 B   |
|---------------------------------------------------------------------------|
| Non-releasable memory |  43679 KiB | 109836 KiB | 371937 MiB | 371894 MiB |
|       from large pool |  42191 KiB | 108573 KiB | 325533 MiB | 325492 MiB |
|       from small pool |   1487 KiB |   3834 KiB |  46403 MiB |  46402 MiB |
|---------------------------------------------------------------------------|
| Allocations           |      29    |      54    |    1034 K  |    1034 K  |
|       from large pool |       7    |      26    |      82 K  |      82 K  |
|       from small pool |      22    |      35    |     952 K  |     952 K  |
|---------------------------------------------------------------------------|
| Active allocs         |      29    |      54    |    1034 K  |    1034 K  |
|       from large pool |       7    |      26    |      82 K  |      82 K  |
|       from small pool |      22    |      35    |     952 K  |     952 K  |
|---------------------------------------------------------------------------|
| GPU reserved segments |      23    |      23    |      23    |       0    |
|       from large pool |      20    |      20    |      20    |       0    |
|       from small pool |       3    |       3    |       3    |       0    |
|---------------------------------------------------------------------------|
| Non-releasable allocs |      11    |      18    |  437694    |  437683    |
|       from large pool |       5    |      12    |   33334    |   33329    |
|       from small pool |       6    |      13    |  404360    |  404354    |
|---------------------------------------------------------------------------|
| Oversize allocations  |       0    |       0    |       0    |       0    |
|---------------------------------------------------------------------------|
| Oversize GPU segments |       0    |       0    |       0    |       0    |
|===========================================================================|

