|===========================================================================|
|                  PyTorch CUDA memory summary, device ID 0                 |
|---------------------------------------------------------------------------|
|            CUDA OOMs: 0            |        cudaMalloc retries: 0         |
|===========================================================================|
|        Metric         | Cur Usage  | Peak Usage | Tot Alloc  | Tot Freed  |
|---------------------------------------------------------------------------|
| Allocated memory      |  37653 KiB | 378396 KiB |   1108 GiB |   1108 GiB |
|       from large pool |  37314 KiB | 377350 KiB |   1046 GiB |   1046 GiB |
|       from small pool |    338 KiB |   3699 KiB |     61 GiB |     61 GiB |
|---------------------------------------------------------------------------|
| Active memory         |  37653 KiB | 378396 KiB |   1108 GiB |   1108 GiB |
|       from large pool |  37314 KiB | 377350 KiB |   1046 GiB |   1046 GiB |
|       from small pool |    338 KiB |   3699 KiB |     61 GiB |     61 GiB |
|---------------------------------------------------------------------------|
| Requested memory      |  37650 KiB | 378079 KiB |   1103 GiB |   1103 GiB |
|       from large pool |  37314 KiB | 377036 KiB |   1041 GiB |   1041 GiB |
|       from small pool |    336 KiB |   3696 KiB |     61 GiB |     61 GiB |
|---------------------------------------------------------------------------|
| GPU reserved memory   | 659456 KiB | 659456 KiB | 659456 KiB |      0 B   |
|       from large pool | 653312 KiB | 653312 KiB | 653312 KiB |      0 B   |
|       from small pool |   6144 KiB |   6144 KiB |   6144 KiB |      0 B   |
|---------------------------------------------------------------------------|
| Non-releasable memory |  21739 KiB | 109005 KiB | 480820 MiB | 480799 MiB |
|       from large pool |  20029 KiB | 107742 KiB | 417005 MiB | 416986 MiB |
|       from small pool |   1709 KiB |   4213 KiB |  63815 MiB |  63813 MiB |
|---------------------------------------------------------------------------|
| Allocations           |      29    |      54    |    1387 K  |    1387 K  |
|       from large pool |       8    |      26    |     121 K  |     121 K  |
|       from small pool |      21    |      35    |    1266 K  |    1266 K  |
|---------------------------------------------------------------------------|
| Active allocs         |      29    |      54    |    1387 K  |    1387 K  |
|       from large pool |       8    |      26    |     121 K  |     121 K  |
|       from small pool |      21    |      35    |    1266 K  |    1266 K  |
|---------------------------------------------------------------------------|
| GPU reserved segments |      23    |      23    |      23    |       0    |
|       from large pool |      20    |      20    |      20    |       0    |
|       from small pool |       3    |       3    |       3    |       0    |
|---------------------------------------------------------------------------|
| Non-releasable allocs |       9    |      19    |  586132    |  586123    |
|       from large pool |       4    |      12    |   47549    |   47545    |
|       from small pool |       5    |      13    |  538583    |  538578    |
|---------------------------------------------------------------------------|
| Oversize allocations  |       0    |       0    |       0    |       0    |
|---------------------------------------------------------------------------|
| Oversize GPU segments |       0    |       0    |       0    |       0    |
|===========================================================================|

|===========================================================================|
|                  PyTorch CUDA memory summary, device ID 0                 |
|---------------------------------------------------------------------------|
|            CUDA OOMs: 0            |        cudaMalloc retries: 0         |
|===========================================================================|
|        Metric         | Cur Usage  | Peak Usage | Tot Alloc  | Tot Freed  |
|---------------------------------------------------------------------------|
| Allocated memory      |  37349 KiB | 378645 KiB |   1177 GiB |   1177 GiB |
|       from large pool |  37010 KiB | 377599 KiB |   1108 GiB |   1108 GiB |
|       from small pool |    338 KiB |   3699 KiB |     69 GiB |     69 GiB |
|---------------------------------------------------------------------------|
| Active memory         |  37349 KiB | 378645 KiB |   1177 GiB |   1177 GiB |
|       from large pool |  37010 KiB | 377599 KiB |   1108 GiB |   1108 GiB |
|       from small pool |    338 KiB |   3699 KiB |     69 GiB |     69 GiB |
|---------------------------------------------------------------------------|
| Requested memory      |  37346 KiB | 378079 KiB |   1172 GiB |   1172 GiB |
|       from large pool |  37010 KiB | 377036 KiB |   1103 GiB |   1103 GiB |
|       from small pool |    336 KiB |   3696 KiB |     69 GiB |     69 GiB |
|---------------------------------------------------------------------------|
| GPU reserved memory   | 659456 KiB | 659456 KiB | 659456 KiB |      0 B   |
|       from large pool | 653312 KiB | 653312 KiB | 653312 KiB |      0 B   |
|       from small pool |   6144 KiB |   6144 KiB |   6144 KiB |      0 B   |
|---------------------------------------------------------------------------|
| Non-releasable memory |   5659 KiB | 109005 KiB | 539616 MiB | 539610 MiB |
|       from large pool |   3949 KiB | 107742 KiB | 468057 MiB | 468054 MiB |
|       from small pool |   1709 KiB |   4213 KiB |  71558 MiB |  71556 MiB |
|---------------------------------------------------------------------------|
| Allocations           |      29    |      54    |    1573 K  |    1573 K  |
|       from large pool |       8    |      26    |     131 K  |     131 K  |
|       from small pool |      21    |      35    |    1441 K  |    1441 K  |
|---------------------------------------------------------------------------|
| Active allocs         |      29    |      54    |    1573 K  |    1573 K  |
|       from large pool |       8    |      26    |     131 K  |     131 K  |
|       from small pool |      21    |      35    |    1441 K  |    1441 K  |
|---------------------------------------------------------------------------|
| GPU reserved segments |      23    |      23    |      23    |       0    |
|       from large pool |      20    |      20    |      20    |       0    |
|       from small pool |       3    |       3    |       3    |       0    |
|---------------------------------------------------------------------------|
| Non-releasable allocs |       7    |      19    |  660014    |  660007    |
|       from large pool |       2    |      12    |   54452    |   54450    |
|       from small pool |       5    |      13    |  605562    |  605557    |
|---------------------------------------------------------------------------|
| Oversize allocations  |       0    |       0    |       0    |       0    |
|---------------------------------------------------------------------------|
| Oversize GPU segments |       0    |       0    |       0    |       0    |
|===========================================================================|

|===========================================================================|
|                  PyTorch CUDA memory summary, device ID 0                 |
|---------------------------------------------------------------------------|
|            CUDA OOMs: 0            |        cudaMalloc retries: 0         |
|===========================================================================|
|        Metric         | Cur Usage  | Peak Usage | Tot Alloc  | Tot Freed  |
|---------------------------------------------------------------------------|
| Allocated memory      |  37618 KiB | 378645 KiB |   1233 GiB |   1233 GiB |
|       from large pool |  37280 KiB | 377599 KiB |   1158 GiB |   1157 GiB |
|       from small pool |    338 KiB |   3699 KiB |     75 GiB |     75 GiB |
|---------------------------------------------------------------------------|
| Active memory         |  37618 KiB | 378645 KiB |   1233 GiB |   1233 GiB |
|       from large pool |  37280 KiB | 377599 KiB |   1158 GiB |   1157 GiB |
|       from small pool |    338 KiB |   3699 KiB |     75 GiB |     75 GiB |
|---------------------------------------------------------------------------|
| Requested memory      |  36771 KiB | 378079 KiB |   1228 GiB |   1228 GiB |
|       from large pool |  36435 KiB | 377036 KiB |   1153 GiB |   1153 GiB |
|       from small pool |    336 KiB |   3696 KiB |     75 GiB |     75 GiB |
|---------------------------------------------------------------------------|
| GPU reserved memory   | 659456 KiB | 659456 KiB | 659456 KiB |      0 B   |
|       from large pool | 653312 KiB | 653312 KiB | 653312 KiB |      0 B   |
|       from small pool |   6144 KiB |   6144 KiB |   6144 KiB |      0 B   |
|---------------------------------------------------------------------------|
| Non-releasable memory |  21773 KiB | 109005 KiB | 585550 MiB | 585529 MiB |
|       from large pool |  20064 KiB | 107742 KiB | 507689 MiB | 507669 MiB |
|       from small pool |   1709 KiB |   4213 KiB |  77860 MiB |  77859 MiB |
|---------------------------------------------------------------------------|
| Allocations           |      29    |      54    |    1715 K  |    1715 K  |
|       from large pool |       8    |      26    |     139 K  |     139 K  |
|       from small pool |      21    |      35    |    1575 K  |    1575 K  |
|---------------------------------------------------------------------------|
| Active allocs         |      29    |      54    |    1715 K  |    1715 K  |
|       from large pool |       8    |      26    |     139 K  |     139 K  |
|       from small pool |      21    |      35    |    1575 K  |    1575 K  |
|---------------------------------------------------------------------------|
| GPU reserved segments |      23    |      23    |      23    |       0    |
|       from large pool |      20    |      20    |      20    |       0    |
|       from small pool |       3    |       3    |       3    |       0    |
|---------------------------------------------------------------------------|
| Non-releasable allocs |       8    |      19    |  732964    |  732956    |
|       from large pool |       3    |      12    |   60086    |   60083    |
|       from small pool |       5    |      13    |  672878    |  672873    |
|---------------------------------------------------------------------------|
| Oversize allocations  |       0    |       0    |       0    |       0    |
|---------------------------------------------------------------------------|
| Oversize GPU segments |       0    |       0    |       0    |       0    |
|===========================================================================|

|===========================================================================|
|                  PyTorch CUDA memory summary, device ID 0                 |
|---------------------------------------------------------------------------|
|            CUDA OOMs: 0            |        cudaMalloc retries: 0         |
|===========================================================================|
|        Metric         | Cur Usage  | Peak Usage | Tot Alloc  | Tot Freed  |
|---------------------------------------------------------------------------|
| Allocated memory      |  37330 KiB | 378645 KiB |   1276 GiB |   1276 GiB |
|       from large pool |  36992 KiB | 377599 KiB |   1197 GiB |   1197 GiB |
|       from small pool |    338 KiB |   3699 KiB |     79 GiB |     79 GiB |
|---------------------------------------------------------------------------|
| Active memory         |  37330 KiB | 378645 KiB |   1276 GiB |   1276 GiB |
|       from large pool |  36992 KiB | 377599 KiB |   1197 GiB |   1197 GiB |
|       from small pool |    338 KiB |   3699 KiB |     79 GiB |     79 GiB |
|---------------------------------------------------------------------------|
| Requested memory      |  36478 KiB | 378079 KiB |   1271 GiB |   1271 GiB |
|       from large pool |  36142 KiB | 377036 KiB |   1192 GiB |   1192 GiB |
|       from small pool |    336 KiB |   3696 KiB |     79 GiB |     79 GiB |
|---------------------------------------------------------------------------|
| GPU reserved memory   | 659456 KiB | 659456 KiB | 659456 KiB |      0 B   |
|       from large pool | 653312 KiB | 653312 KiB | 653312 KiB |      0 B   |
|       from small pool |   6144 KiB |   6144 KiB |   6144 KiB |      0 B   |
|---------------------------------------------------------------------------|
| Non-releasable memory |  22061 KiB | 109005 KiB | 613554 MiB | 613532 MiB |
|       from large pool |  20352 KiB | 107742 KiB | 531741 MiB | 531721 MiB |
|       from small pool |   1709 KiB |   4213 KiB |  81813 MiB |  81811 MiB |
|---------------------------------------------------------------------------|
| Allocations           |      29    |      54    |    1809 K  |    1809 K  |
|       from large pool |       8    |      26    |     145 K  |     145 K  |
|       from small pool |      21    |      35    |    1663 K  |    1663 K  |
|---------------------------------------------------------------------------|
| Active allocs         |      29    |      54    |    1809 K  |    1809 K  |
|       from large pool |       8    |      26    |     145 K  |     145 K  |
|       from small pool |      21    |      35    |    1663 K  |    1663 K  |
|---------------------------------------------------------------------------|
| GPU reserved segments |      23    |      23    |      23    |       0    |
|       from large pool |      20    |      20    |      20    |       0    |
|       from small pool |       3    |       3    |       3    |       0    |
|---------------------------------------------------------------------------|
| Non-releasable allocs |       9    |      19    |     771 K  |     771 K  |
|       from large pool |       3    |      12    |      64 K  |      64 K  |
|       from small pool |       6    |      13    |     706 K  |     706 K  |
|---------------------------------------------------------------------------|
| Oversize allocations  |       0    |       0    |       0    |       0    |
|---------------------------------------------------------------------------|
| Oversize GPU segments |       0    |       0    |       0    |       0    |
|===========================================================================|

|===========================================================================|
|                  PyTorch CUDA memory summary, device ID 0                 |
|---------------------------------------------------------------------------|
|            CUDA OOMs: 0            |        cudaMalloc retries: 0         |
|===========================================================================|
|        Metric         | Cur Usage  | Peak Usage | Tot Alloc  | Tot Freed  |
|---------------------------------------------------------------------------|
| Allocated memory      |  36845 KiB | 378645 KiB |   1315 GiB |   1314 GiB |
|       from large pool |  36506 KiB | 377599 KiB |   1232 GiB |   1232 GiB |
|       from small pool |    338 KiB |   3699 KiB |     82 GiB |     82 GiB |
|---------------------------------------------------------------------------|
| Active memory         |  36845 KiB | 378645 KiB |   1315 GiB |   1314 GiB |
|       from large pool |  36506 KiB | 377599 KiB |   1232 GiB |   1232 GiB |
|       from small pool |    338 KiB |   3699 KiB |     82 GiB |     82 GiB |
|---------------------------------------------------------------------------|
| Requested memory      |  36553 KiB | 378079 KiB |   1309 GiB |   1309 GiB |
|       from large pool |  36217 KiB | 377036 KiB |   1226 GiB |   1226 GiB |
|       from small pool |    336 KiB |   3696 KiB |     82 GiB |     82 GiB |
|---------------------------------------------------------------------------|
| GPU reserved memory   | 659456 KiB | 659456 KiB | 659456 KiB |      0 B   |
|       from large pool | 653312 KiB | 653312 KiB | 653312 KiB |      0 B   |
|       from small pool |   6144 KiB |   6144 KiB |   6144 KiB |      0 B   |
|---------------------------------------------------------------------------|
| Non-releasable memory |  22547 KiB | 109005 KiB | 637736 MiB | 637714 MiB |
|       from large pool |  20837 KiB | 107742 KiB | 552564 MiB | 552544 MiB |
|       from small pool |   1709 KiB |   4213 KiB |  85171 MiB |  85170 MiB |
|---------------------------------------------------------------------------|
| Allocations           |      29    |      54    |    1885 K  |    1885 K  |
|       from large pool |       8    |      26    |     150 K  |     150 K  |
|       from small pool |      21    |      35    |    1734 K  |    1734 K  |
|---------------------------------------------------------------------------|
| Active allocs         |      29    |      54    |    1885 K  |    1885 K  |
|       from large pool |       8    |      26    |     150 K  |     150 K  |
|       from small pool |      21    |      35    |    1734 K  |    1734 K  |
|---------------------------------------------------------------------------|
| GPU reserved segments |      23    |      23    |      23    |       0    |
|       from large pool |      20    |      20    |      20    |       0    |
|       from small pool |       3    |       3    |       3    |       0    |
|---------------------------------------------------------------------------|
| Non-releasable allocs |      10    |      19    |     801 K  |     801 K  |
|       from large pool |       5    |      12    |      67 K  |      67 K  |
|       from small pool |       5    |      13    |     733 K  |     733 K  |
|---------------------------------------------------------------------------|
| Oversize allocations  |       0    |       0    |       0    |       0    |
|---------------------------------------------------------------------------|
| Oversize GPU segments |       0    |       0    |       0    |       0    |
|===========================================================================|

|===========================================================================|
|                  PyTorch CUDA memory summary, device ID 0                 |
|---------------------------------------------------------------------------|
|            CUDA OOMs: 0            |        cudaMalloc retries: 0         |
|===========================================================================|
|        Metric         | Cur Usage  | Peak Usage | Tot Alloc  | Tot Freed  |
|---------------------------------------------------------------------------|
| Allocated memory      |  37436 KiB | 378645 KiB |   1353 GiB |   1353 GiB |
|       from large pool |  37098 KiB | 377599 KiB |   1267 GiB |   1267 GiB |
|       from small pool |    338 KiB |   3699 KiB |     85 GiB |     85 GiB |
|---------------------------------------------------------------------------|
| Active memory         |  37436 KiB | 378645 KiB |   1353 GiB |   1353 GiB |
|       from large pool |  37098 KiB | 377599 KiB |   1267 GiB |   1267 GiB |
|       from small pool |    338 KiB |   3699 KiB |     85 GiB |     85 GiB |
|---------------------------------------------------------------------------|
| Requested memory      |  37044 KiB | 378079 KiB |   1347 GiB |   1347 GiB |
|       from large pool |  36708 KiB | 377036 KiB |   1262 GiB |   1262 GiB |
|       from small pool |    336 KiB |   3696 KiB |     85 GiB |     85 GiB |
|---------------------------------------------------------------------------|
| GPU reserved memory   | 659456 KiB | 659456 KiB | 659456 KiB |      0 B   |
|       from large pool | 653312 KiB | 653312 KiB | 653312 KiB |      0 B   |
|       from small pool |   6144 KiB |   6144 KiB |   6144 KiB |      0 B   |
|---------------------------------------------------------------------------|
| Non-releasable memory |  21955 KiB | 109005 KiB | 660684 MiB | 660663 MiB |
|       from large pool |  20246 KiB | 107742 KiB | 572568 MiB | 572548 MiB |
|       from small pool |   1709 KiB |   4213 KiB |  88116 MiB |  88114 MiB |
|---------------------------------------------------------------------------|
| Allocations           |      29    |      54    |    1953 K  |    1953 K  |
|       from large pool |       8    |      26    |     155 K  |     155 K  |
|       from small pool |      21    |      35    |    1798 K  |    1798 K  |
|---------------------------------------------------------------------------|
| Active allocs         |      29    |      54    |    1953 K  |    1953 K  |
|       from large pool |       8    |      26    |     155 K  |     155 K  |
|       from small pool |      21    |      35    |    1798 K  |    1798 K  |
|---------------------------------------------------------------------------|
| GPU reserved segments |      23    |      23    |      23    |       0    |
|       from large pool |      20    |      20    |      20    |       0    |
|       from small pool |       3    |       3    |       3    |       0    |
|---------------------------------------------------------------------------|
| Non-releasable allocs |       8    |      19    |     831 K  |     831 K  |
|       from large pool |       4    |      12    |      71 K  |      71 K  |
|       from small pool |       4    |      13    |     759 K  |     759 K  |
|---------------------------------------------------------------------------|
| Oversize allocations  |       0    |       0    |       0    |       0    |
|---------------------------------------------------------------------------|
| Oversize GPU segments |       0    |       0    |       0    |       0    |
|===========================================================================|

|===========================================================================|
|                  PyTorch CUDA memory summary, device ID 0                 |
|---------------------------------------------------------------------------|
|            CUDA OOMs: 0            |        cudaMalloc retries: 0         |
|===========================================================================|
|        Metric         | Cur Usage  | Peak Usage | Tot Alloc  | Tot Freed  |
|---------------------------------------------------------------------------|
| Allocated memory      |  38175 KiB | 378645 KiB |   1395 GiB |   1395 GiB |
|       from large pool |  37837 KiB | 377599 KiB |   1306 GiB |   1306 GiB |
|       from small pool |    338 KiB |   3699 KiB |     89 GiB |     89 GiB |
|---------------------------------------------------------------------------|
| Active memory         |  38175 KiB | 378645 KiB |   1395 GiB |   1395 GiB |
|       from large pool |  37837 KiB | 377599 KiB |   1306 GiB |   1306 GiB |
|       from small pool |    338 KiB |   3699 KiB |     89 GiB |     89 GiB |
|---------------------------------------------------------------------------|
| Requested memory      |  37026 KiB | 378079 KiB |   1389 GiB |   1389 GiB |
|       from large pool |  36690 KiB | 377036 KiB |   1300 GiB |   1300 GiB |
|       from small pool |    336 KiB |   3696 KiB |     88 GiB |     88 GiB |
|---------------------------------------------------------------------------|
| GPU reserved memory   | 659456 KiB | 659456 KiB | 659456 KiB |      0 B   |
|       from large pool | 653312 KiB | 653312 KiB | 653312 KiB |      0 B   |
|       from small pool |   6144 KiB |   6144 KiB |   6144 KiB |      0 B   |
|---------------------------------------------------------------------------|
| Non-releasable memory |  21216 KiB | 109005 KiB | 691878 MiB | 691858 MiB |
|       from large pool |  19507 KiB | 107742 KiB | 600138 MiB | 600119 MiB |
|       from small pool |   1709 KiB |   4213 KiB |  91739 MiB |  91738 MiB |
|---------------------------------------------------------------------------|
| Allocations           |      29    |      54    |    2039 K  |    2039 K  |
|       from large pool |       8    |      26    |     161 K  |     161 K  |
|       from small pool |      21    |      35    |    1877 K  |    1877 K  |
|---------------------------------------------------------------------------|
| Active allocs         |      29    |      54    |    2039 K  |    2039 K  |
|       from large pool |       8    |      26    |     161 K  |     161 K  |
|       from small pool |      21    |      35    |    1877 K  |    1877 K  |
|---------------------------------------------------------------------------|
| GPU reserved segments |      23    |      23    |      23    |       0    |
|       from large pool |      20    |      20    |      20    |       0    |
|       from small pool |       3    |       3    |       3    |       0    |
|---------------------------------------------------------------------------|
| Non-releasable allocs |       8    |      19    |     873 K  |     873 K  |
|       from large pool |       4    |      12    |      75 K  |      75 K  |
|       from small pool |       4    |      13    |     798 K  |     798 K  |
|---------------------------------------------------------------------------|
| Oversize allocations  |       0    |       0    |       0    |       0    |
|---------------------------------------------------------------------------|
| Oversize GPU segments |       0    |       0    |       0    |       0    |
|===========================================================================|

|===========================================================================|
|                  PyTorch CUDA memory summary, device ID 0                 |
|---------------------------------------------------------------------------|
|            CUDA OOMs: 0            |        cudaMalloc retries: 0         |
|===========================================================================|
|        Metric         | Cur Usage  | Peak Usage | Tot Alloc  | Tot Freed  |
|---------------------------------------------------------------------------|
| Allocated memory      |  36237 KiB | 378645 KiB |   1436 GiB |   1436 GiB |
|       from large pool |  35515 KiB | 377599 KiB |   1343 GiB |   1343 GiB |
|       from small pool |    721 KiB |   3699 KiB |     92 GiB |     92 GiB |
|---------------------------------------------------------------------------|
| Active memory         |  36237 KiB | 378645 KiB |   1436 GiB |   1436 GiB |
|       from large pool |  35515 KiB | 377599 KiB |   1343 GiB |   1343 GiB |
|       from small pool |    721 KiB |   3699 KiB |     92 GiB |     92 GiB |
|---------------------------------------------------------------------------|
| Requested memory      |  36234 KiB | 378079 KiB |   1430 GiB |   1430 GiB |
|       from large pool |  35515 KiB | 377036 KiB |   1338 GiB |   1338 GiB |
|       from small pool |    719 KiB |   3696 KiB |     92 GiB |     92 GiB |
|---------------------------------------------------------------------------|
| GPU reserved memory   | 659456 KiB | 659456 KiB | 659456 KiB |      0 B   |
|       from large pool | 653312 KiB | 653312 KiB | 653312 KiB |      0 B   |
|       from small pool |   6144 KiB |   6144 KiB |   6144 KiB |      0 B   |
|---------------------------------------------------------------------------|
| Non-releasable memory |  23155 KiB | 109005 KiB | 718156 MiB | 718133 MiB |
|       from large pool |  21828 KiB | 107742 KiB | 622486 MiB | 622465 MiB |
|       from small pool |   1326 KiB |   4213 KiB |  95669 MiB |  95668 MiB |
|---------------------------------------------------------------------------|
| Allocations           |      29    |      54    |    2124 K  |    2123 K  |
|       from large pool |       7    |      26    |     166 K  |     166 K  |
|       from small pool |      22    |      35    |    1957 K  |    1957 K  |
|---------------------------------------------------------------------------|
| Active allocs         |      29    |      54    |    2124 K  |    2123 K  |
|       from large pool |       7    |      26    |     166 K  |     166 K  |
|       from small pool |      22    |      35    |    1957 K  |    1957 K  |
|---------------------------------------------------------------------------|
| GPU reserved segments |      23    |      23    |      23    |       0    |
|       from large pool |      20    |      20    |      20    |       0    |
|       from small pool |       3    |       3    |       3    |       0    |
|---------------------------------------------------------------------------|
| Non-releasable allocs |       9    |      19    |     906 K  |     906 K  |
|       from large pool |       4    |      13    |      79 K  |      79 K  |
|       from small pool |       5    |      13    |     827 K  |     827 K  |
|---------------------------------------------------------------------------|
| Oversize allocations  |       0    |       0    |       0    |       0    |
|---------------------------------------------------------------------------|
| Oversize GPU segments |       0    |       0    |       0    |       0    |
|===========================================================================|

|===========================================================================|
|                  PyTorch CUDA memory summary, device ID 0                 |
|---------------------------------------------------------------------------|
|            CUDA OOMs: 0            |        cudaMalloc retries: 0         |
|===========================================================================|
|        Metric         | Cur Usage  | Peak Usage | Tot Alloc  | Tot Freed  |
|---------------------------------------------------------------------------|
| Allocated memory      |  36193 KiB | 378645 KiB |   1467 GiB |   1467 GiB |
|       from large pool |  35632 KiB | 377599 KiB |   1373 GiB |   1373 GiB |
|       from small pool |    560 KiB |   3699 KiB |     94 GiB |     94 GiB |
|---------------------------------------------------------------------------|
| Active memory         |  36193 KiB | 378645 KiB |   1467 GiB |   1467 GiB |
|       from large pool |  35632 KiB | 377599 KiB |   1373 GiB |   1373 GiB |
|       from small pool |    560 KiB |   3699 KiB |     94 GiB |     94 GiB |
|---------------------------------------------------------------------------|
| Requested memory      |  36190 KiB | 378079 KiB |   1461 GiB |   1461 GiB |
|       from large pool |  35632 KiB | 377036 KiB |   1366 GiB |   1366 GiB |
|       from small pool |    558 KiB |   3696 KiB |     94 GiB |     94 GiB |
|---------------------------------------------------------------------------|
| GPU reserved memory   | 659456 KiB | 659456 KiB | 659456 KiB |      0 B   |
|       from large pool | 653312 KiB | 653312 KiB | 653312 KiB |      0 B   |
|       from small pool |   6144 KiB |   6144 KiB |   6144 KiB |      0 B   |
|---------------------------------------------------------------------------|
| Non-releasable memory |  23199 KiB | 109005 KiB | 734377 MiB | 734354 MiB |
|       from large pool |  21711 KiB | 107742 KiB | 636565 MiB | 636544 MiB |
|       from small pool |   1487 KiB |   4213 KiB |  97811 MiB |  97810 MiB |
|---------------------------------------------------------------------------|
| Allocations           |      29    |      54    |    2165 K  |    2165 K  |
|       from large pool |       7    |      26    |     169 K  |     169 K  |
|       from small pool |      22    |      35    |    1995 K  |    1995 K  |
|---------------------------------------------------------------------------|
| Active allocs         |      29    |      54    |    2165 K  |    2165 K  |
|       from large pool |       7    |      26    |     169 K  |     169 K  |
|       from small pool |      22    |      35    |    1995 K  |    1995 K  |
|---------------------------------------------------------------------------|
| GPU reserved segments |      23    |      23    |      23    |       0    |
|       from large pool |      20    |      20    |      20    |       0    |
|       from small pool |       3    |       3    |       3    |       0    |
|---------------------------------------------------------------------------|
| Non-releasable allocs |       9    |      21    |     925 K  |     925 K  |
|       from large pool |       4    |      14    |      82 K  |      82 K  |
|       from small pool |       5    |      15    |     843 K  |     843 K  |
|---------------------------------------------------------------------------|
| Oversize allocations  |       0    |       0    |       0    |       0    |
|---------------------------------------------------------------------------|
| Oversize GPU segments |       0    |       0    |       0    |       0    |
|===========================================================================|

