|===========================================================================|
|                  PyTorch CUDA memory summary, device ID 0                 |
|---------------------------------------------------------------------------|
|            CUDA OOMs: 0            |        cudaMalloc retries: 0         |
|===========================================================================|
|        Metric         | Cur Usage  | Peak Usage | Tot Alloc  | Tot Freed  |
|---------------------------------------------------------------------------|
| Allocated memory      |  37682 KiB | 125912 KiB | 386289 MiB | 386252 MiB |
|       from large pool |  37343 KiB | 125184 KiB | 373202 MiB | 373165 MiB |
|       from small pool |    338 KiB |   3316 KiB |  13087 MiB |  13087 MiB |
|---------------------------------------------------------------------------|
| Active memory         |  37682 KiB | 125912 KiB | 386289 MiB | 386252 MiB |
|       from large pool |  37343 KiB | 125184 KiB | 373202 MiB | 373165 MiB |
|       from small pool |    338 KiB |   3316 KiB |  13087 MiB |  13087 MiB |
|---------------------------------------------------------------------------|
| Requested memory      |  37650 KiB | 125908 KiB | 384656 MiB | 384619 MiB |
|       from large pool |  37314 KiB | 125184 KiB | 371625 MiB | 371589 MiB |
|       from small pool |    336 KiB |   3313 KiB |  13030 MiB |  13029 MiB |
|---------------------------------------------------------------------------|
| GPU reserved memory   | 167936 KiB | 167936 KiB | 167936 KiB |      0 B   |
|       from large pool | 163840 KiB | 163840 KiB | 163840 KiB |      0 B   |
|       from small pool |   4096 KiB |   4096 KiB |   4096 KiB |      0 B   |
|---------------------------------------------------------------------------|
| Non-releasable memory |  25806 KiB |  42265 KiB | 121463 MiB | 121438 MiB |
|       from large pool |  24096 KiB |  40704 KiB | 108372 MiB | 108349 MiB |
|       from small pool |   1709 KiB |   3195 KiB |  13091 MiB |  13089 MiB |
|---------------------------------------------------------------------------|
| Allocations           |      29    |      42    |  268433    |  268404    |
|       from large pool |       8    |      13    |   33601    |   33593    |
|       from small pool |      21    |      34    |  234832    |  234811    |
|---------------------------------------------------------------------------|
| Active allocs         |      29    |      42    |  268433    |  268404    |
|       from large pool |       8    |      13    |   33601    |   33593    |
|       from small pool |      21    |      34    |  234832    |  234811    |
|---------------------------------------------------------------------------|
| GPU reserved segments |      11    |      11    |      11    |       0    |
|       from large pool |       9    |       9    |       9    |       0    |
|       from small pool |       2    |       2    |       2    |       0    |
|---------------------------------------------------------------------------|
| Non-releasable allocs |       8    |      14    |  104419    |  104411    |
|       from large pool |       3    |       4    |    9321    |    9318    |
|       from small pool |       5    |      11    |   95098    |   95093    |
|---------------------------------------------------------------------------|
| Oversize allocations  |       0    |       0    |       0    |       0    |
|---------------------------------------------------------------------------|
| Oversize GPU segments |       0    |       0    |       0    |       0    |
|===========================================================================|

|===========================================================================|
|                  PyTorch CUDA memory summary, device ID 0                 |
|---------------------------------------------------------------------------|
|            CUDA OOMs: 0            |        cudaMalloc retries: 0         |
|===========================================================================|
|        Metric         | Cur Usage  | Peak Usage | Tot Alloc  | Tot Freed  |
|---------------------------------------------------------------------------|
| Allocated memory      |  38180 KiB | 378396 KiB | 470672 MiB | 470635 MiB |
|       from large pool |  37842 KiB | 377350 KiB | 426508 MiB | 426471 MiB |
|       from small pool |    338 KiB |   3316 KiB |  44164 MiB |  44163 MiB |
|---------------------------------------------------------------------------|
| Active memory         |  38180 KiB | 378396 KiB | 470672 MiB | 470635 MiB |
|       from large pool |  37842 KiB | 377350 KiB | 426508 MiB | 426471 MiB |
|       from small pool |    338 KiB |   3316 KiB |  44164 MiB |  44163 MiB |
|---------------------------------------------------------------------------|
| Requested memory      |  37346 KiB | 378079 KiB | 468695 MiB | 468659 MiB |
|       from large pool |  37010 KiB | 377036 KiB | 424776 MiB | 424740 MiB |
|       from small pool |    336 KiB |   3313 KiB |  43918 MiB |  43918 MiB |
|---------------------------------------------------------------------------|
| GPU reserved memory   | 581632 KiB | 581632 KiB | 581632 KiB |      0 B   |
|       from large pool | 577536 KiB | 577536 KiB | 577536 KiB |      0 B   |
|       from small pool |   4096 KiB |   4096 KiB |   4096 KiB |      0 B   |
|---------------------------------------------------------------------------|
| Non-releasable memory |  25307 KiB |  60901 KiB | 247715 MiB | 247690 MiB |
|       from large pool |  23598 KiB |  59893 KiB | 152937 MiB | 152914 MiB |
|       from small pool |   1709 KiB |   3290 KiB |  94777 MiB |  94776 MiB |
|---------------------------------------------------------------------------|
| Allocations           |      29    |      54    |     850 K  |     850 K  |
|       from large pool |       8    |      26    |      43 K  |      43 K  |
|       from small pool |      21    |      34    |     806 K  |     806 K  |
|---------------------------------------------------------------------------|
| Active allocs         |      29    |      54    |     850 K  |     850 K  |
|       from large pool |       8    |      26    |      43 K  |      43 K  |
|       from small pool |      21    |      34    |     806 K  |     806 K  |
|---------------------------------------------------------------------------|
| GPU reserved segments |      21    |      21    |      21    |       0    |
|       from large pool |      19    |      19    |      19    |       0    |
|       from small pool |       2    |       2    |       2    |       0    |
|---------------------------------------------------------------------------|
| Non-releasable allocs |      10    |      16    |  361721    |  361711    |
|       from large pool |       3    |      10    |   13853    |   13850    |
|       from small pool |       7    |      11    |  347868    |  347861    |
|---------------------------------------------------------------------------|
| Oversize allocations  |       0    |       0    |       0    |       0    |
|---------------------------------------------------------------------------|
| Oversize GPU segments |       0    |       0    |       0    |       0    |
|===========================================================================|

|===========================================================================|
|                  PyTorch CUDA memory summary, device ID 0                 |
|---------------------------------------------------------------------------|
|            CUDA OOMs: 0            |        cudaMalloc retries: 0         |
|===========================================================================|
|        Metric         | Cur Usage  | Peak Usage | Tot Alloc  | Tot Freed  |
|---------------------------------------------------------------------------|
| Allocated memory      |  37330 KiB | 378396 KiB | 545501 MiB | 545465 MiB |
|       from large pool |  36992 KiB | 377350 KiB | 473401 MiB | 473365 MiB |
|       from small pool |    338 KiB |   3316 KiB |  72100 MiB |  72099 MiB |
|---------------------------------------------------------------------------|
| Active memory         |  37330 KiB | 378396 KiB | 545501 MiB | 545465 MiB |
|       from large pool |  36992 KiB | 377350 KiB | 473401 MiB | 473365 MiB |
|       from small pool |    338 KiB |   3316 KiB |  72100 MiB |  72099 MiB |
|---------------------------------------------------------------------------|
| Requested memory      |  36771 KiB | 378079 KiB | 543198 MiB | 543162 MiB |
|       from large pool |  36435 KiB | 377036 KiB | 471522 MiB | 471486 MiB |
|       from small pool |    336 KiB |   3313 KiB |  71676 MiB |  71675 MiB |
|---------------------------------------------------------------------------|
| GPU reserved memory   | 657408 KiB | 657408 KiB | 657408 KiB |      0 B   |
|       from large pool | 653312 KiB | 653312 KiB | 653312 KiB |      0 B   |
|       from small pool |   4096 KiB |   4096 KiB |   4096 KiB |      0 B   |
|---------------------------------------------------------------------------|
| Non-releasable memory |  26157 KiB | 109005 KiB | 313858 MiB | 313832 MiB |
|       from large pool |  24448 KiB | 107742 KiB | 191099 MiB | 191075 MiB |
|       from small pool |   1709 KiB |   3290 KiB | 122758 MiB | 122756 MiB |
|---------------------------------------------------------------------------|
| Allocations           |      29    |      54    |    1418 K  |    1418 K  |
|       from large pool |       8    |      26    |      52 K  |      52 K  |
|       from small pool |      21    |      34    |    1366 K  |    1366 K  |
|---------------------------------------------------------------------------|
| Active allocs         |      29    |      54    |    1418 K  |    1418 K  |
|       from large pool |       8    |      26    |      52 K  |      52 K  |
|       from small pool |      21    |      34    |    1366 K  |    1366 K  |
|---------------------------------------------------------------------------|
| GPU reserved segments |      22    |      22    |      22    |       0    |
|       from large pool |      20    |      20    |      20    |       0    |
|       from small pool |       2    |       2    |       2    |       0    |
|---------------------------------------------------------------------------|
| Non-releasable allocs |       8    |      18    |  522977    |  522969    |
|       from large pool |       2    |      12    |   17303    |   17301    |
|       from small pool |       6    |      13    |  505674    |  505668    |
|---------------------------------------------------------------------------|
| Oversize allocations  |       0    |       0    |       0    |       0    |
|---------------------------------------------------------------------------|
| Oversize GPU segments |       0    |       0    |       0    |       0    |
|===========================================================================|

|===========================================================================|
|                  PyTorch CUDA memory summary, device ID 0                 |
|---------------------------------------------------------------------------|
|            CUDA OOMs: 0            |        cudaMalloc retries: 0         |
|===========================================================================|
|        Metric         | Cur Usage  | Peak Usage | Tot Alloc  | Tot Freed  |
|---------------------------------------------------------------------------|
| Allocated memory      |  37330 KiB | 378396 KiB | 605325 MiB | 605289 MiB |
|       from large pool |  36992 KiB | 377350 KiB | 513018 MiB | 512982 MiB |
|       from small pool |    338 KiB |   3316 KiB |  92307 MiB |  92306 MiB |
|---------------------------------------------------------------------------|
| Active memory         |  37330 KiB | 378396 KiB | 605325 MiB | 605289 MiB |
|       from large pool |  36992 KiB | 377350 KiB | 513018 MiB | 512982 MiB |
|       from small pool |    338 KiB |   3316 KiB |  92307 MiB |  92306 MiB |
|---------------------------------------------------------------------------|
| Requested memory      |  36478 KiB | 378079 KiB | 602534 MiB | 602498 MiB |
|       from large pool |  36142 KiB | 377036 KiB | 510770 MiB | 510734 MiB |
|       from small pool |    336 KiB |   3313 KiB |  91764 MiB |  91763 MiB |
|---------------------------------------------------------------------------|
| GPU reserved memory   | 657408 KiB | 657408 KiB | 657408 KiB |      0 B   |
|       from large pool | 653312 KiB | 653312 KiB | 653312 KiB |      0 B   |
|       from small pool |   4096 KiB |   4096 KiB |   4096 KiB |      0 B   |
|---------------------------------------------------------------------------|
| Non-releasable memory |  26157 KiB | 109005 KiB | 365550 MiB | 365525 MiB |
|       from large pool |  24448 KiB | 107742 KiB | 222575 MiB | 222552 MiB |
|       from small pool |   1709 KiB |   3305 KiB | 142974 MiB | 142972 MiB |
|---------------------------------------------------------------------------|
| Allocations           |      29    |      54    |    1966 K  |    1966 K  |
|       from large pool |       8    |      26    |      59 K  |      59 K  |
|       from small pool |      21    |      34    |    1907 K  |    1907 K  |
|---------------------------------------------------------------------------|
| Active allocs         |      29    |      54    |    1966 K  |    1966 K  |
|       from large pool |       8    |      26    |      59 K  |      59 K  |
|       from small pool |      21    |      34    |    1907 K  |    1907 K  |
|---------------------------------------------------------------------------|
| GPU reserved segments |      22    |      22    |      22    |       0    |
|       from large pool |      20    |      20    |      20    |       0    |
|       from small pool |       2    |       2    |       2    |       0    |
|---------------------------------------------------------------------------|
| Non-releasable allocs |       6    |      18    |  684367    |  684361    |
|       from large pool |       2    |      12    |   20588    |   20586    |
|       from small pool |       4    |      13    |  663779    |  663775    |
|---------------------------------------------------------------------------|
| Oversize allocations  |       0    |       0    |       0    |       0    |
|---------------------------------------------------------------------------|
| Oversize GPU segments |       0    |       0    |       0    |       0    |
|===========================================================================|

|===========================================================================|
|                  PyTorch CUDA memory summary, device ID 0                 |
|---------------------------------------------------------------------------|
|            CUDA OOMs: 0            |        cudaMalloc retries: 0         |
|===========================================================================|
|        Metric         | Cur Usage  | Peak Usage | Tot Alloc  | Tot Freed  |
|---------------------------------------------------------------------------|
| Allocated memory      |  36557 KiB | 378396 KiB | 663386 MiB | 663351 MiB |
|       from large pool |  36218 KiB | 377350 KiB | 554141 MiB | 554105 MiB |
|       from small pool |    338 KiB |   3316 KiB | 109245 MiB | 109245 MiB |
|---------------------------------------------------------------------------|
| Active memory         |  36557 KiB | 378396 KiB | 663386 MiB | 663351 MiB |
|       from large pool |  36218 KiB | 377350 KiB | 554141 MiB | 554105 MiB |
|       from small pool |    338 KiB |   3316 KiB | 109245 MiB | 109245 MiB |
|---------------------------------------------------------------------------|
| Requested memory      |  36553 KiB | 378079 KiB | 660123 MiB | 660088 MiB |
|       from large pool |  36217 KiB | 377036 KiB | 551606 MiB | 551571 MiB |
|       from small pool |    336 KiB |   3313 KiB | 108517 MiB | 108516 MiB |
|---------------------------------------------------------------------------|
| GPU reserved memory   | 657408 KiB | 657408 KiB | 657408 KiB |      0 B   |
|       from large pool | 653312 KiB | 653312 KiB | 653312 KiB |      0 B   |
|       from small pool |   4096 KiB |   4096 KiB |   4096 KiB |      0 B   |
|---------------------------------------------------------------------------|
| Non-releasable memory |  26931 KiB | 109005 KiB | 416218 MiB | 416192 MiB |
|       from large pool |  25221 KiB | 107742 KiB | 256297 MiB | 256273 MiB |
|       from small pool |   1709 KiB |   3305 KiB | 159920 MiB | 159919 MiB |
|---------------------------------------------------------------------------|
| Allocations           |      29    |      54    |    2530 K  |    2530 K  |
|       from large pool |       8    |      26    |      65 K  |      65 K  |
|       from small pool |      21    |      34    |    2464 K  |    2464 K  |
|---------------------------------------------------------------------------|
| Active allocs         |      29    |      54    |    2530 K  |    2530 K  |
|       from large pool |       8    |      26    |      65 K  |      65 K  |
|       from small pool |      21    |      34    |    2464 K  |    2464 K  |
|---------------------------------------------------------------------------|
| GPU reserved segments |      22    |      22    |      22    |       0    |
|       from large pool |      20    |      20    |      20    |       0    |
|       from small pool |       2    |       2    |       2    |       0    |
|---------------------------------------------------------------------------|
| Non-releasable allocs |       9    |      18    |     803 K  |     803 K  |
|       from large pool |       4    |      12    |      24 K  |      24 K  |
|       from small pool |       5    |      13    |     778 K  |     778 K  |
|---------------------------------------------------------------------------|
| Oversize allocations  |       0    |       0    |       0    |       0    |
|---------------------------------------------------------------------------|
| Oversize GPU segments |       0    |       0    |       0    |       0    |
|===========================================================================|

|===========================================================================|
|                  PyTorch CUDA memory summary, device ID 0                 |
|---------------------------------------------------------------------------|
|            CUDA OOMs: 0            |        cudaMalloc retries: 0         |
|===========================================================================|
|        Metric         | Cur Usage  | Peak Usage | Tot Alloc  | Tot Freed  |
|---------------------------------------------------------------------------|
| Allocated memory      |  37436 KiB | 378396 KiB | 709073 MiB | 709037 MiB |
|       from large pool |  37098 KiB | 377350 KiB | 584531 MiB | 584494 MiB |
|       from small pool |    338 KiB |   3316 KiB | 124542 MiB | 124542 MiB |
|---------------------------------------------------------------------------|
| Active memory         |  37436 KiB | 378396 KiB | 709073 MiB | 709037 MiB |
|       from large pool |  37098 KiB | 377350 KiB | 584531 MiB | 584494 MiB |
|       from small pool |    338 KiB |   3316 KiB | 124542 MiB | 124542 MiB |
|---------------------------------------------------------------------------|
| Requested memory      |  37044 KiB | 378079 KiB | 705463 MiB | 705427 MiB |
|       from large pool |  36708 KiB | 377036 KiB | 581810 MiB | 581774 MiB |
|       from small pool |    336 KiB |   3313 KiB | 123653 MiB | 123652 MiB |
|---------------------------------------------------------------------------|
| GPU reserved memory   | 657408 KiB | 657408 KiB | 657408 KiB |      0 B   |
|       from large pool | 653312 KiB | 653312 KiB | 653312 KiB |      0 B   |
|       from small pool |   4096 KiB |   4096 KiB |   4096 KiB |      0 B   |
|---------------------------------------------------------------------------|
| Non-releasable memory |  26051 KiB | 109005 KiB | 455194 MiB | 455168 MiB |
|       from large pool |  24342 KiB | 107742 KiB | 279968 MiB | 279944 MiB |
|       from small pool |   1709 KiB |   3305 KiB | 175226 MiB | 175224 MiB |
|---------------------------------------------------------------------------|
| Allocations           |      29    |      54    |    3072 K  |    3072 K  |
|       from large pool |       8    |      26    |      70 K  |      70 K  |
|       from small pool |      21    |      34    |    3002 K  |    3002 K  |
|---------------------------------------------------------------------------|
| Active allocs         |      29    |      54    |    3072 K  |    3072 K  |
|       from large pool |       8    |      26    |      70 K  |      70 K  |
|       from small pool |      21    |      34    |    3002 K  |    3002 K  |
|---------------------------------------------------------------------------|
| GPU reserved segments |      22    |      22    |      22    |       0    |
|       from large pool |      20    |      20    |      20    |       0    |
|       from small pool |       2    |       2    |       2    |       0    |
|---------------------------------------------------------------------------|
| Non-releasable allocs |       8    |      18    |     960 K  |     960 K  |
|       from large pool |       3    |      12    |      26 K  |      26 K  |
|       from small pool |       5    |      13    |     933 K  |     933 K  |
|---------------------------------------------------------------------------|
| Oversize allocations  |       0    |       0    |       0    |       0    |
|---------------------------------------------------------------------------|
| Oversize GPU segments |       0    |       0    |       0    |       0    |
|===========================================================================|

|===========================================================================|
|                  PyTorch CUDA memory summary, device ID 0                 |
|---------------------------------------------------------------------------|
|            CUDA OOMs: 0            |        cudaMalloc retries: 0         |
|===========================================================================|
|        Metric         | Cur Usage  | Peak Usage | Tot Alloc  | Tot Freed  |
|---------------------------------------------------------------------------|
| Allocated memory      |  37887 KiB | 378396 KiB | 764573 MiB | 764536 MiB |
|       from large pool |  37549 KiB | 377350 KiB | 619028 MiB | 618991 MiB |
|       from small pool |    338 KiB |   3316 KiB | 145545 MiB | 145545 MiB |
|---------------------------------------------------------------------------|
| Active memory         |  37887 KiB | 378396 KiB | 764573 MiB | 764536 MiB |
|       from large pool |  37549 KiB | 377350 KiB | 619028 MiB | 618991 MiB |
|       from small pool |    338 KiB |   3316 KiB | 145545 MiB | 145545 MiB |
|---------------------------------------------------------------------------|
| Requested memory      |  37026 KiB | 378079 KiB | 760625 MiB | 760588 MiB |
|       from large pool |  36690 KiB | 377036 KiB | 616127 MiB | 616091 MiB |
|       from small pool |    336 KiB |   3313 KiB | 144497 MiB | 144497 MiB |
|---------------------------------------------------------------------------|
| GPU reserved memory   | 657408 KiB | 657408 KiB | 657408 KiB |      0 B   |
|       from large pool | 653312 KiB | 653312 KiB | 653312 KiB |      0 B   |
|       from small pool |   4096 KiB |   4096 KiB |   4096 KiB |      0 B   |
|---------------------------------------------------------------------------|
| Non-releasable memory |  25600 KiB | 109005 KiB | 502410 MiB | 502385 MiB |
|       from large pool |  23891 KiB | 107742 KiB | 306172 MiB | 306149 MiB |
|       from small pool |   1709 KiB |   3305 KiB | 196237 MiB | 196235 MiB |
|---------------------------------------------------------------------------|
| Allocations           |      29    |      54    |    3663 K  |    3663 K  |
|       from large pool |       8    |      26    |      76 K  |      76 K  |
|       from small pool |      21    |      34    |    3587 K  |    3587 K  |
|---------------------------------------------------------------------------|
| Active allocs         |      29    |      54    |    3663 K  |    3663 K  |
|       from large pool |       8    |      26    |      76 K  |      76 K  |
|       from small pool |      21    |      34    |    3587 K  |    3587 K  |
|---------------------------------------------------------------------------|
| GPU reserved segments |      22    |      22    |      22    |       0    |
|       from large pool |      20    |      20    |      20    |       0    |
|       from small pool |       2    |       2    |       2    |       0    |
|---------------------------------------------------------------------------|
| Non-releasable allocs |       8    |      18    |    1126 K  |    1126 K  |
|       from large pool |       3    |      12    |      29 K  |      29 K  |
|       from small pool |       5    |      13    |    1097 K  |    1097 K  |
|---------------------------------------------------------------------------|
| Oversize allocations  |       0    |       0    |       0    |       0    |
|---------------------------------------------------------------------------|
| Oversize GPU segments |       0    |       0    |       0    |       0    |
|===========================================================================|

|===========================================================================|
|                  PyTorch CUDA memory summary, device ID 0                 |
|---------------------------------------------------------------------------|
|            CUDA OOMs: 0            |        cudaMalloc retries: 0         |
|===========================================================================|
|        Metric         | Cur Usage  | Peak Usage | Tot Alloc  | Tot Freed  |
|---------------------------------------------------------------------------|
| Allocated memory      |  36237 KiB | 378396 KiB |    815 GiB |    815 GiB |
|       from large pool |  35515 KiB | 377350 KiB |    651 GiB |    650 GiB |
|       from small pool |    721 KiB |   3316 KiB |    164 GiB |    164 GiB |
|---------------------------------------------------------------------------|
| Active memory         |  36237 KiB | 378396 KiB |    815 GiB |    815 GiB |
|       from large pool |  35515 KiB | 377350 KiB |    651 GiB |    650 GiB |
|       from small pool |    721 KiB |   3316 KiB |    164 GiB |    164 GiB |
|---------------------------------------------------------------------------|
| Requested memory      |  36234 KiB | 378079 KiB |    810 GiB |    810 GiB |
|       from large pool |  35515 KiB | 377036 KiB |    647 GiB |    647 GiB |
|       from small pool |    719 KiB |   3313 KiB |    162 GiB |    162 GiB |
|---------------------------------------------------------------------------|
| GPU reserved memory   | 657408 KiB | 657408 KiB | 657408 KiB |      0 B   |
|       from large pool | 653312 KiB | 653312 KiB | 653312 KiB |      0 B   |
|       from small pool |   4096 KiB |   4096 KiB |   4096 KiB |      0 B   |
|---------------------------------------------------------------------------|
| Non-releasable memory |  27251 KiB | 109005 KiB | 562147 MiB | 562120 MiB |
|       from large pool |  25924 KiB | 107742 KiB | 343354 MiB | 343328 MiB |
|       from small pool |   1326 KiB |   3317 KiB | 218792 MiB | 218791 MiB |
|---------------------------------------------------------------------------|
| Allocations           |      29    |      54    |    4322 K  |    4322 K  |
|       from large pool |       7    |      26    |      84 K  |      84 K  |
|       from small pool |      22    |      34    |    4238 K  |    4238 K  |
|---------------------------------------------------------------------------|
| Active allocs         |      29    |      54    |    4322 K  |    4322 K  |
|       from large pool |       7    |      26    |      84 K  |      84 K  |
|       from small pool |      22    |      34    |    4238 K  |    4238 K  |
|---------------------------------------------------------------------------|
| GPU reserved segments |      22    |      22    |      22    |       0    |
|       from large pool |      20    |      20    |      20    |       0    |
|       from small pool |       2    |       2    |       2    |       0    |
|---------------------------------------------------------------------------|
| Non-releasable allocs |      11    |      18    |    1395 K  |    1395 K  |
|       from large pool |       4    |      12    |      33 K  |      33 K  |
|       from small pool |       7    |      13    |    1361 K  |    1361 K  |
|---------------------------------------------------------------------------|
| Oversize allocations  |       0    |       0    |       0    |       0    |
|---------------------------------------------------------------------------|
| Oversize GPU segments |       0    |       0    |       0    |       0    |
|===========================================================================|

|===========================================================================|
|                  PyTorch CUDA memory summary, device ID 0                 |
|---------------------------------------------------------------------------|
|            CUDA OOMs: 0            |        cudaMalloc retries: 0         |
|===========================================================================|
|        Metric         | Cur Usage  | Peak Usage | Tot Alloc  | Tot Freed  |
|---------------------------------------------------------------------------|
| Allocated memory      |  36385 KiB | 378396 KiB |    847 GiB |    847 GiB |
|       from large pool |  35824 KiB | 377350 KiB |    675 GiB |    675 GiB |
|       from small pool |    560 KiB |   3699 KiB |    171 GiB |    171 GiB |
|---------------------------------------------------------------------------|
| Active memory         |  36385 KiB | 378396 KiB |    847 GiB |    847 GiB |
|       from large pool |  35824 KiB | 377350 KiB |    675 GiB |    675 GiB |
|       from small pool |    560 KiB |   3699 KiB |    171 GiB |    171 GiB |
|---------------------------------------------------------------------------|
| Requested memory      |  36190 KiB | 378079 KiB |    842 GiB |    842 GiB |
|       from large pool |  35632 KiB | 377036 KiB |    672 GiB |    672 GiB |
|       from small pool |    558 KiB |   3696 KiB |    170 GiB |    170 GiB |
|---------------------------------------------------------------------------|
| GPU reserved memory   | 659456 KiB | 659456 KiB | 659456 KiB |      0 B   |
|       from large pool | 653312 KiB | 653312 KiB | 653312 KiB |      0 B   |
|       from small pool |   6144 KiB |   6144 KiB |   6144 KiB |      0 B   |
|---------------------------------------------------------------------------|
| Non-releasable memory |  43487 KiB | 109005 KiB | 588649 MiB | 588606 MiB |
|       from large pool |  41999 KiB | 107742 KiB | 361884 MiB | 361843 MiB |
|       from small pool |   1487 KiB |   3834 KiB | 226765 MiB | 226763 MiB |
|---------------------------------------------------------------------------|
| Allocations           |      29    |      54    |    4899 K  |    4899 K  |
|       from large pool |       7    |      26    |      87 K  |      87 K  |
|       from small pool |      22    |      35    |    4812 K  |    4812 K  |
|---------------------------------------------------------------------------|
| Active allocs         |      29    |      54    |    4899 K  |    4899 K  |
|       from large pool |       7    |      26    |      87 K  |      87 K  |
|       from small pool |      22    |      35    |    4812 K  |    4812 K  |
|---------------------------------------------------------------------------|
| GPU reserved segments |      23    |      23    |      23    |       0    |
|       from large pool |      20    |      20    |      20    |       0    |
|       from small pool |       3    |       3    |       3    |       0    |
|---------------------------------------------------------------------------|
| Non-releasable allocs |       9    |      18    |    1549 K  |    1549 K  |
|       from large pool |       4    |      12    |      35 K  |      35 K  |
|       from small pool |       5    |      13    |    1513 K  |    1513 K  |
|---------------------------------------------------------------------------|
| Oversize allocations  |       0    |       0    |       0    |       0    |
|---------------------------------------------------------------------------|
| Oversize GPU segments |       0    |       0    |       0    |       0    |
|===========================================================================|

