|===========================================================================|
|                  PyTorch CUDA memory summary, device ID 0                 |
|---------------------------------------------------------------------------|
|            CUDA OOMs: 0            |        cudaMalloc retries: 0         |
|===========================================================================|
|        Metric         | Cur Usage  | Peak Usage | Tot Alloc  | Tot Freed  |
|---------------------------------------------------------------------------|
| Allocated memory      |  37653 KiB | 378645 KiB |   1865 GiB |   1865 GiB |
|       from large pool |  37314 KiB | 377599 KiB |   1757 GiB |   1757 GiB |
|       from small pool |    338 KiB |   3699 KiB |    108 GiB |    108 GiB |
|---------------------------------------------------------------------------|
| Active memory         |  37653 KiB | 378645 KiB |   1865 GiB |   1865 GiB |
|       from large pool |  37314 KiB | 377599 KiB |   1757 GiB |   1757 GiB |
|       from small pool |    338 KiB |   3699 KiB |    108 GiB |    108 GiB |
|---------------------------------------------------------------------------|
| Requested memory      |  37650 KiB | 378079 KiB |   1857 GiB |   1857 GiB |
|       from large pool |  37314 KiB | 377036 KiB |   1749 GiB |   1749 GiB |
|       from small pool |    336 KiB |   3696 KiB |    107 GiB |    107 GiB |
|---------------------------------------------------------------------------|
| GPU reserved memory   | 659456 KiB | 659456 KiB | 659456 KiB |      0 B   |
|       from large pool | 653312 KiB | 653312 KiB | 653312 KiB |      0 B   |
|       from small pool |   6144 KiB |   6144 KiB |   6144 KiB |      0 B   |
|---------------------------------------------------------------------------|
| Non-releasable memory |  21739 KiB | 109656 KiB |    817 GiB |    817 GiB |
|       from large pool |  20029 KiB | 108393 KiB |    709 GiB |    709 GiB |
|       from small pool |   1709 KiB |   4050 KiB |    108 GiB |    108 GiB |
|---------------------------------------------------------------------------|
| Allocations           |      29    |      54    |    2442 K  |    2442 K  |
|       from large pool |       8    |      26    |     205 K  |     205 K  |
|       from small pool |      21    |      35    |    2237 K  |    2237 K  |
|---------------------------------------------------------------------------|
| Active allocs         |      29    |      54    |    2442 K  |    2442 K  |
|       from large pool |       8    |      26    |     205 K  |     205 K  |
|       from small pool |      21    |      35    |    2237 K  |    2237 K  |
|---------------------------------------------------------------------------|
| GPU reserved segments |      23    |      23    |      23    |       0    |
|       from large pool |      20    |      20    |      20    |       0    |
|       from small pool |       3    |       3    |       3    |       0    |
|---------------------------------------------------------------------------|
| Non-releasable allocs |      10    |      20    |    1041 K  |    1041 K  |
|       from large pool |       4    |      14    |      99 K  |      99 K  |
|       from small pool |       6    |      14    |     942 K  |     942 K  |
|---------------------------------------------------------------------------|
| Oversize allocations  |       0    |       0    |       0    |       0    |
|---------------------------------------------------------------------------|
| Oversize GPU segments |       0    |       0    |       0    |       0    |
|===========================================================================|

|===========================================================================|
|                  PyTorch CUDA memory summary, device ID 0                 |
|---------------------------------------------------------------------------|
|            CUDA OOMs: 0            |        cudaMalloc retries: 0         |
|===========================================================================|
|        Metric         | Cur Usage  | Peak Usage | Tot Alloc  | Tot Freed  |
|---------------------------------------------------------------------------|
| Allocated memory      |  41529 KiB | 378645 KiB |   1923 GiB |   1923 GiB |
|       from large pool |  41191 KiB | 377599 KiB |   1808 GiB |   1808 GiB |
|       from small pool |    338 KiB |   3699 KiB |    114 GiB |    114 GiB |
|---------------------------------------------------------------------------|
| Active memory         |  41529 KiB | 378645 KiB |   1923 GiB |   1923 GiB |
|       from large pool |  41191 KiB | 377599 KiB |   1808 GiB |   1808 GiB |
|       from small pool |    338 KiB |   3699 KiB |    114 GiB |    114 GiB |
|---------------------------------------------------------------------------|
| Requested memory      |  41526 KiB | 378079 KiB |   1914 GiB |   1914 GiB |
|       from large pool |  41190 KiB | 377036 KiB |   1800 GiB |   1800 GiB |
|       from small pool |    336 KiB |   3696 KiB |    114 GiB |    114 GiB |
|---------------------------------------------------------------------------|
| GPU reserved memory   | 659456 KiB | 659456 KiB | 659456 KiB |      0 B   |
|       from large pool | 653312 KiB | 653312 KiB | 653312 KiB |      0 B   |
|       from small pool |   6144 KiB |   6144 KiB |   6144 KiB |      0 B   |
|---------------------------------------------------------------------------|
| Non-releasable memory |  17862 KiB | 109656 KiB |    876 GiB |    876 GiB |
|       from large pool |  16153 KiB | 108393 KiB |    760 GiB |    760 GiB |
|       from small pool |   1709 KiB |   4050 KiB |    115 GiB |    115 GiB |
|---------------------------------------------------------------------------|
| Allocations           |      30    |      54    |    2593 K  |    2593 K  |
|       from large pool |       9    |      26    |     215 K  |     215 K  |
|       from small pool |      21    |      35    |    2378 K  |    2378 K  |
|---------------------------------------------------------------------------|
| Active allocs         |      30    |      54    |    2593 K  |    2593 K  |
|       from large pool |       9    |      26    |     215 K  |     215 K  |
|       from small pool |      21    |      35    |    2378 K  |    2378 K  |
|---------------------------------------------------------------------------|
| GPU reserved segments |      23    |      23    |      23    |       0    |
|       from large pool |      20    |      20    |      20    |       0    |
|       from small pool |       3    |       3    |       3    |       0    |
|---------------------------------------------------------------------------|
| Non-releasable allocs |       8    |      20    |    1096 K  |    1096 K  |
|       from large pool |       4    |      14    |     104 K  |     104 K  |
|       from small pool |       4    |      14    |     991 K  |     991 K  |
|---------------------------------------------------------------------------|
| Oversize allocations  |       0    |       0    |       0    |       0    |
|---------------------------------------------------------------------------|
| Oversize GPU segments |       0    |       0    |       0    |       0    |
|===========================================================================|

|===========================================================================|
|                  PyTorch CUDA memory summary, device ID 0                 |
|---------------------------------------------------------------------------|
|            CUDA OOMs: 0            |        cudaMalloc retries: 0         |
|===========================================================================|
|        Metric         | Cur Usage  | Peak Usage | Tot Alloc  | Tot Freed  |
|---------------------------------------------------------------------------|
| Allocated memory      |  45691 KiB | 378645 KiB |   2009 GiB |   2009 GiB |
|       from large pool |  45352 KiB | 377599 KiB |   1885 GiB |   1884 GiB |
|       from small pool |    338 KiB |   3699 KiB |    124 GiB |    124 GiB |
|---------------------------------------------------------------------------|
| Active memory         |  45691 KiB | 378645 KiB |   2009 GiB |   2009 GiB |
|       from large pool |  45352 KiB | 377599 KiB |   1885 GiB |   1884 GiB |
|       from small pool |    338 KiB |   3699 KiB |    124 GiB |    124 GiB |
|---------------------------------------------------------------------------|
| Requested memory      |  45131 KiB | 378079 KiB |   2000 GiB |   1999 GiB |
|       from large pool |  44795 KiB | 377036 KiB |   1876 GiB |   1876 GiB |
|       from small pool |    336 KiB |   3696 KiB |    123 GiB |    123 GiB |
|---------------------------------------------------------------------------|
| GPU reserved memory   | 659456 KiB | 659456 KiB | 659456 KiB |      0 B   |
|       from large pool | 653312 KiB | 653312 KiB | 653312 KiB |      0 B   |
|       from small pool |   6144 KiB |   6144 KiB |   6144 KiB |      0 B   |
|---------------------------------------------------------------------------|
| Non-releasable memory |  13701 KiB | 109656 KiB |    956 GiB |    956 GiB |
|       from large pool |  11991 KiB | 108393 KiB |    831 GiB |    831 GiB |
|       from small pool |   1709 KiB |   4050 KiB |    125 GiB |    125 GiB |
|---------------------------------------------------------------------------|
| Allocations           |      30    |      54    |    2795 K  |    2795 K  |
|       from large pool |       9    |      26    |     230 K  |     230 K  |
|       from small pool |      21    |      35    |    2564 K  |    2564 K  |
|---------------------------------------------------------------------------|
| Active allocs         |      30    |      54    |    2795 K  |    2795 K  |
|       from large pool |       9    |      26    |     230 K  |     230 K  |
|       from small pool |      21    |      35    |    2564 K  |    2564 K  |
|---------------------------------------------------------------------------|
| GPU reserved segments |      23    |      23    |      23    |       0    |
|       from large pool |      20    |      20    |      20    |       0    |
|       from small pool |       3    |       3    |       3    |       0    |
|---------------------------------------------------------------------------|
| Non-releasable allocs |       8    |      20    |    1176 K  |    1176 K  |
|       from large pool |       3    |      14    |     113 K  |     113 K  |
|       from small pool |       5    |      14    |    1063 K  |    1062 K  |
|---------------------------------------------------------------------------|
| Oversize allocations  |       0    |       0    |       0    |       0    |
|---------------------------------------------------------------------------|
| Oversize GPU segments |       0    |       0    |       0    |       0    |
|===========================================================================|

|===========================================================================|
|                  PyTorch CUDA memory summary, device ID 0                 |
|---------------------------------------------------------------------------|
|            CUDA OOMs: 0            |        cudaMalloc retries: 0         |
|===========================================================================|
|        Metric         | Cur Usage  | Peak Usage | Tot Alloc  | Tot Freed  |
|---------------------------------------------------------------------------|
| Allocated memory      |  49871 KiB | 378645 KiB |   2069 GiB |   2069 GiB |
|       from large pool |  49532 KiB | 377599 KiB |   1939 GiB |   1939 GiB |
|       from small pool |    338 KiB |   3699 KiB |    130 GiB |    130 GiB |
|---------------------------------------------------------------------------|
| Active memory         |  49871 KiB | 378645 KiB |   2069 GiB |   2069 GiB |
|       from large pool |  49532 KiB | 377599 KiB |   1939 GiB |   1939 GiB |
|       from small pool |    338 KiB |   3699 KiB |    130 GiB |    130 GiB |
|---------------------------------------------------------------------------|
| Requested memory      |  49018 KiB | 378079 KiB |   2059 GiB |   2059 GiB |
|       from large pool |  48682 KiB | 377036 KiB |   1930 GiB |   1930 GiB |
|       from small pool |    336 KiB |   3696 KiB |    129 GiB |    129 GiB |
|---------------------------------------------------------------------------|
| GPU reserved memory   | 659456 KiB | 659456 KiB | 659456 KiB |      0 B   |
|       from large pool | 653312 KiB | 653312 KiB | 653312 KiB |      0 B   |
|       from small pool |   6144 KiB |   6144 KiB |   6144 KiB |      0 B   |
|---------------------------------------------------------------------------|
| Non-releasable memory |  25905 KiB | 109656 KiB |   1012 GiB |   1012 GiB |
|       from large pool |  24195 KiB | 108393 KiB |    881 GiB |    881 GiB |
|       from small pool |   1709 KiB |   4050 KiB |    130 GiB |    130 GiB |
|---------------------------------------------------------------------------|
| Allocations           |      30    |      54    |    2903 K  |    2903 K  |
|       from large pool |       9    |      26    |     241 K  |     241 K  |
|       from small pool |      21    |      35    |    2662 K  |    2662 K  |
|---------------------------------------------------------------------------|
| Active allocs         |      30    |      54    |    2903 K  |    2903 K  |
|       from large pool |       9    |      26    |     241 K  |     241 K  |
|       from small pool |      21    |      35    |    2662 K  |    2662 K  |
|---------------------------------------------------------------------------|
| GPU reserved segments |      23    |      23    |      23    |       0    |
|       from large pool |      20    |      20    |      20    |       0    |
|       from small pool |       3    |       3    |       3    |       0    |
|---------------------------------------------------------------------------|
| Non-releasable allocs |       9    |      20    |    1226 K  |    1226 K  |
|       from large pool |       4    |      14    |     120 K  |     120 K  |
|       from small pool |       5    |      14    |    1105 K  |    1105 K  |
|---------------------------------------------------------------------------|
| Oversize allocations  |       0    |       0    |       0    |       0    |
|---------------------------------------------------------------------------|
| Oversize GPU segments |       0    |       0    |       0    |       0    |
|===========================================================================|

|===========================================================================|
|                  PyTorch CUDA memory summary, device ID 0                 |
|---------------------------------------------------------------------------|
|            CUDA OOMs: 0            |        cudaMalloc retries: 0         |
|===========================================================================|
|        Metric         | Cur Usage  | Peak Usage | Tot Alloc  | Tot Freed  |
|---------------------------------------------------------------------------|
| Allocated memory      |  53934 KiB | 378645 KiB |   2149 GiB |   2149 GiB |
|       from large pool |  53596 KiB | 377599 KiB |   2012 GiB |   2012 GiB |
|       from small pool |    338 KiB |   3699 KiB |    137 GiB |    137 GiB |
|---------------------------------------------------------------------------|
| Active memory         |  53934 KiB | 378645 KiB |   2149 GiB |   2149 GiB |
|       from large pool |  53596 KiB | 377599 KiB |   2012 GiB |   2012 GiB |
|       from small pool |    338 KiB |   3699 KiB |    137 GiB |    137 GiB |
|---------------------------------------------------------------------------|
| Requested memory      |  53273 KiB | 378079 KiB |   2138 GiB |   2138 GiB |
|       from large pool |  52937 KiB | 377036 KiB |   2002 GiB |   2002 GiB |
|       from small pool |    336 KiB |   3696 KiB |    136 GiB |    136 GiB |
|---------------------------------------------------------------------------|
| GPU reserved memory   | 659456 KiB | 659456 KiB | 659456 KiB |      0 B   |
|       from large pool | 653312 KiB | 653312 KiB | 653312 KiB |      0 B   |
|       from small pool |   6144 KiB |   6144 KiB |   6144 KiB |      0 B   |
|---------------------------------------------------------------------------|
| Non-releasable memory |  23889 KiB | 109656 KiB |   1090 GiB |   1090 GiB |
|       from large pool |  22180 KiB | 108393 KiB |    952 GiB |    952 GiB |
|       from small pool |   1709 KiB |   4050 KiB |    138 GiB |    138 GiB |
|---------------------------------------------------------------------------|
| Allocations           |      30    |      54    |    3025 K  |    3025 K  |
|       from large pool |       9    |      26    |     256 K  |     256 K  |
|       from small pool |      21    |      35    |    2768 K  |    2768 K  |
|---------------------------------------------------------------------------|
| Active allocs         |      30    |      54    |    3025 K  |    3025 K  |
|       from large pool |       9    |      26    |     256 K  |     256 K  |
|       from small pool |      21    |      35    |    2768 K  |    2768 K  |
|---------------------------------------------------------------------------|
| GPU reserved segments |      23    |      23    |      23    |       0    |
|       from large pool |      20    |      20    |      20    |       0    |
|       from small pool |       3    |       3    |       3    |       0    |
|---------------------------------------------------------------------------|
| Non-releasable allocs |       8    |      20    |    1284 K  |    1284 K  |
|       from large pool |       4    |      14    |     130 K  |     130 K  |
|       from small pool |       4    |      14    |    1153 K  |    1153 K  |
|---------------------------------------------------------------------------|
| Oversize allocations  |       0    |       0    |       0    |       0    |
|---------------------------------------------------------------------------|
| Oversize GPU segments |       0    |       0    |       0    |       0    |
|===========================================================================|

|===========================================================================|
|                  PyTorch CUDA memory summary, device ID 0                 |
|---------------------------------------------------------------------------|
|            CUDA OOMs: 0            |        cudaMalloc retries: 0         |
|===========================================================================|
|        Metric         | Cur Usage  | Peak Usage | Tot Alloc  | Tot Freed  |
|---------------------------------------------------------------------------|
| Allocated memory      |  58231 KiB | 378645 KiB |   2215 GiB |   2215 GiB |
|       from large pool |  57892 KiB | 377599 KiB |   2072 GiB |   2072 GiB |
|       from small pool |    338 KiB |   3699 KiB |    142 GiB |    142 GiB |
|---------------------------------------------------------------------------|
| Active memory         |  58231 KiB | 378645 KiB |   2215 GiB |   2215 GiB |
|       from large pool |  57892 KiB | 377599 KiB |   2072 GiB |   2072 GiB |
|       from small pool |    338 KiB |   3699 KiB |    142 GiB |    142 GiB |
|---------------------------------------------------------------------------|
| Requested memory      |  57944 KiB | 378079 KiB |   2203 GiB |   2203 GiB |
|       from large pool |  57608 KiB | 377036 KiB |   2061 GiB |   2061 GiB |
|       from small pool |    336 KiB |   3696 KiB |    142 GiB |    142 GiB |
|---------------------------------------------------------------------------|
| GPU reserved memory   | 659456 KiB | 659456 KiB | 659456 KiB |      0 B   |
|       from large pool | 653312 KiB | 653312 KiB | 653312 KiB |      0 B   |
|       from small pool |   6144 KiB |   6144 KiB |   6144 KiB |      0 B   |
|---------------------------------------------------------------------------|
| Non-releasable memory |  17545 KiB | 109656 KiB |   1157 GiB |   1157 GiB |
|       from large pool |  15835 KiB | 108393 KiB |   1013 GiB |   1013 GiB |
|       from small pool |   1709 KiB |   4050 KiB |    143 GiB |    143 GiB |
|---------------------------------------------------------------------------|
| Allocations           |      30    |      54    |    3109 K  |    3109 K  |
|       from large pool |       9    |      26    |     268 K  |     268 K  |
|       from small pool |      21    |      35    |    2840 K  |    2840 K  |
|---------------------------------------------------------------------------|
| Active allocs         |      30    |      54    |    3109 K  |    3109 K  |
|       from large pool |       9    |      26    |     268 K  |     268 K  |
|       from small pool |      21    |      35    |    2840 K  |    2840 K  |
|---------------------------------------------------------------------------|
| GPU reserved segments |      23    |      23    |      23    |       0    |
|       from large pool |      20    |      20    |      20    |       0    |
|       from small pool |       3    |       3    |       3    |       0    |
|---------------------------------------------------------------------------|
| Non-releasable allocs |       9    |      20    |    1318 K  |    1318 K  |
|       from large pool |       2    |      14    |     138 K  |     138 K  |
|       from small pool |       7    |      14    |    1180 K  |    1180 K  |
|---------------------------------------------------------------------------|
| Oversize allocations  |       0    |       0    |       0    |       0    |
|---------------------------------------------------------------------------|
| Oversize GPU segments |       0    |       0    |       0    |       0    |
|===========================================================================|

|===========================================================================|
|                  PyTorch CUDA memory summary, device ID 0                 |
|---------------------------------------------------------------------------|
|            CUDA OOMs: 0            |        cudaMalloc retries: 0         |
|===========================================================================|
|        Metric         | Cur Usage  | Peak Usage | Tot Alloc  | Tot Freed  |
|---------------------------------------------------------------------------|
| Allocated memory      |  62110 KiB | 384259 KiB |   2305 GiB |   2305 GiB |
|       from large pool |  61771 KiB | 383190 KiB |   2155 GiB |   2155 GiB |
|       from small pool |    338 KiB |   3699 KiB |    150 GiB |    150 GiB |
|---------------------------------------------------------------------------|
| Active memory         |  62110 KiB | 384259 KiB |   2305 GiB |   2305 GiB |
|       from large pool |  61771 KiB | 383190 KiB |   2155 GiB |   2155 GiB |
|       from small pool |    338 KiB |   3699 KiB |    150 GiB |    150 GiB |
|---------------------------------------------------------------------------|
| Requested memory      |  62106 KiB | 380349 KiB |   2293 GiB |   2293 GiB |
|       from large pool |  61770 KiB | 379283 KiB |   2143 GiB |   2143 GiB |
|       from small pool |    336 KiB |   3696 KiB |    149 GiB |    149 GiB |
|---------------------------------------------------------------------------|
| GPU reserved memory   | 659456 KiB | 659456 KiB | 659456 KiB |      0 B   |
|       from large pool | 653312 KiB | 653312 KiB | 653312 KiB |      0 B   |
|       from small pool |   6144 KiB |   6144 KiB |   6144 KiB |      0 B   |
|---------------------------------------------------------------------------|
| Non-releasable memory |  13666 KiB | 109656 KiB |   1250 GiB |   1250 GiB |
|       from large pool |  11956 KiB | 108393 KiB |   1098 GiB |   1098 GiB |
|       from small pool |   1709 KiB |   4050 KiB |    151 GiB |    151 GiB |
|---------------------------------------------------------------------------|
| Allocations           |      30    |      54    |    3234 K  |    3234 K  |
|       from large pool |       9    |      26    |     286 K  |     286 K  |
|       from small pool |      21    |      35    |    2948 K  |    2948 K  |
|---------------------------------------------------------------------------|
| Active allocs         |      30    |      54    |    3234 K  |    3234 K  |
|       from large pool |       9    |      26    |     286 K  |     286 K  |
|       from small pool |      21    |      35    |    2948 K  |    2948 K  |
|---------------------------------------------------------------------------|
| GPU reserved segments |      23    |      23    |      23    |       0    |
|       from large pool |      20    |      20    |      20    |       0    |
|       from small pool |       3    |       3    |       3    |       0    |
|---------------------------------------------------------------------------|
| Non-releasable allocs |       9    |      20    |    1367 K  |    1367 K  |
|       from large pool |       4    |      14    |     148 K  |     148 K  |
|       from small pool |       5    |      14    |    1218 K  |    1218 K  |
|---------------------------------------------------------------------------|
| Oversize allocations  |       0    |       0    |       0    |       0    |
|---------------------------------------------------------------------------|
| Oversize GPU segments |       0    |       0    |       0    |       0    |
|===========================================================================|

|===========================================================================|
|                  PyTorch CUDA memory summary, device ID 0                 |
|---------------------------------------------------------------------------|
|            CUDA OOMs: 0            |        cudaMalloc retries: 0         |
|===========================================================================|
|        Metric         | Cur Usage  | Peak Usage | Tot Alloc  | Tot Freed  |
|---------------------------------------------------------------------------|
| Allocated memory      |  66513 KiB | 384259 KiB |   2428 GiB |   2428 GiB |
|       from large pool |  65792 KiB | 383190 KiB |   2267 GiB |   2266 GiB |
|       from small pool |    721 KiB |   3699 KiB |    161 GiB |    161 GiB |
|---------------------------------------------------------------------------|
| Active memory         |  66513 KiB | 384259 KiB |   2428 GiB |   2428 GiB |
|       from large pool |  65792 KiB | 383190 KiB |   2267 GiB |   2266 GiB |
|       from small pool |    721 KiB |   3699 KiB |    161 GiB |    161 GiB |
|---------------------------------------------------------------------------|
| Requested memory      |  65494 KiB | 380349 KiB |   2415 GiB |   2415 GiB |
|       from large pool |  64775 KiB | 379283 KiB |   2254 GiB |   2254 GiB |
|       from small pool |    719 KiB |   3696 KiB |    161 GiB |    161 GiB |
|---------------------------------------------------------------------------|
| GPU reserved memory   | 659456 KiB | 659456 KiB | 659456 KiB |      0 B   |
|       from large pool | 653312 KiB | 653312 KiB | 653312 KiB |      0 B   |
|       from small pool |   6144 KiB |   6144 KiB |   6144 KiB |      0 B   |
|---------------------------------------------------------------------------|
| Non-releasable memory |  25646 KiB | 109656 KiB |   1374 GiB |   1374 GiB |
|       from large pool |  24320 KiB | 108393 KiB |   1212 GiB |   1212 GiB |
|       from small pool |   1326 KiB |   4050 KiB |    162 GiB |    162 GiB |
|---------------------------------------------------------------------------|
| Allocations           |      30    |      54    |    3397 K  |    3397 K  |
|       from large pool |       8    |      26    |     309 K  |     309 K  |
|       from small pool |      22    |      35    |    3088 K  |    3088 K  |
|---------------------------------------------------------------------------|
| Active allocs         |      30    |      54    |    3397 K  |    3397 K  |
|       from large pool |       8    |      26    |     309 K  |     309 K  |
|       from small pool |      22    |      35    |    3088 K  |    3088 K  |
|---------------------------------------------------------------------------|
| GPU reserved segments |      23    |      23    |      23    |       0    |
|       from large pool |      20    |      20    |      20    |       0    |
|       from small pool |       3    |       3    |       3    |       0    |
|---------------------------------------------------------------------------|
| Non-releasable allocs |       9    |      20    |    1436 K  |    1436 K  |
|       from large pool |       4    |      14    |     164 K  |     164 K  |
|       from small pool |       5    |      14    |    1271 K  |    1271 K  |
|---------------------------------------------------------------------------|
| Oversize allocations  |       0    |       0    |       0    |       0    |
|---------------------------------------------------------------------------|
| Oversize GPU segments |       0    |       0    |       0    |       0    |
|===========================================================================|

|===========================================================================|
|                  PyTorch CUDA memory summary, device ID 0                 |
|---------------------------------------------------------------------------|
|            CUDA OOMs: 0            |        cudaMalloc retries: 0         |
|===========================================================================|
|        Metric         | Cur Usage  | Peak Usage | Tot Alloc  | Tot Freed  |
|---------------------------------------------------------------------------|
| Allocated memory      |  69633 KiB | 384259 KiB |   2505 GiB |   2505 GiB |
|       from large pool |  69073 KiB | 383190 KiB |   2337 GiB |   2337 GiB |
|       from small pool |    560 KiB |   4017 KiB |    167 GiB |    167 GiB |
|---------------------------------------------------------------------------|
| Active memory         |  69633 KiB | 384259 KiB |   2505 GiB |   2505 GiB |
|       from large pool |  69073 KiB | 383190 KiB |   2337 GiB |   2337 GiB |
|       from small pool |    560 KiB |   4017 KiB |    167 GiB |    167 GiB |
|---------------------------------------------------------------------------|
| Requested memory      |  69630 KiB | 380349 KiB |   2491 GiB |   2491 GiB |
|       from large pool |  69072 KiB | 379283 KiB |   2324 GiB |   2324 GiB |
|       from small pool |    558 KiB |   4012 KiB |    167 GiB |    167 GiB |
|---------------------------------------------------------------------------|
| GPU reserved memory   | 659456 KiB | 659456 KiB | 659456 KiB |      0 B   |
|       from large pool | 653312 KiB | 653312 KiB | 653312 KiB |      0 B   |
|       from small pool |   6144 KiB |   6144 KiB |   6144 KiB |      0 B   |
|---------------------------------------------------------------------------|
| Non-releasable memory |  24574 KiB | 109656 KiB |   1454 GiB |   1454 GiB |
|       from large pool |  23087 KiB | 108393 KiB |   1285 GiB |   1285 GiB |
|       from small pool |   1487 KiB |   4050 KiB |    169 GiB |    169 GiB |
|---------------------------------------------------------------------------|
| Allocations           |      30    |      54    |    3464 K  |    3464 K  |
|       from large pool |       8    |      26    |     324 K  |     324 K  |
|       from small pool |      22    |      35    |    3139 K  |    3139 K  |
|---------------------------------------------------------------------------|
| Active allocs         |      30    |      54    |    3464 K  |    3464 K  |
|       from large pool |       8    |      26    |     324 K  |     324 K  |
|       from small pool |      22    |      35    |    3139 K  |    3139 K  |
|---------------------------------------------------------------------------|
| GPU reserved segments |      23    |      23    |      23    |       0    |
|       from large pool |      20    |      20    |      20    |       0    |
|       from small pool |       3    |       3    |       3    |       0    |
|---------------------------------------------------------------------------|
| Non-releasable allocs |      12    |      20    |    1467 K  |    1467 K  |
|       from large pool |       5    |      14    |     174 K  |     174 K  |
|       from small pool |       7    |      14    |    1292 K  |    1292 K  |
|---------------------------------------------------------------------------|
| Oversize allocations  |       0    |       0    |       0    |       0    |
|---------------------------------------------------------------------------|
| Oversize GPU segments |       0    |       0    |       0    |       0    |
|===========================================================================|

