|===========================================================================|
|                  PyTorch CUDA memory summary, device ID 0                 |
|---------------------------------------------------------------------------|
|            CUDA OOMs: 0            |        cudaMalloc retries: 0         |
|===========================================================================|
|        Metric         | Cur Usage  | Peak Usage | Tot Alloc  | Tot Freed  |
|---------------------------------------------------------------------------|
| Allocated memory      |  46014 KiB | 130029 KiB | 387982 MiB | 387938 MiB |
|       from large pool |  45506 KiB | 129280 KiB | 374870 MiB | 374826 MiB |
|       from small pool |    507 KiB |   3485 KiB |  13112 MiB |  13111 MiB |
|---------------------------------------------------------------------------|
| Active memory         |  46014 KiB | 130029 KiB | 387982 MiB | 387938 MiB |
|       from large pool |  45506 KiB | 129280 KiB | 374870 MiB | 374826 MiB |
|       from small pool |    507 KiB |   3485 KiB |  13112 MiB |  13111 MiB |
|---------------------------------------------------------------------------|
| Requested memory      |  46010 KiB | 130024 KiB | 386349 MiB | 386304 MiB |
|       from large pool |  45506 KiB | 129280 KiB | 373294 MiB | 373249 MiB |
|       from small pool |    504 KiB |   3481 KiB |  13055 MiB |  13054 MiB |
|---------------------------------------------------------------------------|
| GPU reserved memory   | 167936 KiB | 167936 KiB | 167936 KiB |      0 B   |
|       from large pool | 163840 KiB | 163840 KiB | 163840 KiB |      0 B   |
|       from small pool |   4096 KiB |   4096 KiB |   4096 KiB |      0 B   |
|---------------------------------------------------------------------------|
| Non-releasable memory |  17474 KiB |  42265 KiB | 119102 MiB | 119085 MiB |
|       from large pool |  15933 KiB |  40704 KiB | 105986 MiB | 105970 MiB |
|       from small pool |   1540 KiB |   3026 KiB |  13115 MiB |  13114 MiB |
|---------------------------------------------------------------------------|
| Allocations           |      41    |      48    |  268647    |  268606    |
|       from large pool |      10    |      14    |   33719    |   33709    |
|       from small pool |      31    |      38    |  234928    |  234897    |
|---------------------------------------------------------------------------|
| Active allocs         |      41    |      48    |  268647    |  268606    |
|       from large pool |      10    |      14    |   33719    |   33709    |
|       from small pool |      31    |      38    |  234928    |  234897    |
|---------------------------------------------------------------------------|
| GPU reserved segments |      11    |      11    |      11    |       0    |
|       from large pool |       9    |       9    |       9    |       0    |
|       from small pool |       2    |       2    |       2    |       0    |
|---------------------------------------------------------------------------|
| Non-releasable allocs |       9    |      14    |  110044    |  110035    |
|       from large pool |       3    |       4    |    9208    |    9205    |
|       from small pool |       6    |      11    |  100836    |  100830    |
|---------------------------------------------------------------------------|
| Oversize allocations  |       0    |       0    |       0    |       0    |
|---------------------------------------------------------------------------|
| Oversize GPU segments |       0    |       0    |       0    |       0    |
|===========================================================================|

|===========================================================================|
|                  PyTorch CUDA memory summary, device ID 0                 |
|---------------------------------------------------------------------------|
|            CUDA OOMs: 0            |        cudaMalloc retries: 0         |
|===========================================================================|
|        Metric         | Cur Usage  | Peak Usage | Tot Alloc  | Tot Freed  |
|---------------------------------------------------------------------------|
| Allocated memory      |  46011 KiB | 387006 KiB | 467249 MiB | 467204 MiB |
|       from large pool |  45504 KiB | 385791 KiB | 424081 MiB | 424037 MiB |
|       from small pool |    507 KiB |   3485 KiB |  43168 MiB |  43167 MiB |
|---------------------------------------------------------------------------|
| Active memory         |  46011 KiB | 387006 KiB | 467249 MiB | 467204 MiB |
|       from large pool |  45504 KiB | 385791 KiB | 424081 MiB | 424037 MiB |
|       from small pool |    507 KiB |   3485 KiB |  43168 MiB |  43167 MiB |
|---------------------------------------------------------------------------|
| Requested memory      |  45706 KiB | 386439 KiB | 465264 MiB | 465219 MiB |
|       from large pool |  45202 KiB | 385228 KiB | 422335 MiB | 422291 MiB |
|       from small pool |    504 KiB |   3481 KiB |  42928 MiB |  42928 MiB |
|---------------------------------------------------------------------------|
| GPU reserved memory   | 581632 KiB | 581632 KiB | 581632 KiB |      0 B   |
|       from large pool | 577536 KiB | 577536 KiB | 577536 KiB |      0 B   |
|       from small pool |   4096 KiB |   4096 KiB |   4096 KiB |      0 B   |
|---------------------------------------------------------------------------|
| Non-releasable memory |  33860 KiB |  53217 KiB | 244118 MiB | 244085 MiB |
|       from large pool |  32320 KiB |  52080 KiB | 147018 MiB | 146986 MiB |
|       from small pool |   1540 KiB |   3121 KiB |  97100 MiB |  97098 MiB |
|---------------------------------------------------------------------------|
| Allocations           |      41    |      66    |     829 K  |     829 K  |
|       from large pool |      10    |      28    |      42 K  |      42 K  |
|       from small pool |      31    |      45    |     786 K  |     786 K  |
|---------------------------------------------------------------------------|
| Active allocs         |      41    |      66    |     829 K  |     829 K  |
|       from large pool |      10    |      28    |      42 K  |      42 K  |
|       from small pool |      31    |      45    |     786 K  |     786 K  |
|---------------------------------------------------------------------------|
| GPU reserved segments |      21    |      21    |      21    |       0    |
|       from large pool |      19    |      19    |      19    |       0    |
|       from small pool |       2    |       2    |       2    |       0    |
|---------------------------------------------------------------------------|
| Non-releasable allocs |      18    |      23    |  369755    |  369737    |
|       from large pool |       5    |      10    |   15386    |   15381    |
|       from small pool |      13    |      16    |  354369    |  354356    |
|---------------------------------------------------------------------------|
| Oversize allocations  |       0    |       0    |       0    |       0    |
|---------------------------------------------------------------------------|
| Oversize GPU segments |       0    |       0    |       0    |       0    |
|===========================================================================|

|===========================================================================|
|                  PyTorch CUDA memory summary, device ID 0                 |
|---------------------------------------------------------------------------|
|            CUDA OOMs: 0            |        cudaMalloc retries: 0         |
|===========================================================================|
|        Metric         | Cur Usage  | Peak Usage | Tot Alloc  | Tot Freed  |
|---------------------------------------------------------------------------|
| Allocated memory      |  45136 KiB | 387006 KiB | 538878 MiB | 538834 MiB |
|       from large pool |  44628 KiB | 385791 KiB | 468562 MiB | 468519 MiB |
|       from small pool |    507 KiB |   3485 KiB |  70316 MiB |  70315 MiB |
|---------------------------------------------------------------------------|
| Active memory         |  45136 KiB | 387006 KiB | 538878 MiB | 538834 MiB |
|       from large pool |  44628 KiB | 385791 KiB | 468562 MiB | 468519 MiB |
|       from small pool |    507 KiB |   3485 KiB |  70316 MiB |  70315 MiB |
|---------------------------------------------------------------------------|
| Requested memory      |  45131 KiB | 386439 KiB | 536602 MiB | 536558 MiB |
|       from large pool |  44627 KiB | 385228 KiB | 466700 MiB | 466656 MiB |
|       from small pool |    504 KiB |   3481 KiB |  69902 MiB |  69901 MiB |
|---------------------------------------------------------------------------|
| GPU reserved memory   | 659456 KiB | 659456 KiB | 659456 KiB |      0 B   |
|       from large pool | 653312 KiB | 653312 KiB | 653312 KiB |      0 B   |
|       from small pool |   6144 KiB |   6144 KiB |   6144 KiB |      0 B   |
|---------------------------------------------------------------------------|
| Non-releasable memory |  34736 KiB | 117750 KiB | 364004 MiB | 363970 MiB |
|       from large pool |  33195 KiB | 116656 KiB | 184020 MiB | 183987 MiB |
|       from small pool |   1540 KiB |   3693 KiB | 179983 MiB | 179982 MiB |
|---------------------------------------------------------------------------|
| Allocations           |      41    |      66    |    1382 K  |    1382 K  |
|       from large pool |      10    |      28    |      51 K  |      51 K  |
|       from small pool |      31    |      45    |    1331 K  |    1331 K  |
|---------------------------------------------------------------------------|
| Active allocs         |      41    |      66    |    1382 K  |    1382 K  |
|       from large pool |      10    |      28    |      51 K  |      51 K  |
|       from small pool |      31    |      45    |    1331 K  |    1331 K  |
|---------------------------------------------------------------------------|
| GPU reserved segments |      23    |      23    |      23    |       0    |
|       from large pool |      20    |      20    |      20    |       0    |
|       from small pool |       3    |       3    |       3    |       0    |
|---------------------------------------------------------------------------|
| Non-releasable allocs |      16    |      26    |  655416    |  655400    |
|       from large pool |       4    |      13    |   19342    |   19338    |
|       from small pool |      12    |      19    |  636074    |  636062    |
|---------------------------------------------------------------------------|
| Oversize allocations  |       0    |       0    |       0    |       0    |
|---------------------------------------------------------------------------|
| Oversize GPU segments |       0    |       0    |       0    |       0    |
|===========================================================================|

|===========================================================================|
|                  PyTorch CUDA memory summary, device ID 0                 |
|---------------------------------------------------------------------------|
|            CUDA OOMs: 0            |        cudaMalloc retries: 0         |
|===========================================================================|
|        Metric         | Cur Usage  | Peak Usage | Tot Alloc  | Tot Freed  |
|---------------------------------------------------------------------------|
| Allocated memory      |  46011 KiB | 387006 KiB | 596241 MiB | 596196 MiB |
|       from large pool |  45504 KiB | 385791 KiB | 506260 MiB | 506216 MiB |
|       from small pool |    507 KiB |   3485 KiB |  89980 MiB |  89979 MiB |
|---------------------------------------------------------------------------|
| Active memory         |  46011 KiB | 387006 KiB | 596241 MiB | 596196 MiB |
|       from large pool |  45504 KiB | 385791 KiB | 506260 MiB | 506216 MiB |
|       from small pool |    507 KiB |   3485 KiB |  89980 MiB |  89979 MiB |
|---------------------------------------------------------------------------|
| Requested memory      |  44838 KiB | 386439 KiB | 593659 MiB | 593615 MiB |
|       from large pool |  44334 KiB | 385228 KiB | 504208 MiB | 504165 MiB |
|       from small pool |    504 KiB |   3481 KiB |  89451 MiB |  89450 MiB |
|---------------------------------------------------------------------------|
| GPU reserved memory   | 659456 KiB | 659456 KiB | 659456 KiB |      0 B   |
|       from large pool | 653312 KiB | 653312 KiB | 653312 KiB |      0 B   |
|       from small pool |   6144 KiB |   6144 KiB |   6144 KiB |      0 B   |
|---------------------------------------------------------------------------|
| Non-releasable memory |  33860 KiB | 117750 KiB | 413585 MiB | 413552 MiB |
|       from large pool |  32320 KiB | 116656 KiB | 213927 MiB | 213896 MiB |
|       from small pool |   1540 KiB |   3693 KiB | 199658 MiB | 199656 MiB |
|---------------------------------------------------------------------------|
| Allocations           |      41    |      66    |    1917 K  |    1917 K  |
|       from large pool |      10    |      28    |      57 K  |      57 K  |
|       from small pool |      31    |      45    |    1859 K  |    1859 K  |
|---------------------------------------------------------------------------|
| Active allocs         |      41    |      66    |    1917 K  |    1917 K  |
|       from large pool |      10    |      28    |      57 K  |      57 K  |
|       from small pool |      31    |      45    |    1859 K  |    1859 K  |
|---------------------------------------------------------------------------|
| GPU reserved segments |      23    |      23    |      23    |       0    |
|       from large pool |      20    |      20    |      20    |       0    |
|       from small pool |       3    |       3    |       3    |       0    |
|---------------------------------------------------------------------------|
| Non-releasable allocs |      16    |      26    |     810 K  |     810 K  |
|       from large pool |       4    |      13    |      22 K  |      22 K  |
|       from small pool |      12    |      19    |     787 K  |     787 K  |
|---------------------------------------------------------------------------|
| Oversize allocations  |       0    |       0    |       0    |       0    |
|---------------------------------------------------------------------------|
| Oversize GPU segments |       0    |       0    |       0    |       0    |
|===========================================================================|

|===========================================================================|
|                  PyTorch CUDA memory summary, device ID 0                 |
|---------------------------------------------------------------------------|
|            CUDA OOMs: 0            |        cudaMalloc retries: 0         |
|===========================================================================|
|        Metric         | Cur Usage  | Peak Usage | Tot Alloc  | Tot Freed  |
|---------------------------------------------------------------------------|
| Allocated memory      |  45110 KiB | 387006 KiB | 645379 MiB | 645335 MiB |
|       from large pool |  44602 KiB | 385791 KiB | 539733 MiB | 539689 MiB |
|       from small pool |    507 KiB |   3485 KiB | 105645 MiB | 105645 MiB |
|---------------------------------------------------------------------------|
| Active memory         |  45110 KiB | 387006 KiB | 645379 MiB | 645335 MiB |
|       from large pool |  44602 KiB | 385791 KiB | 539733 MiB | 539689 MiB |
|       from small pool |    507 KiB |   3485 KiB | 105645 MiB | 105645 MiB |
|---------------------------------------------------------------------------|
| Requested memory      |  44913 KiB | 386439 KiB | 642356 MiB | 642312 MiB |
|       from large pool |  44409 KiB | 385228 KiB | 537416 MiB | 537373 MiB |
|       from small pool |    504 KiB |   3481 KiB | 104940 MiB | 104939 MiB |
|---------------------------------------------------------------------------|
| GPU reserved memory   | 659456 KiB | 659456 KiB | 659456 KiB |      0 B   |
|       from large pool | 653312 KiB | 653312 KiB | 653312 KiB |      0 B   |
|       from small pool |   6144 KiB |   6144 KiB |   6144 KiB |      0 B   |
|---------------------------------------------------------------------------|
| Non-releasable memory |  34762 KiB | 117750 KiB | 455765 MiB | 455731 MiB |
|       from large pool |  33221 KiB | 116656 KiB | 240303 MiB | 240271 MiB |
|       from small pool |   1540 KiB |   3693 KiB | 215461 MiB | 215459 MiB |
|---------------------------------------------------------------------------|
| Allocations           |      41    |      66    |    2452 K  |    2452 K  |
|       from large pool |      10    |      28    |      63 K  |      63 K  |
|       from small pool |      31    |      45    |    2388 K  |    2388 K  |
|---------------------------------------------------------------------------|
| Active allocs         |      41    |      66    |    2452 K  |    2452 K  |
|       from large pool |      10    |      28    |      63 K  |      63 K  |
|       from small pool |      31    |      45    |    2388 K  |    2388 K  |
|---------------------------------------------------------------------------|
| GPU reserved segments |      23    |      23    |      23    |       0    |
|       from large pool |      20    |      20    |      20    |       0    |
|       from small pool |       3    |       3    |       3    |       0    |
|---------------------------------------------------------------------------|
| Non-releasable allocs |      16    |      26    |     921 K  |     921 K  |
|       from large pool |       5    |      13    |      25 K  |      25 K  |
|       from small pool |      11    |      19    |     895 K  |     895 K  |
|---------------------------------------------------------------------------|
| Oversize allocations  |       0    |       0    |       0    |       0    |
|---------------------------------------------------------------------------|
| Oversize GPU segments |       0    |       0    |       0    |       0    |
|===========================================================================|

|===========================================================================|
|                  PyTorch CUDA memory summary, device ID 0                 |
|---------------------------------------------------------------------------|
|            CUDA OOMs: 0            |        cudaMalloc retries: 0         |
|===========================================================================|
|        Metric         | Cur Usage  | Peak Usage | Tot Alloc  | Tot Freed  |
|---------------------------------------------------------------------------|
| Allocated memory      |  46117 KiB | 387006 KiB | 694085 MiB | 694040 MiB |
|       from large pool |  45610 KiB | 385791 KiB | 573082 MiB | 573037 MiB |
|       from small pool |    507 KiB |   3485 KiB | 121003 MiB | 121003 MiB |
|---------------------------------------------------------------------------|
| Active memory         |  46117 KiB | 387006 KiB | 694085 MiB | 694040 MiB |
|       from large pool |  45610 KiB | 385791 KiB | 573082 MiB | 573037 MiB |
|       from small pool |    507 KiB |   3485 KiB | 121003 MiB | 121003 MiB |
|---------------------------------------------------------------------------|
| Requested memory      |  45404 KiB | 386439 KiB | 690645 MiB | 690601 MiB |
|       from large pool |  44900 KiB | 385228 KiB | 570509 MiB | 570465 MiB |
|       from small pool |    504 KiB |   3481 KiB | 120136 MiB | 120136 MiB |
|---------------------------------------------------------------------------|
| GPU reserved memory   | 659456 KiB | 659456 KiB | 659456 KiB |      0 B   |
|       from large pool | 653312 KiB | 653312 KiB | 653312 KiB |      0 B   |
|       from small pool |   6144 KiB |   6144 KiB |   6144 KiB |      0 B   |
|---------------------------------------------------------------------------|
| Non-releasable memory |  33754 KiB | 117750 KiB | 498066 MiB | 498033 MiB |
|       from large pool |  32214 KiB | 116656 KiB | 267238 MiB | 267206 MiB |
|       from small pool |   1540 KiB |   3693 KiB | 230827 MiB | 230826 MiB |
|---------------------------------------------------------------------------|
| Allocations           |      41    |      66    |    2999 K  |    2999 K  |
|       from large pool |      10    |      28    |      68 K  |      68 K  |
|       from small pool |      31    |      45    |    2930 K  |    2930 K  |
|---------------------------------------------------------------------------|
| Active allocs         |      41    |      66    |    2999 K  |    2999 K  |
|       from large pool |      10    |      28    |      68 K  |      68 K  |
|       from small pool |      31    |      45    |    2930 K  |    2930 K  |
|---------------------------------------------------------------------------|
| GPU reserved segments |      23    |      23    |      23    |       0    |
|       from large pool |      20    |      20    |      20    |       0    |
|       from small pool |       3    |       3    |       3    |       0    |
|---------------------------------------------------------------------------|
| Non-releasable allocs |      15    |      26    |    1022 K  |    1022 K  |
|       from large pool |       5    |      13    |      28 K  |      28 K  |
|       from small pool |      10    |      19    |     993 K  |     993 K  |
|---------------------------------------------------------------------------|
| Oversize allocations  |       0    |       0    |       0    |       0    |
|---------------------------------------------------------------------------|
| Oversize GPU segments |       0    |       0    |       0    |       0    |
|===========================================================================|

|===========================================================================|
|                  PyTorch CUDA memory summary, device ID 0                 |
|---------------------------------------------------------------------------|
|            CUDA OOMs: 0            |        cudaMalloc retries: 0         |
|===========================================================================|
|        Metric         | Cur Usage  | Peak Usage | Tot Alloc  | Tot Freed  |
|---------------------------------------------------------------------------|
| Allocated memory      |  45970 KiB | 387006 KiB | 752652 MiB | 752607 MiB |
|       from large pool |  45463 KiB | 385791 KiB | 610584 MiB | 610540 MiB |
|       from small pool |    507 KiB |   3485 KiB | 142067 MiB | 142067 MiB |
|---------------------------------------------------------------------------|
| Active memory         |  45970 KiB | 387006 KiB | 752652 MiB | 752607 MiB |
|       from large pool |  45463 KiB | 385791 KiB | 610584 MiB | 610540 MiB |
|       from small pool |    507 KiB |   3485 KiB | 142067 MiB | 142067 MiB |
|---------------------------------------------------------------------------|
| Requested memory      |  45386 KiB | 386439 KiB | 748818 MiB | 748774 MiB |
|       from large pool |  44882 KiB | 385228 KiB | 607776 MiB | 607732 MiB |
|       from small pool |    504 KiB |   3481 KiB | 141042 MiB | 141041 MiB |
|---------------------------------------------------------------------------|
| GPU reserved memory   | 659456 KiB | 659456 KiB | 659456 KiB |      0 B   |
|       from large pool | 653312 KiB | 653312 KiB | 653312 KiB |      0 B   |
|       from small pool |   6144 KiB |   6144 KiB |   6144 KiB |      0 B   |
|---------------------------------------------------------------------------|
| Non-releasable memory |  33901 KiB | 117750 KiB | 548589 MiB | 548556 MiB |
|       from large pool |  32361 KiB | 116656 KiB | 296687 MiB | 296655 MiB |
|       from small pool |   1540 KiB |   3693 KiB | 251901 MiB | 251900 MiB |
|---------------------------------------------------------------------------|
| Allocations           |      41    |      66    |    3594 K  |    3594 K  |
|       from large pool |      10    |      28    |      75 K  |      75 K  |
|       from small pool |      31    |      45    |    3519 K  |    3519 K  |
|---------------------------------------------------------------------------|
| Active allocs         |      41    |      66    |    3594 K  |    3594 K  |
|       from large pool |      10    |      28    |      75 K  |      75 K  |
|       from small pool |      31    |      45    |    3519 K  |    3519 K  |
|---------------------------------------------------------------------------|
| GPU reserved segments |      23    |      23    |      23    |       0    |
|       from large pool |      20    |      20    |      20    |       0    |
|       from small pool |       3    |       3    |       3    |       0    |
|---------------------------------------------------------------------------|
| Non-releasable allocs |      15    |      26    |    1135 K  |    1135 K  |
|       from large pool |       5    |      13    |      32 K  |      32 K  |
|       from small pool |      10    |      19    |    1103 K  |    1103 K  |
|---------------------------------------------------------------------------|
| Oversize allocations  |       0    |       0    |       0    |       0    |
|---------------------------------------------------------------------------|
| Oversize GPU segments |       0    |       0    |       0    |       0    |
|===========================================================================|

|===========================================================================|
|                  PyTorch CUDA memory summary, device ID 0                 |
|---------------------------------------------------------------------------|
|            CUDA OOMs: 0            |        cudaMalloc retries: 0         |
|===========================================================================|
|        Metric         | Cur Usage  | Peak Usage | Tot Alloc  | Tot Freed  |
|---------------------------------------------------------------------------|
| Allocated memory      |  44790 KiB | 387006 KiB |    790 GiB |    790 GiB |
|       from large pool |  43899 KiB | 385791 KiB |    631 GiB |    631 GiB |
|       from small pool |    890 KiB |   3485 KiB |    158 GiB |    158 GiB |
|---------------------------------------------------------------------------|
| Active memory         |  44790 KiB | 387006 KiB |    790 GiB |    790 GiB |
|       from large pool |  43899 KiB | 385791 KiB |    631 GiB |    631 GiB |
|       from small pool |    890 KiB |   3485 KiB |    158 GiB |    158 GiB |
|---------------------------------------------------------------------------|
| Requested memory      |  44594 KiB | 386439 KiB |    786 GiB |    785 GiB |
|       from large pool |  43707 KiB | 385228 KiB |    628 GiB |    628 GiB |
|       from small pool |    887 KiB |   3481 KiB |    157 GiB |    157 GiB |
|---------------------------------------------------------------------------|
| GPU reserved memory   | 659456 KiB | 659456 KiB | 659456 KiB |      0 B   |
|       from large pool | 653312 KiB | 653312 KiB | 653312 KiB |      0 B   |
|       from small pool |   6144 KiB |   6144 KiB |   6144 KiB |      0 B   |
|---------------------------------------------------------------------------|
| Non-releasable memory |  51466 KiB | 121277 KiB | 597123 MiB | 597072 MiB |
|       from large pool |  50308 KiB | 118358 KiB | 324646 MiB | 324597 MiB |
|       from small pool |   1157 KiB |   3820 KiB | 272476 MiB | 272475 MiB |
|---------------------------------------------------------------------------|
| Allocations           |      41    |      66    |    4212 K  |    4212 K  |
|       from large pool |       9    |      28    |      81 K  |      81 K  |
|       from small pool |      32    |      45    |    4131 K  |    4131 K  |
|---------------------------------------------------------------------------|
| Active allocs         |      41    |      66    |    4212 K  |    4212 K  |
|       from large pool |       9    |      28    |      81 K  |      81 K  |
|       from small pool |      32    |      45    |    4131 K  |    4131 K  |
|---------------------------------------------------------------------------|
| GPU reserved segments |      23    |      23    |      23    |       0    |
|       from large pool |      20    |      20    |      20    |       0    |
|       from small pool |       3    |       3    |       3    |       0    |
|---------------------------------------------------------------------------|
| Non-releasable allocs |      18    |      26    |    1326 K  |    1326 K  |
|       from large pool |       6    |      13    |      35 K  |      35 K  |
|       from small pool |      12    |      19    |    1290 K  |    1290 K  |
|---------------------------------------------------------------------------|
| Oversize allocations  |       0    |       0    |       0    |       0    |
|---------------------------------------------------------------------------|
| Oversize GPU segments |       0    |       0    |       0    |       0    |
|===========================================================================|

|===========================================================================|
|                  PyTorch CUDA memory summary, device ID 0                 |
|---------------------------------------------------------------------------|
|            CUDA OOMs: 0            |        cudaMalloc retries: 0         |
|===========================================================================|
|        Metric         | Cur Usage  | Peak Usage | Tot Alloc  | Tot Freed  |
|---------------------------------------------------------------------------|
| Allocated memory      |  44554 KiB | 387006 KiB |    823 GiB |    823 GiB |
|       from large pool |  43824 KiB | 385791 KiB |    657 GiB |    657 GiB |
|       from small pool |    729 KiB |   3868 KiB |    166 GiB |    166 GiB |
|---------------------------------------------------------------------------|
| Active memory         |  44554 KiB | 387006 KiB |    823 GiB |    823 GiB |
|       from large pool |  43824 KiB | 385791 KiB |    657 GiB |    657 GiB |
|       from small pool |    729 KiB |   3868 KiB |    166 GiB |    166 GiB |
|---------------------------------------------------------------------------|
| Requested memory      |  44550 KiB | 386439 KiB |    819 GiB |    819 GiB |
|       from large pool |  43824 KiB | 385228 KiB |    654 GiB |    654 GiB |
|       from small pool |    726 KiB |   3864 KiB |    164 GiB |    164 GiB |
|---------------------------------------------------------------------------|
| GPU reserved memory   | 659456 KiB | 659456 KiB | 659456 KiB |      0 B   |
|       from large pool | 653312 KiB | 653312 KiB | 653312 KiB |      0 B   |
|       from small pool |   6144 KiB |   6144 KiB |   6144 KiB |      0 B   |
|---------------------------------------------------------------------------|
| Non-releasable memory |  51702 KiB | 121277 KiB | 625862 MiB | 625812 MiB |
|       from large pool |  50383 KiB | 118358 KiB | 345504 MiB | 345455 MiB |
|       from small pool |   1318 KiB |   3820 KiB | 280358 MiB | 280357 MiB |
|---------------------------------------------------------------------------|
| Allocations           |      41    |      66    |    4792 K  |    4792 K  |
|       from large pool |       9    |      28    |      85 K  |      85 K  |
|       from small pool |      32    |      46    |    4707 K  |    4707 K  |
|---------------------------------------------------------------------------|
| Active allocs         |      41    |      66    |    4792 K  |    4792 K  |
|       from large pool |       9    |      28    |      85 K  |      85 K  |
|       from small pool |      32    |      46    |    4707 K  |    4707 K  |
|---------------------------------------------------------------------------|
| GPU reserved segments |      23    |      23    |      23    |       0    |
|       from large pool |      20    |      20    |      20    |       0    |
|       from small pool |       3    |       3    |       3    |       0    |
|---------------------------------------------------------------------------|
| Non-releasable allocs |      20    |      28    |    1577 K  |    1577 K  |
|       from large pool |       6    |      15    |      38 K  |      38 K  |
|       from small pool |      14    |      21    |    1539 K  |    1539 K  |
|---------------------------------------------------------------------------|
| Oversize allocations  |       0    |       0    |       0    |       0    |
|---------------------------------------------------------------------------|
| Oversize GPU segments |       0    |       0    |       0    |       0    |
|===========================================================================|

