|===========================================================================|
|                  PyTorch CUDA memory summary, device ID 0                 |
|---------------------------------------------------------------------------|
|            CUDA OOMs: 0            |        cudaMalloc retries: 0         |
|===========================================================================|
|        Metric         | Cur Usage  | Peak Usage | Tot Alloc  | Tot Freed  |
|---------------------------------------------------------------------------|
| Allocated memory      |  37653 KiB | 125912 KiB | 386234 MiB | 386198 MiB |
|       from large pool |  37314 KiB | 125184 KiB | 373147 MiB | 373111 MiB |
|       from small pool |    338 KiB |   3316 KiB |  13086 MiB |  13086 MiB |
|---------------------------------------------------------------------------|
| Active memory         |  37653 KiB | 125912 KiB | 386234 MiB | 386198 MiB |
|       from large pool |  37314 KiB | 125184 KiB | 373147 MiB | 373111 MiB |
|       from small pool |    338 KiB |   3316 KiB |  13086 MiB |  13086 MiB |
|---------------------------------------------------------------------------|
| Requested memory      |  37650 KiB | 125908 KiB | 384635 MiB | 384598 MiB |
|       from large pool |  37314 KiB | 125184 KiB | 371605 MiB | 371569 MiB |
|       from small pool |    336 KiB |   3313 KiB |  13029 MiB |  13029 MiB |
|---------------------------------------------------------------------------|
| GPU reserved memory   | 167936 KiB | 167936 KiB | 167936 KiB |      0 B   |
|       from large pool | 163840 KiB | 163840 KiB | 163840 KiB |      0 B   |
|       from small pool |   4096 KiB |   4096 KiB |   4096 KiB |      0 B   |
|---------------------------------------------------------------------------|
| Non-releasable memory |  25835 KiB |  42265 KiB | 108175 MiB | 108150 MiB |
|       from large pool |  24125 KiB |  40704 KiB |  95085 MiB |  95061 MiB |
|       from small pool |   1709 KiB |   3195 KiB |  13090 MiB |  13088 MiB |
|---------------------------------------------------------------------------|
| Allocations           |      29    |      42    |  268373    |  268344    |
|       from large pool |       8    |      13    |   33596    |   33588    |
|       from small pool |      21    |      34    |  234777    |  234756    |
|---------------------------------------------------------------------------|
| Active allocs         |      29    |      42    |  268373    |  268344    |
|       from large pool |       8    |      13    |   33596    |   33588    |
|       from small pool |      21    |      34    |  234777    |  234756    |
|---------------------------------------------------------------------------|
| GPU reserved segments |      11    |      11    |      11    |       0    |
|       from large pool |       9    |       9    |       9    |       0    |
|       from small pool |       2    |       2    |       2    |       0    |
|---------------------------------------------------------------------------|
| Non-releasable allocs |      10    |      14    |  110294    |  110284    |
|       from large pool |       3    |       4    |    8265    |    8262    |
|       from small pool |       7    |      11    |  102029    |  102022    |
|---------------------------------------------------------------------------|
| Oversize allocations  |       0    |       0    |       0    |       0    |
|---------------------------------------------------------------------------|
| Oversize GPU segments |       0    |       0    |       0    |       0    |
|===========================================================================|

|===========================================================================|
|                  PyTorch CUDA memory summary, device ID 0                 |
|---------------------------------------------------------------------------|
|            CUDA OOMs: 0            |        cudaMalloc retries: 0         |
|===========================================================================|
|        Metric         | Cur Usage  | Peak Usage | Tot Alloc  | Tot Freed  |
|---------------------------------------------------------------------------|
| Allocated memory      |  37529 KiB | 378396 KiB | 438585 MiB | 438548 MiB |
|       from large pool |  37190 KiB | 377350 KiB | 419390 MiB | 419354 MiB |
|       from small pool |    338 KiB |   3316 KiB |  19194 MiB |  19194 MiB |
|---------------------------------------------------------------------------|
| Active memory         |  37529 KiB | 378396 KiB | 438585 MiB | 438548 MiB |
|       from large pool |  37190 KiB | 377350 KiB | 419390 MiB | 419354 MiB |
|       from small pool |    338 KiB |   3316 KiB |  19194 MiB |  19194 MiB |
|---------------------------------------------------------------------------|
| Requested memory      |  37346 KiB | 378079 KiB | 436783 MiB | 436747 MiB |
|       from large pool |  37010 KiB | 377036 KiB | 417681 MiB | 417645 MiB |
|       from small pool |    336 KiB |   3313 KiB |  19102 MiB |  19101 MiB |
|---------------------------------------------------------------------------|
| GPU reserved memory   | 581632 KiB | 581632 KiB | 581632 KiB |      0 B   |
|       from large pool | 577536 KiB | 577536 KiB | 577536 KiB |      0 B   |
|       from small pool |   4096 KiB |   4096 KiB |   4096 KiB |      0 B   |
|---------------------------------------------------------------------------|
| Non-releasable memory |  25959 KiB |  60901 KiB | 151093 MiB | 151068 MiB |
|       from large pool |  24249 KiB |  59893 KiB | 131883 MiB | 131860 MiB |
|       from small pool |   1709 KiB |   3290 KiB |  19209 MiB |  19208 MiB |
|---------------------------------------------------------------------------|
| Allocations           |      29    |      54    |  415744    |  415715    |
|       from large pool |       8    |      26    |   42149    |   42141    |
|       from small pool |      21    |      34    |  373595    |  373574    |
|---------------------------------------------------------------------------|
| Active allocs         |      29    |      54    |  415744    |  415715    |
|       from large pool |       8    |      26    |   42149    |   42141    |
|       from small pool |      21    |      34    |  373595    |  373574    |
|---------------------------------------------------------------------------|
| GPU reserved segments |      21    |      21    |      21    |       0    |
|       from large pool |      19    |      19    |      19    |       0    |
|       from small pool |       2    |       2    |       2    |       0    |
|---------------------------------------------------------------------------|
| Non-releasable allocs |       8    |      16    |  179385    |  179377    |
|       from large pool |       3    |      10    |   12887    |   12884    |
|       from small pool |       5    |      12    |  166498    |  166493    |
|---------------------------------------------------------------------------|
| Oversize allocations  |       0    |       0    |       0    |       0    |
|---------------------------------------------------------------------------|
| Oversize GPU segments |       0    |       0    |       0    |       0    |
|===========================================================================|

|===========================================================================|
|                  PyTorch CUDA memory summary, device ID 0                 |
|---------------------------------------------------------------------------|
|            CUDA OOMs: 0            |        cudaMalloc retries: 0         |
|===========================================================================|
|        Metric         | Cur Usage  | Peak Usage | Tot Alloc  | Tot Freed  |
|---------------------------------------------------------------------------|
| Allocated memory      |  37330 KiB | 378396 KiB | 499662 MiB | 499625 MiB |
|       from large pool |  36992 KiB | 377350 KiB | 472854 MiB | 472817 MiB |
|       from small pool |    338 KiB |   3316 KiB |  26808 MiB |  26807 MiB |
|---------------------------------------------------------------------------|
| Active memory         |  37330 KiB | 378396 KiB | 499662 MiB | 499625 MiB |
|       from large pool |  36992 KiB | 377350 KiB | 472854 MiB | 472817 MiB |
|       from small pool |    338 KiB |   3316 KiB |  26808 MiB |  26807 MiB |
|---------------------------------------------------------------------------|
| Requested memory      |  36771 KiB | 378079 KiB | 497650 MiB | 497614 MiB |
|       from large pool |  36435 KiB | 377036 KiB | 470976 MiB | 470940 MiB |
|       from small pool |    336 KiB |   3313 KiB |  26674 MiB |  26673 MiB |
|---------------------------------------------------------------------------|
| GPU reserved memory   | 657408 KiB | 657408 KiB | 657408 KiB |      0 B   |
|       from large pool | 653312 KiB | 653312 KiB | 653312 KiB |      0 B   |
|       from small pool |   4096 KiB |   4096 KiB |   4096 KiB |      0 B   |
|---------------------------------------------------------------------------|
| Non-releasable memory |  26157 KiB | 109656 KiB | 203362 MiB | 203336 MiB |
|       from large pool |  24448 KiB | 108393 KiB | 176487 MiB | 176463 MiB |
|       from small pool |   1709 KiB |   3290 KiB |  26874 MiB |  26873 MiB |
|---------------------------------------------------------------------------|
| Allocations           |      29    |      54    |  588696    |  588667    |
|       from large pool |       8    |      26    |   51834    |   51826    |
|       from small pool |      21    |      34    |  536862    |  536841    |
|---------------------------------------------------------------------------|
| Active allocs         |      29    |      54    |  588696    |  588667    |
|       from large pool |       8    |      26    |   51834    |   51826    |
|       from small pool |      21    |      34    |  536862    |  536841    |
|---------------------------------------------------------------------------|
| GPU reserved segments |      22    |      22    |      22    |       0    |
|       from large pool |      20    |      20    |      20    |       0    |
|       from small pool |       2    |       2    |       2    |       0    |
|---------------------------------------------------------------------------|
| Non-releasable allocs |       8    |      17    |  249667    |  249659    |
|       from large pool |       2    |      12    |   17189    |   17187    |
|       from small pool |       6    |      12    |  232478    |  232472    |
|---------------------------------------------------------------------------|
| Oversize allocations  |       0    |       0    |       0    |       0    |
|---------------------------------------------------------------------------|
| Oversize GPU segments |       0    |       0    |       0    |       0    |
|===========================================================================|

|===========================================================================|
|                  PyTorch CUDA memory summary, device ID 0                 |
|---------------------------------------------------------------------------|
|            CUDA OOMs: 0            |        cudaMalloc retries: 0         |
|===========================================================================|
|        Metric         | Cur Usage  | Peak Usage | Tot Alloc  | Tot Freed  |
|---------------------------------------------------------------------------|
| Allocated memory      |  37330 KiB | 378396 KiB | 544371 MiB | 544334 MiB |
|       from large pool |  36992 KiB | 377350 KiB | 512968 MiB | 512932 MiB |
|       from small pool |    338 KiB |   3316 KiB |  31402 MiB |  31401 MiB |
|---------------------------------------------------------------------------|
| Active memory         |  37330 KiB | 378396 KiB | 544371 MiB | 544334 MiB |
|       from large pool |  36992 KiB | 377350 KiB | 512968 MiB | 512932 MiB |
|       from small pool |    338 KiB |   3316 KiB |  31402 MiB |  31401 MiB |
|---------------------------------------------------------------------------|
| Requested memory      |  36478 KiB | 378079 KiB | 541961 MiB | 541925 MiB |
|       from large pool |  36142 KiB | 377036 KiB | 510719 MiB | 510683 MiB |
|       from small pool |    336 KiB |   3313 KiB |  31241 MiB |  31241 MiB |
|---------------------------------------------------------------------------|
| GPU reserved memory   | 657408 KiB | 657408 KiB | 657408 KiB |      0 B   |
|       from large pool | 653312 KiB | 653312 KiB | 653312 KiB |      0 B   |
|       from small pool |   4096 KiB |   4096 KiB |   4096 KiB |      0 B   |
|---------------------------------------------------------------------------|
| Non-releasable memory |  26157 KiB | 109656 KiB | 239828 MiB | 239803 MiB |
|       from large pool |  24448 KiB | 108393 KiB | 208350 MiB | 208327 MiB |
|       from small pool |   1709 KiB |   3305 KiB |  31477 MiB |  31476 MiB |
|---------------------------------------------------------------------------|
| Allocations           |      29    |      54    |  698912    |  698883    |
|       from large pool |       8    |      26    |   58926    |   58918    |
|       from small pool |      21    |      34    |  639986    |  639965    |
|---------------------------------------------------------------------------|
| Active allocs         |      29    |      54    |  698912    |  698883    |
|       from large pool |       8    |      26    |   58926    |   58918    |
|       from small pool |      21    |      34    |  639986    |  639965    |
|---------------------------------------------------------------------------|
| GPU reserved segments |      22    |      22    |      22    |       0    |
|       from large pool |      20    |      20    |      20    |       0    |
|       from small pool |       2    |       2    |       2    |       0    |
|---------------------------------------------------------------------------|
| Non-releasable allocs |       7    |      17    |  291269    |  291262    |
|       from large pool |       2    |      12    |   20496    |   20494    |
|       from small pool |       5    |      12    |  270773    |  270768    |
|---------------------------------------------------------------------------|
| Oversize allocations  |       0    |       0    |       0    |       0    |
|---------------------------------------------------------------------------|
| Oversize GPU segments |       0    |       0    |       0    |       0    |
|===========================================================================|

|===========================================================================|
|                  PyTorch CUDA memory summary, device ID 0                 |
|---------------------------------------------------------------------------|
|            CUDA OOMs: 0            |        cudaMalloc retries: 0         |
|===========================================================================|
|        Metric         | Cur Usage  | Peak Usage | Tot Alloc  | Tot Freed  |
|---------------------------------------------------------------------------|
| Allocated memory      |  36557 KiB | 378396 KiB | 578702 MiB | 578666 MiB |
|       from large pool |  36218 KiB | 377350 KiB | 543912 MiB | 543877 MiB |
|       from small pool |    338 KiB |   3316 KiB |  34789 MiB |  34789 MiB |
|---------------------------------------------------------------------------|
| Active memory         |  36557 KiB | 378396 KiB | 578702 MiB | 578666 MiB |
|       from large pool |  36218 KiB | 377350 KiB | 543912 MiB | 543877 MiB |
|       from small pool |    338 KiB |   3316 KiB |  34789 MiB |  34789 MiB |
|---------------------------------------------------------------------------|
| Requested memory      |  36553 KiB | 378079 KiB | 576080 MiB | 576044 MiB |
|       from large pool |  36217 KiB | 377036 KiB | 541468 MiB | 541433 MiB |
|       from small pool |    336 KiB |   3313 KiB |  34611 MiB |  34610 MiB |
|---------------------------------------------------------------------------|
| GPU reserved memory   | 657408 KiB | 657408 KiB | 657408 KiB |      0 B   |
|       from large pool | 653312 KiB | 653312 KiB | 653312 KiB |      0 B   |
|       from small pool |   4096 KiB |   4096 KiB |   4096 KiB |      0 B   |
|---------------------------------------------------------------------------|
| Non-releasable memory |  26931 KiB | 109656 KiB | 266847 MiB | 266820 MiB |
|       from large pool |  25221 KiB | 108393 KiB | 231973 MiB | 231948 MiB |
|       from small pool |   1709 KiB |   3305 KiB |  34873 MiB |  34871 MiB |
|---------------------------------------------------------------------------|
| Allocations           |      29    |      54    |     776 K  |     776 K  |
|       from large pool |       8    |      26    |      63 K  |      63 K  |
|       from small pool |      21    |      34    |     712 K  |     712 K  |
|---------------------------------------------------------------------------|
| Active allocs         |      29    |      54    |     776 K  |     776 K  |
|       from large pool |       8    |      26    |      63 K  |      63 K  |
|       from small pool |      21    |      34    |     712 K  |     712 K  |
|---------------------------------------------------------------------------|
| GPU reserved segments |      22    |      22    |      22    |       0    |
|       from large pool |      20    |      20    |      20    |       0    |
|       from small pool |       2    |       2    |       2    |       0    |
|---------------------------------------------------------------------------|
| Non-releasable allocs |       9    |      17    |  323041    |  323032    |
|       from large pool |       4    |      12    |   22803    |   22799    |
|       from small pool |       5    |      12    |  300238    |  300233    |
|---------------------------------------------------------------------------|
| Oversize allocations  |       0    |       0    |       0    |       0    |
|---------------------------------------------------------------------------|
| Oversize GPU segments |       0    |       0    |       0    |       0    |
|===========================================================================|

|===========================================================================|
|                  PyTorch CUDA memory summary, device ID 0                 |
|---------------------------------------------------------------------------|
|            CUDA OOMs: 0            |        cudaMalloc retries: 0         |
|===========================================================================|
|        Metric         | Cur Usage  | Peak Usage | Tot Alloc  | Tot Freed  |
|---------------------------------------------------------------------------|
| Allocated memory      |  37436 KiB | 378396 KiB | 611917 MiB | 611881 MiB |
|       from large pool |  37098 KiB | 377350 KiB | 574263 MiB | 574227 MiB |
|       from small pool |    338 KiB |   3316 KiB |  37654 MiB |  37653 MiB |
|---------------------------------------------------------------------------|
| Active memory         |  37436 KiB | 378396 KiB | 611917 MiB | 611881 MiB |
|       from large pool |  37098 KiB | 377350 KiB | 574263 MiB | 574227 MiB |
|       from small pool |    338 KiB |   3316 KiB |  37654 MiB |  37653 MiB |
|---------------------------------------------------------------------------|
| Requested memory      |  37044 KiB | 378079 KiB | 609082 MiB | 609046 MiB |
|       from large pool |  36708 KiB | 377036 KiB | 571623 MiB | 571588 MiB |
|       from small pool |    336 KiB |   3313 KiB |  37458 MiB |  37458 MiB |
|---------------------------------------------------------------------------|
| GPU reserved memory   | 657408 KiB | 657408 KiB | 657408 KiB |      0 B   |
|       from large pool | 653312 KiB | 653312 KiB | 653312 KiB |      0 B   |
|       from small pool |   4096 KiB |   4096 KiB |   4096 KiB |      0 B   |
|---------------------------------------------------------------------------|
| Non-releasable memory |  26051 KiB | 109656 KiB | 293526 MiB | 293501 MiB |
|       from large pool |  24342 KiB | 108393 KiB | 255781 MiB | 255757 MiB |
|       from small pool |   1709 KiB |   3305 KiB |  37745 MiB |  37744 MiB |
|---------------------------------------------------------------------------|
| Allocations           |      29    |      54    |     843 K  |     843 K  |
|       from large pool |       8    |      26    |      68 K  |      68 K  |
|       from small pool |      21    |      34    |     775 K  |     775 K  |
|---------------------------------------------------------------------------|
| Active allocs         |      29    |      54    |     843 K  |     843 K  |
|       from large pool |       8    |      26    |      68 K  |      68 K  |
|       from small pool |      21    |      34    |     775 K  |     775 K  |
|---------------------------------------------------------------------------|
| GPU reserved segments |      22    |      22    |      22    |       0    |
|       from large pool |      20    |      20    |      20    |       0    |
|       from small pool |       2    |       2    |       2    |       0    |
|---------------------------------------------------------------------------|
| Non-releasable allocs |      10    |      17    |  348634    |  348624    |
|       from large pool |       3    |      12    |   25375    |   25372    |
|       from small pool |       7    |      12    |  323259    |  323252    |
|---------------------------------------------------------------------------|
| Oversize allocations  |       0    |       0    |       0    |       0    |
|---------------------------------------------------------------------------|
| Oversize GPU segments |       0    |       0    |       0    |       0    |
|===========================================================================|

|===========================================================================|
|                  PyTorch CUDA memory summary, device ID 0                 |
|---------------------------------------------------------------------------|
|            CUDA OOMs: 0            |        cudaMalloc retries: 0         |
|===========================================================================|
|        Metric         | Cur Usage  | Peak Usage | Tot Alloc  | Tot Freed  |
|---------------------------------------------------------------------------|
| Allocated memory      |  37887 KiB | 378396 KiB | 650023 MiB | 649986 MiB |
|       from large pool |  37549 KiB | 377350 KiB | 608776 MiB | 608739 MiB |
|       from small pool |    338 KiB |   3316 KiB |  41246 MiB |  41246 MiB |
|---------------------------------------------------------------------------|
| Active memory         |  37887 KiB | 378396 KiB | 650023 MiB | 649986 MiB |
|       from large pool |  37549 KiB | 377350 KiB | 608776 MiB | 608739 MiB |
|       from small pool |    338 KiB |   3316 KiB |  41246 MiB |  41246 MiB |
|---------------------------------------------------------------------------|
| Requested memory      |  37026 KiB | 378079 KiB | 647000 MiB | 646964 MiB |
|       from large pool |  36690 KiB | 377036 KiB | 605969 MiB | 605933 MiB |
|       from small pool |    336 KiB |   3313 KiB |  41031 MiB |  41030 MiB |
|---------------------------------------------------------------------------|
| GPU reserved memory   | 657408 KiB | 657408 KiB | 657408 KiB |      0 B   |
|       from large pool | 653312 KiB | 653312 KiB | 653312 KiB |      0 B   |
|       from small pool |   4096 KiB |   4096 KiB |   4096 KiB |      0 B   |
|---------------------------------------------------------------------------|
| Non-releasable memory |  25600 KiB | 109656 KiB | 324260 MiB | 324235 MiB |
|       from large pool |  23891 KiB | 108393 KiB | 282913 MiB | 282889 MiB |
|       from small pool |   1709 KiB |   3305 KiB |  41347 MiB |  41345 MiB |
|---------------------------------------------------------------------------|
| Allocations           |      29    |      54    |     928 K  |     928 K  |
|       from large pool |       8    |      26    |      74 K  |      74 K  |
|       from small pool |      21    |      34    |     854 K  |     854 K  |
|---------------------------------------------------------------------------|
| Active allocs         |      29    |      54    |     928 K  |     928 K  |
|       from large pool |       8    |      26    |      74 K  |      74 K  |
|       from small pool |      21    |      34    |     854 K  |     854 K  |
|---------------------------------------------------------------------------|
| GPU reserved segments |      22    |      22    |      22    |       0    |
|       from large pool |      20    |      20    |      20    |       0    |
|       from small pool |       2    |       2    |       2    |       0    |
|---------------------------------------------------------------------------|
| Non-releasable allocs |       9    |      17    |  380684    |  380675    |
|       from large pool |       3    |      12    |   28335    |   28332    |
|       from small pool |       6    |      12    |  352349    |  352343    |
|---------------------------------------------------------------------------|
| Oversize allocations  |       0    |       0    |       0    |       0    |
|---------------------------------------------------------------------------|
| Oversize GPU segments |       0    |       0    |       0    |       0    |
|===========================================================================|

|===========================================================================|
|                  PyTorch CUDA memory summary, device ID 0                 |
|---------------------------------------------------------------------------|
|            CUDA OOMs: 0            |        cudaMalloc retries: 0         |
|===========================================================================|
|        Metric         | Cur Usage  | Peak Usage | Tot Alloc  | Tot Freed  |
|---------------------------------------------------------------------------|
| Allocated memory      |  36429 KiB | 378396 KiB | 690217 MiB | 690181 MiB |
|       from large pool |  35707 KiB | 377350 KiB | 644710 MiB | 644675 MiB |
|       from small pool |    721 KiB |   3316 KiB |  45506 MiB |  45506 MiB |
|---------------------------------------------------------------------------|
| Active memory         |  36429 KiB | 378396 KiB | 690217 MiB | 690181 MiB |
|       from large pool |  35707 KiB | 377350 KiB | 644710 MiB | 644675 MiB |
|       from small pool |    721 KiB |   3316 KiB |  45506 MiB |  45506 MiB |
|---------------------------------------------------------------------------|
| Requested memory      |  36234 KiB | 378079 KiB | 687009 MiB | 686974 MiB |
|       from large pool |  35515 KiB | 377036 KiB | 641741 MiB | 641706 MiB |
|       from small pool |    719 KiB |   3313 KiB |  45268 MiB |  45267 MiB |
|---------------------------------------------------------------------------|
| GPU reserved memory   | 657408 KiB | 657408 KiB | 657408 KiB |      0 B   |
|       from large pool | 653312 KiB | 653312 KiB | 653312 KiB |      0 B   |
|       from small pool |   4096 KiB |   4096 KiB |   4096 KiB |      0 B   |
|---------------------------------------------------------------------------|
| Non-releasable memory |  27059 KiB | 109656 KiB | 355531 MiB | 355505 MiB |
|       from large pool |  25732 KiB | 108393 KiB | 309853 MiB | 309828 MiB |
|       from small pool |   1326 KiB |   3317 KiB |  45677 MiB |  45676 MiB |
|---------------------------------------------------------------------------|
| Allocations           |      29    |      54    |    1023 K  |    1023 K  |
|       from large pool |       7    |      26    |      80 K  |      80 K  |
|       from small pool |      22    |      34    |     942 K  |     942 K  |
|---------------------------------------------------------------------------|
| Active allocs         |      29    |      54    |    1023 K  |    1023 K  |
|       from large pool |       7    |      26    |      80 K  |      80 K  |
|       from small pool |      22    |      34    |     942 K  |     942 K  |
|---------------------------------------------------------------------------|
| GPU reserved segments |      22    |      22    |      22    |       0    |
|       from large pool |      20    |      20    |      20    |       0    |
|       from small pool |       2    |       2    |       2    |       0    |
|---------------------------------------------------------------------------|
| Non-releasable allocs |       8    |      17    |  418319    |  418311    |
|       from large pool |       3    |      12    |   31732    |   31729    |
|       from small pool |       5    |      12    |  386587    |  386582    |
|---------------------------------------------------------------------------|
| Oversize allocations  |       0    |       0    |       0    |       0    |
|---------------------------------------------------------------------------|
| Oversize GPU segments |       0    |       0    |       0    |       0    |
|===========================================================================|

|===========================================================================|
|                  PyTorch CUDA memory summary, device ID 0                 |
|---------------------------------------------------------------------------|
|            CUDA OOMs: 0            |        cudaMalloc retries: 0         |
|===========================================================================|
|        Metric         | Cur Usage  | Peak Usage | Tot Alloc  | Tot Freed  |
|---------------------------------------------------------------------------|
| Allocated memory      |  36385 KiB | 378396 KiB | 715631 MiB | 715595 MiB |
|       from large pool |  35824 KiB | 377350 KiB | 668182 MiB | 668147 MiB |
|       from small pool |    560 KiB |   3699 KiB |  47448 MiB |  47447 MiB |
|---------------------------------------------------------------------------|
| Active memory         |  36385 KiB | 378396 KiB | 715631 MiB | 715595 MiB |
|       from large pool |  35824 KiB | 377350 KiB | 668182 MiB | 668147 MiB |
|       from small pool |    560 KiB |   3699 KiB |  47448 MiB |  47447 MiB |
|---------------------------------------------------------------------------|
| Requested memory      |  36190 KiB | 378079 KiB | 712274 MiB | 712239 MiB |
|       from large pool |  35632 KiB | 377036 KiB | 665075 MiB | 665040 MiB |
|       from small pool |    558 KiB |   3696 KiB |  47199 MiB |  47198 MiB |
|---------------------------------------------------------------------------|
| GPU reserved memory   | 659456 KiB | 659456 KiB | 659456 KiB |      0 B   |
|       from large pool | 653312 KiB | 653312 KiB | 653312 KiB |      0 B   |
|       from small pool |   6144 KiB |   6144 KiB |   6144 KiB |      0 B   |
|---------------------------------------------------------------------------|
| Non-releasable memory |  43487 KiB | 109656 KiB | 376275 MiB | 376233 MiB |
|       from large pool |  41999 KiB | 108393 KiB | 328547 MiB | 328506 MiB |
|       from small pool |   1487 KiB |   3834 KiB |  47728 MiB |  47727 MiB |
|---------------------------------------------------------------------------|
| Allocations           |      29    |      54    |    1063 K  |    1063 K  |
|       from large pool |       7    |      26    |      83 K  |      83 K  |
|       from small pool |      22    |      35    |     980 K  |     980 K  |
|---------------------------------------------------------------------------|
| Active allocs         |      29    |      54    |    1063 K  |    1063 K  |
|       from large pool |       7    |      26    |      83 K  |      83 K  |
|       from small pool |      22    |      35    |     980 K  |     980 K  |
|---------------------------------------------------------------------------|
| GPU reserved segments |      23    |      23    |      23    |       0    |
|       from large pool |      20    |      20    |      20    |       0    |
|       from small pool |       3    |       3    |       3    |       0    |
|---------------------------------------------------------------------------|
| Non-releasable allocs |      10    |      19    |  436215    |  436205    |
|       from large pool |       4    |      12    |   33277    |   33273    |
|       from small pool |       6    |      12    |  402938    |  402932    |
|---------------------------------------------------------------------------|
| Oversize allocations  |       0    |       0    |       0    |       0    |
|---------------------------------------------------------------------------|
| Oversize GPU segments |       0    |       0    |       0    |       0    |
|===========================================================================|

