|===========================================================================|
|                  PyTorch CUDA memory summary, device ID 0                 |
|---------------------------------------------------------------------------|
|            CUDA OOMs: 0            |        cudaMalloc retries: 0         |
|===========================================================================|
|        Metric         | Cur Usage  | Peak Usage | Tot Alloc  | Tot Freed  |
|---------------------------------------------------------------------------|
| Allocated memory      |  37653 KiB | 378396 KiB |   1275 GiB |   1275 GiB |
|       from large pool |  37314 KiB | 377350 KiB |   1083 GiB |   1083 GiB |
|       from small pool |    338 KiB |   3699 KiB |    192 GiB |    192 GiB |
|---------------------------------------------------------------------------|
| Active memory         |  37653 KiB | 378396 KiB |   1275 GiB |   1275 GiB |
|       from large pool |  37314 KiB | 377350 KiB |   1083 GiB |   1083 GiB |
|       from small pool |    338 KiB |   3699 KiB |    192 GiB |    192 GiB |
|---------------------------------------------------------------------------|
| Requested memory      |  37650 KiB | 378079 KiB |   1268 GiB |   1268 GiB |
|       from large pool |  37314 KiB | 377036 KiB |   1078 GiB |   1078 GiB |
|       from small pool |    336 KiB |   3696 KiB |    190 GiB |    190 GiB |
|---------------------------------------------------------------------------|
| GPU reserved memory   | 659456 KiB | 659456 KiB | 659456 KiB |      0 B   |
|       from large pool | 653312 KiB | 653312 KiB | 653312 KiB |      0 B   |
|       from small pool |   6144 KiB |   6144 KiB |   6144 KiB |      0 B   |
|---------------------------------------------------------------------------|
| Non-releasable memory |  21739 KiB | 109005 KiB | 706426 MiB | 706405 MiB |
|       from large pool |  20029 KiB | 107742 KiB | 458772 MiB | 458752 MiB |
|       from small pool |   1709 KiB |   4213 KiB | 247654 MiB | 247652 MiB |
|---------------------------------------------------------------------------|
| Allocations           |      29    |      54    |    5803 K  |    5803 K  |
|       from large pool |       8    |      26    |     128 K  |     128 K  |
|       from small pool |      21    |      35    |    5675 K  |    5675 K  |
|---------------------------------------------------------------------------|
| Active allocs         |      29    |      54    |    5803 K  |    5803 K  |
|       from large pool |       8    |      26    |     128 K  |     128 K  |
|       from small pool |      21    |      35    |    5675 K  |    5675 K  |
|---------------------------------------------------------------------------|
| GPU reserved segments |      23    |      23    |      23    |       0    |
|       from large pool |      20    |      20    |      20    |       0    |
|       from small pool |       3    |       3    |       3    |       0    |
|---------------------------------------------------------------------------|
| Non-releasable allocs |       9    |      19    |    1949 K  |    1949 K  |
|       from large pool |       4    |      12    |      52 K  |      52 K  |
|       from small pool |       5    |      13    |    1896 K  |    1896 K  |
|---------------------------------------------------------------------------|
| Oversize allocations  |       0    |       0    |       0    |       0    |
|---------------------------------------------------------------------------|
| Oversize GPU segments |       0    |       0    |       0    |       0    |
|===========================================================================|

|===========================================================================|
|                  PyTorch CUDA memory summary, device ID 0                 |
|---------------------------------------------------------------------------|
|            CUDA OOMs: 0            |        cudaMalloc retries: 0         |
|===========================================================================|
|        Metric         | Cur Usage  | Peak Usage | Tot Alloc  | Tot Freed  |
|---------------------------------------------------------------------------|
| Allocated memory      |  37349 KiB | 378645 KiB |   1377 GiB |   1377 GiB |
|       from large pool |  37010 KiB | 377599 KiB |   1153 GiB |   1153 GiB |
|       from small pool |    338 KiB |   3699 KiB |    224 GiB |    224 GiB |
|---------------------------------------------------------------------------|
| Active memory         |  37349 KiB | 378645 KiB |   1377 GiB |   1377 GiB |
|       from large pool |  37010 KiB | 377599 KiB |   1153 GiB |   1153 GiB |
|       from small pool |    338 KiB |   3699 KiB |    224 GiB |    224 GiB |
|---------------------------------------------------------------------------|
| Requested memory      |  37346 KiB | 378079 KiB |   1370 GiB |   1370 GiB |
|       from large pool |  37010 KiB | 377036 KiB |   1148 GiB |   1148 GiB |
|       from small pool |    336 KiB |   3696 KiB |    222 GiB |    222 GiB |
|---------------------------------------------------------------------------|
| GPU reserved memory   | 659456 KiB | 659456 KiB | 659456 KiB |      0 B   |
|       from large pool | 653312 KiB | 653312 KiB | 653312 KiB |      0 B   |
|       from small pool |   6144 KiB |   6144 KiB |   6144 KiB |      0 B   |
|---------------------------------------------------------------------------|
| Non-releasable memory |   5659 KiB | 109005 KiB |    825 GiB |    825 GiB |
|       from large pool |   3949 KiB | 107742 KiB |    502 GiB |    502 GiB |
|       from small pool |   1709 KiB |   4213 KiB |    323 GiB |    323 GiB |
|---------------------------------------------------------------------------|
| Allocations           |      29    |      54    |    6426 K  |    6426 K  |
|       from large pool |       8    |      26    |     140 K  |     140 K  |
|       from small pool |      21    |      35    |    6285 K  |    6285 K  |
|---------------------------------------------------------------------------|
| Active allocs         |      29    |      54    |    6426 K  |    6426 K  |
|       from large pool |       8    |      26    |     140 K  |     140 K  |
|       from small pool |      21    |      35    |    6285 K  |    6285 K  |
|---------------------------------------------------------------------------|
| GPU reserved segments |      23    |      23    |      23    |       0    |
|       from large pool |      20    |      20    |      20    |       0    |
|       from small pool |       3    |       3    |       3    |       0    |
|---------------------------------------------------------------------------|
| Non-releasable allocs |       6    |      19    |    2161 K  |    2161 K  |
|       from large pool |       2    |      12    |      60 K  |      60 K  |
|       from small pool |       4    |      13    |    2100 K  |    2100 K  |
|---------------------------------------------------------------------------|
| Oversize allocations  |       0    |       0    |       0    |       0    |
|---------------------------------------------------------------------------|
| Oversize GPU segments |       0    |       0    |       0    |       0    |
|===========================================================================|

|===========================================================================|
|                  PyTorch CUDA memory summary, device ID 0                 |
|---------------------------------------------------------------------------|
|            CUDA OOMs: 0            |        cudaMalloc retries: 0         |
|===========================================================================|
|        Metric         | Cur Usage  | Peak Usage | Tot Alloc  | Tot Freed  |
|---------------------------------------------------------------------------|
| Allocated memory      |  37618 KiB | 378645 KiB |   1460 GiB |   1460 GiB |
|       from large pool |  37280 KiB | 377599 KiB |   1208 GiB |   1208 GiB |
|       from small pool |    338 KiB |   3699 KiB |    251 GiB |    251 GiB |
|---------------------------------------------------------------------------|
| Active memory         |  37618 KiB | 378645 KiB |   1460 GiB |   1460 GiB |
|       from large pool |  37280 KiB | 377599 KiB |   1208 GiB |   1208 GiB |
|       from small pool |    338 KiB |   3699 KiB |    251 GiB |    251 GiB |
|---------------------------------------------------------------------------|
| Requested memory      |  36771 KiB | 378079 KiB |   1453 GiB |   1453 GiB |
|       from large pool |  36435 KiB | 377036 KiB |   1203 GiB |   1203 GiB |
|       from small pool |    336 KiB |   3696 KiB |    249 GiB |    249 GiB |
|---------------------------------------------------------------------------|
| GPU reserved memory   | 659456 KiB | 659456 KiB | 659456 KiB |      0 B   |
|       from large pool | 653312 KiB | 653312 KiB | 653312 KiB |      0 B   |
|       from small pool |   6144 KiB |   6144 KiB |   6144 KiB |      0 B   |
|---------------------------------------------------------------------------|
| Non-releasable memory |  21773 KiB | 109005 KiB |    897 GiB |    897 GiB |
|       from large pool |  20064 KiB | 107742 KiB |    545 GiB |    545 GiB |
|       from small pool |   1709 KiB |   4213 KiB |    351 GiB |    351 GiB |
|---------------------------------------------------------------------------|
| Allocations           |      29    |      54    |    7005 K  |    7005 K  |
|       from large pool |       8    |      26    |     149 K  |     149 K  |
|       from small pool |      21    |      35    |    6856 K  |    6856 K  |
|---------------------------------------------------------------------------|
| Active allocs         |      29    |      54    |    7005 K  |    7005 K  |
|       from large pool |       8    |      26    |     149 K  |     149 K  |
|       from small pool |      21    |      35    |    6856 K  |    6856 K  |
|---------------------------------------------------------------------------|
| GPU reserved segments |      23    |      23    |      23    |       0    |
|       from large pool |      20    |      20    |      20    |       0    |
|       from small pool |       3    |       3    |       3    |       0    |
|---------------------------------------------------------------------------|
| Non-releasable allocs |       7    |      19    |    2329 K  |    2329 K  |
|       from large pool |       3    |      12    |      67 K  |      67 K  |
|       from small pool |       4    |      13    |    2262 K  |    2262 K  |
|---------------------------------------------------------------------------|
| Oversize allocations  |       0    |       0    |       0    |       0    |
|---------------------------------------------------------------------------|
| Oversize GPU segments |       0    |       0    |       0    |       0    |
|===========================================================================|

|===========================================================================|
|                  PyTorch CUDA memory summary, device ID 0                 |
|---------------------------------------------------------------------------|
|            CUDA OOMs: 0            |        cudaMalloc retries: 0         |
|===========================================================================|
|        Metric         | Cur Usage  | Peak Usage | Tot Alloc  | Tot Freed  |
|---------------------------------------------------------------------------|
| Allocated memory      |  37330 KiB | 378645 KiB |   1523 GiB |   1523 GiB |
|       from large pool |  36992 KiB | 377599 KiB |   1252 GiB |   1252 GiB |
|       from small pool |    338 KiB |   3699 KiB |    271 GiB |    271 GiB |
|---------------------------------------------------------------------------|
| Active memory         |  37330 KiB | 378645 KiB |   1523 GiB |   1523 GiB |
|       from large pool |  36992 KiB | 377599 KiB |   1252 GiB |   1252 GiB |
|       from small pool |    338 KiB |   3699 KiB |    271 GiB |    271 GiB |
|---------------------------------------------------------------------------|
| Requested memory      |  36478 KiB | 378079 KiB |   1516 GiB |   1516 GiB |
|       from large pool |  36142 KiB | 377036 KiB |   1246 GiB |   1246 GiB |
|       from small pool |    336 KiB |   3696 KiB |    269 GiB |    269 GiB |
|---------------------------------------------------------------------------|
| GPU reserved memory   | 659456 KiB | 659456 KiB | 659456 KiB |      0 B   |
|       from large pool | 653312 KiB | 653312 KiB | 653312 KiB |      0 B   |
|       from small pool |   6144 KiB |   6144 KiB |   6144 KiB |      0 B   |
|---------------------------------------------------------------------------|
| Non-releasable memory |   5677 KiB | 109005 KiB |    947 GiB |    947 GiB |
|       from large pool |   3968 KiB | 107742 KiB |    576 GiB |    576 GiB |
|       from small pool |   1709 KiB |   4213 KiB |    370 GiB |    370 GiB |
|---------------------------------------------------------------------------|
| Allocations           |      29    |      54    |    7548 K  |    7548 K  |
|       from large pool |       8    |      26    |     156 K  |     156 K  |
|       from small pool |      21    |      35    |    7392 K  |    7392 K  |
|---------------------------------------------------------------------------|
| Active allocs         |      29    |      54    |    7548 K  |    7548 K  |
|       from large pool |       8    |      26    |     156 K  |     156 K  |
|       from small pool |      21    |      35    |    7392 K  |    7392 K  |
|---------------------------------------------------------------------------|
| GPU reserved segments |      23    |      23    |      23    |       0    |
|       from large pool |      20    |      20    |      20    |       0    |
|       from small pool |       3    |       3    |       3    |       0    |
|---------------------------------------------------------------------------|
| Non-releasable allocs |       5    |      19    |    2476 K  |    2476 K  |
|       from large pool |       1    |      12    |      71 K  |      71 K  |
|       from small pool |       4    |      13    |    2404 K  |    2404 K  |
|---------------------------------------------------------------------------|
| Oversize allocations  |       0    |       0    |       0    |       0    |
|---------------------------------------------------------------------------|
| Oversize GPU segments |       0    |       0    |       0    |       0    |
|===========================================================================|

|===========================================================================|
|                  PyTorch CUDA memory summary, device ID 0                 |
|---------------------------------------------------------------------------|
|            CUDA OOMs: 0            |        cudaMalloc retries: 0         |
|===========================================================================|
|        Metric         | Cur Usage  | Peak Usage | Tot Alloc  | Tot Freed  |
|---------------------------------------------------------------------------|
| Allocated memory      |  36845 KiB | 378645 KiB |   1599 GiB |   1599 GiB |
|       from large pool |  36506 KiB | 377599 KiB |   1310 GiB |   1310 GiB |
|       from small pool |    338 KiB |   3699 KiB |    289 GiB |    289 GiB |
|---------------------------------------------------------------------------|
| Active memory         |  36845 KiB | 378645 KiB |   1599 GiB |   1599 GiB |
|       from large pool |  36506 KiB | 377599 KiB |   1310 GiB |   1310 GiB |
|       from small pool |    338 KiB |   3699 KiB |    289 GiB |    289 GiB |
|---------------------------------------------------------------------------|
| Requested memory      |  36553 KiB | 378079 KiB |   1591 GiB |   1591 GiB |
|       from large pool |  36217 KiB | 377036 KiB |   1304 GiB |   1304 GiB |
|       from small pool |    336 KiB |   3696 KiB |    286 GiB |    286 GiB |
|---------------------------------------------------------------------------|
| GPU reserved memory   | 659456 KiB | 659456 KiB | 659456 KiB |      0 B   |
|       from large pool | 653312 KiB | 653312 KiB | 653312 KiB |      0 B   |
|       from small pool |   6144 KiB |   6144 KiB |   6144 KiB |      0 B   |
|---------------------------------------------------------------------------|
| Non-releasable memory |  22547 KiB | 109005 KiB |   1000 GiB |   1000 GiB |
|       from large pool |  20837 KiB | 107742 KiB |    612 GiB |    612 GiB |
|       from small pool |   1709 KiB |   4213 KiB |    388 GiB |    388 GiB |
|---------------------------------------------------------------------------|
| Allocations           |      29    |      54    |    8137 K  |    8137 K  |
|       from large pool |       8    |      26    |     164 K  |     164 K  |
|       from small pool |      21    |      35    |    7972 K  |    7972 K  |
|---------------------------------------------------------------------------|
| Active allocs         |      29    |      54    |    8137 K  |    8137 K  |
|       from large pool |       8    |      26    |     164 K  |     164 K  |
|       from small pool |      21    |      35    |    7972 K  |    7972 K  |
|---------------------------------------------------------------------------|
| GPU reserved segments |      23    |      23    |      23    |       0    |
|       from large pool |      20    |      20    |      20    |       0    |
|       from small pool |       3    |       3    |       3    |       0    |
|---------------------------------------------------------------------------|
| Non-releasable allocs |       9    |      19    |    2656 K  |    2656 K  |
|       from large pool |       5    |      12    |      77 K  |      77 K  |
|       from small pool |       4    |      13    |    2578 K  |    2578 K  |
|---------------------------------------------------------------------------|
| Oversize allocations  |       0    |       0    |       0    |       0    |
|---------------------------------------------------------------------------|
| Oversize GPU segments |       0    |       0    |       0    |       0    |
|===========================================================================|

|===========================================================================|
|                  PyTorch CUDA memory summary, device ID 0                 |
|---------------------------------------------------------------------------|
|            CUDA OOMs: 0            |        cudaMalloc retries: 0         |
|===========================================================================|
|        Metric         | Cur Usage  | Peak Usage | Tot Alloc  | Tot Freed  |
|---------------------------------------------------------------------------|
| Allocated memory      |  37724 KiB | 378645 KiB |   1674 GiB |   1674 GiB |
|       from large pool |  37386 KiB | 377599 KiB |   1368 GiB |   1368 GiB |
|       from small pool |    338 KiB |   3699 KiB |    306 GiB |    306 GiB |
|---------------------------------------------------------------------------|
| Active memory         |  37724 KiB | 378645 KiB |   1674 GiB |   1674 GiB |
|       from large pool |  37386 KiB | 377599 KiB |   1368 GiB |   1368 GiB |
|       from small pool |    338 KiB |   3699 KiB |    306 GiB |    306 GiB |
|---------------------------------------------------------------------------|
| Requested memory      |  37044 KiB | 378079 KiB |   1665 GiB |   1665 GiB |
|       from large pool |  36708 KiB | 377036 KiB |   1362 GiB |   1362 GiB |
|       from small pool |    336 KiB |   3696 KiB |    303 GiB |    303 GiB |
|---------------------------------------------------------------------------|
| GPU reserved memory   | 659456 KiB | 659456 KiB | 659456 KiB |      0 B   |
|       from large pool | 653312 KiB | 653312 KiB | 653312 KiB |      0 B   |
|       from small pool |   6144 KiB |   6144 KiB |   6144 KiB |      0 B   |
|---------------------------------------------------------------------------|
| Non-releasable memory |  21667 KiB | 109005 KiB |   1053 GiB |   1053 GiB |
|       from large pool |  19958 KiB | 107742 KiB |    648 GiB |    648 GiB |
|       from small pool |   1709 KiB |   4213 KiB |    405 GiB |    405 GiB |
|---------------------------------------------------------------------------|
| Allocations           |      29    |      54    |    8727 K  |    8727 K  |
|       from large pool |       8    |      26    |     172 K  |     172 K  |
|       from small pool |      21    |      35    |    8554 K  |    8554 K  |
|---------------------------------------------------------------------------|
| Active allocs         |      29    |      54    |    8727 K  |    8727 K  |
|       from large pool |       8    |      26    |     172 K  |     172 K  |
|       from small pool |      21    |      35    |    8554 K  |    8554 K  |
|---------------------------------------------------------------------------|
| GPU reserved segments |      23    |      23    |      23    |       0    |
|       from large pool |      20    |      20    |      20    |       0    |
|       from small pool |       3    |       3    |       3    |       0    |
|---------------------------------------------------------------------------|
| Non-releasable allocs |       8    |      19    |    2846 K  |    2846 K  |
|       from large pool |       4    |      12    |      83 K  |      83 K  |
|       from small pool |       4    |      13    |    2762 K  |    2762 K  |
|---------------------------------------------------------------------------|
| Oversize allocations  |       0    |       0    |       0    |       0    |
|---------------------------------------------------------------------------|
| Oversize GPU segments |       0    |       0    |       0    |       0    |
|===========================================================================|

|===========================================================================|
|                  PyTorch CUDA memory summary, device ID 0                 |
|---------------------------------------------------------------------------|
|            CUDA OOMs: 0            |        cudaMalloc retries: 0         |
|===========================================================================|
|        Metric         | Cur Usage  | Peak Usage | Tot Alloc  | Tot Freed  |
|---------------------------------------------------------------------------|
| Allocated memory      |  38175 KiB | 378645 KiB |   1734 GiB |   1734 GiB |
|       from large pool |  37837 KiB | 377599 KiB |   1407 GiB |   1407 GiB |
|       from small pool |    338 KiB |   3699 KiB |    326 GiB |    326 GiB |
|---------------------------------------------------------------------------|
| Active memory         |  38175 KiB | 378645 KiB |   1734 GiB |   1734 GiB |
|       from large pool |  37837 KiB | 377599 KiB |   1407 GiB |   1407 GiB |
|       from small pool |    338 KiB |   3699 KiB |    326 GiB |    326 GiB |
|---------------------------------------------------------------------------|
| Requested memory      |  37026 KiB | 378079 KiB |   1725 GiB |   1725 GiB |
|       from large pool |  36690 KiB | 377036 KiB |   1401 GiB |   1400 GiB |
|       from small pool |    336 KiB |   3696 KiB |    324 GiB |    324 GiB |
|---------------------------------------------------------------------------|
| GPU reserved memory   | 659456 KiB | 659456 KiB | 659456 KiB |      0 B   |
|       from large pool | 653312 KiB | 653312 KiB | 653312 KiB |      0 B   |
|       from small pool |   6144 KiB |   6144 KiB |   6144 KiB |      0 B   |
|---------------------------------------------------------------------------|
| Non-releasable memory |  21216 KiB | 109005 KiB |   1100 GiB |   1100 GiB |
|       from large pool |  19507 KiB | 107742 KiB |    674 GiB |    674 GiB |
|       from small pool |   1709 KiB |   4213 KiB |    425 GiB |    425 GiB |
|---------------------------------------------------------------------------|
| Allocations           |      29    |      54    |    9318 K  |    9318 K  |
|       from large pool |       8    |      26    |     178 K  |     178 K  |
|       from small pool |      21    |      35    |    9139 K  |    9139 K  |
|---------------------------------------------------------------------------|
| Active allocs         |      29    |      54    |    9318 K  |    9318 K  |
|       from large pool |       8    |      26    |     178 K  |     178 K  |
|       from small pool |      21    |      35    |    9139 K  |    9139 K  |
|---------------------------------------------------------------------------|
| GPU reserved segments |      23    |      23    |      23    |       0    |
|       from large pool |      20    |      20    |      20    |       0    |
|       from small pool |       3    |       3    |       3    |       0    |
|---------------------------------------------------------------------------|
| Non-releasable allocs |       8    |      19    |    2953 K  |    2953 K  |
|       from large pool |       4    |      12    |      87 K  |      87 K  |
|       from small pool |       4    |      13    |    2865 K  |    2865 K  |
|---------------------------------------------------------------------------|
| Oversize allocations  |       0    |       0    |       0    |       0    |
|---------------------------------------------------------------------------|
| Oversize GPU segments |       0    |       0    |       0    |       0    |
|===========================================================================|

|===========================================================================|
|                  PyTorch CUDA memory summary, device ID 0                 |
|---------------------------------------------------------------------------|
|            CUDA OOMs: 0            |        cudaMalloc retries: 0         |
|===========================================================================|
|        Metric         | Cur Usage  | Peak Usage | Tot Alloc  | Tot Freed  |
|---------------------------------------------------------------------------|
| Allocated memory      |  36237 KiB | 378645 KiB |   1802 GiB |   1802 GiB |
|       from large pool |  35515 KiB | 377599 KiB |   1454 GiB |   1454 GiB |
|       from small pool |    721 KiB |   3699 KiB |    347 GiB |    347 GiB |
|---------------------------------------------------------------------------|
| Active memory         |  36237 KiB | 378645 KiB |   1802 GiB |   1802 GiB |
|       from large pool |  35515 KiB | 377599 KiB |   1454 GiB |   1454 GiB |
|       from small pool |    721 KiB |   3699 KiB |    347 GiB |    347 GiB |
|---------------------------------------------------------------------------|
| Requested memory      |  36234 KiB | 378079 KiB |   1792 GiB |   1792 GiB |
|       from large pool |  35515 KiB | 377036 KiB |   1447 GiB |   1447 GiB |
|       from small pool |    719 KiB |   3696 KiB |    344 GiB |    344 GiB |
|---------------------------------------------------------------------------|
| GPU reserved memory   | 659456 KiB | 659456 KiB | 659456 KiB |      0 B   |
|       from large pool | 653312 KiB | 653312 KiB | 653312 KiB |      0 B   |
|       from small pool |   6144 KiB |   6144 KiB |   6144 KiB |      0 B   |
|---------------------------------------------------------------------------|
| Non-releasable memory |   6771 KiB | 109005 KiB |   1151 GiB |   1151 GiB |
|       from large pool |   5444 KiB | 107742 KiB |    704 GiB |    704 GiB |
|       from small pool |   1326 KiB |   4213 KiB |    447 GiB |    447 GiB |
|---------------------------------------------------------------------------|
| Allocations           |      29    |      54    |    9956 K  |    9956 K  |
|       from large pool |       7    |      26    |     185 K  |     185 K  |
|       from small pool |      22    |      35    |    9771 K  |    9771 K  |
|---------------------------------------------------------------------------|
| Active allocs         |      29    |      54    |    9956 K  |    9956 K  |
|       from large pool |       7    |      26    |     185 K  |     185 K  |
|       from small pool |      22    |      35    |    9771 K  |    9771 K  |
|---------------------------------------------------------------------------|
| GPU reserved segments |      23    |      23    |      23    |       0    |
|       from large pool |      20    |      20    |      20    |       0    |
|       from small pool |       3    |       3    |       3    |       0    |
|---------------------------------------------------------------------------|
| Non-releasable allocs |       6    |      19    |    3134 K  |    3134 K  |
|       from large pool |       2    |      13    |      92 K  |      92 K  |
|       from small pool |       4    |      13    |    3041 K  |    3041 K  |
|---------------------------------------------------------------------------|
| Oversize allocations  |       0    |       0    |       0    |       0    |
|---------------------------------------------------------------------------|
| Oversize GPU segments |       0    |       0    |       0    |       0    |
|===========================================================================|

|===========================================================================|
|                  PyTorch CUDA memory summary, device ID 0                 |
|---------------------------------------------------------------------------|
|            CUDA OOMs: 0            |        cudaMalloc retries: 0         |
|===========================================================================|
|        Metric         | Cur Usage  | Peak Usage | Tot Alloc  | Tot Freed  |
|---------------------------------------------------------------------------|
| Allocated memory      |  36481 KiB | 378645 KiB |   1838 GiB |   1838 GiB |
|       from large pool |  35920 KiB | 377599 KiB |   1482 GiB |   1482 GiB |
|       from small pool |    560 KiB |   3699 KiB |    355 GiB |    355 GiB |
|---------------------------------------------------------------------------|
| Active memory         |  36481 KiB | 378645 KiB |   1838 GiB |   1838 GiB |
|       from large pool |  35920 KiB | 377599 KiB |   1482 GiB |   1482 GiB |
|       from small pool |    560 KiB |   3699 KiB |    355 GiB |    355 GiB |
|---------------------------------------------------------------------------|
| Requested memory      |  36190 KiB | 378079 KiB |   1828 GiB |   1828 GiB |
|       from large pool |  35632 KiB | 377036 KiB |   1475 GiB |   1475 GiB |
|       from small pool |    558 KiB |   3696 KiB |    352 GiB |    352 GiB |
|---------------------------------------------------------------------------|
| GPU reserved memory   | 659456 KiB | 659456 KiB | 659456 KiB |      0 B   |
|       from large pool | 653312 KiB | 653312 KiB | 653312 KiB |      0 B   |
|       from small pool |   6144 KiB |   6144 KiB |   6144 KiB |      0 B   |
|---------------------------------------------------------------------------|
| Non-releasable memory |  22911 KiB | 109005 KiB |   1174 GiB |   1174 GiB |
|       from large pool |  21423 KiB | 107742 KiB |    719 GiB |    719 GiB |
|       from small pool |   1487 KiB |   4213 KiB |    454 GiB |    454 GiB |
|---------------------------------------------------------------------------|
| Allocations           |      29    |      54    |   10531 K  |   10531 K  |
|       from large pool |       7    |      26    |     188 K  |     188 K  |
|       from small pool |      22    |      35    |   10342 K  |   10342 K  |
|---------------------------------------------------------------------------|
| Active allocs         |      29    |      54    |   10531 K  |   10531 K  |
|       from large pool |       7    |      26    |     188 K  |     188 K  |
|       from small pool |      22    |      35    |   10342 K  |   10342 K  |
|---------------------------------------------------------------------------|
| GPU reserved segments |      23    |      23    |      23    |       0    |
|       from large pool |      20    |      20    |      20    |       0    |
|       from small pool |       3    |       3    |       3    |       0    |
|---------------------------------------------------------------------------|
| Non-releasable allocs |      10    |      21    |    3289 K  |    3289 K  |
|       from large pool |       4    |      14    |      94 K  |      94 K  |
|       from small pool |       6    |      14    |    3195 K  |    3195 K  |
|---------------------------------------------------------------------------|
| Oversize allocations  |       0    |       0    |       0    |       0    |
|---------------------------------------------------------------------------|
| Oversize GPU segments |       0    |       0    |       0    |       0    |
|===========================================================================|

