|===========================================================================|
|                  PyTorch CUDA memory summary, device ID 0                 |
|---------------------------------------------------------------------------|
|            CUDA OOMs: 0            |        cudaMalloc retries: 0         |
|===========================================================================|
|        Metric         | Cur Usage  | Peak Usage | Tot Alloc  | Tot Freed  |
|---------------------------------------------------------------------------|
| Allocated memory      |  37653 KiB | 130076 KiB | 437570 MiB | 437534 MiB |
|       from large pool |  37314 KiB | 129280 KiB | 423442 MiB | 423406 MiB |
|       from small pool |    338 KiB |   3316 KiB |  14128 MiB |  14127 MiB |
|---------------------------------------------------------------------------|
| Active memory         |  37653 KiB | 130076 KiB | 437570 MiB | 437534 MiB |
|       from large pool |  37314 KiB | 129280 KiB | 423442 MiB | 423406 MiB |
|       from small pool |    338 KiB |   3316 KiB |  14128 MiB |  14127 MiB |
|---------------------------------------------------------------------------|
| Requested memory      |  37650 KiB | 130072 KiB | 436066 MiB | 436030 MiB |
|       from large pool |  37314 KiB | 129280 KiB | 422013 MiB | 421977 MiB |
|       from small pool |    336 KiB |   3313 KiB |  14052 MiB |  14052 MiB |
|---------------------------------------------------------------------------|
| GPU reserved memory   | 172032 KiB | 172032 KiB | 172032 KiB |      0 B   |
|       from large pool | 167936 KiB | 167936 KiB | 167936 KiB |      0 B   |
|       from small pool |   4096 KiB |   4096 KiB |   4096 KiB |      0 B   |
|---------------------------------------------------------------------------|
| Non-releasable memory |  44267 KiB |  50406 KiB | 232493 MiB | 232450 MiB |
|       from large pool |  42557 KiB |  48896 KiB | 218360 MiB | 218319 MiB |
|       from small pool |   1709 KiB |   3347 KiB |  14133 MiB |  14131 MiB |
|---------------------------------------------------------------------------|
| Allocations           |      29    |      53    |  366397    |  366368    |
|       from large pool |       8    |      17    |   46198    |   46190    |
|       from small pool |      21    |      39    |  320199    |  320178    |
|---------------------------------------------------------------------------|
| Active allocs         |      29    |      53    |  366397    |  366368    |
|       from large pool |       8    |      17    |   46198    |   46190    |
|       from small pool |      21    |      39    |  320199    |  320178    |
|---------------------------------------------------------------------------|
| GPU reserved segments |      11    |      11    |      11    |       0    |
|       from large pool |       9    |       9    |       9    |       0    |
|       from small pool |       2    |       2    |       2    |       0    |
|---------------------------------------------------------------------------|
| Non-releasable allocs |      12    |      22    |  187050    |  187038    |
|       from large pool |       5    |       7    |   25264    |   25259    |
|       from small pool |       7    |      15    |  161786    |  161779    |
|---------------------------------------------------------------------------|
| Oversize allocations  |       0    |       0    |       0    |       0    |
|---------------------------------------------------------------------------|
| Oversize GPU segments |       0    |       0    |       0    |       0    |
|===========================================================================|

|===========================================================================|
|                  PyTorch CUDA memory summary, device ID 0                 |
|---------------------------------------------------------------------------|
|            CUDA OOMs: 0            |        cudaMalloc retries: 0         |
|===========================================================================|
|        Metric         | Cur Usage  | Peak Usage | Tot Alloc  | Tot Freed  |
|---------------------------------------------------------------------------|
| Allocated memory      |  37458 KiB | 378773 KiB | 522211 MiB | 522175 MiB |
|       from large pool |  37120 KiB | 377727 KiB | 477436 MiB | 477399 MiB |
|       from small pool |    338 KiB |   3316 KiB |  44775 MiB |  44775 MiB |
|---------------------------------------------------------------------------|
| Active memory         |  37458 KiB | 378773 KiB | 522211 MiB | 522175 MiB |
|       from large pool |  37120 KiB | 377727 KiB | 477436 MiB | 477399 MiB |
|       from small pool |    338 KiB |   3316 KiB |  44775 MiB |  44775 MiB |
|---------------------------------------------------------------------------|
| Requested memory      |  37346 KiB | 378079 KiB | 520343 MiB | 520307 MiB |
|       from large pool |  37010 KiB | 377036 KiB | 475830 MiB | 475794 MiB |
|       from small pool |    336 KiB |   3313 KiB |  44513 MiB |  44512 MiB |
|---------------------------------------------------------------------------|
| GPU reserved memory   | 585728 KiB | 585728 KiB | 585728 KiB |      0 B   |
|       from large pool | 581632 KiB | 581632 KiB | 581632 KiB |      0 B   |
|       from small pool |   4096 KiB |   4096 KiB |   4096 KiB |      0 B   |
|---------------------------------------------------------------------------|
| Non-releasable memory |  26029 KiB |  61546 KiB | 360382 MiB | 360357 MiB |
|       from large pool |  24320 KiB |  60196 KiB | 264991 MiB | 264967 MiB |
|       from small pool |   1709 KiB |   3347 KiB |  95391 MiB |  95390 MiB |
|---------------------------------------------------------------------------|
| Allocations           |      29    |      54    |     944 K  |     944 K  |
|       from large pool |       8    |      26    |      56 K  |      56 K  |
|       from small pool |      21    |      39    |     887 K  |     887 K  |
|---------------------------------------------------------------------------|
| Active allocs         |      29    |      54    |     944 K  |     944 K  |
|       from large pool |       8    |      26    |      56 K  |      56 K  |
|       from small pool |      21    |      39    |     887 K  |     887 K  |
|---------------------------------------------------------------------------|
| GPU reserved segments |      21    |      21    |      21    |       0    |
|       from large pool |      19    |      19    |      19    |       0    |
|       from small pool |       2    |       2    |       2    |       0    |
|---------------------------------------------------------------------------|
| Non-releasable allocs |      15    |      22    |  354795    |  354780    |
|       from large pool |       4    |      12    |   31630    |   31626    |
|       from small pool |      11    |      15    |  323165    |  323154    |
|---------------------------------------------------------------------------|
| Oversize allocations  |       0    |       0    |       0    |       0    |
|---------------------------------------------------------------------------|
| Oversize GPU segments |       0    |       0    |       0    |       0    |
|===========================================================================|

|===========================================================================|
|                  PyTorch CUDA memory summary, device ID 0                 |
|---------------------------------------------------------------------------|
|            CUDA OOMs: 0            |        cudaMalloc retries: 0         |
|===========================================================================|
|        Metric         | Cur Usage  | Peak Usage | Tot Alloc  | Tot Freed  |
|---------------------------------------------------------------------------|
| Allocated memory      |  37458 KiB | 378773 KiB | 594575 MiB | 594539 MiB |
|       from large pool |  37120 KiB | 377727 KiB | 522638 MiB | 522602 MiB |
|       from small pool |    338 KiB |   3316 KiB |  71937 MiB |  71937 MiB |
|---------------------------------------------------------------------------|
| Active memory         |  37458 KiB | 378773 KiB | 594575 MiB | 594539 MiB |
|       from large pool |  37120 KiB | 377727 KiB | 522638 MiB | 522602 MiB |
|       from small pool |    338 KiB |   3316 KiB |  71937 MiB |  71937 MiB |
|---------------------------------------------------------------------------|
| Requested memory      |  36771 KiB | 378079 KiB | 592417 MiB | 592382 MiB |
|       from large pool |  36435 KiB | 377036 KiB | 520917 MiB | 520882 MiB |
|       from small pool |    336 KiB |   3313 KiB |  71500 MiB |  71500 MiB |
|---------------------------------------------------------------------------|
| GPU reserved memory   | 661504 KiB | 661504 KiB | 661504 KiB |      0 B   |
|       from large pool | 657408 KiB | 657408 KiB | 657408 KiB |      0 B   |
|       from small pool |   4096 KiB |   4096 KiB |   4096 KiB |      0 B   |
|---------------------------------------------------------------------------|
| Non-releasable memory |  26029 KiB | 113823 KiB | 481280 MiB | 481255 MiB |
|       from large pool |  24320 KiB | 112560 KiB | 302992 MiB | 302968 MiB |
|       from small pool |   1709 KiB |   3347 KiB | 178288 MiB | 178286 MiB |
|---------------------------------------------------------------------------|
| Allocations           |      29    |      54    |    1500 K  |    1500 K  |
|       from large pool |       8    |      26    |      64 K  |      64 K  |
|       from small pool |      21    |      39    |    1435 K  |    1435 K  |
|---------------------------------------------------------------------------|
| Active allocs         |      29    |      54    |    1500 K  |    1500 K  |
|       from large pool |       8    |      26    |      64 K  |      64 K  |
|       from small pool |      21    |      39    |    1435 K  |    1435 K  |
|---------------------------------------------------------------------------|
| GPU reserved segments |      22    |      22    |      22    |       0    |
|       from large pool |      20    |      20    |      20    |       0    |
|       from small pool |       2    |       2    |       2    |       0    |
|---------------------------------------------------------------------------|
| Non-releasable allocs |      11    |      22    |  587819    |  587808    |
|       from large pool |       3    |      13    |   36754    |   36751    |
|       from small pool |       8    |      16    |  551065    |  551057    |
|---------------------------------------------------------------------------|
| Oversize allocations  |       0    |       0    |       0    |       0    |
|---------------------------------------------------------------------------|
| Oversize GPU segments |       0    |       0    |       0    |       0    |
|===========================================================================|

|===========================================================================|
|                  PyTorch CUDA memory summary, device ID 0                 |
|---------------------------------------------------------------------------|
|            CUDA OOMs: 0            |        cudaMalloc retries: 0         |
|===========================================================================|
|        Metric         | Cur Usage  | Peak Usage | Tot Alloc  | Tot Freed  |
|---------------------------------------------------------------------------|
| Allocated memory      |  37458 KiB | 378773 KiB | 671672 MiB | 671636 MiB |
|       from large pool |  37120 KiB | 377727 KiB | 578102 MiB | 578066 MiB |
|       from small pool |    338 KiB |   3316 KiB |  93570 MiB |  93570 MiB |
|---------------------------------------------------------------------------|
| Active memory         |  37458 KiB | 378773 KiB | 671672 MiB | 671636 MiB |
|       from large pool |  37120 KiB | 377727 KiB | 578102 MiB | 578066 MiB |
|       from small pool |    338 KiB |   3316 KiB |  93570 MiB |  93570 MiB |
|---------------------------------------------------------------------------|
| Requested memory      |  36478 KiB | 378079 KiB | 668798 MiB | 668763 MiB |
|       from large pool |  36142 KiB | 377036 KiB | 575794 MiB | 575758 MiB |
|       from small pool |    336 KiB |   3313 KiB |  93004 MiB |  93004 MiB |
|---------------------------------------------------------------------------|
| GPU reserved memory   | 661504 KiB | 661504 KiB | 661504 KiB |      0 B   |
|       from large pool | 657408 KiB | 657408 KiB | 657408 KiB |      0 B   |
|       from small pool |   4096 KiB |   4096 KiB |   4096 KiB |      0 B   |
|---------------------------------------------------------------------------|
| Non-releasable memory |  26029 KiB | 113823 KiB | 549498 MiB | 549472 MiB |
|       from large pool |  24320 KiB | 112560 KiB | 349568 MiB | 349544 MiB |
|       from small pool |   1709 KiB |   3347 KiB | 199930 MiB | 199928 MiB |
|---------------------------------------------------------------------------|
| Allocations           |      29    |      54    |    2089 K  |    2089 K  |
|       from large pool |       8    |      26    |      75 K  |      75 K  |
|       from small pool |      21    |      39    |    2014 K  |    2014 K  |
|---------------------------------------------------------------------------|
| Active allocs         |      29    |      54    |    2089 K  |    2089 K  |
|       from large pool |       8    |      26    |      75 K  |      75 K  |
|       from small pool |      21    |      39    |    2014 K  |    2014 K  |
|---------------------------------------------------------------------------|
| GPU reserved segments |      22    |      22    |      22    |       0    |
|       from large pool |      20    |      20    |      20    |       0    |
|       from small pool |       2    |       2    |       2    |       0    |
|---------------------------------------------------------------------------|
| Non-releasable allocs |      12    |      22    |     794 K  |     794 K  |
|       from large pool |       3    |      13    |      43 K  |      43 K  |
|       from small pool |       9    |      16    |     750 K  |     750 K  |
|---------------------------------------------------------------------------|
| Oversize allocations  |       0    |       0    |       0    |       0    |
|---------------------------------------------------------------------------|
| Oversize GPU segments |       0    |       0    |       0    |       0    |
|===========================================================================|

|===========================================================================|
|                  PyTorch CUDA memory summary, device ID 0                 |
|---------------------------------------------------------------------------|
|            CUDA OOMs: 0            |        cudaMalloc retries: 0         |
|===========================================================================|
|        Metric         | Cur Usage  | Peak Usage | Tot Alloc  | Tot Freed  |
|---------------------------------------------------------------------------|
| Allocated memory      |  36557 KiB | 378773 KiB | 733315 MiB | 733279 MiB |
|       from large pool |  36218 KiB | 377727 KiB | 622880 MiB | 622845 MiB |
|       from small pool |    338 KiB |   3316 KiB | 110435 MiB | 110434 MiB |
|---------------------------------------------------------------------------|
| Active memory         |  36557 KiB | 378773 KiB | 733315 MiB | 733279 MiB |
|       from large pool |  36218 KiB | 377727 KiB | 622880 MiB | 622845 MiB |
|       from small pool |    338 KiB |   3316 KiB | 110435 MiB | 110434 MiB |
|---------------------------------------------------------------------------|
| Requested memory      |  36553 KiB | 378079 KiB | 729939 MiB | 729904 MiB |
|       from large pool |  36217 KiB | 377036 KiB | 620256 MiB | 620221 MiB |
|       from small pool |    336 KiB |   3313 KiB | 109682 MiB | 109682 MiB |
|---------------------------------------------------------------------------|
| GPU reserved memory   | 661504 KiB | 661504 KiB | 661504 KiB |      0 B   |
|       from large pool | 657408 KiB | 657408 KiB | 657408 KiB |      0 B   |
|       from small pool |   4096 KiB |   4096 KiB |   4096 KiB |      0 B   |
|---------------------------------------------------------------------------|
| Non-releasable memory |  26931 KiB | 113823 KiB | 603340 MiB | 603314 MiB |
|       from large pool |  25221 KiB | 112560 KiB | 386536 MiB | 386512 MiB |
|       from small pool |   1709 KiB |   3347 KiB | 216803 MiB | 216802 MiB |
|---------------------------------------------------------------------------|
| Allocations           |      29    |      54    |    2659 K  |    2659 K  |
|       from large pool |       8    |      26    |      82 K  |      82 K  |
|       from small pool |      21    |      39    |    2576 K  |    2576 K  |
|---------------------------------------------------------------------------|
| Active allocs         |      29    |      54    |    2659 K  |    2659 K  |
|       from large pool |       8    |      26    |      82 K  |      82 K  |
|       from small pool |      21    |      39    |    2576 K  |    2576 K  |
|---------------------------------------------------------------------------|
| GPU reserved segments |      22    |      22    |      22    |       0    |
|       from large pool |      20    |      20    |      20    |       0    |
|       from small pool |       2    |       2    |       2    |       0    |
|---------------------------------------------------------------------------|
| Non-releasable allocs |      13    |      22    |     917 K  |     917 K  |
|       from large pool |       5    |      13    |      48 K  |      48 K  |
|       from small pool |       8    |      16    |     868 K  |     868 K  |
|---------------------------------------------------------------------------|
| Oversize allocations  |       0    |       0    |       0    |       0    |
|---------------------------------------------------------------------------|
| Oversize GPU segments |       0    |       0    |       0    |       0    |
|===========================================================================|

|===========================================================================|
|                  PyTorch CUDA memory summary, device ID 0                 |
|---------------------------------------------------------------------------|
|            CUDA OOMs: 0            |        cudaMalloc retries: 0         |
|===========================================================================|
|        Metric         | Cur Usage  | Peak Usage | Tot Alloc  | Tot Freed  |
|---------------------------------------------------------------------------|
| Allocated memory      |  37564 KiB | 378773 KiB | 782782 MiB | 782745 MiB |
|       from large pool |  37226 KiB | 377727 KiB | 656975 MiB | 656939 MiB |
|       from small pool |    338 KiB |   3316 KiB | 125806 MiB | 125805 MiB |
|---------------------------------------------------------------------------|
| Active memory         |  37564 KiB | 378773 KiB | 782782 MiB | 782745 MiB |
|       from large pool |  37226 KiB | 377727 KiB | 656975 MiB | 656939 MiB |
|       from small pool |    338 KiB |   3316 KiB | 125806 MiB | 125805 MiB |
|---------------------------------------------------------------------------|
| Requested memory      |  37044 KiB | 378079 KiB | 778948 MiB | 778912 MiB |
|       from large pool |  36708 KiB | 377036 KiB | 654056 MiB | 654020 MiB |
|       from small pool |    336 KiB |   3313 KiB | 124892 MiB | 124891 MiB |
|---------------------------------------------------------------------------|
| GPU reserved memory   | 661504 KiB | 661504 KiB | 661504 KiB |      0 B   |
|       from large pool | 657408 KiB | 657408 KiB | 657408 KiB |      0 B   |
|       from small pool |   4096 KiB |   4096 KiB |   4096 KiB |      0 B   |
|---------------------------------------------------------------------------|
| Non-releasable memory |  25923 KiB | 113823 KiB | 646758 MiB | 646732 MiB |
|       from large pool |  24214 KiB | 112560 KiB | 414575 MiB | 414551 MiB |
|       from small pool |   1709 KiB |   3347 KiB | 232183 MiB | 232181 MiB |
|---------------------------------------------------------------------------|
| Allocations           |      29    |      54    |    3208 K  |    3208 K  |
|       from large pool |       8    |      26    |      88 K  |      88 K  |
|       from small pool |      21    |      39    |    3119 K  |    3119 K  |
|---------------------------------------------------------------------------|
| Active allocs         |      29    |      54    |    3208 K  |    3208 K  |
|       from large pool |       8    |      26    |      88 K  |      88 K  |
|       from small pool |      21    |      39    |    3119 K  |    3119 K  |
|---------------------------------------------------------------------------|
| GPU reserved segments |      22    |      22    |      22    |       0    |
|       from large pool |      20    |      20    |      20    |       0    |
|       from small pool |       2    |       2    |       2    |       0    |
|---------------------------------------------------------------------------|
| Non-releasable allocs |      14    |      22    |    1075 K  |    1075 K  |
|       from large pool |       4    |      14    |      52 K  |      52 K  |
|       from small pool |      10    |      16    |    1022 K  |    1022 K  |
|---------------------------------------------------------------------------|
| Oversize allocations  |       0    |       0    |       0    |       0    |
|---------------------------------------------------------------------------|
| Oversize GPU segments |       0    |       0    |       0    |       0    |
|===========================================================================|

|===========================================================================|
|                  PyTorch CUDA memory summary, device ID 0                 |
|---------------------------------------------------------------------------|
|            CUDA OOMs: 0            |        cudaMalloc retries: 0         |
|===========================================================================|
|        Metric         | Cur Usage  | Peak Usage | Tot Alloc  | Tot Freed  |
|---------------------------------------------------------------------------|
| Allocated memory      |  37887 KiB | 378773 KiB |    822 GiB |    822 GiB |
|       from large pool |  37549 KiB | 377727 KiB |    678 GiB |    678 GiB |
|       from small pool |    338 KiB |   3316 KiB |    143 GiB |    143 GiB |
|---------------------------------------------------------------------------|
| Active memory         |  37887 KiB | 378773 KiB |    822 GiB |    822 GiB |
|       from large pool |  37549 KiB | 377727 KiB |    678 GiB |    678 GiB |
|       from small pool |    338 KiB |   3316 KiB |    143 GiB |    143 GiB |
|---------------------------------------------------------------------------|
| Requested memory      |  37026 KiB | 378079 KiB |    818 GiB |    818 GiB |
|       from large pool |  36690 KiB | 377036 KiB |    675 GiB |    675 GiB |
|       from small pool |    336 KiB |   3313 KiB |    142 GiB |    142 GiB |
|---------------------------------------------------------------------------|
| GPU reserved memory   | 661504 KiB | 661504 KiB | 661504 KiB |      0 B   |
|       from large pool | 657408 KiB | 657408 KiB | 657408 KiB |      0 B   |
|       from small pool |   4096 KiB |   4096 KiB |   4096 KiB |      0 B   |
|---------------------------------------------------------------------------|
| Non-releasable memory |  25600 KiB | 113823 KiB | 698269 MiB | 698244 MiB |
|       from large pool |  23891 KiB | 112560 KiB | 444998 MiB | 444975 MiB |
|       from small pool |   1709 KiB |   3347 KiB | 253270 MiB | 253268 MiB |
|---------------------------------------------------------------------------|
| Allocations           |      29    |      54    |    3805 K  |    3805 K  |
|       from large pool |       8    |      26    |      95 K  |      95 K  |
|       from small pool |      21    |      39    |    3710 K  |    3710 K  |
|---------------------------------------------------------------------------|
| Active allocs         |      29    |      54    |    3805 K  |    3805 K  |
|       from large pool |       8    |      26    |      95 K  |      95 K  |
|       from small pool |      21    |      39    |    3710 K  |    3710 K  |
|---------------------------------------------------------------------------|
| GPU reserved segments |      22    |      22    |      22    |       0    |
|       from large pool |      20    |      20    |      20    |       0    |
|       from small pool |       2    |       2    |       2    |       0    |
|---------------------------------------------------------------------------|
| Non-releasable allocs |      13    |      22    |    1192 K  |    1192 K  |
|       from large pool |       4    |      14    |      56 K  |      56 K  |
|       from small pool |       9    |      16    |    1135 K  |    1135 K  |
|---------------------------------------------------------------------------|
| Oversize allocations  |       0    |       0    |       0    |       0    |
|---------------------------------------------------------------------------|
| Oversize GPU segments |       0    |       0    |       0    |       0    |
|===========================================================================|

|===========================================================================|
|                  PyTorch CUDA memory summary, device ID 0                 |
|---------------------------------------------------------------------------|
|            CUDA OOMs: 0            |        cudaMalloc retries: 0         |
|===========================================================================|
|        Metric         | Cur Usage  | Peak Usage | Tot Alloc  | Tot Freed  |
|---------------------------------------------------------------------------|
| Allocated memory      |  36237 KiB | 378773 KiB |    890 GiB |    889 GiB |
|       from large pool |  35515 KiB | 377727 KiB |    725 GiB |    725 GiB |
|       from small pool |    721 KiB |   3316 KiB |    164 GiB |    164 GiB |
|---------------------------------------------------------------------------|
| Active memory         |  36237 KiB | 378773 KiB |    890 GiB |    889 GiB |
|       from large pool |  35515 KiB | 377727 KiB |    725 GiB |    725 GiB |
|       from small pool |    721 KiB |   3316 KiB |    164 GiB |    164 GiB |
|---------------------------------------------------------------------------|
| Requested memory      |  36234 KiB | 378079 KiB |    885 GiB |    885 GiB |
|       from large pool |  35515 KiB | 377036 KiB |    721 GiB |    721 GiB |
|       from small pool |    719 KiB |   3313 KiB |    163 GiB |    163 GiB |
|---------------------------------------------------------------------------|
| GPU reserved memory   | 661504 KiB | 661504 KiB | 661504 KiB |      0 B   |
|       from large pool | 657408 KiB | 657408 KiB | 657408 KiB |      0 B   |
|       from small pool |   4096 KiB |   4096 KiB |   4096 KiB |      0 B   |
|---------------------------------------------------------------------------|
| Non-releasable memory |  27251 KiB | 113823 KiB | 760219 MiB | 760192 MiB |
|       from large pool |  25924 KiB | 112560 KiB | 484994 MiB | 484969 MiB |
|       from small pool |   1326 KiB |   3347 KiB | 275224 MiB | 275223 MiB |
|---------------------------------------------------------------------------|
| Allocations           |      29    |      54    |    4458 K  |    4458 K  |
|       from large pool |       7    |      26    |     103 K  |     103 K  |
|       from small pool |      22    |      39    |    4354 K  |    4354 K  |
|---------------------------------------------------------------------------|
| Active allocs         |      29    |      54    |    4458 K  |    4458 K  |
|       from large pool |       7    |      26    |     103 K  |     103 K  |
|       from small pool |      22    |      39    |    4354 K  |    4354 K  |
|---------------------------------------------------------------------------|
| GPU reserved segments |      22    |      22    |      22    |       0    |
|       from large pool |      20    |      20    |      20    |       0    |
|       from small pool |       2    |       2    |       2    |       0    |
|---------------------------------------------------------------------------|
| Non-releasable allocs |      14    |      23    |    1373 K  |    1373 K  |
|       from large pool |       4    |      15    |      61 K  |      61 K  |
|       from small pool |      10    |      16    |    1311 K  |    1311 K  |
|---------------------------------------------------------------------------|
| Oversize allocations  |       0    |       0    |       0    |       0    |
|---------------------------------------------------------------------------|
| Oversize GPU segments |       0    |       0    |       0    |       0    |
|===========================================================================|

|===========================================================================|
|                  PyTorch CUDA memory summary, device ID 0                 |
|---------------------------------------------------------------------------|
|            CUDA OOMs: 0            |        cudaMalloc retries: 0         |
|===========================================================================|
|        Metric         | Cur Usage  | Peak Usage | Tot Alloc  | Tot Freed  |
|---------------------------------------------------------------------------|
| Allocated memory      |  36385 KiB | 378773 KiB |    930 GiB |    930 GiB |
|       from large pool |  35824 KiB | 377727 KiB |    758 GiB |    757 GiB |
|       from small pool |    560 KiB |   3699 KiB |    172 GiB |    172 GiB |
|---------------------------------------------------------------------------|
| Active memory         |  36385 KiB | 378773 KiB |    930 GiB |    930 GiB |
|       from large pool |  35824 KiB | 377727 KiB |    758 GiB |    757 GiB |
|       from small pool |    560 KiB |   3699 KiB |    172 GiB |    172 GiB |
|---------------------------------------------------------------------------|
| Requested memory      |  36190 KiB | 378079 KiB |    926 GiB |    926 GiB |
|       from large pool |  35632 KiB | 377036 KiB |    754 GiB |    754 GiB |
|       from small pool |    558 KiB |   3696 KiB |    171 GiB |    171 GiB |
|---------------------------------------------------------------------------|
| GPU reserved memory   | 663552 KiB | 663552 KiB | 663552 KiB |      0 B   |
|       from large pool | 657408 KiB | 657408 KiB | 657408 KiB |      0 B   |
|       from small pool |   6144 KiB |   6144 KiB |   6144 KiB |      0 B   |
|---------------------------------------------------------------------------|
| Non-releasable memory |  27103 KiB | 113823 KiB |    776 GiB |    776 GiB |
|       from large pool |  25615 KiB | 112560 KiB |    499 GiB |    499 GiB |
|       from small pool |   1487 KiB |   3834 KiB |    277 GiB |    277 GiB |
|---------------------------------------------------------------------------|
| Allocations           |      29    |      54    |    5052 K  |    5052 K  |
|       from large pool |       7    |      26    |     108 K  |     108 K  |
|       from small pool |      22    |      40    |    4943 K  |    4943 K  |
|---------------------------------------------------------------------------|
| Active allocs         |      29    |      54    |    5052 K  |    5052 K  |
|       from large pool |       7    |      26    |     108 K  |     108 K  |
|       from small pool |      22    |      40    |    4943 K  |    4943 K  |
|---------------------------------------------------------------------------|
| GPU reserved segments |      23    |      23    |      23    |       0    |
|       from large pool |      20    |      20    |      20    |       0    |
|       from small pool |       3    |       3    |       3    |       0    |
|---------------------------------------------------------------------------|
| Non-releasable allocs |      13    |      23    |    1552 K  |    1552 K  |
|       from large pool |       4    |      15    |      64 K  |      64 K  |
|       from small pool |       9    |      17    |    1488 K  |    1488 K  |
|---------------------------------------------------------------------------|
| Oversize allocations  |       0    |       0    |       0    |       0    |
|---------------------------------------------------------------------------|
| Oversize GPU segments |       0    |       0    |       0    |       0    |
|===========================================================================|

