|===========================================================================|
|                  PyTorch CUDA memory summary, device ID 0                 |
|---------------------------------------------------------------------------|
|            CUDA OOMs: 0            |        cudaMalloc retries: 0         |
|===========================================================================|
|        Metric         | Cur Usage  | Peak Usage | Tot Alloc  | Tot Freed  |
|---------------------------------------------------------------------------|
| Allocated memory      |  37682 KiB | 125912 KiB | 386260 MiB | 386223 MiB |
|       from large pool |  37343 KiB | 125184 KiB | 373173 MiB | 373136 MiB |
|       from small pool |    338 KiB |   3316 KiB |  13087 MiB |  13087 MiB |
|---------------------------------------------------------------------------|
| Active memory         |  37682 KiB | 125912 KiB | 386260 MiB | 386223 MiB |
|       from large pool |  37343 KiB | 125184 KiB | 373173 MiB | 373136 MiB |
|       from small pool |    338 KiB |   3316 KiB |  13087 MiB |  13087 MiB |
|---------------------------------------------------------------------------|
| Requested memory      |  37650 KiB | 125908 KiB | 384656 MiB | 384619 MiB |
|       from large pool |  37314 KiB | 125184 KiB | 371625 MiB | 371589 MiB |
|       from small pool |    336 KiB |   3313 KiB |  13030 MiB |  13029 MiB |
|---------------------------------------------------------------------------|
| GPU reserved memory   | 167936 KiB | 167936 KiB | 167936 KiB |      0 B   |
|       from large pool | 163840 KiB | 163840 KiB | 163840 KiB |      0 B   |
|       from small pool |   4096 KiB |   4096 KiB |   4096 KiB |      0 B   |
|---------------------------------------------------------------------------|
| Non-releasable memory |  25806 KiB |  42265 KiB | 110269 MiB | 110244 MiB |
|       from large pool |  24096 KiB |  40704 KiB |  97178 MiB |  97154 MiB |
|       from small pool |   1709 KiB |   3195 KiB |  13091 MiB |  13089 MiB |
|---------------------------------------------------------------------------|
| Allocations           |      29    |      42    |  268433    |  268404    |
|       from large pool |       8    |      13    |   33601    |   33593    |
|       from small pool |      21    |      34    |  234832    |  234811    |
|---------------------------------------------------------------------------|
| Active allocs         |      29    |      42    |  268433    |  268404    |
|       from large pool |       8    |      13    |   33601    |   33593    |
|       from small pool |      21    |      34    |  234832    |  234811    |
|---------------------------------------------------------------------------|
| GPU reserved segments |      11    |      11    |      11    |       0    |
|       from large pool |       9    |       9    |       9    |       0    |
|       from small pool |       2    |       2    |       2    |       0    |
|---------------------------------------------------------------------------|
| Non-releasable allocs |       8    |      14    |  110730    |  110722    |
|       from large pool |       3    |       4    |    8430    |    8427    |
|       from small pool |       5    |      11    |  102300    |  102295    |
|---------------------------------------------------------------------------|
| Oversize allocations  |       0    |       0    |       0    |       0    |
|---------------------------------------------------------------------------|
| Oversize GPU segments |       0    |       0    |       0    |       0    |
|===========================================================================|

|===========================================================================|
|                  PyTorch CUDA memory summary, device ID 0                 |
|---------------------------------------------------------------------------|
|            CUDA OOMs: 0            |        cudaMalloc retries: 0         |
|===========================================================================|
|        Metric         | Cur Usage  | Peak Usage | Tot Alloc  | Tot Freed  |
|---------------------------------------------------------------------------|
| Allocated memory      |  38180 KiB | 378396 KiB | 443302 MiB | 443264 MiB |
|       from large pool |  37842 KiB | 377350 KiB | 423480 MiB | 423443 MiB |
|       from small pool |    338 KiB |   3316 KiB |  19821 MiB |  19821 MiB |
|---------------------------------------------------------------------------|
| Active memory         |  38180 KiB | 378396 KiB | 443302 MiB | 443264 MiB |
|       from large pool |  37842 KiB | 377350 KiB | 423480 MiB | 423443 MiB |
|       from small pool |    338 KiB |   3316 KiB |  19821 MiB |  19821 MiB |
|---------------------------------------------------------------------------|
| Requested memory      |  37346 KiB | 378079 KiB | 441509 MiB | 441473 MiB |
|       from large pool |  37010 KiB | 377036 KiB | 421784 MiB | 421748 MiB |
|       from small pool |    336 KiB |   3313 KiB |  19725 MiB |  19724 MiB |
|---------------------------------------------------------------------------|
| GPU reserved memory   | 581632 KiB | 581632 KiB | 581632 KiB |      0 B   |
|       from large pool | 577536 KiB | 577536 KiB | 577536 KiB |      0 B   |
|       from small pool |   4096 KiB |   4096 KiB |   4096 KiB |      0 B   |
|---------------------------------------------------------------------------|
| Non-releasable memory |  25307 KiB |  60901 KiB | 157917 MiB | 157892 MiB |
|       from large pool |  23598 KiB |  59893 KiB | 138081 MiB | 138058 MiB |
|       from small pool |   1709 KiB |   3290 KiB |  19835 MiB |  19834 MiB |
|---------------------------------------------------------------------------|
| Allocations           |      29    |      54    |  431017    |  430988    |
|       from large pool |       8    |      26    |   43014    |   43006    |
|       from small pool |      21    |      34    |  388003    |  387982    |
|---------------------------------------------------------------------------|
| Active allocs         |      29    |      54    |  431017    |  430988    |
|       from large pool |       8    |      26    |   43014    |   43006    |
|       from small pool |      21    |      34    |  388003    |  387982    |
|---------------------------------------------------------------------------|
| GPU reserved segments |      21    |      21    |      21    |       0    |
|       from large pool |      19    |      19    |      19    |       0    |
|       from small pool |       2    |       2    |       2    |       0    |
|---------------------------------------------------------------------------|
| Non-releasable allocs |       8    |      16    |  178188    |  178180    |
|       from large pool |       3    |      10    |   11801    |   11798    |
|       from small pool |       5    |      12    |  166387    |  166382    |
|---------------------------------------------------------------------------|
| Oversize allocations  |       0    |       0    |       0    |       0    |
|---------------------------------------------------------------------------|
| Oversize GPU segments |       0    |       0    |       0    |       0    |
|===========================================================================|

|===========================================================================|
|                  PyTorch CUDA memory summary, device ID 0                 |
|---------------------------------------------------------------------------|
|            CUDA OOMs: 0            |        cudaMalloc retries: 0         |
|===========================================================================|
|        Metric         | Cur Usage  | Peak Usage | Tot Alloc  | Tot Freed  |
|---------------------------------------------------------------------------|
| Allocated memory      |  37330 KiB | 378396 KiB | 490556 MiB | 490519 MiB |
|       from large pool |  36992 KiB | 377350 KiB | 465030 MiB | 464994 MiB |
|       from small pool |    338 KiB |   3316 KiB |  25525 MiB |  25525 MiB |
|---------------------------------------------------------------------------|
| Active memory         |  37330 KiB | 378396 KiB | 490556 MiB | 490519 MiB |
|       from large pool |  36992 KiB | 377350 KiB | 465030 MiB | 464994 MiB |
|       from small pool |    338 KiB |   3316 KiB |  25525 MiB |  25525 MiB |
|---------------------------------------------------------------------------|
| Requested memory      |  36771 KiB | 378079 KiB | 488610 MiB | 488574 MiB |
|       from large pool |  36435 KiB | 377036 KiB | 463212 MiB | 463176 MiB |
|       from small pool |    336 KiB |   3313 KiB |  25398 MiB |  25397 MiB |
|---------------------------------------------------------------------------|
| GPU reserved memory   | 657408 KiB | 657408 KiB | 657408 KiB |      0 B   |
|       from large pool | 653312 KiB | 653312 KiB | 653312 KiB |      0 B   |
|       from small pool |   4096 KiB |   4096 KiB |   4096 KiB |      0 B   |
|---------------------------------------------------------------------------|
| Non-releasable memory |  26157 KiB | 109005 KiB | 197828 MiB | 197803 MiB |
|       from large pool |  24448 KiB | 107742 KiB | 172248 MiB | 172224 MiB |
|       from small pool |   1709 KiB |   3290 KiB |  25579 MiB |  25578 MiB |
|---------------------------------------------------------------------------|
| Allocations           |      29    |      54    |  560587    |  560558    |
|       from large pool |       8    |      26    |   50323    |   50315    |
|       from small pool |      21    |      34    |  510264    |  510243    |
|---------------------------------------------------------------------------|
| Active allocs         |      29    |      54    |  560587    |  560558    |
|       from large pool |       8    |      26    |   50323    |   50315    |
|       from small pool |      21    |      34    |  510264    |  510243    |
|---------------------------------------------------------------------------|
| GPU reserved segments |      22    |      22    |      22    |       0    |
|       from large pool |      20    |      20    |      20    |       0    |
|       from small pool |       2    |       2    |       2    |       0    |
|---------------------------------------------------------------------------|
| Non-releasable allocs |       7    |      18    |  228342    |  228335    |
|       from large pool |       2    |      12    |   15491    |   15489    |
|       from small pool |       5    |      12    |  212851    |  212846    |
|---------------------------------------------------------------------------|
| Oversize allocations  |       0    |       0    |       0    |       0    |
|---------------------------------------------------------------------------|
| Oversize GPU segments |       0    |       0    |       0    |       0    |
|===========================================================================|

|===========================================================================|
|                  PyTorch CUDA memory summary, device ID 0                 |
|---------------------------------------------------------------------------|
|            CUDA OOMs: 0            |        cudaMalloc retries: 0         |
|===========================================================================|
|        Metric         | Cur Usage  | Peak Usage | Tot Alloc  | Tot Freed  |
|---------------------------------------------------------------------------|
| Allocated memory      |  37330 KiB | 378396 KiB | 551706 MiB | 551670 MiB |
|       from large pool |  36992 KiB | 377350 KiB | 519709 MiB | 519673 MiB |
|       from small pool |    338 KiB |   3316 KiB |  31997 MiB |  31996 MiB |
|---------------------------------------------------------------------------|
| Active memory         |  37330 KiB | 378396 KiB | 551706 MiB | 551670 MiB |
|       from large pool |  36992 KiB | 377350 KiB | 519709 MiB | 519673 MiB |
|       from small pool |    338 KiB |   3316 KiB |  31997 MiB |  31996 MiB |
|---------------------------------------------------------------------------|
| Requested memory      |  36478 KiB | 378079 KiB | 549198 MiB | 549162 MiB |
|       from large pool |  36142 KiB | 377036 KiB | 517365 MiB | 517330 MiB |
|       from small pool |    336 KiB |   3313 KiB |  31832 MiB |  31832 MiB |
|---------------------------------------------------------------------------|
| GPU reserved memory   | 657408 KiB | 657408 KiB | 657408 KiB |      0 B   |
|       from large pool | 653312 KiB | 653312 KiB | 653312 KiB |      0 B   |
|       from small pool |   4096 KiB |   4096 KiB |   4096 KiB |      0 B   |
|---------------------------------------------------------------------------|
| Non-releasable memory |  26157 KiB | 109005 KiB | 249448 MiB | 249423 MiB |
|       from large pool |  24448 KiB | 107742 KiB | 217388 MiB | 217364 MiB |
|       from small pool |   1709 KiB |   3305 KiB |  32060 MiB |  32058 MiB |
|---------------------------------------------------------------------------|
| Allocations           |      29    |      54    |  716058    |  716029    |
|       from large pool |       8    |      26    |   60281    |   60273    |
|       from small pool |      21    |      34    |  655777    |  655756    |
|---------------------------------------------------------------------------|
| Active allocs         |      29    |      54    |  716058    |  716029    |
|       from large pool |       8    |      26    |   60281    |   60273    |
|       from small pool |      21    |      34    |  655777    |  655756    |
|---------------------------------------------------------------------------|
| GPU reserved segments |      22    |      22    |      22    |       0    |
|       from large pool |      20    |      20    |      20    |       0    |
|       from small pool |       2    |       2    |       2    |       0    |
|---------------------------------------------------------------------------|
| Non-releasable allocs |       7    |      18    |  289682    |  289675    |
|       from large pool |       2    |      12    |   20201    |   20199    |
|       from small pool |       5    |      12    |  269481    |  269476    |
|---------------------------------------------------------------------------|
| Oversize allocations  |       0    |       0    |       0    |       0    |
|---------------------------------------------------------------------------|
| Oversize GPU segments |       0    |       0    |       0    |       0    |
|===========================================================================|

|===========================================================================|
|                  PyTorch CUDA memory summary, device ID 0                 |
|---------------------------------------------------------------------------|
|            CUDA OOMs: 0            |        cudaMalloc retries: 0         |
|===========================================================================|
|        Metric         | Cur Usage  | Peak Usage | Tot Alloc  | Tot Freed  |
|---------------------------------------------------------------------------|
| Allocated memory      |  36557 KiB | 378396 KiB | 586045 MiB | 586009 MiB |
|       from large pool |  36218 KiB | 377350 KiB | 550660 MiB | 550625 MiB |
|       from small pool |    338 KiB |   3316 KiB |  35384 MiB |  35384 MiB |
|---------------------------------------------------------------------------|
| Active memory         |  36557 KiB | 378396 KiB | 586045 MiB | 586009 MiB |
|       from large pool |  36218 KiB | 377350 KiB | 550660 MiB | 550625 MiB |
|       from small pool |    338 KiB |   3316 KiB |  35384 MiB |  35384 MiB |
|---------------------------------------------------------------------------|
| Requested memory      |  36553 KiB | 378079 KiB | 583312 MiB | 583277 MiB |
|       from large pool |  36217 KiB | 377036 KiB | 548110 MiB | 548075 MiB |
|       from small pool |    336 KiB |   3313 KiB |  35202 MiB |  35201 MiB |
|---------------------------------------------------------------------------|
| GPU reserved memory   | 657408 KiB | 657408 KiB | 657408 KiB |      0 B   |
|       from large pool | 653312 KiB | 653312 KiB | 653312 KiB |      0 B   |
|       from small pool |   4096 KiB |   4096 KiB |   4096 KiB |      0 B   |
|---------------------------------------------------------------------------|
| Non-releasable memory |  26931 KiB | 109005 KiB | 277466 MiB | 277440 MiB |
|       from large pool |  25221 KiB | 107742 KiB | 242010 MiB | 241985 MiB |
|       from small pool |   1709 KiB |   3305 KiB |  35456 MiB |  35454 MiB |
|---------------------------------------------------------------------------|
| Allocations           |      29    |      54    |     793 K  |     793 K  |
|       from large pool |       8    |      26    |      65 K  |      65 K  |
|       from small pool |      21    |      34    |     728 K  |     728 K  |
|---------------------------------------------------------------------------|
| Active allocs         |      29    |      54    |     793 K  |     793 K  |
|       from large pool |       8    |      26    |      65 K  |      65 K  |
|       from small pool |      21    |      34    |     728 K  |     728 K  |
|---------------------------------------------------------------------------|
| GPU reserved segments |      22    |      22    |      22    |       0    |
|       from large pool |      20    |      20    |      20    |       0    |
|       from small pool |       2    |       2    |       2    |       0    |
|---------------------------------------------------------------------------|
| Non-releasable allocs |       9    |      18    |  321143    |  321134    |
|       from large pool |       4    |      12    |   22942    |   22938    |
|       from small pool |       5    |      12    |  298201    |  298196    |
|---------------------------------------------------------------------------|
| Oversize allocations  |       0    |       0    |       0    |       0    |
|---------------------------------------------------------------------------|
| Oversize GPU segments |       0    |       0    |       0    |       0    |
|===========================================================================|

|===========================================================================|
|                  PyTorch CUDA memory summary, device ID 0                 |
|---------------------------------------------------------------------------|
|            CUDA OOMs: 0            |        cudaMalloc retries: 0         |
|===========================================================================|
|        Metric         | Cur Usage  | Peak Usage | Tot Alloc  | Tot Freed  |
|---------------------------------------------------------------------------|
| Allocated memory      |  37436 KiB | 378396 KiB | 634808 MiB | 634772 MiB |
|       from large pool |  37098 KiB | 377350 KiB | 595059 MiB | 595022 MiB |
|       from small pool |    338 KiB |   3316 KiB |  39749 MiB |  39749 MiB |
|---------------------------------------------------------------------------|
| Active memory         |  37436 KiB | 378396 KiB | 634808 MiB | 634772 MiB |
|       from large pool |  37098 KiB | 377350 KiB | 595059 MiB | 595022 MiB |
|       from small pool |    338 KiB |   3316 KiB |  39749 MiB |  39749 MiB |
|---------------------------------------------------------------------------|
| Requested memory      |  37044 KiB | 378079 KiB | 631769 MiB | 631732 MiB |
|       from large pool |  36708 KiB | 377036 KiB | 592227 MiB | 592191 MiB |
|       from small pool |    336 KiB |   3313 KiB |  39541 MiB |  39541 MiB |
|---------------------------------------------------------------------------|
| GPU reserved memory   | 657408 KiB | 657408 KiB | 657408 KiB |      0 B   |
|       from large pool | 653312 KiB | 653312 KiB | 653312 KiB |      0 B   |
|       from small pool |   4096 KiB |   4096 KiB |   4096 KiB |      0 B   |
|---------------------------------------------------------------------------|
| Non-releasable memory |  26051 KiB | 109005 KiB | 318091 MiB | 318065 MiB |
|       from large pool |  24342 KiB | 107742 KiB | 278262 MiB | 278238 MiB |
|       from small pool |   1709 KiB |   3305 KiB |  39828 MiB |  39827 MiB |
|---------------------------------------------------------------------------|
| Allocations           |      29    |      54    |     896 K  |     896 K  |
|       from large pool |       8    |      26    |      72 K  |      72 K  |
|       from small pool |      21    |      34    |     823 K  |     823 K  |
|---------------------------------------------------------------------------|
| Active allocs         |      29    |      54    |     896 K  |     896 K  |
|       from large pool |       8    |      26    |      72 K  |      72 K  |
|       from small pool |      21    |      34    |     823 K  |     823 K  |
|---------------------------------------------------------------------------|
| GPU reserved segments |      22    |      22    |      22    |       0    |
|       from large pool |      20    |      20    |      20    |       0    |
|       from small pool |       2    |       2    |       2    |       0    |
|---------------------------------------------------------------------------|
| Non-releasable allocs |       9    |      18    |  359697    |  359688    |
|       from large pool |       3    |      12    |   26731    |   26728    |
|       from small pool |       6    |      12    |  332966    |  332960    |
|---------------------------------------------------------------------------|
| Oversize allocations  |       0    |       0    |       0    |       0    |
|---------------------------------------------------------------------------|
| Oversize GPU segments |       0    |       0    |       0    |       0    |
|===========================================================================|

|===========================================================================|
|                  PyTorch CUDA memory summary, device ID 0                 |
|---------------------------------------------------------------------------|
|            CUDA OOMs: 0            |        cudaMalloc retries: 0         |
|===========================================================================|
|        Metric         | Cur Usage  | Peak Usage | Tot Alloc  | Tot Freed  |
|---------------------------------------------------------------------------|
| Allocated memory      |  37887 KiB | 378396 KiB | 672872 MiB | 672835 MiB |
|       from large pool |  37549 KiB | 377350 KiB | 629530 MiB | 629494 MiB |
|       from small pool |    338 KiB |   3316 KiB |  43341 MiB |  43341 MiB |
|---------------------------------------------------------------------------|
| Active memory         |  37887 KiB | 378396 KiB | 672872 MiB | 672835 MiB |
|       from large pool |  37549 KiB | 377350 KiB | 629530 MiB | 629494 MiB |
|       from small pool |    338 KiB |   3316 KiB |  43341 MiB |  43341 MiB |
|---------------------------------------------------------------------------|
| Requested memory      |  37026 KiB | 378079 KiB | 669646 MiB | 669609 MiB |
|       from large pool |  36690 KiB | 377036 KiB | 626533 MiB | 626497 MiB |
|       from small pool |    336 KiB |   3313 KiB |  43112 MiB |  43112 MiB |
|---------------------------------------------------------------------------|
| GPU reserved memory   | 657408 KiB | 657408 KiB | 657408 KiB |      0 B   |
|       from large pool | 653312 KiB | 653312 KiB | 653312 KiB |      0 B   |
|       from small pool |   4096 KiB |   4096 KiB |   4096 KiB |      0 B   |
|---------------------------------------------------------------------------|
| Non-releasable memory |  25600 KiB | 109005 KiB | 348862 MiB | 348837 MiB |
|       from large pool |  23891 KiB | 107742 KiB | 305433 MiB | 305409 MiB |
|       from small pool |   1709 KiB |   3305 KiB |  43429 MiB |  43428 MiB |
|---------------------------------------------------------------------------|
| Allocations           |      29    |      54    |     981 K  |     981 K  |
|       from large pool |       8    |      26    |      78 K  |      78 K  |
|       from small pool |      21    |      34    |     903 K  |     903 K  |
|---------------------------------------------------------------------------|
| Active allocs         |      29    |      54    |     981 K  |     981 K  |
|       from large pool |       8    |      26    |      78 K  |      78 K  |
|       from small pool |      21    |      34    |     903 K  |     903 K  |
|---------------------------------------------------------------------------|
| GPU reserved segments |      22    |      22    |      22    |       0    |
|       from large pool |      20    |      20    |      20    |       0    |
|       from small pool |       2    |       2    |       2    |       0    |
|---------------------------------------------------------------------------|
| Non-releasable allocs |       7    |      18    |  392053    |  392046    |
|       from large pool |       3    |      12    |   29731    |   29728    |
|       from small pool |       4    |      12    |  362322    |  362318    |
|---------------------------------------------------------------------------|
| Oversize allocations  |       0    |       0    |       0    |       0    |
|---------------------------------------------------------------------------|
| Oversize GPU segments |       0    |       0    |       0    |       0    |
|===========================================================================|

|===========================================================================|
|                  PyTorch CUDA memory summary, device ID 0                 |
|---------------------------------------------------------------------------|
|            CUDA OOMs: 0            |        cudaMalloc retries: 0         |
|===========================================================================|
|        Metric         | Cur Usage  | Peak Usage | Tot Alloc  | Tot Freed  |
|---------------------------------------------------------------------------|
| Allocated memory      |  36237 KiB | 378396 KiB | 715729 MiB | 715694 MiB |
|       from large pool |  35515 KiB | 377350 KiB | 667815 MiB | 667780 MiB |
|       from small pool |    721 KiB |   3316 KiB |  47914 MiB |  47913 MiB |
|---------------------------------------------------------------------------|
| Active memory         |  36237 KiB | 378396 KiB | 715729 MiB | 715694 MiB |
|       from large pool |  35515 KiB | 377350 KiB | 667815 MiB | 667780 MiB |
|       from small pool |    721 KiB |   3316 KiB |  47914 MiB |  47913 MiB |
|---------------------------------------------------------------------------|
| Requested memory      |  36234 KiB | 378079 KiB | 712281 MiB | 712246 MiB |
|       from large pool |  35515 KiB | 377036 KiB | 664620 MiB | 664585 MiB |
|       from small pool |    719 KiB |   3313 KiB |  47661 MiB |  47660 MiB |
|---------------------------------------------------------------------------|
| GPU reserved memory   | 657408 KiB | 657408 KiB | 657408 KiB |      0 B   |
|       from large pool | 653312 KiB | 653312 KiB | 653312 KiB |      0 B   |
|       from small pool |   4096 KiB |   4096 KiB |   4096 KiB |      0 B   |
|---------------------------------------------------------------------------|
| Non-releasable memory |  27251 KiB | 109005 KiB | 382521 MiB | 382494 MiB |
|       from large pool |  25924 KiB | 107742 KiB | 334443 MiB | 334417 MiB |
|       from small pool |   1326 KiB |   3317 KiB |  48078 MiB |  48076 MiB |
|---------------------------------------------------------------------------|
| Allocations           |      29    |      54    |    1082 K  |    1082 K  |
|       from large pool |       7    |      26    |      84 K  |      84 K  |
|       from small pool |      22    |      34    |     998 K  |     998 K  |
|---------------------------------------------------------------------------|
| Active allocs         |      29    |      54    |    1082 K  |    1082 K  |
|       from large pool |       7    |      26    |      84 K  |      84 K  |
|       from small pool |      22    |      34    |     998 K  |     998 K  |
|---------------------------------------------------------------------------|
| GPU reserved segments |      22    |      22    |      22    |       0    |
|       from large pool |      20    |      20    |      20    |       0    |
|       from small pool |       2    |       2    |       2    |       0    |
|---------------------------------------------------------------------------|
| Non-releasable allocs |       9    |      18    |  431065    |  431056    |
|       from large pool |       4    |      12    |   33328    |   33324    |
|       from small pool |       5    |      12    |  397737    |  397732    |
|---------------------------------------------------------------------------|
| Oversize allocations  |       0    |       0    |       0    |       0    |
|---------------------------------------------------------------------------|
| Oversize GPU segments |       0    |       0    |       0    |       0    |
|===========================================================================|

|===========================================================================|
|                  PyTorch CUDA memory summary, device ID 0                 |
|---------------------------------------------------------------------------|
|            CUDA OOMs: 0            |        cudaMalloc retries: 0         |
|===========================================================================|
|        Metric         | Cur Usage  | Peak Usage | Tot Alloc  | Tot Freed  |
|---------------------------------------------------------------------------|
| Allocated memory      |  36385 KiB | 378396 KiB | 745477 MiB | 745441 MiB |
|       from large pool |  35824 KiB | 377350 KiB | 695254 MiB | 695219 MiB |
|       from small pool |    560 KiB |   3699 KiB |  50222 MiB |  50222 MiB |
|---------------------------------------------------------------------------|
| Active memory         |  36385 KiB | 378396 KiB | 745477 MiB | 745441 MiB |
|       from large pool |  35824 KiB | 377350 KiB | 695254 MiB | 695219 MiB |
|       from small pool |    560 KiB |   3699 KiB |  50222 MiB |  50222 MiB |
|---------------------------------------------------------------------------|
| Requested memory      |  36190 KiB | 378079 KiB | 741852 MiB | 741817 MiB |
|       from large pool |  35632 KiB | 377036 KiB | 691896 MiB | 691861 MiB |
|       from small pool |    558 KiB |   3696 KiB |  49956 MiB |  49956 MiB |
|---------------------------------------------------------------------------|
| GPU reserved memory   | 659456 KiB | 659456 KiB | 659456 KiB |      0 B   |
|       from large pool | 653312 KiB | 653312 KiB | 653312 KiB |      0 B   |
|       from small pool |   6144 KiB |   6144 KiB |   6144 KiB |      0 B   |
|---------------------------------------------------------------------------|
| Non-releasable memory |  43487 KiB | 109005 KiB | 407694 MiB | 407652 MiB |
|       from large pool |  41999 KiB | 107742 KiB | 357176 MiB | 357135 MiB |
|       from small pool |   1487 KiB |   3834 KiB |  50518 MiB |  50516 MiB |
|---------------------------------------------------------------------------|
| Allocations           |      29    |      54    |    1130 K  |    1130 K  |
|       from large pool |       7    |      26    |      88 K  |      88 K  |
|       from small pool |      22    |      35    |    1042 K  |    1042 K  |
|---------------------------------------------------------------------------|
| Active allocs         |      29    |      54    |    1130 K  |    1130 K  |
|       from large pool |       7    |      26    |      88 K  |      88 K  |
|       from small pool |      22    |      35    |    1042 K  |    1042 K  |
|---------------------------------------------------------------------------|
| GPU reserved segments |      23    |      23    |      23    |       0    |
|       from large pool |      20    |      20    |      20    |       0    |
|       from small pool |       3    |       3    |       3    |       0    |
|---------------------------------------------------------------------------|
| Non-releasable allocs |       9    |      18    |  451065    |  451056    |
|       from large pool |       4    |      12    |   35172    |   35168    |
|       from small pool |       5    |      12    |  415893    |  415888    |
|---------------------------------------------------------------------------|
| Oversize allocations  |       0    |       0    |       0    |       0    |
|---------------------------------------------------------------------------|
| Oversize GPU segments |       0    |       0    |       0    |       0    |
|===========================================================================|

