|===========================================================================|
|                  PyTorch CUDA memory summary, device ID 0                 |
|---------------------------------------------------------------------------|
|            CUDA OOMs: 0            |        cudaMalloc retries: 0         |
|===========================================================================|
|        Metric         | Cur Usage  | Peak Usage | Tot Alloc  | Tot Freed  |
|---------------------------------------------------------------------------|
| Allocated memory      |  37653 KiB | 125912 KiB | 386254 MiB | 386218 MiB |
|       from large pool |  37314 KiB | 125184 KiB | 373167 MiB | 373131 MiB |
|       from small pool |    338 KiB |   3316 KiB |  13087 MiB |  13086 MiB |
|---------------------------------------------------------------------------|
| Active memory         |  37653 KiB | 125912 KiB | 386254 MiB | 386218 MiB |
|       from large pool |  37314 KiB | 125184 KiB | 373167 MiB | 373131 MiB |
|       from small pool |    338 KiB |   3316 KiB |  13087 MiB |  13086 MiB |
|---------------------------------------------------------------------------|
| Requested memory      |  37650 KiB | 125908 KiB | 384643 MiB | 384607 MiB |
|       from large pool |  37314 KiB | 125184 KiB | 371613 MiB | 371577 MiB |
|       from small pool |    336 KiB |   3313 KiB |  13030 MiB |  13029 MiB |
|---------------------------------------------------------------------------|
| GPU reserved memory   | 167936 KiB | 167936 KiB | 167936 KiB |      0 B   |
|       from large pool | 163840 KiB | 163840 KiB | 163840 KiB |      0 B   |
|       from small pool |   4096 KiB |   4096 KiB |   4096 KiB |      0 B   |
|---------------------------------------------------------------------------|
| Non-releasable memory |  25835 KiB |  42265 KiB | 112744 MiB | 112719 MiB |
|       from large pool |  24125 KiB |  40704 KiB |  99654 MiB |  99630 MiB |
|       from small pool |   1709 KiB |   3195 KiB |  13090 MiB |  13089 MiB |
|---------------------------------------------------------------------------|
| Allocations           |      29    |      42    |  268397    |  268368    |
|       from large pool |       8    |      13    |   33598    |   33590    |
|       from small pool |      21    |      34    |  234799    |  234778    |
|---------------------------------------------------------------------------|
| Active allocs         |      29    |      42    |  268397    |  268368    |
|       from large pool |       8    |      13    |   33598    |   33590    |
|       from small pool |      21    |      34    |  234799    |  234778    |
|---------------------------------------------------------------------------|
| GPU reserved segments |      11    |      11    |      11    |       0    |
|       from large pool |       9    |       9    |       9    |       0    |
|       from small pool |       2    |       2    |       2    |       0    |
|---------------------------------------------------------------------------|
| Non-releasable allocs |       8    |      16    |  107692    |  107684    |
|       from large pool |       3    |       4    |    8628    |    8625    |
|       from small pool |       5    |      13    |   99064    |   99059    |
|---------------------------------------------------------------------------|
| Oversize allocations  |       0    |       0    |       0    |       0    |
|---------------------------------------------------------------------------|
| Oversize GPU segments |       0    |       0    |       0    |       0    |
|===========================================================================|

|===========================================================================|
|                  PyTorch CUDA memory summary, device ID 0                 |
|---------------------------------------------------------------------------|
|            CUDA OOMs: 0            |        cudaMalloc retries: 0         |
|===========================================================================|
|        Metric         | Cur Usage  | Peak Usage | Tot Alloc  | Tot Freed  |
|---------------------------------------------------------------------------|
| Allocated memory      |  37529 KiB | 378396 KiB | 446345 MiB | 446308 MiB |
|       from large pool |  37190 KiB | 377350 KiB | 426125 MiB | 426088 MiB |
|       from small pool |    338 KiB |   3316 KiB |  20220 MiB |  20219 MiB |
|---------------------------------------------------------------------------|
| Active memory         |  37529 KiB | 378396 KiB | 446345 MiB | 446308 MiB |
|       from large pool |  37190 KiB | 377350 KiB | 426125 MiB | 426088 MiB |
|       from small pool |    338 KiB |   3316 KiB |  20220 MiB |  20219 MiB |
|---------------------------------------------------------------------------|
| Requested memory      |  37346 KiB | 378079 KiB | 444495 MiB | 444459 MiB |
|       from large pool |  37010 KiB | 377036 KiB | 424374 MiB | 424338 MiB |
|       from small pool |    336 KiB |   3313 KiB |  20121 MiB |  20121 MiB |
|---------------------------------------------------------------------------|
| GPU reserved memory   | 581632 KiB | 581632 KiB | 581632 KiB |      0 B   |
|       from large pool | 577536 KiB | 577536 KiB | 577536 KiB |      0 B   |
|       from small pool |   4096 KiB |   4096 KiB |   4096 KiB |      0 B   |
|---------------------------------------------------------------------------|
| Non-releasable memory |  25959 KiB |  60901 KiB | 162839 MiB | 162814 MiB |
|       from large pool |  24249 KiB |  59893 KiB | 142605 MiB | 142581 MiB |
|       from small pool |   1709 KiB |   3290 KiB |  20234 MiB |  20232 MiB |
|---------------------------------------------------------------------------|
| Allocations           |      29    |      54    |  440672    |  440643    |
|       from large pool |       8    |      26    |   43559    |   43551    |
|       from small pool |      21    |      34    |  397113    |  397092    |
|---------------------------------------------------------------------------|
| Active allocs         |      29    |      54    |  440672    |  440643    |
|       from large pool |       8    |      26    |   43559    |   43551    |
|       from small pool |      21    |      34    |  397113    |  397092    |
|---------------------------------------------------------------------------|
| GPU reserved segments |      21    |      21    |      21    |       0    |
|       from large pool |      19    |      19    |      19    |       0    |
|       from small pool |       2    |       2    |       2    |       0    |
|---------------------------------------------------------------------------|
| Non-releasable allocs |       9    |      16    |  175681    |  175672    |
|       from large pool |       3    |      10    |   14002    |   13999    |
|       from small pool |       6    |      13    |  161679    |  161673    |
|---------------------------------------------------------------------------|
| Oversize allocations  |       0    |       0    |       0    |       0    |
|---------------------------------------------------------------------------|
| Oversize GPU segments |       0    |       0    |       0    |       0    |
|===========================================================================|

|===========================================================================|
|                  PyTorch CUDA memory summary, device ID 0                 |
|---------------------------------------------------------------------------|
|            CUDA OOMs: 0            |        cudaMalloc retries: 0         |
|===========================================================================|
|        Metric         | Cur Usage  | Peak Usage | Tot Alloc  | Tot Freed  |
|---------------------------------------------------------------------------|
| Allocated memory      |  37330 KiB | 378396 KiB | 493610 MiB | 493573 MiB |
|       from large pool |  36992 KiB | 377350 KiB | 467685 MiB | 467649 MiB |
|       from small pool |    338 KiB |   3316 KiB |  25924 MiB |  25923 MiB |
|---------------------------------------------------------------------------|
| Active memory         |  37330 KiB | 378396 KiB | 493610 MiB | 493573 MiB |
|       from large pool |  36992 KiB | 377350 KiB | 467685 MiB | 467649 MiB |
|       from small pool |    338 KiB |   3316 KiB |  25924 MiB |  25923 MiB |
|---------------------------------------------------------------------------|
| Requested memory      |  36771 KiB | 378079 KiB | 491599 MiB | 491564 MiB |
|       from large pool |  36435 KiB | 377036 KiB | 465805 MiB | 465769 MiB |
|       from small pool |    336 KiB |   3313 KiB |  25794 MiB |  25794 MiB |
|---------------------------------------------------------------------------|
| GPU reserved memory   | 657408 KiB | 657408 KiB | 657408 KiB |      0 B   |
|       from large pool | 653312 KiB | 653312 KiB | 653312 KiB |      0 B   |
|       from small pool |   4096 KiB |   4096 KiB |   4096 KiB |      0 B   |
|---------------------------------------------------------------------------|
| Non-releasable memory |  26157 KiB | 109656 KiB | 201561 MiB | 201535 MiB |
|       from large pool |  24448 KiB | 108393 KiB | 175582 MiB | 175558 MiB |
|       from small pool |   1709 KiB |   3290 KiB |  25978 MiB |  25976 MiB |
|---------------------------------------------------------------------------|
| Allocations           |      29    |      54    |  570254    |  570225    |
|       from large pool |       8    |      26    |   50869    |   50861    |
|       from small pool |      21    |      34    |  519385    |  519364    |
|---------------------------------------------------------------------------|
| Active allocs         |      29    |      54    |  570254    |  570225    |
|       from large pool |       8    |      26    |   50869    |   50861    |
|       from small pool |      21    |      34    |  519385    |  519364    |
|---------------------------------------------------------------------------|
| GPU reserved segments |      22    |      22    |      22    |       0    |
|       from large pool |      20    |      20    |      20    |       0    |
|       from small pool |       2    |       2    |       2    |       0    |
|---------------------------------------------------------------------------|
| Non-releasable allocs |       7    |      17    |  233595    |  233588    |
|       from large pool |       2    |      12    |   16780    |   16778    |
|       from small pool |       5    |      13    |  216815    |  216810    |
|---------------------------------------------------------------------------|
| Oversize allocations  |       0    |       0    |       0    |       0    |
|---------------------------------------------------------------------------|
| Oversize GPU segments |       0    |       0    |       0    |       0    |
|===========================================================================|

|===========================================================================|
|                  PyTorch CUDA memory summary, device ID 0                 |
|---------------------------------------------------------------------------|
|            CUDA OOMs: 0            |        cudaMalloc retries: 0         |
|===========================================================================|
|        Metric         | Cur Usage  | Peak Usage | Tot Alloc  | Tot Freed  |
|---------------------------------------------------------------------------|
| Allocated memory      |  37330 KiB | 378396 KiB | 538716 MiB | 538679 MiB |
|       from large pool |  36992 KiB | 377350 KiB | 508161 MiB | 508125 MiB |
|       from small pool |    338 KiB |   3316 KiB |  30554 MiB |  30554 MiB |
|---------------------------------------------------------------------------|
| Active memory         |  37330 KiB | 378396 KiB | 538716 MiB | 538679 MiB |
|       from large pool |  36992 KiB | 377350 KiB | 508161 MiB | 508125 MiB |
|       from small pool |    338 KiB |   3316 KiB |  30554 MiB |  30554 MiB |
|---------------------------------------------------------------------------|
| Requested memory      |  36478 KiB | 378079 KiB | 536270 MiB | 536234 MiB |
|       from large pool |  36142 KiB | 377036 KiB | 505871 MiB | 505836 MiB |
|       from small pool |    336 KiB |   3313 KiB |  30398 MiB |  30398 MiB |
|---------------------------------------------------------------------------|
| GPU reserved memory   | 657408 KiB | 657408 KiB | 657408 KiB |      0 B   |
|       from large pool | 653312 KiB | 653312 KiB | 653312 KiB |      0 B   |
|       from small pool |   4096 KiB |   4096 KiB |   4096 KiB |      0 B   |
|---------------------------------------------------------------------------|
| Non-releasable memory |  26157 KiB | 109656 KiB | 239082 MiB | 239056 MiB |
|       from large pool |  24448 KiB | 108393 KiB | 208464 MiB | 208440 MiB |
|       from small pool |   1709 KiB |   3305 KiB |  30617 MiB |  30616 MiB |
|---------------------------------------------------------------------------|
| Allocations           |      29    |      54    |  681477    |  681448    |
|       from large pool |       8    |      26    |   58028    |   58020    |
|       from small pool |      21    |      34    |  623449    |  623428    |
|---------------------------------------------------------------------------|
| Active allocs         |      29    |      54    |  681477    |  681448    |
|       from large pool |       8    |      26    |   58028    |   58020    |
|       from small pool |      21    |      34    |  623449    |  623428    |
|---------------------------------------------------------------------------|
| GPU reserved segments |      22    |      22    |      22    |       0    |
|       from large pool |      20    |      20    |      20    |       0    |
|       from small pool |       2    |       2    |       2    |       0    |
|---------------------------------------------------------------------------|
| Non-releasable allocs |       8    |      17    |  278755    |  278747    |
|       from large pool |       2    |      12    |   20454    |   20452    |
|       from small pool |       6    |      13    |  258301    |  258295    |
|---------------------------------------------------------------------------|
| Oversize allocations  |       0    |       0    |       0    |       0    |
|---------------------------------------------------------------------------|
| Oversize GPU segments |       0    |       0    |       0    |       0    |
|===========================================================================|

|===========================================================================|
|                  PyTorch CUDA memory summary, device ID 0                 |
|---------------------------------------------------------------------------|
|            CUDA OOMs: 0            |        cudaMalloc retries: 0         |
|===========================================================================|
|        Metric         | Cur Usage  | Peak Usage | Tot Alloc  | Tot Freed  |
|---------------------------------------------------------------------------|
| Allocated memory      |  36557 KiB | 378396 KiB | 572841 MiB | 572805 MiB |
|       from large pool |  36218 KiB | 377350 KiB | 538927 MiB | 538892 MiB |
|       from small pool |    338 KiB |   3316 KiB |  33913 MiB |  33913 MiB |
|---------------------------------------------------------------------------|
| Active memory         |  36557 KiB | 378396 KiB | 572841 MiB | 572805 MiB |
|       from large pool |  36218 KiB | 377350 KiB | 538927 MiB | 538892 MiB |
|       from small pool |    338 KiB |   3316 KiB |  33913 MiB |  33913 MiB |
|---------------------------------------------------------------------------|
| Requested memory      |  36553 KiB | 378079 KiB | 570183 MiB | 570147 MiB |
|       from large pool |  36217 KiB | 377036 KiB | 536443 MiB | 536408 MiB |
|       from small pool |    336 KiB |   3313 KiB |  33739 MiB |  33739 MiB |
|---------------------------------------------------------------------------|
| GPU reserved memory   | 657408 KiB | 657408 KiB | 657408 KiB |      0 B   |
|       from large pool | 653312 KiB | 653312 KiB | 653312 KiB |      0 B   |
|       from small pool |   4096 KiB |   4096 KiB |   4096 KiB |      0 B   |
|---------------------------------------------------------------------------|
| Non-releasable memory |  26931 KiB | 109656 KiB | 266069 MiB | 266043 MiB |
|       from large pool |  25221 KiB | 108393 KiB | 232084 MiB | 232059 MiB |
|       from small pool |   1709 KiB |   3305 KiB |  33985 MiB |  33983 MiB |
|---------------------------------------------------------------------------|
| Allocations           |      29    |      54    |     758 K  |     758 K  |
|       from large pool |       8    |      26    |      62 K  |      62 K  |
|       from small pool |      21    |      34    |     695 K  |     695 K  |
|---------------------------------------------------------------------------|
| Active allocs         |      29    |      54    |     758 K  |     758 K  |
|       from large pool |       8    |      26    |      62 K  |      62 K  |
|       from small pool |      21    |      34    |     695 K  |     695 K  |
|---------------------------------------------------------------------------|
| GPU reserved segments |      22    |      22    |      22    |       0    |
|       from large pool |      20    |      20    |      20    |       0    |
|       from small pool |       2    |       2    |       2    |       0    |
|---------------------------------------------------------------------------|
| Non-releasable allocs |      12    |      17    |  308821    |  308809    |
|       from large pool |       4    |      12    |   22805    |   22801    |
|       from small pool |       8    |      13    |  286016    |  286008    |
|---------------------------------------------------------------------------|
| Oversize allocations  |       0    |       0    |       0    |       0    |
|---------------------------------------------------------------------------|
| Oversize GPU segments |       0    |       0    |       0    |       0    |
|===========================================================================|

|===========================================================================|
|                  PyTorch CUDA memory summary, device ID 0                 |
|---------------------------------------------------------------------------|
|            CUDA OOMs: 0            |        cudaMalloc retries: 0         |
|===========================================================================|
|        Metric         | Cur Usage  | Peak Usage | Tot Alloc  | Tot Freed  |
|---------------------------------------------------------------------------|
| Allocated memory      |  37436 KiB | 378396 KiB | 613034 MiB | 612997 MiB |
|       from large pool |  37098 KiB | 377350 KiB | 575580 MiB | 575544 MiB |
|       from small pool |    338 KiB |   3316 KiB |  37453 MiB |  37453 MiB |
|---------------------------------------------------------------------------|
| Active memory         |  37436 KiB | 378396 KiB | 613034 MiB | 612997 MiB |
|       from large pool |  37098 KiB | 377350 KiB | 575580 MiB | 575544 MiB |
|       from small pool |    338 KiB |   3316 KiB |  37453 MiB |  37453 MiB |
|---------------------------------------------------------------------------|
| Requested memory      |  37044 KiB | 378079 KiB | 610156 MiB | 610120 MiB |
|       from large pool |  36708 KiB | 377036 KiB | 572897 MiB | 572861 MiB |
|       from small pool |    336 KiB |   3313 KiB |  37258 MiB |  37258 MiB |
|---------------------------------------------------------------------------|
| GPU reserved memory   | 657408 KiB | 657408 KiB | 657408 KiB |      0 B   |
|       from large pool | 653312 KiB | 653312 KiB | 653312 KiB |      0 B   |
|       from small pool |   4096 KiB |   4096 KiB |   4096 KiB |      0 B   |
|---------------------------------------------------------------------------|
| Non-releasable memory |  26051 KiB | 109656 KiB | 298290 MiB | 298265 MiB |
|       from large pool |  24342 KiB | 108393 KiB | 260757 MiB | 260733 MiB |
|       from small pool |   1709 KiB |   3305 KiB |  37533 MiB |  37531 MiB |
|---------------------------------------------------------------------------|
| Allocations           |      29    |      54    |     841 K  |     841 K  |
|       from large pool |       8    |      26    |      68 K  |      68 K  |
|       from small pool |      21    |      34    |     772 K  |     772 K  |
|---------------------------------------------------------------------------|
| Active allocs         |      29    |      54    |     841 K  |     841 K  |
|       from large pool |       8    |      26    |      68 K  |      68 K  |
|       from small pool |      21    |      34    |     772 K  |     772 K  |
|---------------------------------------------------------------------------|
| GPU reserved segments |      22    |      22    |      22    |       0    |
|       from large pool |      20    |      20    |      20    |       0    |
|       from small pool |       2    |       2    |       2    |       0    |
|---------------------------------------------------------------------------|
| Non-releasable allocs |       8    |      17    |  343466    |  343458    |
|       from large pool |       3    |      12    |   25668    |   25665    |
|       from small pool |       5    |      13    |  317798    |  317793    |
|---------------------------------------------------------------------------|
| Oversize allocations  |       0    |       0    |       0    |       0    |
|---------------------------------------------------------------------------|
| Oversize GPU segments |       0    |       0    |       0    |       0    |
|===========================================================================|

|===========================================================================|
|                  PyTorch CUDA memory summary, device ID 0                 |
|---------------------------------------------------------------------------|
|            CUDA OOMs: 0            |        cudaMalloc retries: 0         |
|===========================================================================|
|        Metric         | Cur Usage  | Peak Usage | Tot Alloc  | Tot Freed  |
|---------------------------------------------------------------------------|
| Allocated memory      |  37887 KiB | 378396 KiB | 651131 MiB | 651094 MiB |
|       from large pool |  37549 KiB | 377350 KiB | 610085 MiB | 610048 MiB |
|       from small pool |    338 KiB |   3316 KiB |  41045 MiB |  41045 MiB |
|---------------------------------------------------------------------------|
| Active memory         |  37887 KiB | 378396 KiB | 651131 MiB | 651094 MiB |
|       from large pool |  37549 KiB | 377350 KiB | 610085 MiB | 610048 MiB |
|       from small pool |    338 KiB |   3316 KiB |  41045 MiB |  41045 MiB |
|---------------------------------------------------------------------------|
| Requested memory      |  37026 KiB | 378079 KiB | 648053 MiB | 648017 MiB |
|       from large pool |  36690 KiB | 377036 KiB | 607223 MiB | 607187 MiB |
|       from small pool |    336 KiB |   3313 KiB |  40830 MiB |  40830 MiB |
|---------------------------------------------------------------------------|
| GPU reserved memory   | 657408 KiB | 657408 KiB | 657408 KiB |      0 B   |
|       from large pool | 653312 KiB | 653312 KiB | 653312 KiB |      0 B   |
|       from small pool |   4096 KiB |   4096 KiB |   4096 KiB |      0 B   |
|---------------------------------------------------------------------------|
| Non-releasable memory |  25600 KiB | 109656 KiB | 328136 MiB | 328111 MiB |
|       from large pool |  23891 KiB | 108393 KiB | 287001 MiB | 286978 MiB |
|       from small pool |   1709 KiB |   3305 KiB |  41134 MiB |  41132 MiB |
|---------------------------------------------------------------------------|
| Allocations           |      29    |      54    |     926 K  |     926 K  |
|       from large pool |       8    |      26    |      74 K  |      74 K  |
|       from small pool |      21    |      34    |     852 K  |     852 K  |
|---------------------------------------------------------------------------|
| Active allocs         |      29    |      54    |     926 K  |     926 K  |
|       from large pool |       8    |      26    |      74 K  |      74 K  |
|       from small pool |      21    |      34    |     852 K  |     852 K  |
|---------------------------------------------------------------------------|
| GPU reserved segments |      22    |      22    |      22    |       0    |
|       from large pool |      20    |      20    |      20    |       0    |
|       from small pool |       2    |       2    |       2    |       0    |
|---------------------------------------------------------------------------|
| Non-releasable allocs |       8    |      17    |  384216    |  384208    |
|       from large pool |       3    |      12    |   28188    |   28185    |
|       from small pool |       5    |      13    |  356028    |  356023    |
|---------------------------------------------------------------------------|
| Oversize allocations  |       0    |       0    |       0    |       0    |
|---------------------------------------------------------------------------|
| Oversize GPU segments |       0    |       0    |       0    |       0    |
|===========================================================================|

|===========================================================================|
|                  PyTorch CUDA memory summary, device ID 0                 |
|---------------------------------------------------------------------------|
|            CUDA OOMs: 0            |        cudaMalloc retries: 0         |
|===========================================================================|
|        Metric         | Cur Usage  | Peak Usage | Tot Alloc  | Tot Freed  |
|---------------------------------------------------------------------------|
| Allocated memory      |  36237 KiB | 378396 KiB | 688211 MiB | 688176 MiB |
|       from large pool |  35515 KiB | 377350 KiB | 643287 MiB | 643252 MiB |
|       from small pool |    721 KiB |   3316 KiB |  44924 MiB |  44923 MiB |
|---------------------------------------------------------------------------|
| Active memory         |  36237 KiB | 378396 KiB | 688211 MiB | 688176 MiB |
|       from large pool |  35515 KiB | 377350 KiB | 643287 MiB | 643252 MiB |
|       from small pool |    721 KiB |   3316 KiB |  44924 MiB |  44923 MiB |
|---------------------------------------------------------------------------|
| Requested memory      |  36234 KiB | 378079 KiB | 684941 MiB | 684906 MiB |
|       from large pool |  35515 KiB | 377036 KiB | 640252 MiB | 640218 MiB |
|       from small pool |    719 KiB |   3313 KiB |  44688 MiB |  44687 MiB |
|---------------------------------------------------------------------------|
| GPU reserved memory   | 657408 KiB | 657408 KiB | 657408 KiB |      0 B   |
|       from large pool | 653312 KiB | 653312 KiB | 653312 KiB |      0 B   |
|       from small pool |   4096 KiB |   4096 KiB |   4096 KiB |      0 B   |
|---------------------------------------------------------------------------|
| Non-releasable memory |  27251 KiB | 109656 KiB | 356631 MiB | 356604 MiB |
|       from large pool |  25924 KiB | 108393 KiB | 311553 MiB | 311528 MiB |
|       from small pool |   1326 KiB |   3317 KiB |  45077 MiB |  45076 MiB |
|---------------------------------------------------------------------------|
| Allocations           |      29    |      54    |    1012 K  |    1012 K  |
|       from large pool |       7    |      26    |      79 K  |      79 K  |
|       from small pool |      22    |      34    |     932 K  |     932 K  |
|---------------------------------------------------------------------------|
| Active allocs         |      29    |      54    |    1012 K  |    1012 K  |
|       from large pool |       7    |      26    |      79 K  |      79 K  |
|       from small pool |      22    |      34    |     932 K  |     932 K  |
|---------------------------------------------------------------------------|
| GPU reserved segments |      22    |      22    |      22    |       0    |
|       from large pool |      20    |      20    |      20    |       0    |
|       from small pool |       2    |       2    |       2    |       0    |
|---------------------------------------------------------------------------|
| Non-releasable allocs |       9    |      17    |  416930    |  416921    |
|       from large pool |       4    |      12    |   31225    |   31221    |
|       from small pool |       5    |      13    |  385705    |  385700    |
|---------------------------------------------------------------------------|
| Oversize allocations  |       0    |       0    |       0    |       0    |
|---------------------------------------------------------------------------|
| Oversize GPU segments |       0    |       0    |       0    |       0    |
|===========================================================================|

|===========================================================================|
|                  PyTorch CUDA memory summary, device ID 0                 |
|---------------------------------------------------------------------------|
|            CUDA OOMs: 0            |        cudaMalloc retries: 0         |
|===========================================================================|
|        Metric         | Cur Usage  | Peak Usage | Tot Alloc  | Tot Freed  |
|---------------------------------------------------------------------------|
| Allocated memory      |  36385 KiB | 378396 KiB | 718922 MiB | 718886 MiB |
|       from large pool |  35824 KiB | 377350 KiB | 671609 MiB | 671574 MiB |
|       from small pool |    560 KiB |   3699 KiB |  47312 MiB |  47311 MiB |
|---------------------------------------------------------------------------|
| Active memory         |  36385 KiB | 378396 KiB | 718922 MiB | 718886 MiB |
|       from large pool |  35824 KiB | 377350 KiB | 671609 MiB | 671574 MiB |
|       from small pool |    560 KiB |   3699 KiB |  47312 MiB |  47311 MiB |
|---------------------------------------------------------------------------|
| Requested memory      |  36190 KiB | 378079 KiB | 715440 MiB | 715404 MiB |
|       from large pool |  35632 KiB | 377036 KiB | 668377 MiB | 668342 MiB |
|       from small pool |    558 KiB |   3696 KiB |  47062 MiB |  47062 MiB |
|---------------------------------------------------------------------------|
| GPU reserved memory   | 659456 KiB | 659456 KiB | 659456 KiB |      0 B   |
|       from large pool | 653312 KiB | 653312 KiB | 653312 KiB |      0 B   |
|       from small pool |   6144 KiB |   6144 KiB |   6144 KiB |      0 B   |
|---------------------------------------------------------------------------|
| Non-releasable memory |  43487 KiB | 109656 KiB | 380961 MiB | 380919 MiB |
|       from large pool |  41999 KiB | 108393 KiB | 333359 MiB | 333318 MiB |
|       from small pool |   1487 KiB |   3834 KiB |  47602 MiB |  47600 MiB |
|---------------------------------------------------------------------------|
| Allocations           |      29    |      54    |    1062 K  |    1062 K  |
|       from large pool |       7    |      26    |      83 K  |      83 K  |
|       from small pool |      22    |      35    |     978 K  |     978 K  |
|---------------------------------------------------------------------------|
| Active allocs         |      29    |      54    |    1062 K  |    1062 K  |
|       from large pool |       7    |      26    |      83 K  |      83 K  |
|       from small pool |      22    |      35    |     978 K  |     978 K  |
|---------------------------------------------------------------------------|
| GPU reserved segments |      23    |      23    |      23    |       0    |
|       from large pool |      20    |      20    |      20    |       0    |
|       from small pool |       3    |       3    |       3    |       0    |
|---------------------------------------------------------------------------|
| Non-releasable allocs |       9    |      17    |  442016    |  442007    |
|       from large pool |       4    |      12    |   33414    |   33410    |
|       from small pool |       5    |      13    |  408602    |  408597    |
|---------------------------------------------------------------------------|
| Oversize allocations  |       0    |       0    |       0    |       0    |
|---------------------------------------------------------------------------|
| Oversize GPU segments |       0    |       0    |       0    |       0    |
|===========================================================================|

