|===========================================================================|
|                  PyTorch CUDA memory summary, device ID 0                 |
|---------------------------------------------------------------------------|
|            CUDA OOMs: 0            |        cudaMalloc retries: 0         |
|===========================================================================|
|        Metric         | Cur Usage  | Peak Usage | Tot Alloc  | Tot Freed  |
|---------------------------------------------------------------------------|
| Allocated memory      |  37682 KiB | 125912 KiB | 386235 MiB | 386198 MiB |
|       from large pool |  37343 KiB | 125184 KiB | 373148 MiB | 373112 MiB |
|       from small pool |    338 KiB |   3316 KiB |  13086 MiB |  13086 MiB |
|---------------------------------------------------------------------------|
| Active memory         |  37682 KiB | 125912 KiB | 386235 MiB | 386198 MiB |
|       from large pool |  37343 KiB | 125184 KiB | 373148 MiB | 373112 MiB |
|       from small pool |    338 KiB |   3316 KiB |  13086 MiB |  13086 MiB |
|---------------------------------------------------------------------------|
| Requested memory      |  37650 KiB | 125908 KiB | 384623 MiB | 384586 MiB |
|       from large pool |  37314 KiB | 125184 KiB | 371593 MiB | 371557 MiB |
|       from small pool |    336 KiB |   3313 KiB |  13029 MiB |  13029 MiB |
|---------------------------------------------------------------------------|
| GPU reserved memory   | 167936 KiB | 167936 KiB | 167936 KiB |      0 B   |
|       from large pool | 163840 KiB | 163840 KiB | 163840 KiB |      0 B   |
|       from small pool |   4096 KiB |   4096 KiB |   4096 KiB |      0 B   |
|---------------------------------------------------------------------------|
| Non-releasable memory |  25806 KiB |  42265 KiB | 113138 MiB | 113113 MiB |
|       from large pool |  24096 KiB |  40704 KiB | 100048 MiB | 100024 MiB |
|       from small pool |   1709 KiB |   3195 KiB |  13090 MiB |  13088 MiB |
|---------------------------------------------------------------------------|
| Allocations           |      29    |      42    |  268337    |  268308    |
|       from large pool |       8    |      13    |   33593    |   33585    |
|       from small pool |      21    |      34    |  234744    |  234723    |
|---------------------------------------------------------------------------|
| Active allocs         |      29    |      42    |  268337    |  268308    |
|       from large pool |       8    |      13    |   33593    |   33585    |
|       from small pool |      21    |      34    |  234744    |  234723    |
|---------------------------------------------------------------------------|
| GPU reserved segments |      11    |      11    |      11    |       0    |
|       from large pool |       9    |       9    |       9    |       0    |
|       from small pool |       2    |       2    |       2    |       0    |
|---------------------------------------------------------------------------|
| Non-releasable allocs |       7    |      14    |  105391    |  105384    |
|       from large pool |       3    |       4    |    8661    |    8658    |
|       from small pool |       4    |      11    |   96730    |   96726    |
|---------------------------------------------------------------------------|
| Oversize allocations  |       0    |       0    |       0    |       0    |
|---------------------------------------------------------------------------|
| Oversize GPU segments |       0    |       0    |       0    |       0    |
|===========================================================================|

|===========================================================================|
|                  PyTorch CUDA memory summary, device ID 0                 |
|---------------------------------------------------------------------------|
|            CUDA OOMs: 0            |        cudaMalloc retries: 0         |
|===========================================================================|
|        Metric         | Cur Usage  | Peak Usage | Tot Alloc  | Tot Freed  |
|---------------------------------------------------------------------------|
| Allocated memory      |  38180 KiB | 378396 KiB | 477072 MiB | 477034 MiB |
|       from large pool |  37842 KiB | 377350 KiB | 432053 MiB | 432016 MiB |
|       from small pool |    338 KiB |   3316 KiB |  45018 MiB |  45018 MiB |
|---------------------------------------------------------------------------|
| Active memory         |  38180 KiB | 378396 KiB | 477072 MiB | 477034 MiB |
|       from large pool |  37842 KiB | 377350 KiB | 432053 MiB | 432016 MiB |
|       from small pool |    338 KiB |   3316 KiB |  45018 MiB |  45018 MiB |
|---------------------------------------------------------------------------|
| Requested memory      |  37346 KiB | 378079 KiB | 475094 MiB | 475057 MiB |
|       from large pool |  37010 KiB | 377036 KiB | 430325 MiB | 430289 MiB |
|       from small pool |    336 KiB |   3313 KiB |  44768 MiB |  44767 MiB |
|---------------------------------------------------------------------------|
| GPU reserved memory   | 581632 KiB | 581632 KiB | 581632 KiB |      0 B   |
|       from large pool | 577536 KiB | 577536 KiB | 577536 KiB |      0 B   |
|       from small pool |   4096 KiB |   4096 KiB |   4096 KiB |      0 B   |
|---------------------------------------------------------------------------|
| Non-releasable memory |  25307 KiB |  60901 KiB | 245630 MiB | 245606 MiB |
|       from large pool |  23598 KiB |  59893 KiB | 149998 MiB | 149975 MiB |
|       from small pool |   1709 KiB |   3290 KiB |  95632 MiB |  95630 MiB |
|---------------------------------------------------------------------------|
| Allocations           |      29    |      54    |     871 K  |     871 K  |
|       from large pool |       8    |      26    |      44 K  |      44 K  |
|       from small pool |      21    |      34    |     827 K  |     827 K  |
|---------------------------------------------------------------------------|
| Active allocs         |      29    |      54    |     871 K  |     871 K  |
|       from large pool |       8    |      26    |      44 K  |      44 K  |
|       from small pool |      21    |      34    |     827 K  |     827 K  |
|---------------------------------------------------------------------------|
| GPU reserved segments |      21    |      21    |      21    |       0    |
|       from large pool |      19    |      19    |      19    |       0    |
|       from small pool |       2    |       2    |       2    |       0    |
|---------------------------------------------------------------------------|
| Non-releasable allocs |       8    |      16    |  336351    |  336343    |
|       from large pool |       3    |      10    |   13835    |   13832    |
|       from small pool |       5    |      12    |  322516    |  322511    |
|---------------------------------------------------------------------------|
| Oversize allocations  |       0    |       0    |       0    |       0    |
|---------------------------------------------------------------------------|
| Oversize GPU segments |       0    |       0    |       0    |       0    |
|===========================================================================|

|===========================================================================|
|                  PyTorch CUDA memory summary, device ID 0                 |
|---------------------------------------------------------------------------|
|            CUDA OOMs: 0            |        cudaMalloc retries: 0         |
|===========================================================================|
|        Metric         | Cur Usage  | Peak Usage | Tot Alloc  | Tot Freed  |
|---------------------------------------------------------------------------|
| Allocated memory      |  37330 KiB | 378396 KiB | 550749 MiB | 550713 MiB |
|       from large pool |  36992 KiB | 377350 KiB | 477954 MiB | 477918 MiB |
|       from small pool |    338 KiB |   3316 KiB |  72795 MiB |  72794 MiB |
|---------------------------------------------------------------------------|
| Active memory         |  37330 KiB | 378396 KiB | 550749 MiB | 550713 MiB |
|       from large pool |  36992 KiB | 377350 KiB | 477954 MiB | 477918 MiB |
|       from small pool |    338 KiB |   3316 KiB |  72795 MiB |  72794 MiB |
|---------------------------------------------------------------------------|
| Requested memory      |  36771 KiB | 378079 KiB | 548454 MiB | 548418 MiB |
|       from large pool |  36435 KiB | 377036 KiB | 476086 MiB | 476051 MiB |
|       from small pool |    336 KiB |   3313 KiB |  72367 MiB |  72367 MiB |
|---------------------------------------------------------------------------|
| GPU reserved memory   | 657408 KiB | 657408 KiB | 657408 KiB |      0 B   |
|       from large pool | 653312 KiB | 653312 KiB | 653312 KiB |      0 B   |
|       from small pool |   4096 KiB |   4096 KiB |   4096 KiB |      0 B   |
|---------------------------------------------------------------------------|
| Non-releasable memory |  26157 KiB | 109005 KiB | 311275 MiB | 311249 MiB |
|       from large pool |  24448 KiB | 107742 KiB | 187822 MiB | 187798 MiB |
|       from small pool |   1709 KiB |   3290 KiB | 123452 MiB | 123450 MiB |
|---------------------------------------------------------------------------|
| Allocations           |      29    |      54    |    1435 K  |    1435 K  |
|       from large pool |       8    |      26    |      52 K  |      52 K  |
|       from small pool |      21    |      34    |    1382 K  |    1382 K  |
|---------------------------------------------------------------------------|
| Active allocs         |      29    |      54    |    1435 K  |    1435 K  |
|       from large pool |       8    |      26    |      52 K  |      52 K  |
|       from small pool |      21    |      34    |    1382 K  |    1382 K  |
|---------------------------------------------------------------------------|
| GPU reserved segments |      22    |      22    |      22    |       0    |
|       from large pool |      20    |      20    |      20    |       0    |
|       from small pool |       2    |       2    |       2    |       0    |
|---------------------------------------------------------------------------|
| Non-releasable allocs |       7    |      16    |  504697    |  504690    |
|       from large pool |       2    |      12    |   17621    |   17619    |
|       from small pool |       5    |      12    |  487076    |  487071    |
|---------------------------------------------------------------------------|
| Oversize allocations  |       0    |       0    |       0    |       0    |
|---------------------------------------------------------------------------|
| Oversize GPU segments |       0    |       0    |       0    |       0    |
|===========================================================================|

|===========================================================================|
|                  PyTorch CUDA memory summary, device ID 0                 |
|---------------------------------------------------------------------------|
|            CUDA OOMs: 0            |        cudaMalloc retries: 0         |
|===========================================================================|
|        Metric         | Cur Usage  | Peak Usage | Tot Alloc  | Tot Freed  |
|---------------------------------------------------------------------------|
| Allocated memory      |  37330 KiB | 378396 KiB | 615830 MiB | 615793 MiB |
|       from large pool |  36992 KiB | 377350 KiB | 522225 MiB | 522189 MiB |
|       from small pool |    338 KiB |   3316 KiB |  93604 MiB |  93604 MiB |
|---------------------------------------------------------------------------|
| Active memory         |  37330 KiB | 378396 KiB | 615830 MiB | 615793 MiB |
|       from large pool |  36992 KiB | 377350 KiB | 522225 MiB | 522189 MiB |
|       from small pool |    338 KiB |   3316 KiB |  93604 MiB |  93604 MiB |
|---------------------------------------------------------------------------|
| Requested memory      |  36478 KiB | 378079 KiB | 613013 MiB | 612977 MiB |
|       from large pool |  36142 KiB | 377036 KiB | 519959 MiB | 519924 MiB |
|       from small pool |    336 KiB |   3313 KiB |  93054 MiB |  93053 MiB |
|---------------------------------------------------------------------------|
| GPU reserved memory   | 657408 KiB | 657408 KiB | 657408 KiB |      0 B   |
|       from large pool | 653312 KiB | 653312 KiB | 653312 KiB |      0 B   |
|       from small pool |   4096 KiB |   4096 KiB |   4096 KiB |      0 B   |
|---------------------------------------------------------------------------|
| Non-releasable memory |  26157 KiB | 109005 KiB | 367420 MiB | 367395 MiB |
|       from large pool |  24448 KiB | 107742 KiB | 223149 MiB | 223126 MiB |
|       from small pool |   1709 KiB |   3305 KiB | 144270 MiB | 144269 MiB |
|---------------------------------------------------------------------------|
| Allocations           |      29    |      54    |    1997 K  |    1997 K  |
|       from large pool |       8    |      26    |      60 K  |      60 K  |
|       from small pool |      21    |      34    |    1936 K  |    1936 K  |
|---------------------------------------------------------------------------|
| Active allocs         |      29    |      54    |    1997 K  |    1997 K  |
|       from large pool |       8    |      26    |      60 K  |      60 K  |
|       from small pool |      21    |      34    |    1936 K  |    1936 K  |
|---------------------------------------------------------------------------|
| GPU reserved segments |      22    |      22    |      22    |       0    |
|       from large pool |      20    |      20    |      20    |       0    |
|       from small pool |       2    |       2    |       2    |       0    |
|---------------------------------------------------------------------------|
| Non-releasable allocs |       7    |      16    |  697356    |  697349    |
|       from large pool |       2    |      12    |   21161    |   21159    |
|       from small pool |       5    |      12    |  676195    |  676190    |
|---------------------------------------------------------------------------|
| Oversize allocations  |       0    |       0    |       0    |       0    |
|---------------------------------------------------------------------------|
| Oversize GPU segments |       0    |       0    |       0    |       0    |
|===========================================================================|

|===========================================================================|
|                  PyTorch CUDA memory summary, device ID 0                 |
|---------------------------------------------------------------------------|
|            CUDA OOMs: 0            |        cudaMalloc retries: 0         |
|===========================================================================|
|        Metric         | Cur Usage  | Peak Usage | Tot Alloc  | Tot Freed  |
|---------------------------------------------------------------------------|
| Allocated memory      |  36557 KiB | 378396 KiB | 677075 MiB | 677039 MiB |
|       from large pool |  36218 KiB | 377350 KiB | 566177 MiB | 566142 MiB |
|       from small pool |    338 KiB |   3316 KiB | 110897 MiB | 110897 MiB |
|---------------------------------------------------------------------------|
| Active memory         |  36557 KiB | 378396 KiB | 677075 MiB | 677039 MiB |
|       from large pool |  36218 KiB | 377350 KiB | 566177 MiB | 566142 MiB |
|       from small pool |    338 KiB |   3316 KiB | 110897 MiB | 110897 MiB |
|---------------------------------------------------------------------------|
| Requested memory      |  36553 KiB | 378079 KiB | 673772 MiB | 673736 MiB |
|       from large pool |  36217 KiB | 377036 KiB | 563612 MiB | 563576 MiB |
|       from small pool |    336 KiB |   3313 KiB | 110160 MiB | 110160 MiB |
|---------------------------------------------------------------------------|
| GPU reserved memory   | 657408 KiB | 657408 KiB | 657408 KiB |      0 B   |
|       from large pool | 653312 KiB | 653312 KiB | 653312 KiB |      0 B   |
|       from small pool |   4096 KiB |   4096 KiB |   4096 KiB |      0 B   |
|---------------------------------------------------------------------------|
| Non-releasable memory |  26931 KiB | 109005 KiB | 420194 MiB | 420167 MiB |
|       from large pool |  25221 KiB | 107742 KiB | 258621 MiB | 258597 MiB |
|       from small pool |   1709 KiB |   3305 KiB | 161572 MiB | 161570 MiB |
|---------------------------------------------------------------------------|
| Allocations           |      29    |      54    |    2569 K  |    2569 K  |
|       from large pool |       8    |      26    |      68 K  |      68 K  |
|       from small pool |      21    |      34    |    2500 K  |    2500 K  |
|---------------------------------------------------------------------------|
| Active allocs         |      29    |      54    |    2569 K  |    2569 K  |
|       from large pool |       8    |      26    |      68 K  |      68 K  |
|       from small pool |      21    |      34    |    2500 K  |    2500 K  |
|---------------------------------------------------------------------------|
| GPU reserved segments |      22    |      22    |      22    |       0    |
|       from large pool |      20    |      20    |      20    |       0    |
|       from small pool |       2    |       2    |       2    |       0    |
|---------------------------------------------------------------------------|
| Non-releasable allocs |      10    |      16    |     984 K  |     984 K  |
|       from large pool |       4    |      12    |      24 K  |      24 K  |
|       from small pool |       6    |      12    |     959 K  |     959 K  |
|---------------------------------------------------------------------------|
| Oversize allocations  |       0    |       0    |       0    |       0    |
|---------------------------------------------------------------------------|
| Oversize GPU segments |       0    |       0    |       0    |       0    |
|===========================================================================|

|===========================================================================|
|                  PyTorch CUDA memory summary, device ID 0                 |
|---------------------------------------------------------------------------|
|            CUDA OOMs: 0            |        cudaMalloc retries: 0         |
|===========================================================================|
|        Metric         | Cur Usage  | Peak Usage | Tot Alloc  | Tot Freed  |
|---------------------------------------------------------------------------|
| Allocated memory      |  37436 KiB | 378396 KiB | 738775 MiB | 738739 MiB |
|       from large pool |  37098 KiB | 377350 KiB | 611030 MiB | 610994 MiB |
|       from small pool |    338 KiB |   3316 KiB | 127745 MiB | 127744 MiB |
|---------------------------------------------------------------------------|
| Active memory         |  37436 KiB | 378396 KiB | 738775 MiB | 738739 MiB |
|       from large pool |  37098 KiB | 377350 KiB | 611030 MiB | 610994 MiB |
|       from small pool |    338 KiB |   3316 KiB | 127745 MiB | 127744 MiB |
|---------------------------------------------------------------------------|
| Requested memory      |  37044 KiB | 378079 KiB | 735036 MiB | 735000 MiB |
|       from large pool |  36708 KiB | 377036 KiB | 608199 MiB | 608163 MiB |
|       from small pool |    336 KiB |   3313 KiB | 126837 MiB | 126837 MiB |
|---------------------------------------------------------------------------|
| GPU reserved memory   | 657408 KiB | 657408 KiB | 657408 KiB |      0 B   |
|       from large pool | 653312 KiB | 653312 KiB | 653312 KiB |      0 B   |
|       from small pool |   4096 KiB |   4096 KiB |   4096 KiB |      0 B   |
|---------------------------------------------------------------------------|
| Non-releasable memory |  26051 KiB | 109005 KiB | 473309 MiB | 473283 MiB |
|       from large pool |  24342 KiB | 107742 KiB | 294881 MiB | 294858 MiB |
|       from small pool |   1709 KiB |   3305 KiB | 178427 MiB | 178425 MiB |
|---------------------------------------------------------------------------|
| Allocations           |      29    |      54    |    3148 K  |    3148 K  |
|       from large pool |       8    |      26    |      75 K  |      75 K  |
|       from small pool |      21    |      34    |    3072 K  |    3072 K  |
|---------------------------------------------------------------------------|
| Active allocs         |      29    |      54    |    3148 K  |    3148 K  |
|       from large pool |       8    |      26    |      75 K  |      75 K  |
|       from small pool |      21    |      34    |    3072 K  |    3072 K  |
|---------------------------------------------------------------------------|
| GPU reserved segments |      22    |      22    |      22    |       0    |
|       from large pool |      20    |      20    |      20    |       0    |
|       from small pool |       2    |       2    |       2    |       0    |
|---------------------------------------------------------------------------|
| Non-releasable allocs |       8    |      16    |    1093 K  |    1093 K  |
|       from large pool |       3    |      12    |      28 K  |      28 K  |
|       from small pool |       5    |      12    |    1064 K  |    1064 K  |
|---------------------------------------------------------------------------|
| Oversize allocations  |       0    |       0    |       0    |       0    |
|---------------------------------------------------------------------------|
| Oversize GPU segments |       0    |       0    |       0    |       0    |
|===========================================================================|

|===========================================================================|
|                  PyTorch CUDA memory summary, device ID 0                 |
|---------------------------------------------------------------------------|
|            CUDA OOMs: 0            |        cudaMalloc retries: 0         |
|===========================================================================|
|        Metric         | Cur Usage  | Peak Usage | Tot Alloc  | Tot Freed  |
|---------------------------------------------------------------------------|
| Allocated memory      |  37887 KiB | 378396 KiB |    775 GiB |    775 GiB |
|       from large pool |  37549 KiB | 377350 KiB |    630 GiB |    630 GiB |
|       from small pool |    338 KiB |   3316 KiB |    145 GiB |    145 GiB |
|---------------------------------------------------------------------------|
| Active memory         |  37887 KiB | 378396 KiB |    775 GiB |    775 GiB |
|       from large pool |  37549 KiB | 377350 KiB |    630 GiB |    630 GiB |
|       from small pool |    338 KiB |   3316 KiB |    145 GiB |    145 GiB |
|---------------------------------------------------------------------------|
| Requested memory      |  37026 KiB | 378079 KiB |    771 GiB |    771 GiB |
|       from large pool |  36690 KiB | 377036 KiB |    627 GiB |    627 GiB |
|       from small pool |    336 KiB |   3313 KiB |    144 GiB |    144 GiB |
|---------------------------------------------------------------------------|
| GPU reserved memory   | 657408 KiB | 657408 KiB | 657408 KiB |      0 B   |
|       from large pool | 653312 KiB | 653312 KiB | 653312 KiB |      0 B   |
|       from small pool |   4096 KiB |   4096 KiB |   4096 KiB |      0 B   |
|---------------------------------------------------------------------------|
| Non-releasable memory |  25600 KiB | 109005 KiB | 520461 MiB | 520436 MiB |
|       from large pool |  23891 KiB | 107742 KiB | 321023 MiB | 321000 MiB |
|       from small pool |   1709 KiB |   3305 KiB | 199438 MiB | 199436 MiB |
|---------------------------------------------------------------------------|
| Allocations           |      29    |      54    |    3737 K  |    3737 K  |
|       from large pool |       8    |      26    |      81 K  |      81 K  |
|       from small pool |      21    |      34    |    3656 K  |    3656 K  |
|---------------------------------------------------------------------------|
| Active allocs         |      29    |      54    |    3737 K  |    3737 K  |
|       from large pool |       8    |      26    |      81 K  |      81 K  |
|       from small pool |      21    |      34    |    3656 K  |    3656 K  |
|---------------------------------------------------------------------------|
| GPU reserved segments |      22    |      22    |      22    |       0    |
|       from large pool |      20    |      20    |      20    |       0    |
|       from small pool |       2    |       2    |       2    |       0    |
|---------------------------------------------------------------------------|
| Non-releasable allocs |       8    |      16    |    1246 K  |    1246 K  |
|       from large pool |       3    |      12    |      30 K  |      30 K  |
|       from small pool |       5    |      12    |    1215 K  |    1215 K  |
|---------------------------------------------------------------------------|
| Oversize allocations  |       0    |       0    |       0    |       0    |
|---------------------------------------------------------------------------|
| Oversize GPU segments |       0    |       0    |       0    |       0    |
|===========================================================================|

|===========================================================================|
|                  PyTorch CUDA memory summary, device ID 0                 |
|---------------------------------------------------------------------------|
|            CUDA OOMs: 0            |        cudaMalloc retries: 0         |
|===========================================================================|
|        Metric         | Cur Usage  | Peak Usage | Tot Alloc  | Tot Freed  |
|---------------------------------------------------------------------------|
| Allocated memory      |  36237 KiB | 378396 KiB |    829 GiB |    829 GiB |
|       from large pool |  35515 KiB | 377350 KiB |    664 GiB |    664 GiB |
|       from small pool |    721 KiB |   3316 KiB |    165 GiB |    165 GiB |
|---------------------------------------------------------------------------|
| Active memory         |  36237 KiB | 378396 KiB |    829 GiB |    829 GiB |
|       from large pool |  35515 KiB | 377350 KiB |    664 GiB |    664 GiB |
|       from small pool |    721 KiB |   3316 KiB |    165 GiB |    165 GiB |
|---------------------------------------------------------------------------|
| Requested memory      |  36234 KiB | 378079 KiB |    825 GiB |    825 GiB |
|       from large pool |  35515 KiB | 377036 KiB |    661 GiB |    661 GiB |
|       from small pool |    719 KiB |   3313 KiB |    164 GiB |    164 GiB |
|---------------------------------------------------------------------------|
| GPU reserved memory   | 657408 KiB | 657408 KiB | 657408 KiB |      0 B   |
|       from large pool | 653312 KiB | 653312 KiB | 653312 KiB |      0 B   |
|       from small pool |   4096 KiB |   4096 KiB |   4096 KiB |      0 B   |
|---------------------------------------------------------------------------|
| Non-releasable memory |  27251 KiB | 109005 KiB | 567101 MiB | 567074 MiB |
|       from large pool |  25924 KiB | 107742 KiB | 346904 MiB | 346879 MiB |
|       from small pool |   1326 KiB |   3317 KiB | 220196 MiB | 220195 MiB |
|---------------------------------------------------------------------------|
| Allocations           |      29    |      54    |    4356 K  |    4356 K  |
|       from large pool |       7    |      26    |      86 K  |      86 K  |
|       from small pool |      22    |      34    |    4269 K  |    4269 K  |
|---------------------------------------------------------------------------|
| Active allocs         |      29    |      54    |    4356 K  |    4356 K  |
|       from large pool |       7    |      26    |      86 K  |      86 K  |
|       from small pool |      22    |      34    |    4269 K  |    4269 K  |
|---------------------------------------------------------------------------|
| GPU reserved segments |      22    |      22    |      22    |       0    |
|       from large pool |      20    |      20    |      20    |       0    |
|       from small pool |       2    |       2    |       2    |       0    |
|---------------------------------------------------------------------------|
| Non-releasable allocs |      11    |      17    |    1383 K  |    1383 K  |
|       from large pool |       4    |      12    |      34 K  |      34 K  |
|       from small pool |       7    |      12    |    1349 K  |    1349 K  |
|---------------------------------------------------------------------------|
| Oversize allocations  |       0    |       0    |       0    |       0    |
|---------------------------------------------------------------------------|
| Oversize GPU segments |       0    |       0    |       0    |       0    |
|===========================================================================|

|===========================================================================|
|                  PyTorch CUDA memory summary, device ID 0                 |
|---------------------------------------------------------------------------|
|            CUDA OOMs: 0            |        cudaMalloc retries: 0         |
|===========================================================================|
|        Metric         | Cur Usage  | Peak Usage | Tot Alloc  | Tot Freed  |
|---------------------------------------------------------------------------|
| Allocated memory      |  36193 KiB | 378396 KiB |    860 GiB |    860 GiB |
|       from large pool |  35632 KiB | 377350 KiB |    687 GiB |    687 GiB |
|       from small pool |    560 KiB |   3699 KiB |    172 GiB |    172 GiB |
|---------------------------------------------------------------------------|
| Active memory         |  36193 KiB | 378396 KiB |    860 GiB |    860 GiB |
|       from large pool |  35632 KiB | 377350 KiB |    687 GiB |    687 GiB |
|       from small pool |    560 KiB |   3699 KiB |    172 GiB |    172 GiB |
|---------------------------------------------------------------------------|
| Requested memory      |  36190 KiB | 378079 KiB |    855 GiB |    855 GiB |
|       from large pool |  35632 KiB | 377036 KiB |    684 GiB |    683 GiB |
|       from small pool |    558 KiB |   3696 KiB |    171 GiB |    171 GiB |
|---------------------------------------------------------------------------|
| GPU reserved memory   | 659456 KiB | 659456 KiB | 659456 KiB |      0 B   |
|       from large pool | 653312 KiB | 653312 KiB | 653312 KiB |      0 B   |
|       from small pool |   6144 KiB |   6144 KiB |   6144 KiB |      0 B   |
|---------------------------------------------------------------------------|
| Non-releasable memory |  43679 KiB | 109005 KiB | 593476 MiB | 593434 MiB |
|       from large pool |  42191 KiB | 107742 KiB | 365460 MiB | 365419 MiB |
|       from small pool |   1487 KiB |   3834 KiB | 228016 MiB | 228014 MiB |
|---------------------------------------------------------------------------|
| Allocations           |      29    |      54    |    4931 K  |    4931 K  |
|       from large pool |       7    |      26    |      90 K  |      90 K  |
|       from small pool |      22    |      35    |    4841 K  |    4841 K  |
|---------------------------------------------------------------------------|
| Active allocs         |      29    |      54    |    4931 K  |    4931 K  |
|       from large pool |       7    |      26    |      90 K  |      90 K  |
|       from small pool |      22    |      35    |    4841 K  |    4841 K  |
|---------------------------------------------------------------------------|
| GPU reserved segments |      23    |      23    |      23    |       0    |
|       from large pool |      20    |      20    |      20    |       0    |
|       from small pool |       3    |       3    |       3    |       0    |
|---------------------------------------------------------------------------|
| Non-releasable allocs |      12    |      18    |    1608 K  |    1608 K  |
|       from large pool |       5    |      12    |      35 K  |      35 K  |
|       from small pool |       7    |      13    |    1572 K  |    1572 K  |
|---------------------------------------------------------------------------|
| Oversize allocations  |       0    |       0    |       0    |       0    |
|---------------------------------------------------------------------------|
| Oversize GPU segments |       0    |       0    |       0    |       0    |
|===========================================================================|

