|===========================================================================|
|                  PyTorch CUDA memory summary, device ID 0                 |
|---------------------------------------------------------------------------|
|            CUDA OOMs: 0            |        cudaMalloc retries: 0         |
|===========================================================================|
|        Metric         | Cur Usage  | Peak Usage | Tot Alloc  | Tot Freed  |
|---------------------------------------------------------------------------|
| Allocated memory      |  46014 KiB | 130029 KiB | 387996 MiB | 387951 MiB |
|       from large pool |  45506 KiB | 129280 KiB | 374883 MiB | 374838 MiB |
|       from small pool |    507 KiB |   3485 KiB |  13113 MiB |  13112 MiB |
|---------------------------------------------------------------------------|
| Active memory         |  46014 KiB | 130029 KiB | 387996 MiB | 387951 MiB |
|       from large pool |  45506 KiB | 129280 KiB | 374883 MiB | 374838 MiB |
|       from small pool |    507 KiB |   3485 KiB |  13113 MiB |  13112 MiB |
|---------------------------------------------------------------------------|
| Requested memory      |  46010 KiB | 130024 KiB | 386378 MiB | 386333 MiB |
|       from large pool |  45506 KiB | 129280 KiB | 373322 MiB | 373277 MiB |
|       from small pool |    504 KiB |   3481 KiB |  13055 MiB |  13055 MiB |
|---------------------------------------------------------------------------|
| GPU reserved memory   | 167936 KiB | 167936 KiB | 167936 KiB |      0 B   |
|       from large pool | 163840 KiB | 163840 KiB | 163840 KiB |      0 B   |
|       from small pool |   4096 KiB |   4096 KiB |   4096 KiB |      0 B   |
|---------------------------------------------------------------------------|
| Non-releasable memory |  17474 KiB |  42265 KiB | 113326 MiB | 113309 MiB |
|       from large pool |  15933 KiB |  40704 KiB | 100209 MiB | 100194 MiB |
|       from small pool |   1540 KiB |   3026 KiB |  13116 MiB |  13115 MiB |
|---------------------------------------------------------------------------|
| Allocations           |      41    |      48    |  268731    |  268690    |
|       from large pool |      10    |      14    |   33726    |   33716    |
|       from small pool |      31    |      38    |  235005    |  234974    |
|---------------------------------------------------------------------------|
| Active allocs         |      41    |      48    |  268731    |  268690    |
|       from large pool |      10    |      14    |   33726    |   33716    |
|       from small pool |      31    |      38    |  235005    |  234974    |
|---------------------------------------------------------------------------|
| GPU reserved segments |      11    |      11    |      11    |       0    |
|       from large pool |       9    |       9    |       9    |       0    |
|       from small pool |       2    |       2    |       2    |       0    |
|---------------------------------------------------------------------------|
| Non-releasable allocs |       8    |      14    |  109252    |  109244    |
|       from large pool |       3    |       4    |    8746    |    8743    |
|       from small pool |       5    |      11    |  100506    |  100501    |
|---------------------------------------------------------------------------|
| Oversize allocations  |       0    |       0    |       0    |       0    |
|---------------------------------------------------------------------------|
| Oversize GPU segments |       0    |       0    |       0    |       0    |
|===========================================================================|

|===========================================================================|
|                  PyTorch CUDA memory summary, device ID 0                 |
|---------------------------------------------------------------------------|
|            CUDA OOMs: 0            |        cudaMalloc retries: 0         |
|===========================================================================|
|        Metric         | Cur Usage  | Peak Usage | Tot Alloc  | Tot Freed  |
|---------------------------------------------------------------------------|
| Allocated memory      |  46011 KiB | 387006 KiB | 467259 MiB | 467214 MiB |
|       from large pool |  45504 KiB | 385791 KiB | 424090 MiB | 424045 MiB |
|       from small pool |    507 KiB |   3485 KiB |  43169 MiB |  43168 MiB |
|---------------------------------------------------------------------------|
| Active memory         |  46011 KiB | 387006 KiB | 467259 MiB | 467214 MiB |
|       from large pool |  45504 KiB | 385791 KiB | 424090 MiB | 424045 MiB |
|       from small pool |    507 KiB |   3485 KiB |  43169 MiB |  43168 MiB |
|---------------------------------------------------------------------------|
| Requested memory      |  45706 KiB | 386439 KiB | 465288 MiB | 465244 MiB |
|       from large pool |  45202 KiB | 385228 KiB | 422359 MiB | 422315 MiB |
|       from small pool |    504 KiB |   3481 KiB |  42929 MiB |  42928 MiB |
|---------------------------------------------------------------------------|
| GPU reserved memory   | 581632 KiB | 581632 KiB | 581632 KiB |      0 B   |
|       from large pool | 577536 KiB | 577536 KiB | 577536 KiB |      0 B   |
|       from small pool |   4096 KiB |   4096 KiB |   4096 KiB |      0 B   |
|---------------------------------------------------------------------------|
| Non-releasable memory |  33860 KiB |  53217 KiB | 239272 MiB | 239239 MiB |
|       from large pool |  32320 KiB |  52080 KiB | 141237 MiB | 141206 MiB |
|       from small pool |   1540 KiB |   3121 KiB |  98034 MiB |  98033 MiB |
|---------------------------------------------------------------------------|
| Allocations           |      41    |      66    |     829 K  |     829 K  |
|       from large pool |      10    |      28    |      43 K  |      42 K  |
|       from small pool |      31    |      45    |     786 K  |     786 K  |
|---------------------------------------------------------------------------|
| Active allocs         |      41    |      66    |     829 K  |     829 K  |
|       from large pool |      10    |      28    |      43 K  |      42 K  |
|       from small pool |      31    |      45    |     786 K  |     786 K  |
|---------------------------------------------------------------------------|
| GPU reserved segments |      21    |      21    |      21    |       0    |
|       from large pool |      19    |      19    |      19    |       0    |
|       from small pool |       2    |       2    |       2    |       0    |
|---------------------------------------------------------------------------|
| Non-releasable allocs |      18    |      21    |  410660    |  410642    |
|       from large pool |       5    |      10    |   14681    |   14676    |
|       from small pool |      13    |      16    |  395979    |  395966    |
|---------------------------------------------------------------------------|
| Oversize allocations  |       0    |       0    |       0    |       0    |
|---------------------------------------------------------------------------|
| Oversize GPU segments |       0    |       0    |       0    |       0    |
|===========================================================================|

|===========================================================================|
|                  PyTorch CUDA memory summary, device ID 0                 |
|---------------------------------------------------------------------------|
|            CUDA OOMs: 0            |        cudaMalloc retries: 0         |
|===========================================================================|
|        Metric         | Cur Usage  | Peak Usage | Tot Alloc  | Tot Freed  |
|---------------------------------------------------------------------------|
| Allocated memory      |  45136 KiB | 387006 KiB | 538888 MiB | 538844 MiB |
|       from large pool |  44628 KiB | 385791 KiB | 468571 MiB | 468528 MiB |
|       from small pool |    507 KiB |   3485 KiB |  70316 MiB |  70316 MiB |
|---------------------------------------------------------------------------|
| Active memory         |  45136 KiB | 387006 KiB | 538888 MiB | 538844 MiB |
|       from large pool |  44628 KiB | 385791 KiB | 468571 MiB | 468528 MiB |
|       from small pool |    507 KiB |   3485 KiB |  70316 MiB |  70316 MiB |
|---------------------------------------------------------------------------|
| Requested memory      |  45131 KiB | 386439 KiB | 536627 MiB | 536583 MiB |
|       from large pool |  44627 KiB | 385228 KiB | 466724 MiB | 466680 MiB |
|       from small pool |    504 KiB |   3481 KiB |  69902 MiB |  69902 MiB |
|---------------------------------------------------------------------------|
| GPU reserved memory   | 659456 KiB | 659456 KiB | 659456 KiB |      0 B   |
|       from large pool | 653312 KiB | 653312 KiB | 653312 KiB |      0 B   |
|       from small pool |   6144 KiB |   6144 KiB |   6144 KiB |      0 B   |
|---------------------------------------------------------------------------|
| Non-releasable memory |  34736 KiB | 117750 KiB | 359159 MiB | 359125 MiB |
|       from large pool |  33195 KiB | 116656 KiB | 178239 MiB | 178207 MiB |
|       from small pool |   1540 KiB |   3693 KiB | 180919 MiB | 180917 MiB |
|---------------------------------------------------------------------------|
| Allocations           |      41    |      66    |    1383 K  |    1382 K  |
|       from large pool |      10    |      28    |      51 K  |      51 K  |
|       from small pool |      31    |      45    |    1331 K  |    1331 K  |
|---------------------------------------------------------------------------|
| Active allocs         |      41    |      66    |    1383 K  |    1382 K  |
|       from large pool |      10    |      28    |      51 K  |      51 K  |
|       from small pool |      31    |      45    |    1331 K  |    1331 K  |
|---------------------------------------------------------------------------|
| GPU reserved segments |      23    |      23    |      23    |       0    |
|       from large pool |      20    |      20    |      20    |       0    |
|       from small pool |       3    |       3    |       3    |       0    |
|---------------------------------------------------------------------------|
| Non-releasable allocs |      14    |      26    |  658862    |  658848    |
|       from large pool |       4    |      13    |   18637    |   18633    |
|       from small pool |      10    |      19    |  640225    |  640215    |
|---------------------------------------------------------------------------|
| Oversize allocations  |       0    |       0    |       0    |       0    |
|---------------------------------------------------------------------------|
| Oversize GPU segments |       0    |       0    |       0    |       0    |
|===========================================================================|

|===========================================================================|
|                  PyTorch CUDA memory summary, device ID 0                 |
|---------------------------------------------------------------------------|
|            CUDA OOMs: 0            |        cudaMalloc retries: 0         |
|===========================================================================|
|        Metric         | Cur Usage  | Peak Usage | Tot Alloc  | Tot Freed  |
|---------------------------------------------------------------------------|
| Allocated memory      |  46011 KiB | 387006 KiB | 596250 MiB | 596205 MiB |
|       from large pool |  45504 KiB | 385791 KiB | 506269 MiB | 506225 MiB |
|       from small pool |    507 KiB |   3485 KiB |  89980 MiB |  89979 MiB |
|---------------------------------------------------------------------------|
| Active memory         |  46011 KiB | 387006 KiB | 596250 MiB | 596205 MiB |
|       from large pool |  45504 KiB | 385791 KiB | 506269 MiB | 506225 MiB |
|       from small pool |    507 KiB |   3485 KiB |  89980 MiB |  89979 MiB |
|---------------------------------------------------------------------------|
| Requested memory      |  44838 KiB | 386439 KiB | 593684 MiB | 593640 MiB |
|       from large pool |  44334 KiB | 385228 KiB | 504232 MiB | 504189 MiB |
|       from small pool |    504 KiB |   3481 KiB |  89451 MiB |  89451 MiB |
|---------------------------------------------------------------------------|
| GPU reserved memory   | 659456 KiB | 659456 KiB | 659456 KiB |      0 B   |
|       from large pool | 653312 KiB | 653312 KiB | 653312 KiB |      0 B   |
|       from small pool |   6144 KiB |   6144 KiB |   6144 KiB |      0 B   |
|---------------------------------------------------------------------------|
| Non-releasable memory |  33860 KiB | 117750 KiB | 408741 MiB | 408708 MiB |
|       from large pool |  32320 KiB | 116656 KiB | 208147 MiB | 208115 MiB |
|       from small pool |   1540 KiB |   3693 KiB | 200594 MiB | 200592 MiB |
|---------------------------------------------------------------------------|
| Allocations           |      41    |      66    |    1916 K  |    1916 K  |
|       from large pool |      10    |      28    |      57 K  |      57 K  |
|       from small pool |      31    |      45    |    1858 K  |    1858 K  |
|---------------------------------------------------------------------------|
| Active allocs         |      41    |      66    |    1916 K  |    1916 K  |
|       from large pool |      10    |      28    |      57 K  |      57 K  |
|       from small pool |      31    |      45    |    1858 K  |    1858 K  |
|---------------------------------------------------------------------------|
| GPU reserved segments |      23    |      23    |      23    |       0    |
|       from large pool |      20    |      20    |      20    |       0    |
|       from small pool |       3    |       3    |       3    |       0    |
|---------------------------------------------------------------------------|
| Non-releasable allocs |      16    |      26    |     796 K  |     796 K  |
|       from large pool |       4    |      13    |      22 K  |      22 K  |
|       from small pool |      12    |      19    |     774 K  |     774 K  |
|---------------------------------------------------------------------------|
| Oversize allocations  |       0    |       0    |       0    |       0    |
|---------------------------------------------------------------------------|
| Oversize GPU segments |       0    |       0    |       0    |       0    |
|===========================================================================|

|===========================================================================|
|                  PyTorch CUDA memory summary, device ID 0                 |
|---------------------------------------------------------------------------|
|            CUDA OOMs: 0            |        cudaMalloc retries: 0         |
|===========================================================================|
|        Metric         | Cur Usage  | Peak Usage | Tot Alloc  | Tot Freed  |
|---------------------------------------------------------------------------|
| Allocated memory      |  45110 KiB | 387006 KiB | 645388 MiB | 645344 MiB |
|       from large pool |  44602 KiB | 385791 KiB | 539742 MiB | 539698 MiB |
|       from small pool |    507 KiB |   3485 KiB | 105646 MiB | 105645 MiB |
|---------------------------------------------------------------------------|
| Active memory         |  45110 KiB | 387006 KiB | 645388 MiB | 645344 MiB |
|       from large pool |  44602 KiB | 385791 KiB | 539742 MiB | 539698 MiB |
|       from small pool |    507 KiB |   3485 KiB | 105646 MiB | 105645 MiB |
|---------------------------------------------------------------------------|
| Requested memory      |  44913 KiB | 386439 KiB | 642381 MiB | 642337 MiB |
|       from large pool |  44409 KiB | 385228 KiB | 537440 MiB | 537397 MiB |
|       from small pool |    504 KiB |   3481 KiB | 104940 MiB | 104940 MiB |
|---------------------------------------------------------------------------|
| GPU reserved memory   | 659456 KiB | 659456 KiB | 659456 KiB |      0 B   |
|       from large pool | 653312 KiB | 653312 KiB | 653312 KiB |      0 B   |
|       from small pool |   6144 KiB |   6144 KiB |   6144 KiB |      0 B   |
|---------------------------------------------------------------------------|
| Non-releasable memory |  34762 KiB | 117750 KiB | 450921 MiB | 450888 MiB |
|       from large pool |  33221 KiB | 116656 KiB | 234523 MiB | 234490 MiB |
|       from small pool |   1540 KiB |   3693 KiB | 216398 MiB | 216397 MiB |
|---------------------------------------------------------------------------|
| Allocations           |      41    |      66    |    2451 K  |    2451 K  |
|       from large pool |      10    |      28    |      63 K  |      63 K  |
|       from small pool |      31    |      45    |    2387 K  |    2387 K  |
|---------------------------------------------------------------------------|
| Active allocs         |      41    |      66    |    2451 K  |    2451 K  |
|       from large pool |      10    |      28    |      63 K  |      63 K  |
|       from small pool |      31    |      45    |    2387 K  |    2387 K  |
|---------------------------------------------------------------------------|
| GPU reserved segments |      23    |      23    |      23    |       0    |
|       from large pool |      20    |      20    |      20    |       0    |
|       from small pool |       3    |       3    |       3    |       0    |
|---------------------------------------------------------------------------|
| Non-releasable allocs |      17    |      26    |     949 K  |     949 K  |
|       from large pool |       5    |      13    |      25 K  |      25 K  |
|       from small pool |      12    |      19    |     924 K  |     924 K  |
|---------------------------------------------------------------------------|
| Oversize allocations  |       0    |       0    |       0    |       0    |
|---------------------------------------------------------------------------|
| Oversize GPU segments |       0    |       0    |       0    |       0    |
|===========================================================================|

|===========================================================================|
|                  PyTorch CUDA memory summary, device ID 0                 |
|---------------------------------------------------------------------------|
|            CUDA OOMs: 0            |        cudaMalloc retries: 0         |
|===========================================================================|
|        Metric         | Cur Usage  | Peak Usage | Tot Alloc  | Tot Freed  |
|---------------------------------------------------------------------------|
| Allocated memory      |  46117 KiB | 387006 KiB | 694106 MiB | 694061 MiB |
|       from large pool |  45610 KiB | 385791 KiB | 573103 MiB | 573058 MiB |
|       from small pool |    507 KiB |   3485 KiB | 121003 MiB | 121003 MiB |
|---------------------------------------------------------------------------|
| Active memory         |  46117 KiB | 387006 KiB | 694106 MiB | 694061 MiB |
|       from large pool |  45610 KiB | 385791 KiB | 573103 MiB | 573058 MiB |
|       from small pool |    507 KiB |   3485 KiB | 121003 MiB | 121003 MiB |
|---------------------------------------------------------------------------|
| Requested memory      |  45404 KiB | 386439 KiB | 690682 MiB | 690638 MiB |
|       from large pool |  44900 KiB | 385228 KiB | 570545 MiB | 570501 MiB |
|       from small pool |    504 KiB |   3481 KiB | 120137 MiB | 120136 MiB |
|---------------------------------------------------------------------------|
| GPU reserved memory   | 659456 KiB | 659456 KiB | 659456 KiB |      0 B   |
|       from large pool | 653312 KiB | 653312 KiB | 653312 KiB |      0 B   |
|       from small pool |   6144 KiB |   6144 KiB |   6144 KiB |      0 B   |
|---------------------------------------------------------------------------|
| Non-releasable memory |  33754 KiB | 117750 KiB | 493235 MiB | 493202 MiB |
|       from large pool |  32214 KiB | 116656 KiB | 261469 MiB | 261438 MiB |
|       from small pool |   1540 KiB |   3693 KiB | 231765 MiB | 231763 MiB |
|---------------------------------------------------------------------------|
| Allocations           |      41    |      66    |    2997 K  |    2997 K  |
|       from large pool |      10    |      28    |      68 K  |      68 K  |
|       from small pool |      31    |      45    |    2928 K  |    2928 K  |
|---------------------------------------------------------------------------|
| Active allocs         |      41    |      66    |    2997 K  |    2997 K  |
|       from large pool |      10    |      28    |      68 K  |      68 K  |
|       from small pool |      31    |      45    |    2928 K  |    2928 K  |
|---------------------------------------------------------------------------|
| GPU reserved segments |      23    |      23    |      23    |       0    |
|       from large pool |      20    |      20    |      20    |       0    |
|       from small pool |       3    |       3    |       3    |       0    |
|---------------------------------------------------------------------------|
| Non-releasable allocs |      16    |      26    |    1218 K  |    1218 K  |
|       from large pool |       5    |      13    |      28 K  |      28 K  |
|       from small pool |      11    |      19    |    1190 K  |    1190 K  |
|---------------------------------------------------------------------------|
| Oversize allocations  |       0    |       0    |       0    |       0    |
|---------------------------------------------------------------------------|
| Oversize GPU segments |       0    |       0    |       0    |       0    |
|===========================================================================|

|===========================================================================|
|                  PyTorch CUDA memory summary, device ID 0                 |
|---------------------------------------------------------------------------|
|            CUDA OOMs: 0            |        cudaMalloc retries: 0         |
|===========================================================================|
|        Metric         | Cur Usage  | Peak Usage | Tot Alloc  | Tot Freed  |
|---------------------------------------------------------------------------|
| Allocated memory      |  45970 KiB | 387006 KiB | 752685 MiB | 752640 MiB |
|       from large pool |  45463 KiB | 385791 KiB | 610617 MiB | 610573 MiB |
|       from small pool |    507 KiB |   3485 KiB | 142067 MiB | 142066 MiB |
|---------------------------------------------------------------------------|
| Active memory         |  45970 KiB | 387006 KiB | 752685 MiB | 752640 MiB |
|       from large pool |  45463 KiB | 385791 KiB | 610617 MiB | 610573 MiB |
|       from small pool |    507 KiB |   3485 KiB | 142067 MiB | 142066 MiB |
|---------------------------------------------------------------------------|
| Requested memory      |  45386 KiB | 386439 KiB | 748851 MiB | 748806 MiB |
|       from large pool |  44882 KiB | 385228 KiB | 607808 MiB | 607764 MiB |
|       from small pool |    504 KiB |   3481 KiB | 141042 MiB | 141042 MiB |
|---------------------------------------------------------------------------|
| GPU reserved memory   | 659456 KiB | 659456 KiB | 659456 KiB |      0 B   |
|       from large pool | 653312 KiB | 653312 KiB | 653312 KiB |      0 B   |
|       from small pool |   6144 KiB |   6144 KiB |   6144 KiB |      0 B   |
|---------------------------------------------------------------------------|
| Non-releasable memory |  33901 KiB | 117750 KiB | 543734 MiB | 543701 MiB |
|       from large pool |  32361 KiB | 116656 KiB | 290894 MiB | 290863 MiB |
|       from small pool |   1540 KiB |   3693 KiB | 252839 MiB | 252837 MiB |
|---------------------------------------------------------------------------|
| Allocations           |      41    |      66    |    3592 K  |    3592 K  |
|       from large pool |      10    |      28    |      75 K  |      75 K  |
|       from small pool |      31    |      45    |    3517 K  |    3517 K  |
|---------------------------------------------------------------------------|
| Active allocs         |      41    |      66    |    3592 K  |    3592 K  |
|       from large pool |      10    |      28    |      75 K  |      75 K  |
|       from small pool |      31    |      45    |    3517 K  |    3517 K  |
|---------------------------------------------------------------------------|
| GPU reserved segments |      23    |      23    |      23    |       0    |
|       from large pool |      20    |      20    |      20    |       0    |
|       from small pool |       3    |       3    |       3    |       0    |
|---------------------------------------------------------------------------|
| Non-releasable allocs |      16    |      26    |    1366 K  |    1366 K  |
|       from large pool |       5    |      13    |      32 K  |      32 K  |
|       from small pool |      11    |      19    |    1333 K  |    1333 K  |
|---------------------------------------------------------------------------|
| Oversize allocations  |       0    |       0    |       0    |       0    |
|---------------------------------------------------------------------------|
| Oversize GPU segments |       0    |       0    |       0    |       0    |
|===========================================================================|

|===========================================================================|
|                  PyTorch CUDA memory summary, device ID 0                 |
|---------------------------------------------------------------------------|
|            CUDA OOMs: 0            |        cudaMalloc retries: 0         |
|===========================================================================|
|        Metric         | Cur Usage  | Peak Usage | Tot Alloc  | Tot Freed  |
|---------------------------------------------------------------------------|
| Allocated memory      |  44790 KiB | 387006 KiB |    790 GiB |    790 GiB |
|       from large pool |  43899 KiB | 385791 KiB |    631 GiB |    631 GiB |
|       from small pool |    890 KiB |   3485 KiB |    158 GiB |    158 GiB |
|---------------------------------------------------------------------------|
| Active memory         |  44790 KiB | 387006 KiB |    790 GiB |    790 GiB |
|       from large pool |  43899 KiB | 385791 KiB |    631 GiB |    631 GiB |
|       from small pool |    890 KiB |   3485 KiB |    158 GiB |    158 GiB |
|---------------------------------------------------------------------------|
| Requested memory      |  44594 KiB | 386439 KiB |    786 GiB |    785 GiB |
|       from large pool |  43707 KiB | 385228 KiB |    628 GiB |    628 GiB |
|       from small pool |    887 KiB |   3481 KiB |    157 GiB |    157 GiB |
|---------------------------------------------------------------------------|
| GPU reserved memory   | 659456 KiB | 659456 KiB | 659456 KiB |      0 B   |
|       from large pool | 653312 KiB | 653312 KiB | 653312 KiB |      0 B   |
|       from small pool |   6144 KiB |   6144 KiB |   6144 KiB |      0 B   |
|---------------------------------------------------------------------------|
| Non-releasable memory |  51466 KiB | 121277 KiB | 592266 MiB | 592216 MiB |
|       from large pool |  50308 KiB | 118358 KiB | 318853 MiB | 318804 MiB |
|       from small pool |   1157 KiB |   3820 KiB | 273413 MiB | 273412 MiB |
|---------------------------------------------------------------------------|
| Allocations           |      41    |      66    |    4208 K  |    4208 K  |
|       from large pool |       9    |      28    |      81 K  |      81 K  |
|       from small pool |      32    |      45    |    4127 K  |    4127 K  |
|---------------------------------------------------------------------------|
| Active allocs         |      41    |      66    |    4208 K  |    4208 K  |
|       from large pool |       9    |      28    |      81 K  |      81 K  |
|       from small pool |      32    |      45    |    4127 K  |    4127 K  |
|---------------------------------------------------------------------------|
| GPU reserved segments |      23    |      23    |      23    |       0    |
|       from large pool |      20    |      20    |      20    |       0    |
|       from small pool |       3    |       3    |       3    |       0    |
|---------------------------------------------------------------------------|
| Non-releasable allocs |      18    |      26    |    1490 K  |    1490 K  |
|       from large pool |       6    |      13    |      35 K  |      35 K  |
|       from small pool |      12    |      19    |    1454 K  |    1454 K  |
|---------------------------------------------------------------------------|
| Oversize allocations  |       0    |       0    |       0    |       0    |
|---------------------------------------------------------------------------|
| Oversize GPU segments |       0    |       0    |       0    |       0    |
|===========================================================================|

|===========================================================================|
|                  PyTorch CUDA memory summary, device ID 0                 |
|---------------------------------------------------------------------------|
|            CUDA OOMs: 0            |        cudaMalloc retries: 0         |
|===========================================================================|
|        Metric         | Cur Usage  | Peak Usage | Tot Alloc  | Tot Freed  |
|---------------------------------------------------------------------------|
| Allocated memory      |  44554 KiB | 387006 KiB |    823 GiB |    823 GiB |
|       from large pool |  43824 KiB | 385791 KiB |    657 GiB |    657 GiB |
|       from small pool |    729 KiB |   3868 KiB |    166 GiB |    166 GiB |
|---------------------------------------------------------------------------|
| Active memory         |  44554 KiB | 387006 KiB |    823 GiB |    823 GiB |
|       from large pool |  43824 KiB | 385791 KiB |    657 GiB |    657 GiB |
|       from small pool |    729 KiB |   3868 KiB |    166 GiB |    166 GiB |
|---------------------------------------------------------------------------|
| Requested memory      |  44550 KiB | 386439 KiB |    819 GiB |    819 GiB |
|       from large pool |  43824 KiB | 385228 KiB |    654 GiB |    654 GiB |
|       from small pool |    726 KiB |   3864 KiB |    164 GiB |    164 GiB |
|---------------------------------------------------------------------------|
| GPU reserved memory   | 659456 KiB | 659456 KiB | 659456 KiB |      0 B   |
|       from large pool | 653312 KiB | 653312 KiB | 653312 KiB |      0 B   |
|       from small pool |   6144 KiB |   6144 KiB |   6144 KiB |      0 B   |
|---------------------------------------------------------------------------|
| Non-releasable memory |  51702 KiB | 121277 KiB | 619397 MiB | 619346 MiB |
|       from large pool |  50383 KiB | 118358 KiB | 338101 MiB | 338052 MiB |
|       from small pool |   1318 KiB |   3820 KiB | 281295 MiB | 281293 MiB |
|---------------------------------------------------------------------------|
| Allocations           |      41    |      66    |    4788 K  |    4788 K  |
|       from large pool |       9    |      28    |      85 K  |      85 K  |
|       from small pool |      32    |      46    |    4703 K  |    4703 K  |
|---------------------------------------------------------------------------|
| Active allocs         |      41    |      66    |    4788 K  |    4788 K  |
|       from large pool |       9    |      28    |      85 K  |      85 K  |
|       from small pool |      32    |      46    |    4703 K  |    4703 K  |
|---------------------------------------------------------------------------|
| GPU reserved segments |      23    |      23    |      23    |       0    |
|       from large pool |      20    |      20    |      20    |       0    |
|       from small pool |       3    |       3    |       3    |       0    |
|---------------------------------------------------------------------------|
| Non-releasable allocs |      18    |      30    |    1538 K  |    1538 K  |
|       from large pool |       6    |      15    |      37 K  |      37 K  |
|       from small pool |      12    |      19    |    1500 K  |    1500 K  |
|---------------------------------------------------------------------------|
| Oversize allocations  |       0    |       0    |       0    |       0    |
|---------------------------------------------------------------------------|
| Oversize GPU segments |       0    |       0    |       0    |       0    |
|===========================================================================|

