|===========================================================================|
|                  PyTorch CUDA memory summary, device ID 0                 |
|---------------------------------------------------------------------------|
|            CUDA OOMs: 0            |        cudaMalloc retries: 0         |
|===========================================================================|
|        Metric         | Cur Usage  | Peak Usage | Tot Alloc  | Tot Freed  |
|---------------------------------------------------------------------------|
| Allocated memory      |  37653 KiB | 378396 KiB |   1108 GiB |   1108 GiB |
|       from large pool |  37314 KiB | 377350 KiB |   1046 GiB |   1046 GiB |
|       from small pool |    338 KiB |   3699 KiB |     62 GiB |     62 GiB |
|---------------------------------------------------------------------------|
| Active memory         |  37653 KiB | 378396 KiB |   1108 GiB |   1108 GiB |
|       from large pool |  37314 KiB | 377350 KiB |   1046 GiB |   1046 GiB |
|       from small pool |    338 KiB |   3699 KiB |     62 GiB |     62 GiB |
|---------------------------------------------------------------------------|
| Requested memory      |  37650 KiB | 378079 KiB |   1103 GiB |   1103 GiB |
|       from large pool |  37314 KiB | 377036 KiB |   1041 GiB |   1041 GiB |
|       from small pool |    336 KiB |   3696 KiB |     61 GiB |     61 GiB |
|---------------------------------------------------------------------------|
| GPU reserved memory   | 659456 KiB | 659456 KiB | 659456 KiB |      0 B   |
|       from large pool | 653312 KiB | 653312 KiB | 653312 KiB |      0 B   |
|       from small pool |   6144 KiB |   6144 KiB |   6144 KiB |      0 B   |
|---------------------------------------------------------------------------|
| Non-releasable memory |  21739 KiB | 109005 KiB | 498960 MiB | 498938 MiB |
|       from large pool |  20029 KiB | 107742 KiB | 434931 MiB | 434912 MiB |
|       from small pool |   1709 KiB |   4213 KiB |  64028 MiB |  64026 MiB |
|---------------------------------------------------------------------------|
| Allocations           |      29    |      54    |    1398 K  |    1398 K  |
|       from large pool |       8    |      26    |     121 K  |     121 K  |
|       from small pool |      21    |      35    |    1277 K  |    1277 K  |
|---------------------------------------------------------------------------|
| Active allocs         |      29    |      54    |    1398 K  |    1398 K  |
|       from large pool |       8    |      26    |     121 K  |     121 K  |
|       from small pool |      21    |      35    |    1277 K  |    1277 K  |
|---------------------------------------------------------------------------|
| GPU reserved segments |      23    |      23    |      23    |       0    |
|       from large pool |      20    |      20    |      20    |       0    |
|       from small pool |       3    |       3    |       3    |       0    |
|---------------------------------------------------------------------------|
| Non-releasable allocs |      10    |      18    |  592716    |  592706    |
|       from large pool |       4    |      12    |   49133    |   49129    |
|       from small pool |       6    |      14    |  543583    |  543577    |
|---------------------------------------------------------------------------|
| Oversize allocations  |       0    |       0    |       0    |       0    |
|---------------------------------------------------------------------------|
| Oversize GPU segments |       0    |       0    |       0    |       0    |
|===========================================================================|

|===========================================================================|
|                  PyTorch CUDA memory summary, device ID 0                 |
|---------------------------------------------------------------------------|
|            CUDA OOMs: 0            |        cudaMalloc retries: 0         |
|===========================================================================|
|        Metric         | Cur Usage  | Peak Usage | Tot Alloc  | Tot Freed  |
|---------------------------------------------------------------------------|
| Allocated memory      |  37349 KiB | 378645 KiB |   1170 GiB |   1170 GiB |
|       from large pool |  37010 KiB | 377599 KiB |   1101 GiB |   1101 GiB |
|       from small pool |    338 KiB |   3699 KiB |     68 GiB |     68 GiB |
|---------------------------------------------------------------------------|
| Active memory         |  37349 KiB | 378645 KiB |   1170 GiB |   1170 GiB |
|       from large pool |  37010 KiB | 377599 KiB |   1101 GiB |   1101 GiB |
|       from small pool |    338 KiB |   3699 KiB |     68 GiB |     68 GiB |
|---------------------------------------------------------------------------|
| Requested memory      |  37346 KiB | 378079 KiB |   1165 GiB |   1165 GiB |
|       from large pool |  37010 KiB | 377036 KiB |   1097 GiB |   1097 GiB |
|       from small pool |    336 KiB |   3696 KiB |     68 GiB |     68 GiB |
|---------------------------------------------------------------------------|
| GPU reserved memory   | 659456 KiB | 659456 KiB | 659456 KiB |      0 B   |
|       from large pool | 653312 KiB | 653312 KiB | 653312 KiB |      0 B   |
|       from small pool |   6144 KiB |   6144 KiB |   6144 KiB |      0 B   |
|---------------------------------------------------------------------------|
| Non-releasable memory |  22043 KiB | 109005 KiB | 545794 MiB | 545772 MiB |
|       from large pool |  20333 KiB | 107742 KiB | 474938 MiB | 474918 MiB |
|       from small pool |   1709 KiB |   4213 KiB |  70855 MiB |  70854 MiB |
|---------------------------------------------------------------------------|
| Allocations           |      29    |      54    |    1562 K  |    1562 K  |
|       from large pool |       8    |      26    |     131 K  |     131 K  |
|       from small pool |      21    |      35    |    1431 K  |    1431 K  |
|---------------------------------------------------------------------------|
| Active allocs         |      29    |      54    |    1562 K  |    1562 K  |
|       from large pool |       8    |      26    |     131 K  |     131 K  |
|       from small pool |      21    |      35    |    1431 K  |    1431 K  |
|---------------------------------------------------------------------------|
| GPU reserved segments |      23    |      23    |      23    |       0    |
|       from large pool |      20    |      20    |      20    |       0    |
|       from small pool |       3    |       3    |       3    |       0    |
|---------------------------------------------------------------------------|
| Non-releasable allocs |       7    |      18    |  669624    |  669617    |
|       from large pool |       4    |      12    |   55636    |   55632    |
|       from small pool |       3    |      14    |  613988    |  613985    |
|---------------------------------------------------------------------------|
| Oversize allocations  |       0    |       0    |       0    |       0    |
|---------------------------------------------------------------------------|
| Oversize GPU segments |       0    |       0    |       0    |       0    |
|===========================================================================|

|===========================================================================|
|                  PyTorch CUDA memory summary, device ID 0                 |
|---------------------------------------------------------------------------|
|            CUDA OOMs: 0            |        cudaMalloc retries: 0         |
|===========================================================================|
|        Metric         | Cur Usage  | Peak Usage | Tot Alloc  | Tot Freed  |
|---------------------------------------------------------------------------|
| Allocated memory      |  37330 KiB | 378645 KiB |   1228 GiB |   1228 GiB |
|       from large pool |  36992 KiB | 377599 KiB |   1153 GiB |   1153 GiB |
|       from small pool |    338 KiB |   3699 KiB |     75 GiB |     75 GiB |
|---------------------------------------------------------------------------|
| Active memory         |  37330 KiB | 378645 KiB |   1228 GiB |   1228 GiB |
|       from large pool |  36992 KiB | 377599 KiB |   1153 GiB |   1153 GiB |
|       from small pool |    338 KiB |   3699 KiB |     75 GiB |     75 GiB |
|---------------------------------------------------------------------------|
| Requested memory      |  36771 KiB | 378079 KiB |   1223 GiB |   1223 GiB |
|       from large pool |  36435 KiB | 377036 KiB |   1148 GiB |   1148 GiB |
|       from small pool |    336 KiB |   3696 KiB |     74 GiB |     74 GiB |
|---------------------------------------------------------------------------|
| GPU reserved memory   | 659456 KiB | 659456 KiB | 659456 KiB |      0 B   |
|       from large pool | 653312 KiB | 653312 KiB | 653312 KiB |      0 B   |
|       from small pool |   6144 KiB |   6144 KiB |   6144 KiB |      0 B   |
|---------------------------------------------------------------------------|
| Non-releasable memory |  22061 KiB | 109005 KiB | 590996 MiB | 590975 MiB |
|       from large pool |  20352 KiB | 107742 KiB | 513517 MiB | 513497 MiB |
|       from small pool |   1709 KiB |   4213 KiB |  77479 MiB |  77478 MiB |
|---------------------------------------------------------------------------|
| Allocations           |      29    |      54    |    1711 K  |    1711 K  |
|       from large pool |       8    |      26    |     139 K  |     139 K  |
|       from small pool |      21    |      35    |    1572 K  |    1572 K  |
|---------------------------------------------------------------------------|
| Active allocs         |      29    |      54    |    1711 K  |    1711 K  |
|       from large pool |       8    |      26    |     139 K  |     139 K  |
|       from small pool |      21    |      35    |    1572 K  |    1572 K  |
|---------------------------------------------------------------------------|
| GPU reserved segments |      23    |      23    |      23    |       0    |
|       from large pool |      20    |      20    |      20    |       0    |
|       from small pool |       3    |       3    |       3    |       0    |
|---------------------------------------------------------------------------|
| Non-releasable allocs |       7    |      18    |  745658    |  745651    |
|       from large pool |       3    |      12    |   61789    |   61786    |
|       from small pool |       4    |      14    |  683869    |  683865    |
|---------------------------------------------------------------------------|
| Oversize allocations  |       0    |       0    |       0    |       0    |
|---------------------------------------------------------------------------|
| Oversize GPU segments |       0    |       0    |       0    |       0    |
|===========================================================================|

|===========================================================================|
|                  PyTorch CUDA memory summary, device ID 0                 |
|---------------------------------------------------------------------------|
|            CUDA OOMs: 0            |        cudaMalloc retries: 0         |
|===========================================================================|
|        Metric         | Cur Usage  | Peak Usage | Tot Alloc  | Tot Freed  |
|---------------------------------------------------------------------------|
| Allocated memory      |  37330 KiB | 378645 KiB |   1275 GiB |   1275 GiB |
|       from large pool |  36992 KiB | 377599 KiB |   1195 GiB |   1195 GiB |
|       from small pool |    338 KiB |   3699 KiB |     79 GiB |     79 GiB |
|---------------------------------------------------------------------------|
| Active memory         |  37330 KiB | 378645 KiB |   1275 GiB |   1275 GiB |
|       from large pool |  36992 KiB | 377599 KiB |   1195 GiB |   1195 GiB |
|       from small pool |    338 KiB |   3699 KiB |     79 GiB |     79 GiB |
|---------------------------------------------------------------------------|
| Requested memory      |  36478 KiB | 378079 KiB |   1269 GiB |   1269 GiB |
|       from large pool |  36142 KiB | 377036 KiB |   1190 GiB |   1190 GiB |
|       from small pool |    336 KiB |   3696 KiB |     79 GiB |     79 GiB |
|---------------------------------------------------------------------------|
| GPU reserved memory   | 659456 KiB | 659456 KiB | 659456 KiB |      0 B   |
|       from large pool | 653312 KiB | 653312 KiB | 653312 KiB |      0 B   |
|       from small pool |   6144 KiB |   6144 KiB |   6144 KiB |      0 B   |
|---------------------------------------------------------------------------|
| Non-releasable memory |  22061 KiB | 109005 KiB | 622087 MiB | 622066 MiB |
|       from large pool |  20352 KiB | 107742 KiB | 540334 MiB | 540315 MiB |
|       from small pool |   1709 KiB |   4213 KiB |  81752 MiB |  81751 MiB |
|---------------------------------------------------------------------------|
| Allocations           |      29    |      54    |    1813 K  |    1813 K  |
|       from large pool |       8    |      26    |     146 K  |     146 K  |
|       from small pool |      21    |      35    |    1667 K  |    1667 K  |
|---------------------------------------------------------------------------|
| Active allocs         |      29    |      54    |    1813 K  |    1813 K  |
|       from large pool |       8    |      26    |     146 K  |     146 K  |
|       from small pool |      21    |      35    |    1667 K  |    1667 K  |
|---------------------------------------------------------------------------|
| GPU reserved segments |      23    |      23    |      23    |       0    |
|       from large pool |      20    |      20    |      20    |       0    |
|       from small pool |       3    |       3    |       3    |       0    |
|---------------------------------------------------------------------------|
| Non-releasable allocs |       7    |      18    |     794 K  |     794 K  |
|       from large pool |       3    |      12    |      66 K  |      66 K  |
|       from small pool |       4    |      14    |     728 K  |     728 K  |
|---------------------------------------------------------------------------|
| Oversize allocations  |       0    |       0    |       0    |       0    |
|---------------------------------------------------------------------------|
| Oversize GPU segments |       0    |       0    |       0    |       0    |
|===========================================================================|

|===========================================================================|
|                  PyTorch CUDA memory summary, device ID 0                 |
|---------------------------------------------------------------------------|
|            CUDA OOMs: 0            |        cudaMalloc retries: 0         |
|===========================================================================|
|        Metric         | Cur Usage  | Peak Usage | Tot Alloc  | Tot Freed  |
|---------------------------------------------------------------------------|
| Allocated memory      |  36557 KiB | 378645 KiB |   1324 GiB |   1324 GiB |
|       from large pool |  36218 KiB | 377599 KiB |   1240 GiB |   1240 GiB |
|       from small pool |    338 KiB |   3699 KiB |     83 GiB |     83 GiB |
|---------------------------------------------------------------------------|
| Active memory         |  36557 KiB | 378645 KiB |   1324 GiB |   1324 GiB |
|       from large pool |  36218 KiB | 377599 KiB |   1240 GiB |   1240 GiB |
|       from small pool |    338 KiB |   3699 KiB |     83 GiB |     83 GiB |
|---------------------------------------------------------------------------|
| Requested memory      |  36553 KiB | 378079 KiB |   1319 GiB |   1319 GiB |
|       from large pool |  36217 KiB | 377036 KiB |   1235 GiB |   1235 GiB |
|       from small pool |    336 KiB |   3696 KiB |     83 GiB |     83 GiB |
|---------------------------------------------------------------------------|
| GPU reserved memory   | 659456 KiB | 659456 KiB | 659456 KiB |      0 B   |
|       from large pool | 653312 KiB | 653312 KiB | 653312 KiB |      0 B   |
|       from small pool |   6144 KiB |   6144 KiB |   6144 KiB |      0 B   |
|---------------------------------------------------------------------------|
| Non-releasable memory |  22835 KiB | 109005 KiB | 654425 MiB | 654403 MiB |
|       from large pool |  21125 KiB | 107742 KiB | 568210 MiB | 568190 MiB |
|       from small pool |   1709 KiB |   4213 KiB |  86214 MiB |  86212 MiB |
|---------------------------------------------------------------------------|
| Allocations           |      29    |      54    |    1914 K  |    1914 K  |
|       from large pool |       8    |      26    |     152 K  |     152 K  |
|       from small pool |      21    |      35    |    1762 K  |    1762 K  |
|---------------------------------------------------------------------------|
| Active allocs         |      29    |      54    |    1914 K  |    1914 K  |
|       from large pool |       8    |      26    |     152 K  |     152 K  |
|       from small pool |      21    |      35    |    1762 K  |    1762 K  |
|---------------------------------------------------------------------------|
| GPU reserved segments |      23    |      23    |      23    |       0    |
|       from large pool |      20    |      20    |      20    |       0    |
|       from small pool |       3    |       3    |       3    |       0    |
|---------------------------------------------------------------------------|
| Non-releasable allocs |       9    |      18    |     845 K  |     845 K  |
|       from large pool |       5    |      12    |      71 K  |      71 K  |
|       from small pool |       4    |      14    |     774 K  |     774 K  |
|---------------------------------------------------------------------------|
| Oversize allocations  |       0    |       0    |       0    |       0    |
|---------------------------------------------------------------------------|
| Oversize GPU segments |       0    |       0    |       0    |       0    |
|===========================================================================|

|===========================================================================|
|                  PyTorch CUDA memory summary, device ID 0                 |
|---------------------------------------------------------------------------|
|            CUDA OOMs: 0            |        cudaMalloc retries: 0         |
|===========================================================================|
|        Metric         | Cur Usage  | Peak Usage | Tot Alloc  | Tot Freed  |
|---------------------------------------------------------------------------|
| Allocated memory      |  37436 KiB | 378645 KiB |   1362 GiB |   1362 GiB |
|       from large pool |  37098 KiB | 377599 KiB |   1275 GiB |   1275 GiB |
|       from small pool |    338 KiB |   3699 KiB |     86 GiB |     86 GiB |
|---------------------------------------------------------------------------|
| Active memory         |  37436 KiB | 378645 KiB |   1362 GiB |   1362 GiB |
|       from large pool |  37098 KiB | 377599 KiB |   1275 GiB |   1275 GiB |
|       from small pool |    338 KiB |   3699 KiB |     86 GiB |     86 GiB |
|---------------------------------------------------------------------------|
| Requested memory      |  37044 KiB | 378079 KiB |   1356 GiB |   1356 GiB |
|       from large pool |  36708 KiB | 377036 KiB |   1270 GiB |   1270 GiB |
|       from small pool |    336 KiB |   3696 KiB |     86 GiB |     86 GiB |
|---------------------------------------------------------------------------|
| GPU reserved memory   | 659456 KiB | 659456 KiB | 659456 KiB |      0 B   |
|       from large pool | 653312 KiB | 653312 KiB | 653312 KiB |      0 B   |
|       from small pool |   6144 KiB |   6144 KiB |   6144 KiB |      0 B   |
|---------------------------------------------------------------------------|
| Non-releasable memory |   5571 KiB | 109005 KiB | 679301 MiB | 679295 MiB |
|       from large pool |   3862 KiB | 107742 KiB | 590192 MiB | 590188 MiB |
|       from small pool |   1709 KiB |   4213 KiB |  89108 MiB |  89106 MiB |
|---------------------------------------------------------------------------|
| Allocations           |      29    |      54    |    1981 K  |    1981 K  |
|       from large pool |       8    |      26    |     157 K  |     157 K  |
|       from small pool |      21    |      35    |    1824 K  |    1824 K  |
|---------------------------------------------------------------------------|
| Active allocs         |      29    |      54    |    1981 K  |    1981 K  |
|       from large pool |       8    |      26    |     157 K  |     157 K  |
|       from small pool |      21    |      35    |    1824 K  |    1824 K  |
|---------------------------------------------------------------------------|
| GPU reserved segments |      23    |      23    |      23    |       0    |
|       from large pool |      20    |      20    |      20    |       0    |
|       from small pool |       3    |       3    |       3    |       0    |
|---------------------------------------------------------------------------|
| Non-releasable allocs |       7    |      18    |     869 K  |     869 K  |
|       from large pool |       2    |      12    |      74 K  |      74 K  |
|       from small pool |       5    |      14    |     795 K  |     795 K  |
|---------------------------------------------------------------------------|
| Oversize allocations  |       0    |       0    |       0    |       0    |
|---------------------------------------------------------------------------|
| Oversize GPU segments |       0    |       0    |       0    |       0    |
|===========================================================================|

|===========================================================================|
|                  PyTorch CUDA memory summary, device ID 0                 |
|---------------------------------------------------------------------------|
|            CUDA OOMs: 0            |        cudaMalloc retries: 0         |
|===========================================================================|
|        Metric         | Cur Usage  | Peak Usage | Tot Alloc  | Tot Freed  |
|---------------------------------------------------------------------------|
| Allocated memory      |  37887 KiB | 378645 KiB |   1411 GiB |   1411 GiB |
|       from large pool |  37549 KiB | 377599 KiB |   1320 GiB |   1320 GiB |
|       from small pool |    338 KiB |   3699 KiB |     90 GiB |     90 GiB |
|---------------------------------------------------------------------------|
| Active memory         |  37887 KiB | 378645 KiB |   1411 GiB |   1411 GiB |
|       from large pool |  37549 KiB | 377599 KiB |   1320 GiB |   1320 GiB |
|       from small pool |    338 KiB |   3699 KiB |     90 GiB |     90 GiB |
|---------------------------------------------------------------------------|
| Requested memory      |  37026 KiB | 378079 KiB |   1405 GiB |   1405 GiB |
|       from large pool |  36690 KiB | 377036 KiB |   1314 GiB |   1314 GiB |
|       from small pool |    336 KiB |   3696 KiB |     90 GiB |     90 GiB |
|---------------------------------------------------------------------------|
| GPU reserved memory   | 659456 KiB | 659456 KiB | 659456 KiB |      0 B   |
|       from large pool | 653312 KiB | 653312 KiB | 653312 KiB |      0 B   |
|       from small pool |   6144 KiB |   6144 KiB |   6144 KiB |      0 B   |
|---------------------------------------------------------------------------|
| Non-releasable memory |  21504 KiB | 109005 KiB | 711246 MiB | 711225 MiB |
|       from large pool |  19795 KiB | 107742 KiB | 617899 MiB | 617879 MiB |
|       from small pool |   1709 KiB |   4213 KiB |  93347 MiB |  93345 MiB |
|---------------------------------------------------------------------------|
| Allocations           |      29    |      54    |    2081 K  |    2081 K  |
|       from large pool |       8    |      26    |     163 K  |     163 K  |
|       from small pool |      21    |      35    |    1917 K  |    1917 K  |
|---------------------------------------------------------------------------|
| Active allocs         |      29    |      54    |    2081 K  |    2081 K  |
|       from large pool |       8    |      26    |     163 K  |     163 K  |
|       from small pool |      21    |      35    |    1917 K  |    1917 K  |
|---------------------------------------------------------------------------|
| GPU reserved segments |      23    |      23    |      23    |       0    |
|       from large pool |      20    |      20    |      20    |       0    |
|       from small pool |       3    |       3    |       3    |       0    |
|---------------------------------------------------------------------------|
| Non-releasable allocs |       7    |      18    |     911 K  |     911 K  |
|       from large pool |       4    |      12    |      78 K  |      78 K  |
|       from small pool |       3    |      14    |     832 K  |     832 K  |
|---------------------------------------------------------------------------|
| Oversize allocations  |       0    |       0    |       0    |       0    |
|---------------------------------------------------------------------------|
| Oversize GPU segments |       0    |       0    |       0    |       0    |
|===========================================================================|

|===========================================================================|
|                  PyTorch CUDA memory summary, device ID 0                 |
|---------------------------------------------------------------------------|
|            CUDA OOMs: 0            |        cudaMalloc retries: 0         |
|===========================================================================|
|        Metric         | Cur Usage  | Peak Usage | Tot Alloc  | Tot Freed  |
|---------------------------------------------------------------------------|
| Allocated memory      |  36237 KiB | 378645 KiB |   1452 GiB |   1452 GiB |
|       from large pool |  35515 KiB | 377599 KiB |   1358 GiB |   1358 GiB |
|       from small pool |    721 KiB |   3699 KiB |     94 GiB |     94 GiB |
|---------------------------------------------------------------------------|
| Active memory         |  36237 KiB | 378645 KiB |   1452 GiB |   1452 GiB |
|       from large pool |  35515 KiB | 377599 KiB |   1358 GiB |   1358 GiB |
|       from small pool |    721 KiB |   3699 KiB |     94 GiB |     94 GiB |
|---------------------------------------------------------------------------|
| Requested memory      |  36234 KiB | 378079 KiB |   1446 GiB |   1446 GiB |
|       from large pool |  35515 KiB | 377036 KiB |   1352 GiB |   1352 GiB |
|       from small pool |    719 KiB |   3696 KiB |     94 GiB |     94 GiB |
|---------------------------------------------------------------------------|
| GPU reserved memory   | 659456 KiB | 659456 KiB | 659456 KiB |      0 B   |
|       from large pool | 653312 KiB | 653312 KiB | 653312 KiB |      0 B   |
|       from small pool |   6144 KiB |   6144 KiB |   6144 KiB |      0 B   |
|---------------------------------------------------------------------------|
| Non-releasable memory |  23155 KiB | 109005 KiB | 737719 MiB | 737696 MiB |
|       from large pool |  21828 KiB | 107742 KiB | 640406 MiB | 640384 MiB |
|       from small pool |   1326 KiB |   4213 KiB |  97313 MiB |  97311 MiB |
|---------------------------------------------------------------------------|
| Allocations           |      29    |      54    |    2167 K  |    2167 K  |
|       from large pool |       7    |      26    |     169 K  |     169 K  |
|       from small pool |      22    |      35    |    1998 K  |    1998 K  |
|---------------------------------------------------------------------------|
| Active allocs         |      29    |      54    |    2167 K  |    2167 K  |
|       from large pool |       7    |      26    |     169 K  |     169 K  |
|       from small pool |      22    |      35    |    1998 K  |    1998 K  |
|---------------------------------------------------------------------------|
| GPU reserved segments |      23    |      23    |      23    |       0    |
|       from large pool |      20    |      20    |      20    |       0    |
|       from small pool |       3    |       3    |       3    |       0    |
|---------------------------------------------------------------------------|
| Non-releasable allocs |       8    |      18    |     949 K  |     949 K  |
|       from large pool |       4    |      13    |      82 K  |      82 K  |
|       from small pool |       4    |      14    |     866 K  |     866 K  |
|---------------------------------------------------------------------------|
| Oversize allocations  |       0    |       0    |       0    |       0    |
|---------------------------------------------------------------------------|
| Oversize GPU segments |       0    |       0    |       0    |       0    |
|===========================================================================|

|===========================================================================|
|                  PyTorch CUDA memory summary, device ID 0                 |
|---------------------------------------------------------------------------|
|            CUDA OOMs: 0            |        cudaMalloc retries: 0         |
|===========================================================================|
|        Metric         | Cur Usage  | Peak Usage | Tot Alloc  | Tot Freed  |
|---------------------------------------------------------------------------|
| Allocated memory      |  36481 KiB | 378645 KiB |   1489 GiB |   1489 GiB |
|       from large pool |  35920 KiB | 377599 KiB |   1392 GiB |   1392 GiB |
|       from small pool |    560 KiB |   3699 KiB |     96 GiB |     96 GiB |
|---------------------------------------------------------------------------|
| Active memory         |  36481 KiB | 378645 KiB |   1489 GiB |   1489 GiB |
|       from large pool |  35920 KiB | 377599 KiB |   1392 GiB |   1392 GiB |
|       from small pool |    560 KiB |   3699 KiB |     96 GiB |     96 GiB |
|---------------------------------------------------------------------------|
| Requested memory      |  36190 KiB | 378079 KiB |   1482 GiB |   1482 GiB |
|       from large pool |  35632 KiB | 377036 KiB |   1386 GiB |   1386 GiB |
|       from small pool |    558 KiB |   3696 KiB |     96 GiB |     96 GiB |
|---------------------------------------------------------------------------|
| GPU reserved memory   | 659456 KiB | 659456 KiB | 659456 KiB |      0 B   |
|       from large pool | 653312 KiB | 653312 KiB | 653312 KiB |      0 B   |
|       from small pool |   6144 KiB |   6144 KiB |   6144 KiB |      0 B   |
|---------------------------------------------------------------------------|
| Non-releasable memory |  22911 KiB | 109005 KiB | 757765 MiB | 757743 MiB |
|       from large pool |  21423 KiB | 107742 KiB | 657898 MiB | 657877 MiB |
|       from small pool |   1487 KiB |   4213 KiB |  99867 MiB |  99865 MiB |
|---------------------------------------------------------------------------|
| Allocations           |      29    |      54    |    2217 K  |    2217 K  |
|       from large pool |       7    |      26    |     173 K  |     173 K  |
|       from small pool |      22    |      35    |    2043 K  |    2043 K  |
|---------------------------------------------------------------------------|
| Active allocs         |      29    |      54    |    2217 K  |    2217 K  |
|       from large pool |       7    |      26    |     173 K  |     173 K  |
|       from small pool |      22    |      35    |    2043 K  |    2043 K  |
|---------------------------------------------------------------------------|
| GPU reserved segments |      23    |      23    |      23    |       0    |
|       from large pool |      20    |      20    |      20    |       0    |
|       from small pool |       3    |       3    |       3    |       0    |
|---------------------------------------------------------------------------|
| Non-releasable allocs |       9    |      20    |     973 K  |     973 K  |
|       from large pool |       4    |      14    |      85 K  |      85 K  |
|       from small pool |       5    |      14    |     887 K  |     887 K  |
|---------------------------------------------------------------------------|
| Oversize allocations  |       0    |       0    |       0    |       0    |
|---------------------------------------------------------------------------|
| Oversize GPU segments |       0    |       0    |       0    |       0    |
|===========================================================================|

