|===========================================================================|
|                  PyTorch CUDA memory summary, device ID 0                 |
|---------------------------------------------------------------------------|
|            CUDA OOMs: 0            |        cudaMalloc retries: 0         |
|===========================================================================|
|        Metric         | Cur Usage  | Peak Usage | Tot Alloc  | Tot Freed  |
|---------------------------------------------------------------------------|
| Allocated memory      |  37653 KiB | 125912 KiB | 386240 MiB | 386203 MiB |
|       from large pool |  37314 KiB | 125184 KiB | 373153 MiB | 373117 MiB |
|       from small pool |    338 KiB |   3316 KiB |  13086 MiB |  13086 MiB |
|---------------------------------------------------------------------------|
| Active memory         |  37653 KiB | 125912 KiB | 386240 MiB | 386203 MiB |
|       from large pool |  37314 KiB | 125184 KiB | 373153 MiB | 373117 MiB |
|       from small pool |    338 KiB |   3316 KiB |  13086 MiB |  13086 MiB |
|---------------------------------------------------------------------------|
| Requested memory      |  37650 KiB | 125908 KiB | 384627 MiB | 384590 MiB |
|       from large pool |  37314 KiB | 125184 KiB | 371597 MiB | 371561 MiB |
|       from small pool |    336 KiB |   3313 KiB |  13029 MiB |  13029 MiB |
|---------------------------------------------------------------------------|
| GPU reserved memory   | 167936 KiB | 167936 KiB | 167936 KiB |      0 B   |
|       from large pool | 163840 KiB | 163840 KiB | 163840 KiB |      0 B   |
|       from small pool |   4096 KiB |   4096 KiB |   4096 KiB |      0 B   |
|---------------------------------------------------------------------------|
| Non-releasable memory |  25835 KiB |  42265 KiB | 113557 MiB | 113532 MiB |
|       from large pool |  24125 KiB |  40704 KiB | 100467 MiB | 100443 MiB |
|       from small pool |   1709 KiB |   3195 KiB |  13090 MiB |  13088 MiB |
|---------------------------------------------------------------------------|
| Allocations           |      29    |      42    |  268349    |  268320    |
|       from large pool |       8    |      13    |   33594    |   33586    |
|       from small pool |      21    |      34    |  234755    |  234734    |
|---------------------------------------------------------------------------|
| Active allocs         |      29    |      42    |  268349    |  268320    |
|       from large pool |       8    |      13    |   33594    |   33586    |
|       from small pool |      21    |      34    |  234755    |  234734    |
|---------------------------------------------------------------------------|
| GPU reserved segments |      11    |      11    |      11    |       0    |
|       from large pool |       9    |       9    |       9    |       0    |
|       from small pool |       2    |       2    |       2    |       0    |
|---------------------------------------------------------------------------|
| Non-releasable allocs |       9    |      15    |  108023    |  108014    |
|       from large pool |       3    |       4    |    8694    |    8691    |
|       from small pool |       6    |      11    |   99329    |   99323    |
|---------------------------------------------------------------------------|
| Oversize allocations  |       0    |       0    |       0    |       0    |
|---------------------------------------------------------------------------|
| Oversize GPU segments |       0    |       0    |       0    |       0    |
|===========================================================================|

|===========================================================================|
|                  PyTorch CUDA memory summary, device ID 0                 |
|---------------------------------------------------------------------------|
|            CUDA OOMs: 0            |        cudaMalloc retries: 0         |
|===========================================================================|
|        Metric         | Cur Usage  | Peak Usage | Tot Alloc  | Tot Freed  |
|---------------------------------------------------------------------------|
| Allocated memory      |  37541 KiB | 378396 KiB | 480558 MiB | 480522 MiB |
|       from large pool |  37202 KiB | 377350 KiB | 435084 MiB | 435047 MiB |
|       from small pool |    338 KiB |   3316 KiB |  45474 MiB |  45474 MiB |
|---------------------------------------------------------------------------|
| Active memory         |  37541 KiB | 378396 KiB | 480558 MiB | 480522 MiB |
|       from large pool |  37202 KiB | 377350 KiB | 435084 MiB | 435047 MiB |
|       from small pool |    338 KiB |   3316 KiB |  45474 MiB |  45474 MiB |
|---------------------------------------------------------------------------|
| Requested memory      |  37346 KiB | 378079 KiB | 478539 MiB | 478503 MiB |
|       from large pool |  37010 KiB | 377036 KiB | 433317 MiB | 433281 MiB |
|       from small pool |    336 KiB |   3313 KiB |  45221 MiB |  45221 MiB |
|---------------------------------------------------------------------------|
| GPU reserved memory   | 581632 KiB | 581632 KiB | 581632 KiB |      0 B   |
|       from large pool | 577536 KiB | 577536 KiB | 577536 KiB |      0 B   |
|       from small pool |   4096 KiB |   4096 KiB |   4096 KiB |      0 B   |
|---------------------------------------------------------------------------|
| Non-releasable memory |  25947 KiB |  60901 KiB | 247729 MiB | 247704 MiB |
|       from large pool |  24237 KiB |  59893 KiB | 151641 MiB | 151617 MiB |
|       from small pool |   1709 KiB |   3290 KiB |  96088 MiB |  96086 MiB |
|---------------------------------------------------------------------------|
| Allocations           |      29    |      54    |     881 K  |     881 K  |
|       from large pool |       8    |      26    |      45 K  |      45 K  |
|       from small pool |      21    |      34    |     836 K  |     836 K  |
|---------------------------------------------------------------------------|
| Active allocs         |      29    |      54    |     881 K  |     881 K  |
|       from large pool |       8    |      26    |      45 K  |      45 K  |
|       from small pool |      21    |      34    |     836 K  |     836 K  |
|---------------------------------------------------------------------------|
| GPU reserved segments |      21    |      21    |      21    |       0    |
|       from large pool |      19    |      19    |      19    |       0    |
|       from small pool |       2    |       2    |       2    |       0    |
|---------------------------------------------------------------------------|
| Non-releasable allocs |       9    |      15    |  319069    |  319060    |
|       from large pool |       3    |      10    |   15074    |   15071    |
|       from small pool |       6    |      11    |  303995    |  303989    |
|---------------------------------------------------------------------------|
| Oversize allocations  |       0    |       0    |       0    |       0    |
|---------------------------------------------------------------------------|
| Oversize GPU segments |       0    |       0    |       0    |       0    |
|===========================================================================|

|===========================================================================|
|                  PyTorch CUDA memory summary, device ID 0                 |
|---------------------------------------------------------------------------|
|            CUDA OOMs: 0            |        cudaMalloc retries: 0         |
|===========================================================================|
|        Metric         | Cur Usage  | Peak Usage | Tot Alloc  | Tot Freed  |
|---------------------------------------------------------------------------|
| Allocated memory      |  37330 KiB | 378396 KiB | 552712 MiB | 552676 MiB |
|       from large pool |  36992 KiB | 377350 KiB | 479673 MiB | 479637 MiB |
|       from small pool |    338 KiB |   3316 KiB |  73039 MiB |  73039 MiB |
|---------------------------------------------------------------------------|
| Active memory         |  37330 KiB | 378396 KiB | 552712 MiB | 552676 MiB |
|       from large pool |  36992 KiB | 377350 KiB | 479673 MiB | 479637 MiB |
|       from small pool |    338 KiB |   3316 KiB |  73039 MiB |  73039 MiB |
|---------------------------------------------------------------------------|
| Requested memory      |  36771 KiB | 378079 KiB | 550382 MiB | 550346 MiB |
|       from large pool |  36435 KiB | 377036 KiB | 477772 MiB | 477736 MiB |
|       from small pool |    336 KiB |   3313 KiB |  72610 MiB |  72610 MiB |
|---------------------------------------------------------------------------|
| GPU reserved memory   | 657408 KiB | 657408 KiB | 657408 KiB |      0 B   |
|       from large pool | 653312 KiB | 653312 KiB | 653312 KiB |      0 B   |
|       from small pool |   4096 KiB |   4096 KiB |   4096 KiB |      0 B   |
|---------------------------------------------------------------------------|
| Non-releasable memory |  26157 KiB | 109836 KiB | 312037 MiB | 312012 MiB |
|       from large pool |  24448 KiB | 108573 KiB | 188341 MiB | 188318 MiB |
|       from small pool |   1709 KiB |   3290 KiB | 123695 MiB | 123694 MiB |
|---------------------------------------------------------------------------|
| Allocations           |      29    |      54    |    1441 K  |    1441 K  |
|       from large pool |       8    |      26    |      53 K  |      53 K  |
|       from small pool |      21    |      34    |    1387 K  |    1387 K  |
|---------------------------------------------------------------------------|
| Active allocs         |      29    |      54    |    1441 K  |    1441 K  |
|       from large pool |       8    |      26    |      53 K  |      53 K  |
|       from small pool |      21    |      34    |    1387 K  |    1387 K  |
|---------------------------------------------------------------------------|
| GPU reserved segments |      22    |      22    |      22    |       0    |
|       from large pool |      20    |      20    |      20    |       0    |
|       from small pool |       2    |       2    |       2    |       0    |
|---------------------------------------------------------------------------|
| Non-releasable allocs |       7    |      17    |  469672    |  469665    |
|       from large pool |       2    |      12    |   18812    |   18810    |
|       from small pool |       5    |      11    |  450860    |  450855    |
|---------------------------------------------------------------------------|
| Oversize allocations  |       0    |       0    |       0    |       0    |
|---------------------------------------------------------------------------|
| Oversize GPU segments |       0    |       0    |       0    |       0    |
|===========================================================================|

|===========================================================================|
|                  PyTorch CUDA memory summary, device ID 0                 |
|---------------------------------------------------------------------------|
|            CUDA OOMs: 0            |        cudaMalloc retries: 0         |
|===========================================================================|
|        Metric         | Cur Usage  | Peak Usage | Tot Alloc  | Tot Freed  |
|---------------------------------------------------------------------------|
| Allocated memory      |  37330 KiB | 378396 KiB | 613513 MiB | 613477 MiB |
|       from large pool |  36992 KiB | 377350 KiB | 520160 MiB | 520124 MiB |
|       from small pool |    338 KiB |   3316 KiB |  93353 MiB |  93353 MiB |
|---------------------------------------------------------------------------|
| Active memory         |  37330 KiB | 378396 KiB | 613513 MiB | 613477 MiB |
|       from large pool |  36992 KiB | 377350 KiB | 520160 MiB | 520124 MiB |
|       from small pool |    338 KiB |   3316 KiB |  93353 MiB |  93353 MiB |
|---------------------------------------------------------------------------|
| Requested memory      |  36478 KiB | 378079 KiB | 610667 MiB | 610631 MiB |
|       from large pool |  36142 KiB | 377036 KiB | 517862 MiB | 517827 MiB |
|       from small pool |    336 KiB |   3313 KiB |  92804 MiB |  92804 MiB |
|---------------------------------------------------------------------------|
| GPU reserved memory   | 657408 KiB | 657408 KiB | 657408 KiB |      0 B   |
|       from large pool | 653312 KiB | 653312 KiB | 653312 KiB |      0 B   |
|       from small pool |   4096 KiB |   4096 KiB |   4096 KiB |      0 B   |
|---------------------------------------------------------------------------|
| Non-releasable memory |  26157 KiB | 109836 KiB | 364997 MiB | 364971 MiB |
|       from large pool |  24448 KiB | 108573 KiB | 220978 MiB | 220954 MiB |
|       from small pool |   1709 KiB |   3305 KiB | 144018 MiB | 144017 MiB |
|---------------------------------------------------------------------------|
| Allocations           |      29    |      54    |    1990 K  |    1990 K  |
|       from large pool |       8    |      26    |      60 K  |      60 K  |
|       from small pool |      21    |      34    |    1930 K  |    1930 K  |
|---------------------------------------------------------------------------|
| Active allocs         |      29    |      54    |    1990 K  |    1990 K  |
|       from large pool |       8    |      26    |      60 K  |      60 K  |
|       from small pool |      21    |      34    |    1930 K  |    1930 K  |
|---------------------------------------------------------------------------|
| GPU reserved segments |      22    |      22    |      22    |       0    |
|       from large pool |      20    |      20    |      20    |       0    |
|       from small pool |       2    |       2    |       2    |       0    |
|---------------------------------------------------------------------------|
| Non-releasable allocs |       7    |      17    |  622724    |  622717    |
|       from large pool |       2    |      12    |   22358    |   22356    |
|       from small pool |       5    |      11    |  600366    |  600361    |
|---------------------------------------------------------------------------|
| Oversize allocations  |       0    |       0    |       0    |       0    |
|---------------------------------------------------------------------------|
| Oversize GPU segments |       0    |       0    |       0    |       0    |
|===========================================================================|

|===========================================================================|
|                  PyTorch CUDA memory summary, device ID 0                 |
|---------------------------------------------------------------------------|
|            CUDA OOMs: 0            |        cudaMalloc retries: 0         |
|===========================================================================|
|        Metric         | Cur Usage  | Peak Usage | Tot Alloc  | Tot Freed  |
|---------------------------------------------------------------------------|
| Allocated memory      |  36557 KiB | 378396 KiB | 670511 MiB | 670475 MiB |
|       from large pool |  36218 KiB | 377350 KiB | 560338 MiB | 560302 MiB |
|       from small pool |    338 KiB |   3316 KiB | 110173 MiB | 110172 MiB |
|---------------------------------------------------------------------------|
| Active memory         |  36557 KiB | 378396 KiB | 670511 MiB | 670475 MiB |
|       from large pool |  36218 KiB | 377350 KiB | 560338 MiB | 560302 MiB |
|       from small pool |    338 KiB |   3316 KiB | 110173 MiB | 110172 MiB |
|---------------------------------------------------------------------------|
| Requested memory      |  36553 KiB | 378079 KiB | 667200 MiB | 667164 MiB |
|       from large pool |  36217 KiB | 377036 KiB | 557760 MiB | 557725 MiB |
|       from small pool |    336 KiB |   3313 KiB | 109439 MiB | 109439 MiB |
|---------------------------------------------------------------------------|
| GPU reserved memory   | 657408 KiB | 657408 KiB | 657408 KiB |      0 B   |
|       from large pool | 653312 KiB | 653312 KiB | 653312 KiB |      0 B   |
|       from small pool |   4096 KiB |   4096 KiB |   4096 KiB |      0 B   |
|---------------------------------------------------------------------------|
| Non-releasable memory |  26931 KiB | 109836 KiB | 414838 MiB | 414812 MiB |
|       from large pool |  25221 KiB | 108573 KiB | 253992 MiB | 253968 MiB |
|       from small pool |   1709 KiB |   3305 KiB | 160846 MiB | 160844 MiB |
|---------------------------------------------------------------------------|
| Allocations           |      29    |      54    |    2551 K  |    2551 K  |
|       from large pool |       8    |      26    |      67 K  |      67 K  |
|       from small pool |      21    |      34    |    2484 K  |    2484 K  |
|---------------------------------------------------------------------------|
| Active allocs         |      29    |      54    |    2551 K  |    2551 K  |
|       from large pool |       8    |      26    |      67 K  |      67 K  |
|       from small pool |      21    |      34    |    2484 K  |    2484 K  |
|---------------------------------------------------------------------------|
| GPU reserved segments |      22    |      22    |      22    |       0    |
|       from large pool |      20    |      20    |      20    |       0    |
|       from small pool |       2    |       2    |       2    |       0    |
|---------------------------------------------------------------------------|
| Non-releasable allocs |      10    |      17    |     816 K  |     816 K  |
|       from large pool |       4    |      12    |      26 K  |      26 K  |
|       from small pool |       6    |      11    |     790 K  |     790 K  |
|---------------------------------------------------------------------------|
| Oversize allocations  |       0    |       0    |       0    |       0    |
|---------------------------------------------------------------------------|
| Oversize GPU segments |       0    |       0    |       0    |       0    |
|===========================================================================|

|===========================================================================|
|                  PyTorch CUDA memory summary, device ID 0                 |
|---------------------------------------------------------------------------|
|            CUDA OOMs: 0            |        cudaMalloc retries: 0         |
|===========================================================================|
|        Metric         | Cur Usage  | Peak Usage | Tot Alloc  | Tot Freed  |
|---------------------------------------------------------------------------|
| Allocated memory      |  37436 KiB | 378396 KiB | 730431 MiB | 730395 MiB |
|       from large pool |  37098 KiB | 377350 KiB | 603586 MiB | 603550 MiB |
|       from small pool |    338 KiB |   3316 KiB | 126845 MiB | 126844 MiB |
|---------------------------------------------------------------------------|
| Active memory         |  37436 KiB | 378396 KiB | 730431 MiB | 730395 MiB |
|       from large pool |  37098 KiB | 377350 KiB | 603586 MiB | 603550 MiB |
|       from small pool |    338 KiB |   3316 KiB | 126845 MiB | 126844 MiB |
|---------------------------------------------------------------------------|
| Requested memory      |  37044 KiB | 378079 KiB | 726655 MiB | 726618 MiB |
|       from large pool |  36708 KiB | 377036 KiB | 600712 MiB | 600676 MiB |
|       from small pool |    336 KiB |   3313 KiB | 125942 MiB | 125942 MiB |
|---------------------------------------------------------------------------|
| GPU reserved memory   | 657408 KiB | 657408 KiB | 657408 KiB |      0 B   |
|       from large pool | 653312 KiB | 653312 KiB | 653312 KiB |      0 B   |
|       from small pool |   4096 KiB |   4096 KiB |   4096 KiB |      0 B   |
|---------------------------------------------------------------------------|
| Non-releasable memory |  26051 KiB | 109836 KiB | 467176 MiB | 467151 MiB |
|       from large pool |  24342 KiB | 108573 KiB | 289650 MiB | 289626 MiB |
|       from small pool |   1709 KiB |   3305 KiB | 177526 MiB | 177524 MiB |
|---------------------------------------------------------------------------|
| Allocations           |      29    |      54    |    3126 K  |    3126 K  |
|       from large pool |       8    |      26    |      74 K  |      74 K  |
|       from small pool |      21    |      34    |    3052 K  |    3052 K  |
|---------------------------------------------------------------------------|
| Active allocs         |      29    |      54    |    3126 K  |    3126 K  |
|       from large pool |       8    |      26    |      74 K  |      74 K  |
|       from small pool |      21    |      34    |    3052 K  |    3052 K  |
|---------------------------------------------------------------------------|
| GPU reserved segments |      22    |      22    |      22    |       0    |
|       from large pool |      20    |      20    |      20    |       0    |
|       from small pool |       2    |       2    |       2    |       0    |
|---------------------------------------------------------------------------|
| Non-releasable allocs |       8    |      17    |     971 K  |     971 K  |
|       from large pool |       3    |      12    |      29 K  |      29 K  |
|       from small pool |       5    |      11    |     941 K  |     941 K  |
|---------------------------------------------------------------------------|
| Oversize allocations  |       0    |       0    |       0    |       0    |
|---------------------------------------------------------------------------|
| Oversize GPU segments |       0    |       0    |       0    |       0    |
|===========================================================================|

|===========================================================================|
|                  PyTorch CUDA memory summary, device ID 0                 |
|---------------------------------------------------------------------------|
|            CUDA OOMs: 0            |        cudaMalloc retries: 0         |
|===========================================================================|
|        Metric         | Cur Usage  | Peak Usage | Tot Alloc  | Tot Freed  |
|---------------------------------------------------------------------------|
| Allocated memory      |  37887 KiB | 378396 KiB |    770 GiB |    770 GiB |
|       from large pool |  37549 KiB | 377350 KiB |    626 GiB |    625 GiB |
|       from small pool |    338 KiB |   3316 KiB |    144 GiB |    144 GiB |
|---------------------------------------------------------------------------|
| Active memory         |  37887 KiB | 378396 KiB |    770 GiB |    770 GiB |
|       from large pool |  37549 KiB | 377350 KiB |    626 GiB |    625 GiB |
|       from small pool |    338 KiB |   3316 KiB |    144 GiB |    144 GiB |
|---------------------------------------------------------------------------|
| Requested memory      |  37026 KiB | 378079 KiB | 785119 MiB | 785083 MiB |
|       from large pool |  36690 KiB | 377036 KiB | 637980 MiB | 637944 MiB |
|       from small pool |    336 KiB |   3313 KiB | 147138 MiB | 147138 MiB |
|---------------------------------------------------------------------------|
| GPU reserved memory   | 657408 KiB | 657408 KiB | 657408 KiB |      0 B   |
|       from large pool | 653312 KiB | 653312 KiB | 653312 KiB |      0 B   |
|       from small pool |   4096 KiB |   4096 KiB |   4096 KiB |      0 B   |
|---------------------------------------------------------------------------|
| Non-releasable memory |  25600 KiB | 109836 KiB | 517450 MiB | 517425 MiB |
|       from large pool |  23891 KiB | 108573 KiB | 318558 MiB | 318535 MiB |
|       from small pool |   1709 KiB |   3305 KiB | 198892 MiB | 198890 MiB |
|---------------------------------------------------------------------------|
| Allocations           |      29    |      54    |    3726 K  |    3726 K  |
|       from large pool |       8    |      26    |      80 K  |      80 K  |
|       from small pool |      21    |      34    |    3646 K  |    3646 K  |
|---------------------------------------------------------------------------|
| Active allocs         |      29    |      54    |    3726 K  |    3726 K  |
|       from large pool |       8    |      26    |      80 K  |      80 K  |
|       from small pool |      21    |      34    |    3646 K  |    3646 K  |
|---------------------------------------------------------------------------|
| GPU reserved segments |      22    |      22    |      22    |       0    |
|       from large pool |      20    |      20    |      20    |       0    |
|       from small pool |       2    |       2    |       2    |       0    |
|---------------------------------------------------------------------------|
| Non-releasable allocs |       9    |      17    |    1088 K  |    1088 K  |
|       from large pool |       3    |      12    |      32 K  |      32 K  |
|       from small pool |       6    |      11    |    1055 K  |    1055 K  |
|---------------------------------------------------------------------------|
| Oversize allocations  |       0    |       0    |       0    |       0    |
|---------------------------------------------------------------------------|
| Oversize GPU segments |       0    |       0    |       0    |       0    |
|===========================================================================|

|===========================================================================|
|                  PyTorch CUDA memory summary, device ID 0                 |
|---------------------------------------------------------------------------|
|            CUDA OOMs: 0            |        cudaMalloc retries: 0         |
|===========================================================================|
|        Metric         | Cur Usage  | Peak Usage | Tot Alloc  | Tot Freed  |
|---------------------------------------------------------------------------|
| Allocated memory      |  36237 KiB | 378396 KiB |    846 GiB |    846 GiB |
|       from large pool |  35515 KiB | 377350 KiB |    678 GiB |    678 GiB |
|       from small pool |    721 KiB |   3316 KiB |    167 GiB |    167 GiB |
|---------------------------------------------------------------------------|
| Active memory         |  36237 KiB | 378396 KiB |    846 GiB |    846 GiB |
|       from large pool |  35515 KiB | 377350 KiB |    678 GiB |    678 GiB |
|       from small pool |    721 KiB |   3316 KiB |    167 GiB |    167 GiB |
|---------------------------------------------------------------------------|
| Requested memory      |  36234 KiB | 378079 KiB |    841 GiB |    841 GiB |
|       from large pool |  35515 KiB | 377036 KiB |    675 GiB |    675 GiB |
|       from small pool |    719 KiB |   3313 KiB |    166 GiB |    166 GiB |
|---------------------------------------------------------------------------|
| GPU reserved memory   | 657408 KiB | 657408 KiB | 657408 KiB |      0 B   |
|       from large pool | 653312 KiB | 653312 KiB | 653312 KiB |      0 B   |
|       from small pool |   4096 KiB |   4096 KiB |   4096 KiB |      0 B   |
|---------------------------------------------------------------------------|
| Non-releasable memory |  27251 KiB | 109836 KiB | 583756 MiB | 583729 MiB |
|       from large pool |  25924 KiB | 108573 KiB | 361395 MiB | 361369 MiB |
|       from small pool |   1326 KiB |   3317 KiB | 222361 MiB | 222360 MiB |
|---------------------------------------------------------------------------|
| Allocations           |      29    |      54    |    4404 K  |    4404 K  |
|       from large pool |       7    |      26    |      89 K  |      89 K  |
|       from small pool |      22    |      34    |    4314 K  |    4314 K  |
|---------------------------------------------------------------------------|
| Active allocs         |      29    |      54    |    4404 K  |    4404 K  |
|       from large pool |       7    |      26    |      89 K  |      89 K  |
|       from small pool |      22    |      34    |    4314 K  |    4314 K  |
|---------------------------------------------------------------------------|
| GPU reserved segments |      22    |      22    |      22    |       0    |
|       from large pool |      20    |      20    |      20    |       0    |
|       from small pool |       2    |       2    |       2    |       0    |
|---------------------------------------------------------------------------|
| Non-releasable allocs |       9    |      17    |    1326 K  |    1326 K  |
|       from large pool |       4    |      12    |      37 K  |      37 K  |
|       from small pool |       5    |      12    |    1289 K  |    1289 K  |
|---------------------------------------------------------------------------|
| Oversize allocations  |       0    |       0    |       0    |       0    |
|---------------------------------------------------------------------------|
| Oversize GPU segments |       0    |       0    |       0    |       0    |
|===========================================================================|

|===========================================================================|
|                  PyTorch CUDA memory summary, device ID 0                 |
|---------------------------------------------------------------------------|
|            CUDA OOMs: 0            |        cudaMalloc retries: 0         |
|===========================================================================|
|        Metric         | Cur Usage  | Peak Usage | Tot Alloc  | Tot Freed  |
|---------------------------------------------------------------------------|
| Allocated memory      |  36193 KiB | 378396 KiB |    881 GiB |    881 GiB |
|       from large pool |  35632 KiB | 377350 KiB |    705 GiB |    705 GiB |
|       from small pool |    560 KiB |   3699 KiB |    175 GiB |    175 GiB |
|---------------------------------------------------------------------------|
| Active memory         |  36193 KiB | 378396 KiB |    881 GiB |    881 GiB |
|       from large pool |  35632 KiB | 377350 KiB |    705 GiB |    705 GiB |
|       from small pool |    560 KiB |   3699 KiB |    175 GiB |    175 GiB |
|---------------------------------------------------------------------------|
| Requested memory      |  36190 KiB | 378079 KiB |    876 GiB |    876 GiB |
|       from large pool |  35632 KiB | 377036 KiB |    702 GiB |    702 GiB |
|       from small pool |    558 KiB |   3696 KiB |    174 GiB |    174 GiB |
|---------------------------------------------------------------------------|
| GPU reserved memory   | 659456 KiB | 659456 KiB | 659456 KiB |      0 B   |
|       from large pool | 653312 KiB | 653312 KiB | 653312 KiB |      0 B   |
|       from small pool |   6144 KiB |   6144 KiB |   6144 KiB |      0 B   |
|---------------------------------------------------------------------------|
| Non-releasable memory |  43679 KiB | 109836 KiB | 613341 MiB | 613298 MiB |
|       from large pool |  42191 KiB | 108573 KiB | 382754 MiB | 382713 MiB |
|       from small pool |   1487 KiB |   3834 KiB | 230586 MiB | 230584 MiB |
|---------------------------------------------------------------------------|
| Allocations           |      29    |      54    |    4987 K  |    4987 K  |
|       from large pool |       7    |      26    |      93 K  |      93 K  |
|       from small pool |      22    |      35    |    4893 K  |    4893 K  |
|---------------------------------------------------------------------------|
| Active allocs         |      29    |      54    |    4987 K  |    4987 K  |
|       from large pool |       7    |      26    |      93 K  |      93 K  |
|       from small pool |      22    |      35    |    4893 K  |    4893 K  |
|---------------------------------------------------------------------------|
| GPU reserved segments |      23    |      23    |      23    |       0    |
|       from large pool |      20    |      20    |      20    |       0    |
|       from small pool |       3    |       3    |       3    |       0    |
|---------------------------------------------------------------------------|
| Non-releasable allocs |      11    |      19    |    1531 K  |    1531 K  |
|       from large pool |       5    |      12    |      40 K  |      40 K  |
|       from small pool |       6    |      12    |    1491 K  |    1491 K  |
|---------------------------------------------------------------------------|
| Oversize allocations  |       0    |       0    |       0    |       0    |
|---------------------------------------------------------------------------|
| Oversize GPU segments |       0    |       0    |       0    |       0    |
|===========================================================================|

