|===========================================================================|
|                  PyTorch CUDA memory summary, device ID 0                 |
|---------------------------------------------------------------------------|
|            CUDA OOMs: 0            |        cudaMalloc retries: 0         |
|===========================================================================|
|        Metric         | Cur Usage  | Peak Usage | Tot Alloc  | Tot Freed  |
|---------------------------------------------------------------------------|
| Allocated memory      |  37653 KiB | 378396 KiB |   1100 GiB |   1100 GiB |
|       from large pool |  37314 KiB | 377350 KiB |   1039 GiB |   1039 GiB |
|       from small pool |    338 KiB |   3699 KiB |     61 GiB |     61 GiB |
|---------------------------------------------------------------------------|
| Active memory         |  37653 KiB | 378396 KiB |   1100 GiB |   1100 GiB |
|       from large pool |  37314 KiB | 377350 KiB |   1039 GiB |   1039 GiB |
|       from small pool |    338 KiB |   3699 KiB |     61 GiB |     61 GiB |
|---------------------------------------------------------------------------|
| Requested memory      |  37650 KiB | 378079 KiB |   1095 GiB |   1095 GiB |
|       from large pool |  37314 KiB | 377036 KiB |   1034 GiB |   1034 GiB |
|       from small pool |    336 KiB |   3696 KiB |     60 GiB |     60 GiB |
|---------------------------------------------------------------------------|
| GPU reserved memory   | 659456 KiB | 659456 KiB | 659456 KiB |      0 B   |
|       from large pool | 653312 KiB | 653312 KiB | 653312 KiB |      0 B   |
|       from small pool |   6144 KiB |   6144 KiB |   6144 KiB |      0 B   |
|---------------------------------------------------------------------------|
| Non-releasable memory |  21739 KiB | 109656 KiB | 479148 MiB | 479126 MiB |
|       from large pool |  20029 KiB | 108393 KiB | 416233 MiB | 416213 MiB |
|       from small pool |   1709 KiB |   4213 KiB |  62914 MiB |  62912 MiB |
|---------------------------------------------------------------------------|
| Allocations           |      29    |      54    |    1370 K  |    1370 K  |
|       from large pool |       8    |      26    |     120 K  |     120 K  |
|       from small pool |      21    |      35    |    1250 K  |    1250 K  |
|---------------------------------------------------------------------------|
| Active allocs         |      29    |      54    |    1370 K  |    1370 K  |
|       from large pool |       8    |      26    |     120 K  |     120 K  |
|       from small pool |      21    |      35    |    1250 K  |    1250 K  |
|---------------------------------------------------------------------------|
| GPU reserved segments |      23    |      23    |      23    |       0    |
|       from large pool |      20    |      20    |      20    |       0    |
|       from small pool |       3    |       3    |       3    |       0    |
|---------------------------------------------------------------------------|
| Non-releasable allocs |       9    |      19    |  561411    |  561402    |
|       from large pool |       4    |      12    |   48634    |   48630    |
|       from small pool |       5    |      13    |  512777    |  512772    |
|---------------------------------------------------------------------------|
| Oversize allocations  |       0    |       0    |       0    |       0    |
|---------------------------------------------------------------------------|
| Oversize GPU segments |       0    |       0    |       0    |       0    |
|===========================================================================|

|===========================================================================|
|                  PyTorch CUDA memory summary, device ID 0                 |
|---------------------------------------------------------------------------|
|            CUDA OOMs: 0            |        cudaMalloc retries: 0         |
|===========================================================================|
|        Metric         | Cur Usage  | Peak Usage | Tot Alloc  | Tot Freed  |
|---------------------------------------------------------------------------|
| Allocated memory      |  37637 KiB | 378645 KiB |   1159 GiB |   1159 GiB |
|       from large pool |  37298 KiB | 377599 KiB |   1092 GiB |   1092 GiB |
|       from small pool |    338 KiB |   3699 KiB |     67 GiB |     67 GiB |
|---------------------------------------------------------------------------|
| Active memory         |  37637 KiB | 378645 KiB |   1159 GiB |   1159 GiB |
|       from large pool |  37298 KiB | 377599 KiB |   1092 GiB |   1092 GiB |
|       from small pool |    338 KiB |   3699 KiB |     67 GiB |     67 GiB |
|---------------------------------------------------------------------------|
| Requested memory      |  37346 KiB | 378079 KiB |   1154 GiB |   1154 GiB |
|       from large pool |  37010 KiB | 377036 KiB |   1087 GiB |   1087 GiB |
|       from small pool |    336 KiB |   3696 KiB |     67 GiB |     67 GiB |
|---------------------------------------------------------------------------|
| GPU reserved memory   | 659456 KiB | 659456 KiB | 659456 KiB |      0 B   |
|       from large pool | 653312 KiB | 653312 KiB | 653312 KiB |      0 B   |
|       from small pool |   6144 KiB |   6144 KiB |   6144 KiB |      0 B   |
|---------------------------------------------------------------------------|
| Non-releasable memory |  21755 KiB | 109656 KiB | 530181 MiB | 530160 MiB |
|       from large pool |  20045 KiB | 108393 KiB | 460724 MiB | 460705 MiB |
|       from small pool |   1709 KiB |   4213 KiB |  69456 MiB |  69455 MiB |
|---------------------------------------------------------------------------|
| Allocations           |      29    |      54    |    1527 K  |    1527 K  |
|       from large pool |       8    |      26    |     129 K  |     129 K  |
|       from small pool |      21    |      35    |    1398 K  |    1398 K  |
|---------------------------------------------------------------------------|
| Active allocs         |      29    |      54    |    1527 K  |    1527 K  |
|       from large pool |       8    |      26    |     129 K  |     129 K  |
|       from small pool |      21    |      35    |    1398 K  |    1398 K  |
|---------------------------------------------------------------------------|
| GPU reserved segments |      23    |      23    |      23    |       0    |
|       from large pool |      20    |      20    |      20    |       0    |
|       from small pool |       3    |       3    |       3    |       0    |
|---------------------------------------------------------------------------|
| Non-releasable allocs |       8    |      19    |  629526    |  629518    |
|       from large pool |       4    |      12    |   54937    |   54933    |
|       from small pool |       4    |      13    |  574589    |  574585    |
|---------------------------------------------------------------------------|
| Oversize allocations  |       0    |       0    |       0    |       0    |
|---------------------------------------------------------------------------|
| Oversize GPU segments |       0    |       0    |       0    |       0    |
|===========================================================================|

|===========================================================================|
|                  PyTorch CUDA memory summary, device ID 0                 |
|---------------------------------------------------------------------------|
|            CUDA OOMs: 0            |        cudaMalloc retries: 0         |
|===========================================================================|
|        Metric         | Cur Usage  | Peak Usage | Tot Alloc  | Tot Freed  |
|---------------------------------------------------------------------------|
| Allocated memory      |  37618 KiB | 378645 KiB |   1213 GiB |   1213 GiB |
|       from large pool |  37280 KiB | 377599 KiB |   1140 GiB |   1140 GiB |
|       from small pool |    338 KiB |   3699 KiB |     73 GiB |     73 GiB |
|---------------------------------------------------------------------------|
| Active memory         |  37618 KiB | 378645 KiB |   1213 GiB |   1213 GiB |
|       from large pool |  37280 KiB | 377599 KiB |   1140 GiB |   1140 GiB |
|       from small pool |    338 KiB |   3699 KiB |     73 GiB |     73 GiB |
|---------------------------------------------------------------------------|
| Requested memory      |  36771 KiB | 378079 KiB |   1208 GiB |   1208 GiB |
|       from large pool |  36435 KiB | 377036 KiB |   1135 GiB |   1135 GiB |
|       from small pool |    336 KiB |   3696 KiB |     72 GiB |     72 GiB |
|---------------------------------------------------------------------------|
| GPU reserved memory   | 659456 KiB | 659456 KiB | 659456 KiB |      0 B   |
|       from large pool | 653312 KiB | 653312 KiB | 653312 KiB |      0 B   |
|       from small pool |   6144 KiB |   6144 KiB |   6144 KiB |      0 B   |
|---------------------------------------------------------------------------|
| Non-releasable memory |  21773 KiB | 109656 KiB | 574822 MiB | 574800 MiB |
|       from large pool |  20064 KiB | 108393 KiB | 499329 MiB | 499310 MiB |
|       from small pool |   1709 KiB |   4213 KiB |  75492 MiB |  75490 MiB |
|---------------------------------------------------------------------------|
| Allocations           |      29    |      54    |    1663 K  |    1663 K  |
|       from large pool |       8    |      26    |     136 K  |     136 K  |
|       from small pool |      21    |      35    |    1526 K  |    1526 K  |
|---------------------------------------------------------------------------|
| Active allocs         |      29    |      54    |    1663 K  |    1663 K  |
|       from large pool |       8    |      26    |     136 K  |     136 K  |
|       from small pool |      21    |      35    |    1526 K  |    1526 K  |
|---------------------------------------------------------------------------|
| GPU reserved segments |      23    |      23    |      23    |       0    |
|       from large pool |      20    |      20    |      20    |       0    |
|       from small pool |       3    |       3    |       3    |       0    |
|---------------------------------------------------------------------------|
| Non-releasable allocs |       7    |      19    |  688718    |  688711    |
|       from large pool |       3    |      12    |   60276    |   60273    |
|       from small pool |       4    |      13    |  628442    |  628438    |
|---------------------------------------------------------------------------|
| Oversize allocations  |       0    |       0    |       0    |       0    |
|---------------------------------------------------------------------------|
| Oversize GPU segments |       0    |       0    |       0    |       0    |
|===========================================================================|

|===========================================================================|
|                  PyTorch CUDA memory summary, device ID 0                 |
|---------------------------------------------------------------------------|
|            CUDA OOMs: 0            |        cudaMalloc retries: 0         |
|===========================================================================|
|        Metric         | Cur Usage  | Peak Usage | Tot Alloc  | Tot Freed  |
|---------------------------------------------------------------------------|
| Allocated memory      |  37330 KiB | 378645 KiB |   1266 GiB |   1266 GiB |
|       from large pool |  36992 KiB | 377599 KiB |   1188 GiB |   1188 GiB |
|       from small pool |    338 KiB |   3699 KiB |     78 GiB |     78 GiB |
|---------------------------------------------------------------------------|
| Active memory         |  37330 KiB | 378645 KiB |   1266 GiB |   1266 GiB |
|       from large pool |  36992 KiB | 377599 KiB |   1188 GiB |   1188 GiB |
|       from small pool |    338 KiB |   3699 KiB |     78 GiB |     78 GiB |
|---------------------------------------------------------------------------|
| Requested memory      |  36478 KiB | 378079 KiB |   1260 GiB |   1260 GiB |
|       from large pool |  36142 KiB | 377036 KiB |   1182 GiB |   1182 GiB |
|       from small pool |    336 KiB |   3696 KiB |     77 GiB |     77 GiB |
|---------------------------------------------------------------------------|
| GPU reserved memory   | 659456 KiB | 659456 KiB | 659456 KiB |      0 B   |
|       from large pool | 653312 KiB | 653312 KiB | 653312 KiB |      0 B   |
|       from small pool |   6144 KiB |   6144 KiB |   6144 KiB |      0 B   |
|---------------------------------------------------------------------------|
| Non-releasable memory |   5677 KiB | 109656 KiB | 613315 MiB | 613309 MiB |
|       from large pool |   3968 KiB | 108393 KiB | 532907 MiB | 532903 MiB |
|       from small pool |   1709 KiB |   4213 KiB |  80407 MiB |  80405 MiB |
|---------------------------------------------------------------------------|
| Allocations           |      29    |      54    |    1780 K  |    1780 K  |
|       from large pool |       8    |      26    |     144 K  |     144 K  |
|       from small pool |      21    |      35    |    1636 K  |    1636 K  |
|---------------------------------------------------------------------------|
| Active allocs         |      29    |      54    |    1780 K  |    1780 K  |
|       from large pool |       8    |      26    |     144 K  |     144 K  |
|       from small pool |      21    |      35    |    1636 K  |    1636 K  |
|---------------------------------------------------------------------------|
| GPU reserved segments |      23    |      23    |      23    |       0    |
|       from large pool |      20    |      20    |      20    |       0    |
|       from small pool |       3    |       3    |       3    |       0    |
|---------------------------------------------------------------------------|
| Non-releasable allocs |       5    |      19    |  737615    |  737610    |
|       from large pool |       1    |      12    |   65331    |   65330    |
|       from small pool |       4    |      13    |  672284    |  672280    |
|---------------------------------------------------------------------------|
| Oversize allocations  |       0    |       0    |       0    |       0    |
|---------------------------------------------------------------------------|
| Oversize GPU segments |       0    |       0    |       0    |       0    |
|===========================================================================|

|===========================================================================|
|                  PyTorch CUDA memory summary, device ID 0                 |
|---------------------------------------------------------------------------|
|            CUDA OOMs: 0            |        cudaMalloc retries: 0         |
|===========================================================================|
|        Metric         | Cur Usage  | Peak Usage | Tot Alloc  | Tot Freed  |
|---------------------------------------------------------------------------|
| Allocated memory      |  36557 KiB | 378645 KiB |   1306 GiB |   1306 GiB |
|       from large pool |  36218 KiB | 377599 KiB |   1225 GiB |   1225 GiB |
|       from small pool |    338 KiB |   3699 KiB |     81 GiB |     81 GiB |
|---------------------------------------------------------------------------|
| Active memory         |  36557 KiB | 378645 KiB |   1306 GiB |   1306 GiB |
|       from large pool |  36218 KiB | 377599 KiB |   1225 GiB |   1225 GiB |
|       from small pool |    338 KiB |   3699 KiB |     81 GiB |     81 GiB |
|---------------------------------------------------------------------------|
| Requested memory      |  36553 KiB | 378079 KiB |   1300 GiB |   1300 GiB |
|       from large pool |  36217 KiB | 377036 KiB |   1219 GiB |   1219 GiB |
|       from small pool |    336 KiB |   3696 KiB |     81 GiB |     81 GiB |
|---------------------------------------------------------------------------|
| GPU reserved memory   | 659456 KiB | 659456 KiB | 659456 KiB |      0 B   |
|       from large pool | 653312 KiB | 653312 KiB | 653312 KiB |      0 B   |
|       from small pool |   6144 KiB |   6144 KiB |   6144 KiB |      0 B   |
|---------------------------------------------------------------------------|
| Non-releasable memory |  22835 KiB | 109656 KiB | 638471 MiB | 638448 MiB |
|       from large pool |  21125 KiB | 108393 KiB | 554496 MiB | 554475 MiB |
|       from small pool |   1709 KiB |   4213 KiB |  83975 MiB |  83973 MiB |
|---------------------------------------------------------------------------|
| Allocations           |      29    |      54    |    1861 K  |    1861 K  |
|       from large pool |       8    |      26    |     149 K  |     149 K  |
|       from small pool |      21    |      35    |    1712 K  |    1712 K  |
|---------------------------------------------------------------------------|
| Active allocs         |      29    |      54    |    1861 K  |    1861 K  |
|       from large pool |       8    |      26    |     149 K  |     149 K  |
|       from small pool |      21    |      35    |    1712 K  |    1712 K  |
|---------------------------------------------------------------------------|
| GPU reserved segments |      23    |      23    |      23    |       0    |
|       from large pool |      20    |      20    |      20    |       0    |
|       from small pool |       3    |       3    |       3    |       0    |
|---------------------------------------------------------------------------|
| Non-releasable allocs |       9    |      19    |     775 K  |     775 K  |
|       from large pool |       5    |      12    |      69 K  |      69 K  |
|       from small pool |       4    |      13    |     705 K  |     705 K  |
|---------------------------------------------------------------------------|
| Oversize allocations  |       0    |       0    |       0    |       0    |
|---------------------------------------------------------------------------|
| Oversize GPU segments |       0    |       0    |       0    |       0    |
|===========================================================================|

|===========================================================================|
|                  PyTorch CUDA memory summary, device ID 0                 |
|---------------------------------------------------------------------------|
|            CUDA OOMs: 0            |        cudaMalloc retries: 0         |
|===========================================================================|
|        Metric         | Cur Usage  | Peak Usage | Tot Alloc  | Tot Freed  |
|---------------------------------------------------------------------------|
| Allocated memory      |  37436 KiB | 378645 KiB |   1351 GiB |   1351 GiB |
|       from large pool |  37098 KiB | 377599 KiB |   1266 GiB |   1266 GiB |
|       from small pool |    338 KiB |   3699 KiB |     85 GiB |     85 GiB |
|---------------------------------------------------------------------------|
| Active memory         |  37436 KiB | 378645 KiB |   1351 GiB |   1351 GiB |
|       from large pool |  37098 KiB | 377599 KiB |   1266 GiB |   1266 GiB |
|       from small pool |    338 KiB |   3699 KiB |     85 GiB |     85 GiB |
|---------------------------------------------------------------------------|
| Requested memory      |  37044 KiB | 378079 KiB |   1345 GiB |   1345 GiB |
|       from large pool |  36708 KiB | 377036 KiB |   1260 GiB |   1260 GiB |
|       from small pool |    336 KiB |   3696 KiB |     84 GiB |     84 GiB |
|---------------------------------------------------------------------------|
| GPU reserved memory   | 659456 KiB | 659456 KiB | 659456 KiB |      0 B   |
|       from large pool | 653312 KiB | 653312 KiB | 653312 KiB |      0 B   |
|       from small pool |   6144 KiB |   6144 KiB |   6144 KiB |      0 B   |
|---------------------------------------------------------------------------|
| Non-releasable memory |  21955 KiB | 109656 KiB | 666261 MiB | 666240 MiB |
|       from large pool |  20246 KiB | 108393 KiB | 578812 MiB | 578792 MiB |
|       from small pool |   1709 KiB |   4213 KiB |  87448 MiB |  87447 MiB |
|---------------------------------------------------------------------------|
| Allocations           |      29    |      54    |    1942 K  |    1942 K  |
|       from large pool |       8    |      26    |     155 K  |     155 K  |
|       from small pool |      21    |      35    |    1787 K  |    1787 K  |
|---------------------------------------------------------------------------|
| Active allocs         |      29    |      54    |    1942 K  |    1942 K  |
|       from large pool |       8    |      26    |     155 K  |     155 K  |
|       from small pool |      21    |      35    |    1787 K  |    1787 K  |
|---------------------------------------------------------------------------|
| GPU reserved segments |      23    |      23    |      23    |       0    |
|       from large pool |      20    |      20    |      20    |       0    |
|       from small pool |       3    |       3    |       3    |       0    |
|---------------------------------------------------------------------------|
| Non-releasable allocs |       9    |      19    |     813 K  |     813 K  |
|       from large pool |       4    |      12    |      73 K  |      73 K  |
|       from small pool |       5    |      13    |     740 K  |     740 K  |
|---------------------------------------------------------------------------|
| Oversize allocations  |       0    |       0    |       0    |       0    |
|---------------------------------------------------------------------------|
| Oversize GPU segments |       0    |       0    |       0    |       0    |
|===========================================================================|

|===========================================================================|
|                  PyTorch CUDA memory summary, device ID 0                 |
|---------------------------------------------------------------------------|
|            CUDA OOMs: 0            |        cudaMalloc retries: 0         |
|===========================================================================|
|        Metric         | Cur Usage  | Peak Usage | Tot Alloc  | Tot Freed  |
|---------------------------------------------------------------------------|
| Allocated memory      |  38175 KiB | 378645 KiB |   1393 GiB |   1393 GiB |
|       from large pool |  37837 KiB | 377599 KiB |   1305 GiB |   1305 GiB |
|       from small pool |    338 KiB |   3699 KiB |     88 GiB |     88 GiB |
|---------------------------------------------------------------------------|
| Active memory         |  38175 KiB | 378645 KiB |   1393 GiB |   1393 GiB |
|       from large pool |  37837 KiB | 377599 KiB |   1305 GiB |   1305 GiB |
|       from small pool |    338 KiB |   3699 KiB |     88 GiB |     88 GiB |
|---------------------------------------------------------------------------|
| Requested memory      |  37026 KiB | 378079 KiB |   1387 GiB |   1387 GiB |
|       from large pool |  36690 KiB | 377036 KiB |   1299 GiB |   1299 GiB |
|       from small pool |    336 KiB |   3696 KiB |     88 GiB |     88 GiB |
|---------------------------------------------------------------------------|
| GPU reserved memory   | 659456 KiB | 659456 KiB | 659456 KiB |      0 B   |
|       from large pool | 653312 KiB | 653312 KiB | 653312 KiB |      0 B   |
|       from small pool |   6144 KiB |   6144 KiB |   6144 KiB |      0 B   |
|---------------------------------------------------------------------------|
| Non-releasable memory |  21216 KiB | 109656 KiB | 696031 MiB | 696011 MiB |
|       from large pool |  19507 KiB | 108393 KiB | 604959 MiB | 604940 MiB |
|       from small pool |   1709 KiB |   4213 KiB |  91072 MiB |  91070 MiB |
|---------------------------------------------------------------------------|
| Allocations           |      29    |      54    |    2027 K  |    2027 K  |
|       from large pool |       8    |      26    |     160 K  |     160 K  |
|       from small pool |      21    |      35    |    1866 K  |    1866 K  |
|---------------------------------------------------------------------------|
| Active allocs         |      29    |      54    |    2027 K  |    2027 K  |
|       from large pool |       8    |      26    |     160 K  |     160 K  |
|       from small pool |      21    |      35    |    1866 K  |    1866 K  |
|---------------------------------------------------------------------------|
| GPU reserved segments |      23    |      23    |      23    |       0    |
|       from large pool |      20    |      20    |      20    |       0    |
|       from small pool |       3    |       3    |       3    |       0    |
|---------------------------------------------------------------------------|
| Non-releasable allocs |       9    |      19    |     850 K  |     850 K  |
|       from large pool |       4    |      12    |      77 K  |      77 K  |
|       from small pool |       5    |      13    |     773 K  |     773 K  |
|---------------------------------------------------------------------------|
| Oversize allocations  |       0    |       0    |       0    |       0    |
|---------------------------------------------------------------------------|
| Oversize GPU segments |       0    |       0    |       0    |       0    |
|===========================================================================|

|===========================================================================|
|                  PyTorch CUDA memory summary, device ID 0                 |
|---------------------------------------------------------------------------|
|            CUDA OOMs: 0            |        cudaMalloc retries: 0         |
|===========================================================================|
|        Metric         | Cur Usage  | Peak Usage | Tot Alloc  | Tot Freed  |
|---------------------------------------------------------------------------|
| Allocated memory      |  36237 KiB | 378645 KiB |   1446 GiB |   1446 GiB |
|       from large pool |  35515 KiB | 377599 KiB |   1353 GiB |   1353 GiB |
|       from small pool |    721 KiB |   3699 KiB |     93 GiB |     93 GiB |
|---------------------------------------------------------------------------|
| Active memory         |  36237 KiB | 378645 KiB |   1446 GiB |   1446 GiB |
|       from large pool |  35515 KiB | 377599 KiB |   1353 GiB |   1353 GiB |
|       from small pool |    721 KiB |   3699 KiB |     93 GiB |     93 GiB |
|---------------------------------------------------------------------------|
| Requested memory      |  36234 KiB | 378079 KiB |   1440 GiB |   1440 GiB |
|       from large pool |  35515 KiB | 377036 KiB |   1347 GiB |   1347 GiB |
|       from small pool |    719 KiB |   3696 KiB |     93 GiB |     93 GiB |
|---------------------------------------------------------------------------|
| GPU reserved memory   | 659456 KiB | 659456 KiB | 659456 KiB |      0 B   |
|       from large pool | 653312 KiB | 653312 KiB | 653312 KiB |      0 B   |
|       from small pool |   6144 KiB |   6144 KiB |   6144 KiB |      0 B   |
|---------------------------------------------------------------------------|
| Non-releasable memory |   6771 KiB | 109656 KiB | 733046 MiB | 733039 MiB |
|       from large pool |   5444 KiB | 108393 KiB | 636768 MiB | 636762 MiB |
|       from small pool |   1326 KiB |   4213 KiB |  96277 MiB |  96276 MiB |
|---------------------------------------------------------------------------|
| Allocations           |      29    |      54    |    2140 K  |    2140 K  |
|       from large pool |       7    |      26    |     167 K  |     167 K  |
|       from small pool |      22    |      35    |    1972 K  |    1972 K  |
|---------------------------------------------------------------------------|
| Active allocs         |      29    |      54    |    2140 K  |    2140 K  |
|       from large pool |       7    |      26    |     167 K  |     167 K  |
|       from small pool |      22    |      35    |    1972 K  |    1972 K  |
|---------------------------------------------------------------------------|
| GPU reserved segments |      23    |      23    |      23    |       0    |
|       from large pool |      20    |      20    |      20    |       0    |
|       from small pool |       3    |       3    |       3    |       0    |
|---------------------------------------------------------------------------|
| Non-releasable allocs |       6    |      19    |     901 K  |     901 K  |
|       from large pool |       2    |      13    |      81 K  |      81 K  |
|       from small pool |       4    |      13    |     819 K  |     819 K  |
|---------------------------------------------------------------------------|
| Oversize allocations  |       0    |       0    |       0    |       0    |
|---------------------------------------------------------------------------|
| Oversize GPU segments |       0    |       0    |       0    |       0    |
|===========================================================================|

|===========================================================================|
|                  PyTorch CUDA memory summary, device ID 0                 |
|---------------------------------------------------------------------------|
|            CUDA OOMs: 0            |        cudaMalloc retries: 0         |
|===========================================================================|
|        Metric         | Cur Usage  | Peak Usage | Tot Alloc  | Tot Freed  |
|---------------------------------------------------------------------------|
| Allocated memory      |  36481 KiB | 378645 KiB |   1481 GiB |   1481 GiB |
|       from large pool |  35920 KiB | 377599 KiB |   1385 GiB |   1385 GiB |
|       from small pool |    560 KiB |   3699 KiB |     95 GiB |     95 GiB |
|---------------------------------------------------------------------------|
| Active memory         |  36481 KiB | 378645 KiB |   1481 GiB |   1481 GiB |
|       from large pool |  35920 KiB | 377599 KiB |   1385 GiB |   1385 GiB |
|       from small pool |    560 KiB |   3699 KiB |     95 GiB |     95 GiB |
|---------------------------------------------------------------------------|
| Requested memory      |  36190 KiB | 378079 KiB |   1474 GiB |   1474 GiB |
|       from large pool |  35632 KiB | 377036 KiB |   1379 GiB |   1379 GiB |
|       from small pool |    558 KiB |   3696 KiB |     95 GiB |     95 GiB |
|---------------------------------------------------------------------------|
| GPU reserved memory   | 659456 KiB | 659456 KiB | 659456 KiB |      0 B   |
|       from large pool | 653312 KiB | 653312 KiB | 653312 KiB |      0 B   |
|       from small pool |   6144 KiB |   6144 KiB |   6144 KiB |      0 B   |
|---------------------------------------------------------------------------|
| Non-releasable memory |  22911 KiB | 109656 KiB | 752674 MiB | 752652 MiB |
|       from large pool |  21423 KiB | 108393 KiB | 654013 MiB | 653992 MiB |
|       from small pool |   1487 KiB |   4213 KiB |  98661 MiB |  98659 MiB |
|---------------------------------------------------------------------------|
| Allocations           |      29    |      54    |    2186 K  |    2186 K  |
|       from large pool |       7    |      26    |     171 K  |     171 K  |
|       from small pool |      22    |      35    |    2015 K  |    2015 K  |
|---------------------------------------------------------------------------|
| Active allocs         |      29    |      54    |    2186 K  |    2186 K  |
|       from large pool |       7    |      26    |     171 K  |     171 K  |
|       from small pool |      22    |      35    |    2015 K  |    2015 K  |
|---------------------------------------------------------------------------|
| GPU reserved segments |      23    |      23    |      23    |       0    |
|       from large pool |      20    |      20    |      20    |       0    |
|       from small pool |       3    |       3    |       3    |       0    |
|---------------------------------------------------------------------------|
| Non-releasable allocs |      12    |      20    |     921 K  |     921 K  |
|       from large pool |       4    |      14    |      84 K  |      84 K  |
|       from small pool |       8    |      13    |     837 K  |     837 K  |
|---------------------------------------------------------------------------|
| Oversize allocations  |       0    |       0    |       0    |       0    |
|---------------------------------------------------------------------------|
| Oversize GPU segments |       0    |       0    |       0    |       0    |
|===========================================================================|

