|===========================================================================|
|                  PyTorch CUDA memory summary, device ID 0                 |
|---------------------------------------------------------------------------|
|            CUDA OOMs: 0            |        cudaMalloc retries: 0         |
|===========================================================================|
|        Metric         | Cur Usage  | Peak Usage | Tot Alloc  | Tot Freed  |
|---------------------------------------------------------------------------|
| Allocated memory      |  37682 KiB | 125912 KiB | 386220 MiB | 386184 MiB |
|       from large pool |  37343 KiB | 125184 KiB | 373134 MiB | 373097 MiB |
|       from small pool |    338 KiB |   3316 KiB |  13086 MiB |  13086 MiB |
|---------------------------------------------------------------------------|
| Active memory         |  37682 KiB | 125912 KiB | 386220 MiB | 386184 MiB |
|       from large pool |  37343 KiB | 125184 KiB | 373134 MiB | 373097 MiB |
|       from small pool |    338 KiB |   3316 KiB |  13086 MiB |  13086 MiB |
|---------------------------------------------------------------------------|
| Requested memory      |  37650 KiB | 125908 KiB | 384631 MiB | 384594 MiB |
|       from large pool |  37314 KiB | 125184 KiB | 371601 MiB | 371565 MiB |
|       from small pool |    336 KiB |   3313 KiB |  13029 MiB |  13029 MiB |
|---------------------------------------------------------------------------|
| GPU reserved memory   | 167936 KiB | 167936 KiB | 167936 KiB |      0 B   |
|       from large pool | 163840 KiB | 163840 KiB | 163840 KiB |      0 B   |
|       from small pool |   4096 KiB |   4096 KiB |   4096 KiB |      0 B   |
|---------------------------------------------------------------------------|
| Non-releasable memory |  25806 KiB |  42265 KiB | 104440 MiB | 104414 MiB |
|       from large pool |  24096 KiB |  40704 KiB |  91349 MiB |  91325 MiB |
|       from small pool |   1709 KiB |   3195 KiB |  13090 MiB |  13088 MiB |
|---------------------------------------------------------------------------|
| Allocations           |      29    |      42    |  268361    |  268332    |
|       from large pool |       8    |      13    |   33595    |   33587    |
|       from small pool |      21    |      34    |  234766    |  234745    |
|---------------------------------------------------------------------------|
| Active allocs         |      29    |      42    |  268361    |  268332    |
|       from large pool |       8    |      13    |   33595    |   33587    |
|       from small pool |      21    |      34    |  234766    |  234745    |
|---------------------------------------------------------------------------|
| GPU reserved segments |      11    |      11    |      11    |       0    |
|       from large pool |       9    |       9    |       9    |       0    |
|       from small pool |       2    |       2    |       2    |       0    |
|---------------------------------------------------------------------------|
| Non-releasable allocs |       8    |      14    |  108222    |  108214    |
|       from large pool |       3    |       4    |    7968    |    7965    |
|       from small pool |       5    |      11    |  100254    |  100249    |
|---------------------------------------------------------------------------|
| Oversize allocations  |       0    |       0    |       0    |       0    |
|---------------------------------------------------------------------------|
| Oversize GPU segments |       0    |       0    |       0    |       0    |
|===========================================================================|

|===========================================================================|
|                  PyTorch CUDA memory summary, device ID 0                 |
|---------------------------------------------------------------------------|
|            CUDA OOMs: 0            |        cudaMalloc retries: 0         |
|===========================================================================|
|        Metric         | Cur Usage  | Peak Usage | Tot Alloc  | Tot Freed  |
|---------------------------------------------------------------------------|
| Allocated memory      |  38180 KiB | 378396 KiB | 438560 MiB | 438522 MiB |
|       from large pool |  37842 KiB | 377350 KiB | 419365 MiB | 419328 MiB |
|       from small pool |    338 KiB |   3316 KiB |  19195 MiB |  19194 MiB |
|---------------------------------------------------------------------------|
| Active memory         |  38180 KiB | 378396 KiB | 438560 MiB | 438522 MiB |
|       from large pool |  37842 KiB | 377350 KiB | 419365 MiB | 419328 MiB |
|       from small pool |    338 KiB |   3316 KiB |  19195 MiB |  19194 MiB |
|---------------------------------------------------------------------------|
| Requested memory      |  37346 KiB | 378079 KiB | 436795 MiB | 436759 MiB |
|       from large pool |  37010 KiB | 377036 KiB | 417693 MiB | 417657 MiB |
|       from small pool |    336 KiB |   3313 KiB |  19102 MiB |  19102 MiB |
|---------------------------------------------------------------------------|
| GPU reserved memory   | 581632 KiB | 581632 KiB | 581632 KiB |      0 B   |
|       from large pool | 577536 KiB | 577536 KiB | 577536 KiB |      0 B   |
|       from small pool |   4096 KiB |   4096 KiB |   4096 KiB |      0 B   |
|---------------------------------------------------------------------------|
| Non-releasable memory |  25307 KiB |  60901 KiB | 147650 MiB | 147625 MiB |
|       from large pool |  23598 KiB |  59893 KiB | 128439 MiB | 128416 MiB |
|       from small pool |   1709 KiB |   3290 KiB |  19210 MiB |  19208 MiB |
|---------------------------------------------------------------------------|
| Allocations           |      29    |      54    |  415780    |  415751    |
|       from large pool |       8    |      26    |   42152    |   42144    |
|       from small pool |      21    |      34    |  373628    |  373607    |
|---------------------------------------------------------------------------|
| Active allocs         |      29    |      54    |  415780    |  415751    |
|       from large pool |       8    |      26    |   42152    |   42144    |
|       from small pool |      21    |      34    |  373628    |  373607    |
|---------------------------------------------------------------------------|
| GPU reserved segments |      21    |      21    |      21    |       0    |
|       from large pool |      19    |      19    |      19    |       0    |
|       from small pool |       2    |       2    |       2    |       0    |
|---------------------------------------------------------------------------|
| Non-releasable allocs |      10    |      16    |  166062    |  166052    |
|       from large pool |       3    |      10    |   11232    |   11229    |
|       from small pool |       7    |      11    |  154830    |  154823    |
|---------------------------------------------------------------------------|
| Oversize allocations  |       0    |       0    |       0    |       0    |
|---------------------------------------------------------------------------|
| Oversize GPU segments |       0    |       0    |       0    |       0    |
|===========================================================================|

|===========================================================================|
|                  PyTorch CUDA memory summary, device ID 0                 |
|---------------------------------------------------------------------------|
|            CUDA OOMs: 0            |        cudaMalloc retries: 0         |
|===========================================================================|
|        Metric         | Cur Usage  | Peak Usage | Tot Alloc  | Tot Freed  |
|---------------------------------------------------------------------------|
| Allocated memory      |  37330 KiB | 378396 KiB | 503464 MiB | 503427 MiB |
|       from large pool |  36992 KiB | 377350 KiB | 476125 MiB | 476089 MiB |
|       from small pool |    338 KiB |   3316 KiB |  27338 MiB |  27338 MiB |
|---------------------------------------------------------------------------|
| Active memory         |  37330 KiB | 378396 KiB | 503464 MiB | 503427 MiB |
|       from large pool |  36992 KiB | 377350 KiB | 476125 MiB | 476089 MiB |
|       from small pool |    338 KiB |   3316 KiB |  27338 MiB |  27338 MiB |
|---------------------------------------------------------------------------|
| Requested memory      |  36771 KiB | 378079 KiB | 501474 MiB | 501438 MiB |
|       from large pool |  36435 KiB | 377036 KiB | 474272 MiB | 474237 MiB |
|       from small pool |    336 KiB |   3313 KiB |  27201 MiB |  27201 MiB |
|---------------------------------------------------------------------------|
| GPU reserved memory   | 657408 KiB | 657408 KiB | 657408 KiB |      0 B   |
|       from large pool | 653312 KiB | 653312 KiB | 653312 KiB |      0 B   |
|       from small pool |   4096 KiB |   4096 KiB |   4096 KiB |      0 B   |
|---------------------------------------------------------------------------|
| Non-releasable memory |  26157 KiB | 109005 KiB | 203356 MiB | 203331 MiB |
|       from large pool |  24448 KiB | 107742 KiB | 175948 MiB | 175924 MiB |
|       from small pool |   1709 KiB |   3290 KiB |  27407 MiB |  27406 MiB |
|---------------------------------------------------------------------------|
| Allocations           |      29    |      54    |  600746    |  600717    |
|       from large pool |       8    |      26    |   52494    |   52486    |
|       from small pool |      21    |      34    |  548252    |  548231    |
|---------------------------------------------------------------------------|
| Active allocs         |      29    |      54    |  600746    |  600717    |
|       from large pool |       8    |      26    |   52494    |   52486    |
|       from small pool |      21    |      34    |  548252    |  548231    |
|---------------------------------------------------------------------------|
| GPU reserved segments |      22    |      22    |      22    |       0    |
|       from large pool |      20    |      20    |      20    |       0    |
|       from small pool |       2    |       2    |       2    |       0    |
|---------------------------------------------------------------------------|
| Non-releasable allocs |       7    |      17    |  243821    |  243814    |
|       from large pool |       2    |      12    |   15714    |   15712    |
|       from small pool |       5    |      11    |  228107    |  228102    |
|---------------------------------------------------------------------------|
| Oversize allocations  |       0    |       0    |       0    |       0    |
|---------------------------------------------------------------------------|
| Oversize GPU segments |       0    |       0    |       0    |       0    |
|===========================================================================|

|===========================================================================|
|                  PyTorch CUDA memory summary, device ID 0                 |
|---------------------------------------------------------------------------|
|            CUDA OOMs: 0            |        cudaMalloc retries: 0         |
|===========================================================================|
|        Metric         | Cur Usage  | Peak Usage | Tot Alloc  | Tot Freed  |
|---------------------------------------------------------------------------|
| Allocated memory      |  37330 KiB | 378396 KiB | 542254 MiB | 542218 MiB |
|       from large pool |  36992 KiB | 377350 KiB | 510995 MiB | 510959 MiB |
|       from small pool |    338 KiB |   3316 KiB |  31258 MiB |  31258 MiB |
|---------------------------------------------------------------------------|
| Active memory         |  37330 KiB | 378396 KiB | 542254 MiB | 542218 MiB |
|       from large pool |  36992 KiB | 377350 KiB | 510995 MiB | 510959 MiB |
|       from small pool |    338 KiB |   3316 KiB |  31258 MiB |  31258 MiB |
|---------------------------------------------------------------------------|
| Requested memory      |  36478 KiB | 378079 KiB | 539939 MiB | 539903 MiB |
|       from large pool |  36142 KiB | 377036 KiB | 508839 MiB | 508804 MiB |
|       from small pool |    336 KiB |   3313 KiB |  31099 MiB |  31099 MiB |
|---------------------------------------------------------------------------|
| GPU reserved memory   | 657408 KiB | 657408 KiB | 657408 KiB |      0 B   |
|       from large pool | 653312 KiB | 653312 KiB | 653312 KiB |      0 B   |
|       from small pool |   4096 KiB |   4096 KiB |   4096 KiB |      0 B   |
|---------------------------------------------------------------------------|
| Non-releasable memory |  26157 KiB | 109005 KiB | 234098 MiB | 234073 MiB |
|       from large pool |  24448 KiB | 107742 KiB | 202761 MiB | 202737 MiB |
|       from small pool |   1709 KiB |   3305 KiB |  31337 MiB |  31335 MiB |
|---------------------------------------------------------------------------|
| Allocations           |      29    |      54    |  694707    |  694678    |
|       from large pool |       8    |      26    |   58556    |   58548    |
|       from small pool |      21    |      34    |  636151    |  636130    |
|---------------------------------------------------------------------------|
| Active allocs         |      29    |      54    |  694707    |  694678    |
|       from large pool |       8    |      26    |   58556    |   58548    |
|       from small pool |      21    |      34    |  636151    |  636130    |
|---------------------------------------------------------------------------|
| GPU reserved segments |      22    |      22    |      22    |       0    |
|       from large pool |      20    |      20    |      20    |       0    |
|       from small pool |       2    |       2    |       2    |       0    |
|---------------------------------------------------------------------------|
| Non-releasable allocs |       8    |      17    |  287590    |  287582    |
|       from large pool |       2    |      12    |   18384    |   18382    |
|       from small pool |       6    |      11    |  269206    |  269200    |
|---------------------------------------------------------------------------|
| Oversize allocations  |       0    |       0    |       0    |       0    |
|---------------------------------------------------------------------------|
| Oversize GPU segments |       0    |       0    |       0    |       0    |
|===========================================================================|

|===========================================================================|
|                  PyTorch CUDA memory summary, device ID 0                 |
|---------------------------------------------------------------------------|
|            CUDA OOMs: 0            |        cudaMalloc retries: 0         |
|===========================================================================|
|        Metric         | Cur Usage  | Peak Usage | Tot Alloc  | Tot Freed  |
|---------------------------------------------------------------------------|
| Allocated memory      |  36557 KiB | 378396 KiB | 576085 MiB | 576050 MiB |
|       from large pool |  36218 KiB | 377350 KiB | 541497 MiB | 541462 MiB |
|       from small pool |    338 KiB |   3316 KiB |  34588 MiB |  34587 MiB |
|---------------------------------------------------------------------------|
| Active memory         |  36557 KiB | 378396 KiB | 576085 MiB | 576050 MiB |
|       from large pool |  36218 KiB | 377350 KiB | 541497 MiB | 541462 MiB |
|       from small pool |    338 KiB |   3316 KiB |  34588 MiB |  34587 MiB |
|---------------------------------------------------------------------------|
| Requested memory      |  36553 KiB | 378079 KiB | 573556 MiB | 573520 MiB |
|       from large pool |  36217 KiB | 377036 KiB | 539145 MiB | 539110 MiB |
|       from small pool |    336 KiB |   3313 KiB |  34410 MiB |  34410 MiB |
|---------------------------------------------------------------------------|
| GPU reserved memory   | 657408 KiB | 657408 KiB | 657408 KiB |      0 B   |
|       from large pool | 653312 KiB | 653312 KiB | 653312 KiB |      0 B   |
|       from small pool |   4096 KiB |   4096 KiB |   4096 KiB |      0 B   |
|---------------------------------------------------------------------------|
| Non-releasable memory |  26931 KiB | 109005 KiB | 261143 MiB | 261117 MiB |
|       from large pool |  25221 KiB | 107742 KiB | 226468 MiB | 226444 MiB |
|       from small pool |   1709 KiB |   3305 KiB |  34674 MiB |  34672 MiB |
|---------------------------------------------------------------------------|
| Allocations           |      29    |      54    |     771 K  |     770 K  |
|       from large pool |       8    |      26    |      63 K  |      63 K  |
|       from small pool |      21    |      34    |     707 K  |     707 K  |
|---------------------------------------------------------------------------|
| Active allocs         |      29    |      54    |     771 K  |     770 K  |
|       from large pool |       8    |      26    |      63 K  |      63 K  |
|       from small pool |      21    |      34    |     707 K  |     707 K  |
|---------------------------------------------------------------------------|
| GPU reserved segments |      22    |      22    |      22    |       0    |
|       from large pool |      20    |      20    |      20    |       0    |
|       from small pool |       2    |       2    |       2    |       0    |
|---------------------------------------------------------------------------|
| Non-releasable allocs |      10    |      17    |  319618    |  319608    |
|       from large pool |       4    |      12    |   20856    |   20852    |
|       from small pool |       6    |      12    |  298762    |  298756    |
|---------------------------------------------------------------------------|
| Oversize allocations  |       0    |       0    |       0    |       0    |
|---------------------------------------------------------------------------|
| Oversize GPU segments |       0    |       0    |       0    |       0    |
|===========================================================================|

|===========================================================================|
|                  PyTorch CUDA memory summary, device ID 0                 |
|---------------------------------------------------------------------------|
|            CUDA OOMs: 0            |        cudaMalloc retries: 0         |
|===========================================================================|
|        Metric         | Cur Usage  | Peak Usage | Tot Alloc  | Tot Freed  |
|---------------------------------------------------------------------------|
| Allocated memory      |  37436 KiB | 378396 KiB | 609270 MiB | 609233 MiB |
|       from large pool |  37098 KiB | 377350 KiB | 571818 MiB | 571782 MiB |
|       from small pool |    338 KiB |   3316 KiB |  37451 MiB |  37451 MiB |
|---------------------------------------------------------------------------|
| Active memory         |  37436 KiB | 378396 KiB | 609270 MiB | 609233 MiB |
|       from large pool |  37098 KiB | 377350 KiB | 571818 MiB | 571782 MiB |
|       from small pool |    338 KiB |   3316 KiB |  37451 MiB |  37451 MiB |
|---------------------------------------------------------------------------|
| Requested memory      |  37044 KiB | 378079 KiB | 606534 MiB | 606498 MiB |
|       from large pool |  36708 KiB | 377036 KiB | 569276 MiB | 569241 MiB |
|       from small pool |    336 KiB |   3313 KiB |  37257 MiB |  37257 MiB |
|---------------------------------------------------------------------------|
| GPU reserved memory   | 657408 KiB | 657408 KiB | 657408 KiB |      0 B   |
|       from large pool | 653312 KiB | 653312 KiB | 653312 KiB |      0 B   |
|       from small pool |   4096 KiB |   4096 KiB |   4096 KiB |      0 B   |
|---------------------------------------------------------------------------|
| Non-releasable memory |  26051 KiB | 109005 KiB | 287664 MiB | 287638 MiB |
|       from large pool |  24342 KiB | 107742 KiB | 250117 MiB | 250094 MiB |
|       from small pool |   1709 KiB |   3305 KiB |  37546 MiB |  37544 MiB |
|---------------------------------------------------------------------------|
| Allocations           |      29    |      54    |     838 K  |     838 K  |
|       from large pool |       8    |      26    |      68 K  |      68 K  |
|       from small pool |      21    |      34    |     769 K  |     769 K  |
|---------------------------------------------------------------------------|
| Active allocs         |      29    |      54    |     838 K  |     838 K  |
|       from large pool |       8    |      26    |      68 K  |      68 K  |
|       from small pool |      21    |      34    |     769 K  |     769 K  |
|---------------------------------------------------------------------------|
| GPU reserved segments |      22    |      22    |      22    |       0    |
|       from large pool |      20    |      20    |      20    |       0    |
|       from small pool |       2    |       2    |       2    |       0    |
|---------------------------------------------------------------------------|
| Non-releasable allocs |       8    |      17    |  340699    |  340691    |
|       from large pool |       3    |      12    |   23380    |   23377    |
|       from small pool |       5    |      12    |  317319    |  317314    |
|---------------------------------------------------------------------------|
| Oversize allocations  |       0    |       0    |       0    |       0    |
|---------------------------------------------------------------------------|
| Oversize GPU segments |       0    |       0    |       0    |       0    |
|===========================================================================|

|===========================================================================|
|                  PyTorch CUDA memory summary, device ID 0                 |
|---------------------------------------------------------------------------|
|            CUDA OOMs: 0            |        cudaMalloc retries: 0         |
|===========================================================================|
|        Metric         | Cur Usage  | Peak Usage | Tot Alloc  | Tot Freed  |
|---------------------------------------------------------------------------|
| Allocated memory      |  37887 KiB | 378396 KiB | 647375 MiB | 647338 MiB |
|       from large pool |  37549 KiB | 377350 KiB | 606331 MiB | 606294 MiB |
|       from small pool |    338 KiB |   3316 KiB |  41044 MiB |  41044 MiB |
|---------------------------------------------------------------------------|
| Active memory         |  37887 KiB | 378396 KiB | 647375 MiB | 647338 MiB |
|       from large pool |  37549 KiB | 377350 KiB | 606331 MiB | 606294 MiB |
|       from small pool |    338 KiB |   3316 KiB |  41044 MiB |  41044 MiB |
|---------------------------------------------------------------------------|
| Requested memory      |  37026 KiB | 378079 KiB | 644440 MiB | 644404 MiB |
|       from large pool |  36690 KiB | 377036 KiB | 603610 MiB | 603574 MiB |
|       from small pool |    336 KiB |   3313 KiB |  40829 MiB |  40829 MiB |
|---------------------------------------------------------------------------|
| GPU reserved memory   | 657408 KiB | 657408 KiB | 657408 KiB |      0 B   |
|       from large pool | 653312 KiB | 653312 KiB | 653312 KiB |      0 B   |
|       from small pool |   4096 KiB |   4096 KiB |   4096 KiB |      0 B   |
|---------------------------------------------------------------------------|
| Non-releasable memory |  25600 KiB | 109005 KiB | 317533 MiB | 317508 MiB |
|       from large pool |  23891 KiB | 107742 KiB | 276385 MiB | 276362 MiB |
|       from small pool |   1709 KiB |   3305 KiB |  41147 MiB |  41146 MiB |
|---------------------------------------------------------------------------|
| Allocations           |      29    |      54    |     923 K  |     923 K  |
|       from large pool |       8    |      26    |      73 K  |      73 K  |
|       from small pool |      21    |      34    |     849 K  |     849 K  |
|---------------------------------------------------------------------------|
| Active allocs         |      29    |      54    |     923 K  |     923 K  |
|       from large pool |       8    |      26    |      73 K  |      73 K  |
|       from small pool |      21    |      34    |     849 K  |     849 K  |
|---------------------------------------------------------------------------|
| GPU reserved segments |      22    |      22    |      22    |       0    |
|       from large pool |      20    |      20    |      20    |       0    |
|       from small pool |       2    |       2    |       2    |       0    |
|---------------------------------------------------------------------------|
| Non-releasable allocs |       8    |      17    |  372466    |  372458    |
|       from large pool |       3    |      12    |   25908    |   25905    |
|       from small pool |       5    |      12    |  346558    |  346553    |
|---------------------------------------------------------------------------|
| Oversize allocations  |       0    |       0    |       0    |       0    |
|---------------------------------------------------------------------------|
| Oversize GPU segments |       0    |       0    |       0    |       0    |
|===========================================================================|

|===========================================================================|
|                  PyTorch CUDA memory summary, device ID 0                 |
|---------------------------------------------------------------------------|
|            CUDA OOMs: 0            |        cudaMalloc retries: 0         |
|===========================================================================|
|        Metric         | Cur Usage  | Peak Usage | Tot Alloc  | Tot Freed  |
|---------------------------------------------------------------------------|
| Allocated memory      |  36237 KiB | 378396 KiB | 691022 MiB | 690987 MiB |
|       from large pool |  35515 KiB | 377350 KiB | 645302 MiB | 645267 MiB |
|       from small pool |    721 KiB |   3316 KiB |  45720 MiB |  45719 MiB |
|---------------------------------------------------------------------------|
| Active memory         |  36237 KiB | 378396 KiB | 691022 MiB | 690987 MiB |
|       from large pool |  35515 KiB | 377350 KiB | 645302 MiB | 645267 MiB |
|       from small pool |    721 KiB |   3316 KiB |  45720 MiB |  45719 MiB |
|---------------------------------------------------------------------------|
| Requested memory      |  36234 KiB | 378079 KiB | 687863 MiB | 687827 MiB |
|       from large pool |  35515 KiB | 377036 KiB | 642382 MiB | 642347 MiB |
|       from small pool |    719 KiB |   3313 KiB |  45480 MiB |  45480 MiB |
|---------------------------------------------------------------------------|
| GPU reserved memory   | 657408 KiB | 657408 KiB | 657408 KiB |      0 B   |
|       from large pool | 653312 KiB | 653312 KiB | 653312 KiB |      0 B   |
|       from small pool |   4096 KiB |   4096 KiB |   4096 KiB |      0 B   |
|---------------------------------------------------------------------------|
| Non-releasable memory |  27251 KiB | 109005 KiB | 351889 MiB | 351863 MiB |
|       from large pool |  25924 KiB | 107742 KiB | 305988 MiB | 305963 MiB |
|       from small pool |   1326 KiB |   3317 KiB |  45901 MiB |  45900 MiB |
|---------------------------------------------------------------------------|
| Allocations           |      29    |      54    |    1026 K  |    1026 K  |
|       from large pool |       7    |      26    |      80 K  |      80 K  |
|       from small pool |      22    |      34    |     946 K  |     946 K  |
|---------------------------------------------------------------------------|
| Active allocs         |      29    |      54    |    1026 K  |    1026 K  |
|       from large pool |       7    |      26    |      80 K  |      80 K  |
|       from small pool |      22    |      34    |     946 K  |     946 K  |
|---------------------------------------------------------------------------|
| GPU reserved segments |      22    |      22    |      22    |       0    |
|       from large pool |      20    |      20    |      20    |       0    |
|       from small pool |       2    |       2    |       2    |       0    |
|---------------------------------------------------------------------------|
| Non-releasable allocs |      10    |      17    |  422811    |  422801    |
|       from large pool |       4    |      12    |   29593    |   29589    |
|       from small pool |       6    |      13    |  393218    |  393212    |
|---------------------------------------------------------------------------|
| Oversize allocations  |       0    |       0    |       0    |       0    |
|---------------------------------------------------------------------------|
| Oversize GPU segments |       0    |       0    |       0    |       0    |
|===========================================================================|

|===========================================================================|
|                  PyTorch CUDA memory summary, device ID 0                 |
|---------------------------------------------------------------------------|
|            CUDA OOMs: 0            |        cudaMalloc retries: 0         |
|===========================================================================|
|        Metric         | Cur Usage  | Peak Usage | Tot Alloc  | Tot Freed  |
|---------------------------------------------------------------------------|
| Allocated memory      |  36385 KiB | 378396 KiB | 723916 MiB | 723880 MiB |
|       from large pool |  35824 KiB | 377350 KiB | 675618 MiB | 675583 MiB |
|       from small pool |    560 KiB |   3699 KiB |  48297 MiB |  48297 MiB |
|---------------------------------------------------------------------------|
| Active memory         |  36385 KiB | 378396 KiB | 723916 MiB | 723880 MiB |
|       from large pool |  35824 KiB | 377350 KiB | 675618 MiB | 675583 MiB |
|       from small pool |    560 KiB |   3699 KiB |  48297 MiB |  48297 MiB |
|---------------------------------------------------------------------------|
| Requested memory      |  36190 KiB | 378079 KiB | 720546 MiB | 720511 MiB |
|       from large pool |  35632 KiB | 377036 KiB | 672502 MiB | 672467 MiB |
|       from small pool |    558 KiB |   3696 KiB |  48043 MiB |  48043 MiB |
|---------------------------------------------------------------------------|
| GPU reserved memory   | 659456 KiB | 659456 KiB | 659456 KiB |      0 B   |
|       from large pool | 653312 KiB | 653312 KiB | 653312 KiB |      0 B   |
|       from small pool |   6144 KiB |   6144 KiB |   6144 KiB |      0 B   |
|---------------------------------------------------------------------------|
| Non-releasable memory |  43487 KiB | 109005 KiB | 379391 MiB | 379348 MiB |
|       from large pool |  41999 KiB | 107742 KiB | 330763 MiB | 330722 MiB |
|       from small pool |   1487 KiB |   3834 KiB |  48627 MiB |  48626 MiB |
|---------------------------------------------------------------------------|
| Allocations           |      29    |      54    |    1080 K  |    1080 K  |
|       from large pool |       7    |      26    |      84 K  |      84 K  |
|       from small pool |      22    |      35    |     995 K  |     995 K  |
|---------------------------------------------------------------------------|
| Active allocs         |      29    |      54    |    1080 K  |    1080 K  |
|       from large pool |       7    |      26    |      84 K  |      84 K  |
|       from small pool |      22    |      35    |     995 K  |     995 K  |
|---------------------------------------------------------------------------|
| GPU reserved segments |      23    |      23    |      23    |       0    |
|       from large pool |      20    |      20    |      20    |       0    |
|       from small pool |       3    |       3    |       3    |       0    |
|---------------------------------------------------------------------------|
| Non-releasable allocs |      11    |      19    |  451211    |  451200    |
|       from large pool |       4    |      12    |   31778    |   31774    |
|       from small pool |       7    |      13    |  419433    |  419426    |
|---------------------------------------------------------------------------|
| Oversize allocations  |       0    |       0    |       0    |       0    |
|---------------------------------------------------------------------------|
| Oversize GPU segments |       0    |       0    |       0    |       0    |
|===========================================================================|

