|===========================================================================|
|                  PyTorch CUDA memory summary, device ID 0                 |
|---------------------------------------------------------------------------|
|            CUDA OOMs: 0            |        cudaMalloc retries: 0         |
|===========================================================================|
|        Metric         | Cur Usage  | Peak Usage | Tot Alloc  | Tot Freed  |
|---------------------------------------------------------------------------|
| Allocated memory      |  37682 KiB | 125912 KiB | 386262 MiB | 386225 MiB |
|       from large pool |  37343 KiB | 125184 KiB | 373175 MiB | 373138 MiB |
|       from small pool |    338 KiB |   3316 KiB |  13087 MiB |  13087 MiB |
|---------------------------------------------------------------------------|
| Active memory         |  37682 KiB | 125912 KiB | 386262 MiB | 386225 MiB |
|       from large pool |  37343 KiB | 125184 KiB | 373175 MiB | 373138 MiB |
|       from small pool |    338 KiB |   3316 KiB |  13087 MiB |  13087 MiB |
|---------------------------------------------------------------------------|
| Requested memory      |  37650 KiB | 125908 KiB | 384656 MiB | 384619 MiB |
|       from large pool |  37314 KiB | 125184 KiB | 371625 MiB | 371589 MiB |
|       from small pool |    336 KiB |   3313 KiB |  13030 MiB |  13029 MiB |
|---------------------------------------------------------------------------|
| GPU reserved memory   | 167936 KiB | 167936 KiB | 167936 KiB |      0 B   |
|       from large pool | 163840 KiB | 163840 KiB | 163840 KiB |      0 B   |
|       from small pool |   4096 KiB |   4096 KiB |   4096 KiB |      0 B   |
|---------------------------------------------------------------------------|
| Non-releasable memory |  25806 KiB |  42265 KiB | 111098 MiB | 111073 MiB |
|       from large pool |  24096 KiB |  40704 KiB |  98007 MiB |  97983 MiB |
|       from small pool |   1709 KiB |   3195 KiB |  13091 MiB |  13089 MiB |
|---------------------------------------------------------------------------|
| Allocations           |      29    |      42    |  268433    |  268404    |
|       from large pool |       8    |      13    |   33601    |   33593    |
|       from small pool |      21    |      34    |  234832    |  234811    |
|---------------------------------------------------------------------------|
| Active allocs         |      29    |      42    |  268433    |  268404    |
|       from large pool |       8    |      13    |   33601    |   33593    |
|       from small pool |      21    |      34    |  234832    |  234811    |
|---------------------------------------------------------------------------|
| GPU reserved segments |      11    |      11    |      11    |       0    |
|       from large pool |       9    |       9    |       9    |       0    |
|       from small pool |       2    |       2    |       2    |       0    |
|---------------------------------------------------------------------------|
| Non-releasable allocs |       9    |      15    |  114322    |  114313    |
|       from large pool |       3    |       4    |    8496    |    8493    |
|       from small pool |       6    |      12    |  105826    |  105820    |
|---------------------------------------------------------------------------|
| Oversize allocations  |       0    |       0    |       0    |       0    |
|---------------------------------------------------------------------------|
| Oversize GPU segments |       0    |       0    |       0    |       0    |
|===========================================================================|

|===========================================================================|
|                  PyTorch CUDA memory summary, device ID 0                 |
|---------------------------------------------------------------------------|
|            CUDA OOMs: 0            |        cudaMalloc retries: 0         |
|===========================================================================|
|        Metric         | Cur Usage  | Peak Usage | Tot Alloc  | Tot Freed  |
|---------------------------------------------------------------------------|
| Allocated memory      |  38468 KiB | 378396 KiB | 443851 MiB | 443814 MiB |
|       from large pool |  38130 KiB | 377350 KiB | 424635 MiB | 424598 MiB |
|       from small pool |    338 KiB |   3316 KiB |  19216 MiB |  19216 MiB |
|---------------------------------------------------------------------------|
| Active memory         |  38468 KiB | 378396 KiB | 443851 MiB | 443814 MiB |
|       from large pool |  38130 KiB | 377350 KiB | 424635 MiB | 424598 MiB |
|       from small pool |    338 KiB |   3316 KiB |  19216 MiB |  19216 MiB |
|---------------------------------------------------------------------------|
| Requested memory      |  37346 KiB | 378079 KiB | 442145 MiB | 442108 MiB |
|       from large pool |  37010 KiB | 377036 KiB | 423021 MiB | 422985 MiB |
|       from small pool |    336 KiB |   3313 KiB |  19123 MiB |  19123 MiB |
|---------------------------------------------------------------------------|
| GPU reserved memory   | 581632 KiB | 581632 KiB | 581632 KiB |      0 B   |
|       from large pool | 577536 KiB | 577536 KiB | 577536 KiB |      0 B   |
|       from small pool |   4096 KiB |   4096 KiB |   4096 KiB |      0 B   |
|---------------------------------------------------------------------------|
| Non-releasable memory |  25019 KiB |  60901 KiB | 152013 MiB | 151989 MiB |
|       from large pool |  23310 KiB |  59893 KiB | 132782 MiB | 132759 MiB |
|       from small pool |   1709 KiB |   3290 KiB |  19231 MiB |  19229 MiB |
|---------------------------------------------------------------------------|
| Allocations           |      29    |      54    |  415754    |  415725    |
|       from large pool |       8    |      26    |   42150    |   42142    |
|       from small pool |      21    |      34    |  373604    |  373583    |
|---------------------------------------------------------------------------|
| Active allocs         |      29    |      54    |  415754    |  415725    |
|       from large pool |       8    |      26    |   42150    |   42142    |
|       from small pool |      21    |      34    |  373604    |  373583    |
|---------------------------------------------------------------------------|
| GPU reserved segments |      21    |      21    |      21    |       0    |
|       from large pool |      19    |      19    |      19    |       0    |
|       from small pool |       2    |       2    |       2    |       0    |
|---------------------------------------------------------------------------|
| Non-releasable allocs |       8    |      16    |  170685    |  170677    |
|       from large pool |       3    |      10    |   10092    |   10089    |
|       from small pool |       5    |      12    |  160593    |  160588    |
|---------------------------------------------------------------------------|
| Oversize allocations  |       0    |       0    |       0    |       0    |
|---------------------------------------------------------------------------|
| Oversize GPU segments |       0    |       0    |       0    |       0    |
|===========================================================================|

|===========================================================================|
|                  PyTorch CUDA memory summary, device ID 0                 |
|---------------------------------------------------------------------------|
|            CUDA OOMs: 0            |        cudaMalloc retries: 0         |
|===========================================================================|
|        Metric         | Cur Usage  | Peak Usage | Tot Alloc  | Tot Freed  |
|---------------------------------------------------------------------------|
| Allocated memory      |  37063 KiB | 378396 KiB | 496459 MiB | 496423 MiB |
|       from large pool |  36724 KiB | 377350 KiB | 471517 MiB | 471481 MiB |
|       from small pool |    338 KiB |   3316 KiB |  24942 MiB |  24941 MiB |
|---------------------------------------------------------------------------|
| Active memory         |  37063 KiB | 378396 KiB | 496459 MiB | 496423 MiB |
|       from large pool |  36724 KiB | 377350 KiB | 471517 MiB | 471481 MiB |
|       from small pool |    338 KiB |   3316 KiB |  24942 MiB |  24941 MiB |
|---------------------------------------------------------------------------|
| Requested memory      |  36771 KiB | 378079 KiB | 494578 MiB | 494543 MiB |
|       from large pool |  36435 KiB | 377036 KiB | 469760 MiB | 469724 MiB |
|       from small pool |    336 KiB |   3313 KiB |  24818 MiB |  24818 MiB |
|---------------------------------------------------------------------------|
| GPU reserved memory   | 657408 KiB | 657408 KiB | 657408 KiB |      0 B   |
|       from large pool | 653312 KiB | 653312 KiB | 653312 KiB |      0 B   |
|       from small pool |   4096 KiB |   4096 KiB |   4096 KiB |      0 B   |
|---------------------------------------------------------------------------|
| Non-releasable memory |  42809 KiB | 109005 KiB | 191455 MiB | 191413 MiB |
|       from large pool |  41099 KiB | 107742 KiB | 166459 MiB | 166418 MiB |
|       from small pool |   1709 KiB |   3290 KiB |  24996 MiB |  24994 MiB |
|---------------------------------------------------------------------------|
| Allocations           |      29    |      54    |  545252    |  545223    |
|       from large pool |       8    |      26    |   49453    |   49445    |
|       from small pool |      21    |      34    |  495799    |  495778    |
|---------------------------------------------------------------------------|
| Active allocs         |      29    |      54    |  545252    |  545223    |
|       from large pool |       8    |      26    |   49453    |   49445    |
|       from small pool |      21    |      34    |  495799    |  495778    |
|---------------------------------------------------------------------------|
| GPU reserved segments |      22    |      22    |      22    |       0    |
|       from large pool |      20    |      20    |      20    |       0    |
|       from small pool |       2    |       2    |       2    |       0    |
|---------------------------------------------------------------------------|
| Non-releasable allocs |       8    |      17    |  219487    |  219479    |
|       from large pool |       4    |      12    |   12455    |   12451    |
|       from small pool |       4    |      12    |  207032    |  207028    |
|---------------------------------------------------------------------------|
| Oversize allocations  |       0    |       0    |       0    |       0    |
|---------------------------------------------------------------------------|
| Oversize GPU segments |       0    |       0    |       0    |       0    |
|===========================================================================|

|===========================================================================|
|                  PyTorch CUDA memory summary, device ID 0                 |
|---------------------------------------------------------------------------|
|            CUDA OOMs: 0            |        cudaMalloc retries: 0         |
|===========================================================================|
|        Metric         | Cur Usage  | Peak Usage | Tot Alloc  | Tot Freed  |
|---------------------------------------------------------------------------|
| Allocated memory      |  36769 KiB | 378396 KiB | 567779 MiB | 567743 MiB |
|       from large pool |  36431 KiB | 377350 KiB | 536219 MiB | 536184 MiB |
|       from small pool |    338 KiB |   3316 KiB |  31559 MiB |  31559 MiB |
|---------------------------------------------------------------------------|
| Active memory         |  36769 KiB | 378396 KiB | 567779 MiB | 567743 MiB |
|       from large pool |  36431 KiB | 377350 KiB | 536219 MiB | 536184 MiB |
|       from small pool |    338 KiB |   3316 KiB |  31559 MiB |  31559 MiB |
|---------------------------------------------------------------------------|
| Requested memory      |  36478 KiB | 378079 KiB | 565464 MiB | 565429 MiB |
|       from large pool |  36142 KiB | 377036 KiB | 534065 MiB | 534030 MiB |
|       from small pool |    336 KiB |   3313 KiB |  31399 MiB |  31398 MiB |
|---------------------------------------------------------------------------|
| GPU reserved memory   | 657408 KiB | 657408 KiB | 657408 KiB |      0 B   |
|       from large pool | 653312 KiB | 653312 KiB | 653312 KiB |      0 B   |
|       from small pool |   4096 KiB |   4096 KiB |   4096 KiB |      0 B   |
|---------------------------------------------------------------------------|
| Non-releasable memory |  26718 KiB | 109005 KiB | 239395 MiB | 239368 MiB |
|       from large pool |  25009 KiB | 107742 KiB | 207771 MiB | 207747 MiB |
|       from small pool |   1709 KiB |   3305 KiB |  31623 MiB |  31621 MiB |
|---------------------------------------------------------------------------|
| Allocations           |      29    |      54    |  703402    |  703373    |
|       from large pool |       8    |      26    |   59583    |   59575    |
|       from small pool |      21    |      34    |  643819    |  643798    |
|---------------------------------------------------------------------------|
| Active allocs         |      29    |      54    |  703402    |  703373    |
|       from large pool |       8    |      26    |   59583    |   59575    |
|       from small pool |      21    |      34    |  643819    |  643798    |
|---------------------------------------------------------------------------|
| GPU reserved segments |      22    |      22    |      22    |       0    |
|       from large pool |      20    |      20    |      20    |       0    |
|       from small pool |       2    |       2    |       2    |       0    |
|---------------------------------------------------------------------------|
| Non-releasable allocs |       8    |      17    |  280177    |  280169    |
|       from large pool |       4    |      12    |   15742    |   15738    |
|       from small pool |       4    |      12    |  264435    |  264431    |
|---------------------------------------------------------------------------|
| Oversize allocations  |       0    |       0    |       0    |       0    |
|---------------------------------------------------------------------------|
| Oversize GPU segments |       0    |       0    |       0    |       0    |
|===========================================================================|

|===========================================================================|
|                  PyTorch CUDA memory summary, device ID 0                 |
|---------------------------------------------------------------------------|
|            CUDA OOMs: 0            |        cudaMalloc retries: 0         |
|===========================================================================|
|        Metric         | Cur Usage  | Peak Usage | Tot Alloc  | Tot Freed  |
|---------------------------------------------------------------------------|
| Allocated memory      |  37297 KiB | 378396 KiB | 615117 MiB | 615080 MiB |
|       from large pool |  36959 KiB | 377350 KiB | 579431 MiB | 579394 MiB |
|       from small pool |    338 KiB |   3316 KiB |  35686 MiB |  35685 MiB |
|---------------------------------------------------------------------------|
| Active memory         |  37297 KiB | 378396 KiB | 615117 MiB | 615080 MiB |
|       from large pool |  36959 KiB | 377350 KiB | 579431 MiB | 579394 MiB |
|       from small pool |    338 KiB |   3316 KiB |  35686 MiB |  35685 MiB |
|---------------------------------------------------------------------------|
| Requested memory      |  36553 KiB | 378079 KiB | 612667 MiB | 612631 MiB |
|       from large pool |  36217 KiB | 377036 KiB | 577164 MiB | 577128 MiB |
|       from small pool |    336 KiB |   3313 KiB |  35503 MiB |  35502 MiB |
|---------------------------------------------------------------------------|
| GPU reserved memory   | 657408 KiB | 657408 KiB | 657408 KiB |      0 B   |
|       from large pool | 653312 KiB | 653312 KiB | 653312 KiB |      0 B   |
|       from small pool |   4096 KiB |   4096 KiB |   4096 KiB |      0 B   |
|---------------------------------------------------------------------------|
| Non-releasable memory |  26190 KiB | 109005 KiB | 269148 MiB | 269122 MiB |
|       from large pool |  24481 KiB | 107742 KiB | 233391 MiB | 233367 MiB |
|       from small pool |   1709 KiB |   3305 KiB |  35757 MiB |  35755 MiB |
|---------------------------------------------------------------------------|
| Allocations           |      29    |      54    |     797 K  |     797 K  |
|       from large pool |       8    |      26    |      65 K  |      65 K  |
|       from small pool |      21    |      34    |     731 K  |     731 K  |
|---------------------------------------------------------------------------|
| Active allocs         |      29    |      54    |     797 K  |     797 K  |
|       from large pool |       8    |      26    |      65 K  |      65 K  |
|       from small pool |      21    |      34    |     731 K  |     731 K  |
|---------------------------------------------------------------------------|
| GPU reserved segments |      22    |      22    |      22    |       0    |
|       from large pool |      20    |      20    |      20    |       0    |
|       from small pool |       2    |       2    |       2    |       0    |
|---------------------------------------------------------------------------|
| Non-releasable allocs |       6    |      17    |  319717    |  319711    |
|       from large pool |       3    |      12    |   17774    |   17771    |
|       from small pool |       3    |      12    |  301943    |  301940    |
|---------------------------------------------------------------------------|
| Oversize allocations  |       0    |       0    |       0    |       0    |
|---------------------------------------------------------------------------|
| Oversize GPU segments |       0    |       0    |       0    |       0    |
|===========================================================================|

|===========================================================================|
|                  PyTorch CUDA memory summary, device ID 0                 |
|---------------------------------------------------------------------------|
|            CUDA OOMs: 0            |        cudaMalloc retries: 0         |
|===========================================================================|
|        Metric         | Cur Usage  | Peak Usage | Tot Alloc  | Tot Freed  |
|---------------------------------------------------------------------------|
| Allocated memory      |  37336 KiB | 378396 KiB | 659565 MiB | 659528 MiB |
|       from large pool |  36997 KiB | 377350 KiB | 620513 MiB | 620476 MiB |
|       from small pool |    338 KiB |   3316 KiB |  39052 MiB |  39051 MiB |
|---------------------------------------------------------------------------|
| Active memory         |  37336 KiB | 378396 KiB | 659565 MiB | 659528 MiB |
|       from large pool |  36997 KiB | 377350 KiB | 620513 MiB | 620476 MiB |
|       from small pool |    338 KiB |   3316 KiB |  39052 MiB |  39051 MiB |
|---------------------------------------------------------------------------|
| Requested memory      |  37044 KiB | 378079 KiB | 656928 MiB | 656892 MiB |
|       from large pool |  36708 KiB | 377036 KiB | 618078 MiB | 618042 MiB |
|       from small pool |    336 KiB |   3313 KiB |  38849 MiB |  38849 MiB |
|---------------------------------------------------------------------------|
| GPU reserved memory   | 657408 KiB | 657408 KiB | 657408 KiB |      0 B   |
|       from large pool | 653312 KiB | 653312 KiB | 653312 KiB |      0 B   |
|       from small pool |   4096 KiB |   4096 KiB |   4096 KiB |      0 B   |
|---------------------------------------------------------------------------|
| Non-releasable memory |  26152 KiB | 109005 KiB | 296585 MiB | 296559 MiB |
|       from large pool |  24442 KiB | 107742 KiB | 257453 MiB | 257429 MiB |
|       from small pool |   1709 KiB |   3305 KiB |  39131 MiB |  39129 MiB |
|---------------------------------------------------------------------------|
| Allocations           |      29    |      54    |     875 K  |     875 K  |
|       from large pool |       8    |      26    |      71 K  |      71 K  |
|       from small pool |      21    |      34    |     804 K  |     804 K  |
|---------------------------------------------------------------------------|
| Active allocs         |      29    |      54    |     875 K  |     875 K  |
|       from large pool |       8    |      26    |      71 K  |      71 K  |
|       from small pool |      21    |      34    |     804 K  |     804 K  |
|---------------------------------------------------------------------------|
| GPU reserved segments |      22    |      22    |      22    |       0    |
|       from large pool |      20    |      20    |      20    |       0    |
|       from small pool |       2    |       2    |       2    |       0    |
|---------------------------------------------------------------------------|
| Non-releasable allocs |       8    |      17    |  353306    |  353298    |
|       from large pool |       4    |      12    |   19846    |   19842    |
|       from small pool |       4    |      12    |  333460    |  333456    |
|---------------------------------------------------------------------------|
| Oversize allocations  |       0    |       0    |       0    |       0    |
|---------------------------------------------------------------------------|
| Oversize GPU segments |       0    |       0    |       0    |       0    |
|===========================================================================|

|===========================================================================|
|                  PyTorch CUDA memory summary, device ID 0                 |
|---------------------------------------------------------------------------|
|            CUDA OOMs: 0            |        cudaMalloc retries: 0         |
|===========================================================================|
|        Metric         | Cur Usage  | Peak Usage | Tot Alloc  | Tot Freed  |
|---------------------------------------------------------------------------|
| Allocated memory      |  37531 KiB | 378396 KiB | 702978 MiB | 702941 MiB |
|       from large pool |  37193 KiB | 377350 KiB | 660312 MiB | 660275 MiB |
|       from small pool |    338 KiB |   3316 KiB |  42665 MiB |  42665 MiB |
|---------------------------------------------------------------------------|
| Active memory         |  37531 KiB | 378396 KiB | 702978 MiB | 702941 MiB |
|       from large pool |  37193 KiB | 377350 KiB | 660312 MiB | 660275 MiB |
|       from small pool |    338 KiB |   3316 KiB |  42665 MiB |  42665 MiB |
|---------------------------------------------------------------------------|
| Requested memory      |  37026 KiB | 378079 KiB | 700159 MiB | 700123 MiB |
|       from large pool |  36690 KiB | 377036 KiB | 657715 MiB | 657680 MiB |
|       from small pool |    336 KiB |   3313 KiB |  42443 MiB |  42443 MiB |
|---------------------------------------------------------------------------|
| GPU reserved memory   | 657408 KiB | 657408 KiB | 657408 KiB |      0 B   |
|       from large pool | 653312 KiB | 653312 KiB | 653312 KiB |      0 B   |
|       from small pool |   4096 KiB |   4096 KiB |   4096 KiB |      0 B   |
|---------------------------------------------------------------------------|
| Non-releasable memory |  25956 KiB | 109005 KiB | 324042 MiB | 324017 MiB |
|       from large pool |  24247 KiB | 107742 KiB | 281288 MiB | 281264 MiB |
|       from small pool |   1709 KiB |   3305 KiB |  42754 MiB |  42752 MiB |
|---------------------------------------------------------------------------|
| Allocations           |      29    |      54    |     960 K  |     960 K  |
|       from large pool |       8    |      26    |      76 K  |      76 K  |
|       from small pool |      21    |      34    |     884 K  |     884 K  |
|---------------------------------------------------------------------------|
| Active allocs         |      29    |      54    |     960 K  |     960 K  |
|       from large pool |       8    |      26    |      76 K  |      76 K  |
|       from small pool |      21    |      34    |     884 K  |     884 K  |
|---------------------------------------------------------------------------|
| GPU reserved segments |      22    |      22    |      22    |       0    |
|       from large pool |      20    |      20    |      20    |       0    |
|       from small pool |       2    |       2    |       2    |       0    |
|---------------------------------------------------------------------------|
| Non-releasable allocs |       6    |      17    |  389062    |  389056    |
|       from large pool |       3    |      12    |   21961    |   21958    |
|       from small pool |       3    |      12    |  367101    |  367098    |
|---------------------------------------------------------------------------|
| Oversize allocations  |       0    |       0    |       0    |       0    |
|---------------------------------------------------------------------------|
| Oversize GPU segments |       0    |       0    |       0    |       0    |
|===========================================================================|

|===========================================================================|
|                  PyTorch CUDA memory summary, device ID 0                 |
|---------------------------------------------------------------------------|
|            CUDA OOMs: 0            |        cudaMalloc retries: 0         |
|===========================================================================|
|        Metric         | Cur Usage  | Peak Usage | Tot Alloc  | Tot Freed  |
|---------------------------------------------------------------------------|
| Allocated memory      |  36525 KiB | 378396 KiB | 754523 MiB | 754487 MiB |
|       from large pool |  35803 KiB | 377350 KiB | 707014 MiB | 706979 MiB |
|       from small pool |    721 KiB |   3316 KiB |  47508 MiB |  47508 MiB |
|---------------------------------------------------------------------------|
| Active memory         |  36525 KiB | 378396 KiB | 754523 MiB | 754487 MiB |
|       from large pool |  35803 KiB | 377350 KiB | 707014 MiB | 706979 MiB |
|       from small pool |    721 KiB |   3316 KiB |  47508 MiB |  47508 MiB |
|---------------------------------------------------------------------------|
| Requested memory      |  36234 KiB | 378079 KiB | 751561 MiB | 751526 MiB |
|       from large pool |  35515 KiB | 377036 KiB | 704301 MiB | 704266 MiB |
|       from small pool |    719 KiB |   3313 KiB |  47260 MiB |  47259 MiB |
|---------------------------------------------------------------------------|
| GPU reserved memory   | 657408 KiB | 657408 KiB | 657408 KiB |      0 B   |
|       from large pool | 653312 KiB | 653312 KiB | 653312 KiB |      0 B   |
|       from small pool |   4096 KiB |   4096 KiB |   4096 KiB |      0 B   |
|---------------------------------------------------------------------------|
| Non-releasable memory |  26963 KiB | 109005 KiB | 356925 MiB | 356899 MiB |
|       from large pool |  25636 KiB | 107742 KiB | 309249 MiB | 309224 MiB |
|       from small pool |   1326 KiB |   3317 KiB |  47676 MiB |  47674 MiB |
|---------------------------------------------------------------------------|
| Allocations           |      29    |      54    |    1067 K  |    1067 K  |
|       from large pool |       7    |      26    |      83 K  |      83 K  |
|       from small pool |      22    |      34    |     983 K  |     983 K  |
|---------------------------------------------------------------------------|
| Active allocs         |      29    |      54    |    1067 K  |    1067 K  |
|       from large pool |       7    |      26    |      83 K  |      83 K  |
|       from small pool |      22    |      34    |     983 K  |     983 K  |
|---------------------------------------------------------------------------|
| GPU reserved segments |      22    |      22    |      22    |       0    |
|       from large pool |      20    |      20    |      20    |       0    |
|       from small pool |       2    |       2    |       2    |       0    |
|---------------------------------------------------------------------------|
| Non-releasable allocs |       7    |      17    |  434977    |  434970    |
|       from large pool |       3    |      12    |   24067    |   24064    |
|       from small pool |       4    |      12    |  410910    |  410906    |
|---------------------------------------------------------------------------|
| Oversize allocations  |       0    |       0    |       0    |       0    |
|---------------------------------------------------------------------------|
| Oversize GPU segments |       0    |       0    |       0    |       0    |
|===========================================================================|

|===========================================================================|
|                  PyTorch CUDA memory summary, device ID 0                 |
|---------------------------------------------------------------------------|
|            CUDA OOMs: 0            |        cudaMalloc retries: 0         |
|===========================================================================|
|        Metric         | Cur Usage  | Peak Usage | Tot Alloc  | Tot Freed  |
|---------------------------------------------------------------------------|
| Allocated memory      |  36481 KiB | 378396 KiB | 785344 MiB | 785308 MiB |
|       from large pool |  35920 KiB | 377350 KiB | 735870 MiB | 735835 MiB |
|       from small pool |    560 KiB |   3699 KiB |  49473 MiB |  49473 MiB |
|---------------------------------------------------------------------------|
| Active memory         |  36481 KiB | 378396 KiB | 785344 MiB | 785308 MiB |
|       from large pool |  35920 KiB | 377350 KiB | 735870 MiB | 735835 MiB |
|       from small pool |    560 KiB |   3699 KiB |  49473 MiB |  49473 MiB |
|---------------------------------------------------------------------------|
| Requested memory      |  36190 KiB | 378079 KiB | 782237 MiB | 782202 MiB |
|       from large pool |  35632 KiB | 377036 KiB | 733022 MiB | 732988 MiB |
|       from small pool |    558 KiB |   3696 KiB |  49214 MiB |  49214 MiB |
|---------------------------------------------------------------------------|
| GPU reserved memory   | 659456 KiB | 659456 KiB | 659456 KiB |      0 B   |
|       from large pool | 653312 KiB | 653312 KiB | 653312 KiB |      0 B   |
|       from small pool |   6144 KiB |   6144 KiB |   6144 KiB |      0 B   |
|---------------------------------------------------------------------------|
| Non-releasable memory |  27007 KiB | 109005 KiB | 373312 MiB | 373286 MiB |
|       from large pool |  25519 KiB | 107742 KiB | 323562 MiB | 323537 MiB |
|       from small pool |   1487 KiB |   3834 KiB |  49750 MiB |  49749 MiB |
|---------------------------------------------------------------------------|
| Allocations           |      29    |      54    |    1108 K  |    1108 K  |
|       from large pool |       7    |      26    |      86 K  |      86 K  |
|       from small pool |      22    |      35    |    1021 K  |    1021 K  |
|---------------------------------------------------------------------------|
| Active allocs         |      29    |      54    |    1108 K  |    1108 K  |
|       from large pool |       7    |      26    |      86 K  |      86 K  |
|       from small pool |      22    |      35    |    1021 K  |    1021 K  |
|---------------------------------------------------------------------------|
| GPU reserved segments |      23    |      23    |      23    |       0    |
|       from large pool |      20    |      20    |      20    |       0    |
|       from small pool |       3    |       3    |       3    |       0    |
|---------------------------------------------------------------------------|
| Non-releasable allocs |       9    |      19    |  455286    |  455277    |
|       from large pool |       3    |      12    |   25392    |   25389    |
|       from small pool |       6    |      14    |  429894    |  429888    |
|---------------------------------------------------------------------------|
| Oversize allocations  |       0    |       0    |       0    |       0    |
|---------------------------------------------------------------------------|
| Oversize GPU segments |       0    |       0    |       0    |       0    |
|===========================================================================|

