|===========================================================================|
|                  PyTorch CUDA memory summary, device ID 0                 |
|---------------------------------------------------------------------------|
|            CUDA OOMs: 0            |        cudaMalloc retries: 0         |
|===========================================================================|
|        Metric         | Cur Usage  | Peak Usage | Tot Alloc  | Tot Freed  |
|---------------------------------------------------------------------------|
| Allocated memory      |  46014 KiB | 130029 KiB | 387969 MiB | 387924 MiB |
|       from large pool |  45506 KiB | 129280 KiB | 374856 MiB | 374811 MiB |
|       from small pool |    507 KiB |   3485 KiB |  13112 MiB |  13112 MiB |
|---------------------------------------------------------------------------|
| Active memory         |  46014 KiB | 130029 KiB | 387969 MiB | 387924 MiB |
|       from large pool |  45506 KiB | 129280 KiB | 374856 MiB | 374811 MiB |
|       from small pool |    507 KiB |   3485 KiB |  13112 MiB |  13112 MiB |
|---------------------------------------------------------------------------|
| Requested memory      |  46010 KiB | 130024 KiB | 386365 MiB | 386320 MiB |
|       from large pool |  45506 KiB | 129280 KiB | 373310 MiB | 373265 MiB |
|       from small pool |    504 KiB |   3481 KiB |  13055 MiB |  13055 MiB |
|---------------------------------------------------------------------------|
| GPU reserved memory   | 167936 KiB | 167936 KiB | 167936 KiB |      0 B   |
|       from large pool | 163840 KiB | 163840 KiB | 163840 KiB |      0 B   |
|       from small pool |   4096 KiB |   4096 KiB |   4096 KiB |      0 B   |
|---------------------------------------------------------------------------|
| Non-releasable memory |  17474 KiB |  42265 KiB | 107509 MiB | 107492 MiB |
|       from large pool |  15933 KiB |  40704 KiB |  94393 MiB |  94377 MiB |
|       from small pool |   1540 KiB |   3026 KiB |  13116 MiB |  13114 MiB |
|---------------------------------------------------------------------------|
| Allocations           |      41    |      48    |  268695    |  268654    |
|       from large pool |      10    |      14    |   33723    |   33713    |
|       from small pool |      31    |      38    |  234972    |  234941    |
|---------------------------------------------------------------------------|
| Active allocs         |      41    |      48    |  268695    |  268654    |
|       from large pool |      10    |      14    |   33723    |   33713    |
|       from small pool |      31    |      38    |  234972    |  234941    |
|---------------------------------------------------------------------------|
| GPU reserved segments |      11    |      11    |      11    |       0    |
|       from large pool |       9    |       9    |       9    |       0    |
|       from small pool |       2    |       2    |       2    |       0    |
|---------------------------------------------------------------------------|
| Non-releasable allocs |       8    |      14    |  104640    |  104632    |
|       from large pool |       3    |       4    |    8284    |    8281    |
|       from small pool |       5    |      11    |   96356    |   96351    |
|---------------------------------------------------------------------------|
| Oversize allocations  |       0    |       0    |       0    |       0    |
|---------------------------------------------------------------------------|
| Oversize GPU segments |       0    |       0    |       0    |       0    |
|===========================================================================|

|===========================================================================|
|                  PyTorch CUDA memory summary, device ID 0                 |
|---------------------------------------------------------------------------|
|            CUDA OOMs: 0            |        cudaMalloc retries: 0         |
|===========================================================================|
|        Metric         | Cur Usage  | Peak Usage | Tot Alloc  | Tot Freed  |
|---------------------------------------------------------------------------|
| Allocated memory      |  46011 KiB | 387006 KiB | 467228 MiB | 467183 MiB |
|       from large pool |  45504 KiB | 385791 KiB | 424059 MiB | 424014 MiB |
|       from small pool |    507 KiB |   3485 KiB |  43168 MiB |  43168 MiB |
|---------------------------------------------------------------------------|
| Active memory         |  46011 KiB | 387006 KiB | 467228 MiB | 467183 MiB |
|       from large pool |  45504 KiB | 385791 KiB | 424059 MiB | 424014 MiB |
|       from small pool |    507 KiB |   3485 KiB |  43168 MiB |  43168 MiB |
|---------------------------------------------------------------------------|
| Requested memory      |  45706 KiB | 386439 KiB | 465272 MiB | 465227 MiB |
|       from large pool |  45202 KiB | 385228 KiB | 422343 MiB | 422299 MiB |
|       from small pool |    504 KiB |   3481 KiB |  42929 MiB |  42928 MiB |
|---------------------------------------------------------------------------|
| GPU reserved memory   | 581632 KiB | 581632 KiB | 581632 KiB |      0 B   |
|       from large pool | 577536 KiB | 577536 KiB | 577536 KiB |      0 B   |
|       from small pool |   4096 KiB |   4096 KiB |   4096 KiB |      0 B   |
|---------------------------------------------------------------------------|
| Non-releasable memory |  33860 KiB |  53217 KiB | 232517 MiB | 232484 MiB |
|       from large pool |  32320 KiB |  52080 KiB | 135417 MiB | 135385 MiB |
|       from small pool |   1540 KiB |   3178 KiB |  97100 MiB |  97098 MiB |
|---------------------------------------------------------------------------|
| Allocations           |      41    |      66    |     829 K  |     829 K  |
|       from large pool |      10    |      28    |      42 K  |      42 K  |
|       from small pool |      31    |      45    |     786 K  |     786 K  |
|---------------------------------------------------------------------------|
| Active allocs         |      41    |      66    |     829 K  |     829 K  |
|       from large pool |      10    |      28    |      42 K  |      42 K  |
|       from small pool |      31    |      45    |     786 K  |     786 K  |
|---------------------------------------------------------------------------|
| GPU reserved segments |      21    |      21    |      21    |       0    |
|       from large pool |      19    |      19    |      19    |       0    |
|       from small pool |       2    |       2    |       2    |       0    |
|---------------------------------------------------------------------------|
| Non-releasable allocs |      17    |      22    |  320487    |  320470    |
|       from large pool |       5    |      10    |   14470    |   14465    |
|       from small pool |      12    |      15    |  306017    |  306005    |
|---------------------------------------------------------------------------|
| Oversize allocations  |       0    |       0    |       0    |       0    |
|---------------------------------------------------------------------------|
| Oversize GPU segments |       0    |       0    |       0    |       0    |
|===========================================================================|

|===========================================================================|
|                  PyTorch CUDA memory summary, device ID 0                 |
|---------------------------------------------------------------------------|
|            CUDA OOMs: 0            |        cudaMalloc retries: 0         |
|===========================================================================|
|        Metric         | Cur Usage  | Peak Usage | Tot Alloc  | Tot Freed  |
|---------------------------------------------------------------------------|
| Allocated memory      |  45136 KiB | 387006 KiB | 538857 MiB | 538813 MiB |
|       from large pool |  44628 KiB | 385791 KiB | 468540 MiB | 468497 MiB |
|       from small pool |    507 KiB |   3485 KiB |  70316 MiB |  70316 MiB |
|---------------------------------------------------------------------------|
| Active memory         |  45136 KiB | 387006 KiB | 538857 MiB | 538813 MiB |
|       from large pool |  44628 KiB | 385791 KiB | 468540 MiB | 468497 MiB |
|       from small pool |    507 KiB |   3485 KiB |  70316 MiB |  70316 MiB |
|---------------------------------------------------------------------------|
| Requested memory      |  45131 KiB | 386439 KiB | 536611 MiB | 536567 MiB |
|       from large pool |  44627 KiB | 385228 KiB | 466708 MiB | 466664 MiB |
|       from small pool |    504 KiB |   3481 KiB |  69902 MiB |  69902 MiB |
|---------------------------------------------------------------------------|
| GPU reserved memory   | 659456 KiB | 659456 KiB | 659456 KiB |      0 B   |
|       from large pool | 653312 KiB | 653312 KiB | 653312 KiB |      0 B   |
|       from small pool |   6144 KiB |   6144 KiB |   6144 KiB |      0 B   |
|---------------------------------------------------------------------------|
| Non-releasable memory |  34736 KiB | 117750 KiB | 355828 MiB | 355794 MiB |
|       from large pool |  33195 KiB | 116656 KiB | 172418 MiB | 172386 MiB |
|       from small pool |   1540 KiB |   3693 KiB | 183409 MiB | 183408 MiB |
|---------------------------------------------------------------------------|
| Allocations           |      41    |      66    |    1382 K  |    1382 K  |
|       from large pool |      10    |      28    |      51 K  |      51 K  |
|       from small pool |      31    |      45    |    1331 K  |    1331 K  |
|---------------------------------------------------------------------------|
| Active allocs         |      41    |      66    |    1382 K  |    1382 K  |
|       from large pool |      10    |      28    |      51 K  |      51 K  |
|       from small pool |      31    |      45    |    1331 K  |    1331 K  |
|---------------------------------------------------------------------------|
| GPU reserved segments |      23    |      23    |      23    |       0    |
|       from large pool |      20    |      20    |      20    |       0    |
|       from small pool |       3    |       3    |       3    |       0    |
|---------------------------------------------------------------------------|
| Non-releasable allocs |      14    |      26    |  562697    |  562683    |
|       from large pool |       4    |      13    |   18426    |   18422    |
|       from small pool |      10    |      19    |  544271    |  544261    |
|---------------------------------------------------------------------------|
| Oversize allocations  |       0    |       0    |       0    |       0    |
|---------------------------------------------------------------------------|
| Oversize GPU segments |       0    |       0    |       0    |       0    |
|===========================================================================|

|===========================================================================|
|                  PyTorch CUDA memory summary, device ID 0                 |
|---------------------------------------------------------------------------|
|            CUDA OOMs: 0            |        cudaMalloc retries: 0         |
|===========================================================================|
|        Metric         | Cur Usage  | Peak Usage | Tot Alloc  | Tot Freed  |
|---------------------------------------------------------------------------|
| Allocated memory      |  46011 KiB | 387006 KiB | 596219 MiB | 596174 MiB |
|       from large pool |  45504 KiB | 385791 KiB | 506238 MiB | 506194 MiB |
|       from small pool |    507 KiB |   3485 KiB |  89980 MiB |  89980 MiB |
|---------------------------------------------------------------------------|
| Active memory         |  46011 KiB | 387006 KiB | 596219 MiB | 596174 MiB |
|       from large pool |  45504 KiB | 385791 KiB | 506238 MiB | 506194 MiB |
|       from small pool |    507 KiB |   3485 KiB |  89980 MiB |  89980 MiB |
|---------------------------------------------------------------------------|
| Requested memory      |  44838 KiB | 386439 KiB | 593668 MiB | 593624 MiB |
|       from large pool |  44334 KiB | 385228 KiB | 504216 MiB | 504173 MiB |
|       from small pool |    504 KiB |   3481 KiB |  89451 MiB |  89451 MiB |
|---------------------------------------------------------------------------|
| GPU reserved memory   | 659456 KiB | 659456 KiB | 659456 KiB |      0 B   |
|       from large pool | 653312 KiB | 653312 KiB | 653312 KiB |      0 B   |
|       from small pool |   6144 KiB |   6144 KiB |   6144 KiB |      0 B   |
|---------------------------------------------------------------------------|
| Non-releasable memory |  33860 KiB | 117750 KiB | 405410 MiB | 405377 MiB |
|       from large pool |  32320 KiB | 116656 KiB | 202326 MiB | 202294 MiB |
|       from small pool |   1540 KiB |   3693 KiB | 203083 MiB | 203082 MiB |
|---------------------------------------------------------------------------|
| Allocations           |      41    |      66    |    1917 K  |    1916 K  |
|       from large pool |      10    |      28    |      57 K  |      57 K  |
|       from small pool |      31    |      45    |    1859 K  |    1859 K  |
|---------------------------------------------------------------------------|
| Active allocs         |      41    |      66    |    1917 K  |    1916 K  |
|       from large pool |      10    |      28    |      57 K  |      57 K  |
|       from small pool |      31    |      45    |    1859 K  |    1859 K  |
|---------------------------------------------------------------------------|
| GPU reserved segments |      23    |      23    |      23    |       0    |
|       from large pool |      20    |      20    |      20    |       0    |
|       from small pool |       3    |       3    |       3    |       0    |
|---------------------------------------------------------------------------|
| Non-releasable allocs |      16    |      26    |  732966    |  732950    |
|       from large pool |       4    |      13    |   21888    |   21884    |
|       from small pool |      12    |      19    |  711078    |  711066    |
|---------------------------------------------------------------------------|
| Oversize allocations  |       0    |       0    |       0    |       0    |
|---------------------------------------------------------------------------|
| Oversize GPU segments |       0    |       0    |       0    |       0    |
|===========================================================================|

|===========================================================================|
|                  PyTorch CUDA memory summary, device ID 0                 |
|---------------------------------------------------------------------------|
|            CUDA OOMs: 0            |        cudaMalloc retries: 0         |
|===========================================================================|
|        Metric         | Cur Usage  | Peak Usage | Tot Alloc  | Tot Freed  |
|---------------------------------------------------------------------------|
| Allocated memory      |  45110 KiB | 387006 KiB | 645353 MiB | 645309 MiB |
|       from large pool |  44602 KiB | 385791 KiB | 539707 MiB | 539663 MiB |
|       from small pool |    507 KiB |   3485 KiB | 105646 MiB | 105646 MiB |
|---------------------------------------------------------------------------|
| Active memory         |  45110 KiB | 387006 KiB | 645353 MiB | 645309 MiB |
|       from large pool |  44602 KiB | 385791 KiB | 539707 MiB | 539663 MiB |
|       from small pool |    507 KiB |   3485 KiB | 105646 MiB | 105646 MiB |
|---------------------------------------------------------------------------|
| Requested memory      |  44913 KiB | 386439 KiB | 642361 MiB | 642317 MiB |
|       from large pool |  44409 KiB | 385228 KiB | 537420 MiB | 537377 MiB |
|       from small pool |    504 KiB |   3481 KiB | 104940 MiB | 104940 MiB |
|---------------------------------------------------------------------------|
| GPU reserved memory   | 659456 KiB | 659456 KiB | 659456 KiB |      0 B   |
|       from large pool | 653312 KiB | 653312 KiB | 653312 KiB |      0 B   |
|       from small pool |   6144 KiB |   6144 KiB |   6144 KiB |      0 B   |
|---------------------------------------------------------------------------|
| Non-releasable memory |  34762 KiB | 117750 KiB | 447584 MiB | 447550 MiB |
|       from large pool |  33221 KiB | 116656 KiB | 228698 MiB | 228665 MiB |
|       from small pool |   1540 KiB |   3693 KiB | 218885 MiB | 218884 MiB |
|---------------------------------------------------------------------------|
| Allocations           |      41    |      66    |    2452 K  |    2452 K  |
|       from large pool |      10    |      28    |      63 K  |      63 K  |
|       from small pool |      31    |      45    |    2388 K  |    2388 K  |
|---------------------------------------------------------------------------|
| Active allocs         |      41    |      66    |    2452 K  |    2452 K  |
|       from large pool |      10    |      28    |      63 K  |      63 K  |
|       from small pool |      31    |      45    |    2388 K  |    2388 K  |
|---------------------------------------------------------------------------|
| GPU reserved segments |      23    |      23    |      23    |       0    |
|       from large pool |      20    |      20    |      20    |       0    |
|       from small pool |       3    |       3    |       3    |       0    |
|---------------------------------------------------------------------------|
| Non-releasable allocs |      17    |      26    |     874 K  |     874 K  |
|       from large pool |       5    |      13    |      25 K  |      25 K  |
|       from small pool |      12    |      19    |     849 K  |     849 K  |
|---------------------------------------------------------------------------|
| Oversize allocations  |       0    |       0    |       0    |       0    |
|---------------------------------------------------------------------------|
| Oversize GPU segments |       0    |       0    |       0    |       0    |
|===========================================================================|

|===========================================================================|
|                  PyTorch CUDA memory summary, device ID 0                 |
|---------------------------------------------------------------------------|
|            CUDA OOMs: 0            |        cudaMalloc retries: 0         |
|===========================================================================|
|        Metric         | Cur Usage  | Peak Usage | Tot Alloc  | Tot Freed  |
|---------------------------------------------------------------------------|
| Allocated memory      |  46117 KiB | 387006 KiB | 694060 MiB | 694015 MiB |
|       from large pool |  45610 KiB | 385791 KiB | 573056 MiB | 573011 MiB |
|       from small pool |    507 KiB |   3485 KiB | 121004 MiB | 121003 MiB |
|---------------------------------------------------------------------------|
| Active memory         |  46117 KiB | 387006 KiB | 694060 MiB | 694015 MiB |
|       from large pool |  45610 KiB | 385791 KiB | 573056 MiB | 573011 MiB |
|       from small pool |    507 KiB |   3485 KiB | 121004 MiB | 121003 MiB |
|---------------------------------------------------------------------------|
| Requested memory      |  45404 KiB | 386439 KiB | 690650 MiB | 690606 MiB |
|       from large pool |  44900 KiB | 385228 KiB | 570513 MiB | 570469 MiB |
|       from small pool |    504 KiB |   3481 KiB | 120137 MiB | 120136 MiB |
|---------------------------------------------------------------------------|
| GPU reserved memory   | 659456 KiB | 659456 KiB | 659456 KiB |      0 B   |
|       from large pool | 653312 KiB | 653312 KiB | 653312 KiB |      0 B   |
|       from small pool |   6144 KiB |   6144 KiB |   6144 KiB |      0 B   |
|---------------------------------------------------------------------------|
| Non-releasable memory |  33754 KiB | 117750 KiB | 489885 MiB | 489852 MiB |
|       from large pool |  32214 KiB | 116656 KiB | 255632 MiB | 255601 MiB |
|       from small pool |   1540 KiB |   3693 KiB | 234252 MiB | 234250 MiB |
|---------------------------------------------------------------------------|
| Allocations           |      41    |      66    |    2999 K  |    2999 K  |
|       from large pool |      10    |      28    |      68 K  |      68 K  |
|       from small pool |      31    |      45    |    2930 K  |    2930 K  |
|---------------------------------------------------------------------------|
| Active allocs         |      41    |      66    |    2999 K  |    2999 K  |
|       from large pool |      10    |      28    |      68 K  |      68 K  |
|       from small pool |      31    |      45    |    2930 K  |    2930 K  |
|---------------------------------------------------------------------------|
| GPU reserved segments |      23    |      23    |      23    |       0    |
|       from large pool |      20    |      20    |      20    |       0    |
|       from small pool |       3    |       3    |       3    |       0    |
|---------------------------------------------------------------------------|
| Non-releasable allocs |      14    |      26    |    1032 K  |    1032 K  |
|       from large pool |       5    |      13    |      27 K  |      27 K  |
|       from small pool |       9    |      19    |    1004 K  |    1004 K  |
|---------------------------------------------------------------------------|
| Oversize allocations  |       0    |       0    |       0    |       0    |
|---------------------------------------------------------------------------|
| Oversize GPU segments |       0    |       0    |       0    |       0    |
|===========================================================================|

|===========================================================================|
|                  PyTorch CUDA memory summary, device ID 0                 |
|---------------------------------------------------------------------------|
|            CUDA OOMs: 0            |        cudaMalloc retries: 0         |
|===========================================================================|
|        Metric         | Cur Usage  | Peak Usage | Tot Alloc  | Tot Freed  |
|---------------------------------------------------------------------------|
| Allocated memory      |  45970 KiB | 387006 KiB | 752638 MiB | 752593 MiB |
|       from large pool |  45463 KiB | 385791 KiB | 610570 MiB | 610526 MiB |
|       from small pool |    507 KiB |   3485 KiB | 142067 MiB | 142067 MiB |
|---------------------------------------------------------------------------|
| Active memory         |  45970 KiB | 387006 KiB | 752638 MiB | 752593 MiB |
|       from large pool |  45463 KiB | 385791 KiB | 610570 MiB | 610526 MiB |
|       from small pool |    507 KiB |   3485 KiB | 142067 MiB | 142067 MiB |
|---------------------------------------------------------------------------|
| Requested memory      |  45386 KiB | 386439 KiB | 748819 MiB | 748774 MiB |
|       from large pool |  44882 KiB | 385228 KiB | 607776 MiB | 607732 MiB |
|       from small pool |    504 KiB |   3481 KiB | 141042 MiB | 141042 MiB |
|---------------------------------------------------------------------------|
| GPU reserved memory   | 659456 KiB | 659456 KiB | 659456 KiB |      0 B   |
|       from large pool | 653312 KiB | 653312 KiB | 653312 KiB |      0 B   |
|       from small pool |   6144 KiB |   6144 KiB |   6144 KiB |      0 B   |
|---------------------------------------------------------------------------|
| Non-releasable memory |  33901 KiB | 117750 KiB | 540384 MiB | 540351 MiB |
|       from large pool |  32361 KiB | 116656 KiB | 285058 MiB | 285026 MiB |
|       from small pool |   1540 KiB |   3693 KiB | 255325 MiB | 255324 MiB |
|---------------------------------------------------------------------------|
| Allocations           |      41    |      66    |    3593 K  |    3593 K  |
|       from large pool |      10    |      28    |      75 K  |      75 K  |
|       from small pool |      31    |      45    |    3517 K  |    3517 K  |
|---------------------------------------------------------------------------|
| Active allocs         |      41    |      66    |    3593 K  |    3593 K  |
|       from large pool |      10    |      28    |      75 K  |      75 K  |
|       from small pool |      31    |      45    |    3517 K  |    3517 K  |
|---------------------------------------------------------------------------|
| GPU reserved segments |      23    |      23    |      23    |       0    |
|       from large pool |      20    |      20    |      20    |       0    |
|       from small pool |       3    |       3    |       3    |       0    |
|---------------------------------------------------------------------------|
| Non-releasable allocs |      15    |      26    |    1299 K  |    1299 K  |
|       from large pool |       5    |      13    |      31 K  |      31 K  |
|       from small pool |      10    |      19    |    1267 K  |    1267 K  |
|---------------------------------------------------------------------------|
| Oversize allocations  |       0    |       0    |       0    |       0    |
|---------------------------------------------------------------------------|
| Oversize GPU segments |       0    |       0    |       0    |       0    |
|===========================================================================|

|===========================================================================|
|                  PyTorch CUDA memory summary, device ID 0                 |
|---------------------------------------------------------------------------|
|            CUDA OOMs: 0            |        cudaMalloc retries: 0         |
|===========================================================================|
|        Metric         | Cur Usage  | Peak Usage | Tot Alloc  | Tot Freed  |
|---------------------------------------------------------------------------|
| Allocated memory      |  44790 KiB | 387006 KiB |    790 GiB |    790 GiB |
|       from large pool |  43899 KiB | 385791 KiB |    631 GiB |    631 GiB |
|       from small pool |    890 KiB |   3485 KiB |    158 GiB |    158 GiB |
|---------------------------------------------------------------------------|
| Active memory         |  44790 KiB | 387006 KiB |    790 GiB |    790 GiB |
|       from large pool |  43899 KiB | 385791 KiB |    631 GiB |    631 GiB |
|       from small pool |    890 KiB |   3485 KiB |    158 GiB |    158 GiB |
|---------------------------------------------------------------------------|
| Requested memory      |  44594 KiB | 386439 KiB |    786 GiB |    785 GiB |
|       from large pool |  43707 KiB | 385228 KiB |    628 GiB |    628 GiB |
|       from small pool |    887 KiB |   3481 KiB |    157 GiB |    157 GiB |
|---------------------------------------------------------------------------|
| GPU reserved memory   | 659456 KiB | 659456 KiB | 659456 KiB |      0 B   |
|       from large pool | 653312 KiB | 653312 KiB | 653312 KiB |      0 B   |
|       from small pool |   6144 KiB |   6144 KiB |   6144 KiB |      0 B   |
|---------------------------------------------------------------------------|
| Non-releasable memory |  51466 KiB | 121277 KiB | 588918 MiB | 588868 MiB |
|       from large pool |  50308 KiB | 118358 KiB | 313016 MiB | 312967 MiB |
|       from small pool |   1157 KiB |   3820 KiB | 275901 MiB | 275900 MiB |
|---------------------------------------------------------------------------|
| Allocations           |      41    |      66    |    4210 K  |    4210 K  |
|       from large pool |       9    |      28    |      81 K  |      81 K  |
|       from small pool |      32    |      45    |    4128 K  |    4128 K  |
|---------------------------------------------------------------------------|
| Active allocs         |      41    |      66    |    4210 K  |    4210 K  |
|       from large pool |       9    |      28    |      81 K  |      81 K  |
|       from small pool |      32    |      45    |    4128 K  |    4128 K  |
|---------------------------------------------------------------------------|
| GPU reserved segments |      23    |      23    |      23    |       0    |
|       from large pool |      20    |      20    |      20    |       0    |
|       from small pool |       3    |       3    |       3    |       0    |
|---------------------------------------------------------------------------|
| Non-releasable allocs |      17    |      26    |    1525 K  |    1525 K  |
|       from large pool |       6    |      13    |      35 K  |      35 K  |
|       from small pool |      11    |      19    |    1490 K  |    1490 K  |
|---------------------------------------------------------------------------|
| Oversize allocations  |       0    |       0    |       0    |       0    |
|---------------------------------------------------------------------------|
| Oversize GPU segments |       0    |       0    |       0    |       0    |
|===========================================================================|

|===========================================================================|
|                  PyTorch CUDA memory summary, device ID 0                 |
|---------------------------------------------------------------------------|
|            CUDA OOMs: 0            |        cudaMalloc retries: 0         |
|===========================================================================|
|        Metric         | Cur Usage  | Peak Usage | Tot Alloc  | Tot Freed  |
|---------------------------------------------------------------------------|
| Allocated memory      |  44746 KiB | 387006 KiB |    823 GiB |    823 GiB |
|       from large pool |  44016 KiB | 385791 KiB |    657 GiB |    657 GiB |
|       from small pool |    729 KiB |   3868 KiB |    166 GiB |    166 GiB |
|---------------------------------------------------------------------------|
| Active memory         |  44746 KiB | 387006 KiB |    823 GiB |    823 GiB |
|       from large pool |  44016 KiB | 385791 KiB |    657 GiB |    657 GiB |
|       from small pool |    729 KiB |   3868 KiB |    166 GiB |    166 GiB |
|---------------------------------------------------------------------------|
| Requested memory      |  44550 KiB | 386439 KiB |    819 GiB |    819 GiB |
|       from large pool |  43824 KiB | 385228 KiB |    654 GiB |    654 GiB |
|       from small pool |    726 KiB |   3864 KiB |    164 GiB |    164 GiB |
|---------------------------------------------------------------------------|
| GPU reserved memory   | 659456 KiB | 659456 KiB | 659456 KiB |      0 B   |
|       from large pool | 653312 KiB | 653312 KiB | 653312 KiB |      0 B   |
|       from small pool |   6144 KiB |   6144 KiB |   6144 KiB |      0 B   |
|---------------------------------------------------------------------------|
| Non-releasable memory |  51510 KiB | 121277 KiB | 619850 MiB | 619799 MiB |
|       from large pool |  50191 KiB | 118358 KiB | 336064 MiB | 336015 MiB |
|       from small pool |   1318 KiB |   3820 KiB | 283785 MiB | 283784 MiB |
|---------------------------------------------------------------------------|
| Allocations           |      41    |      66    |    4789 K  |    4789 K  |
|       from large pool |       9    |      28    |      85 K  |      85 K  |
|       from small pool |      32    |      46    |    4704 K  |    4704 K  |
|---------------------------------------------------------------------------|
| Active allocs         |      41    |      66    |    4789 K  |    4789 K  |
|       from large pool |       9    |      28    |      85 K  |      85 K  |
|       from small pool |      32    |      46    |    4704 K  |    4704 K  |
|---------------------------------------------------------------------------|
| GPU reserved segments |      23    |      23    |      23    |       0    |
|       from large pool |      20    |      20    |      20    |       0    |
|       from small pool |       3    |       3    |       3    |       0    |
|---------------------------------------------------------------------------|
| Non-releasable allocs |      17    |      27    |    1652 K  |    1652 K  |
|       from large pool |       5    |      15    |      37 K  |      37 K  |
|       from small pool |      12    |      19    |    1615 K  |    1615 K  |
|---------------------------------------------------------------------------|
| Oversize allocations  |       0    |       0    |       0    |       0    |
|---------------------------------------------------------------------------|
| Oversize GPU segments |       0    |       0    |       0    |       0    |
|===========================================================================|

