|===========================================================================|
|                  PyTorch CUDA memory summary, device ID 0                 |
|---------------------------------------------------------------------------|
|            CUDA OOMs: 0            |        cudaMalloc retries: 0         |
|===========================================================================|
|        Metric         | Cur Usage  | Peak Usage | Tot Alloc  | Tot Freed  |
|---------------------------------------------------------------------------|
| Allocated memory      |  37682 KiB | 125912 KiB | 386220 MiB | 386183 MiB |
|       from large pool |  37343 KiB | 125184 KiB | 373134 MiB | 373097 MiB |
|       from small pool |    338 KiB |   3316 KiB |  13086 MiB |  13086 MiB |
|---------------------------------------------------------------------------|
| Active memory         |  37682 KiB | 125912 KiB | 386220 MiB | 386183 MiB |
|       from large pool |  37343 KiB | 125184 KiB | 373134 MiB | 373097 MiB |
|       from small pool |    338 KiB |   3316 KiB |  13086 MiB |  13086 MiB |
|---------------------------------------------------------------------------|
| Requested memory      |  37650 KiB | 125908 KiB | 384615 MiB | 384578 MiB |
|       from large pool |  37314 KiB | 125184 KiB | 371585 MiB | 371549 MiB |
|       from small pool |    336 KiB |   3313 KiB |  13029 MiB |  13029 MiB |
|---------------------------------------------------------------------------|
| GPU reserved memory   | 167936 KiB | 167936 KiB | 167936 KiB |      0 B   |
|       from large pool | 163840 KiB | 163840 KiB | 163840 KiB |      0 B   |
|       from small pool |   4096 KiB |   4096 KiB |   4096 KiB |      0 B   |
|---------------------------------------------------------------------------|
| Non-releasable memory |  25806 KiB |  42265 KiB | 110642 MiB | 110617 MiB |
|       from large pool |  24096 KiB |  40704 KiB |  97552 MiB |  97529 MiB |
|       from small pool |   1709 KiB |   3195 KiB |  13090 MiB |  13088 MiB |
|---------------------------------------------------------------------------|
| Allocations           |      29    |      42    |  268313    |  268284    |
|       from large pool |       8    |      13    |   33591    |   33583    |
|       from small pool |      21    |      34    |  234722    |  234701    |
|---------------------------------------------------------------------------|
| Active allocs         |      29    |      42    |  268313    |  268284    |
|       from large pool |       8    |      13    |   33591    |   33583    |
|       from small pool |      21    |      34    |  234722    |  234701    |
|---------------------------------------------------------------------------|
| GPU reserved segments |      11    |      11    |      11    |       0    |
|       from large pool |       9    |       9    |       9    |       0    |
|       from small pool |       2    |       2    |       2    |       0    |
|---------------------------------------------------------------------------|
| Non-releasable allocs |       7    |      15    |  107995    |  107988    |
|       from large pool |       3    |       4    |    8463    |    8460    |
|       from small pool |       4    |      12    |   99532    |   99528    |
|---------------------------------------------------------------------------|
| Oversize allocations  |       0    |       0    |       0    |       0    |
|---------------------------------------------------------------------------|
| Oversize GPU segments |       0    |       0    |       0    |       0    |
|===========================================================================|

|===========================================================================|
|                  PyTorch CUDA memory summary, device ID 0                 |
|---------------------------------------------------------------------------|
|            CUDA OOMs: 0            |        cudaMalloc retries: 0         |
|===========================================================================|
|        Metric         | Cur Usage  | Peak Usage | Tot Alloc  | Tot Freed  |
|---------------------------------------------------------------------------|
| Allocated memory      |  38468 KiB | 378396 KiB | 443838 MiB | 443800 MiB |
|       from large pool |  38130 KiB | 377350 KiB | 424622 MiB | 424585 MiB |
|       from small pool |    338 KiB |   3316 KiB |  19215 MiB |  19215 MiB |
|---------------------------------------------------------------------------|
| Active memory         |  38468 KiB | 378396 KiB | 443838 MiB | 443800 MiB |
|       from large pool |  38130 KiB | 377350 KiB | 424622 MiB | 424585 MiB |
|       from small pool |    338 KiB |   3316 KiB |  19215 MiB |  19215 MiB |
|---------------------------------------------------------------------------|
| Requested memory      |  37346 KiB | 378079 KiB | 442112 MiB | 442076 MiB |
|       from large pool |  37010 KiB | 377036 KiB | 422989 MiB | 422953 MiB |
|       from small pool |    336 KiB |   3313 KiB |  19123 MiB |  19122 MiB |
|---------------------------------------------------------------------------|
| GPU reserved memory   | 581632 KiB | 581632 KiB | 581632 KiB |      0 B   |
|       from large pool | 577536 KiB | 577536 KiB | 577536 KiB |      0 B   |
|       from small pool |   4096 KiB |   4096 KiB |   4096 KiB |      0 B   |
|---------------------------------------------------------------------------|
| Non-releasable memory |  25019 KiB |  60901 KiB | 151586 MiB | 151562 MiB |
|       from large pool |  23310 KiB |  59893 KiB | 132356 MiB | 132333 MiB |
|       from small pool |   1709 KiB |   3290 KiB |  19230 MiB |  19228 MiB |
|---------------------------------------------------------------------------|
| Allocations           |      29    |      54    |  415658    |  415629    |
|       from large pool |       8    |      26    |   42142    |   42134    |
|       from small pool |      21    |      34    |  373516    |  373495    |
|---------------------------------------------------------------------------|
| Active allocs         |      29    |      54    |  415658    |  415629    |
|       from large pool |       8    |      26    |   42142    |   42134    |
|       from small pool |      21    |      34    |  373516    |  373495    |
|---------------------------------------------------------------------------|
| GPU reserved segments |      21    |      21    |      21    |       0    |
|       from large pool |      19    |      19    |      19    |       0    |
|       from small pool |       2    |       2    |       2    |       0    |
|---------------------------------------------------------------------------|
| Non-releasable allocs |       7    |      16    |  170009    |  170002    |
|       from large pool |       3    |      10    |   10213    |   10210    |
|       from small pool |       4    |      12    |  159796    |  159792    |
|---------------------------------------------------------------------------|
| Oversize allocations  |       0    |       0    |       0    |       0    |
|---------------------------------------------------------------------------|
| Oversize GPU segments |       0    |       0    |       0    |       0    |
|===========================================================================|

|===========================================================================|
|                  PyTorch CUDA memory summary, device ID 0                 |
|---------------------------------------------------------------------------|
|            CUDA OOMs: 0            |        cudaMalloc retries: 0         |
|===========================================================================|
|        Metric         | Cur Usage  | Peak Usage | Tot Alloc  | Tot Freed  |
|---------------------------------------------------------------------------|
| Allocated memory      |  37063 KiB | 378396 KiB | 496469 MiB | 496433 MiB |
|       from large pool |  36724 KiB | 377350 KiB | 471527 MiB | 471491 MiB |
|       from small pool |    338 KiB |   3316 KiB |  24942 MiB |  24941 MiB |
|---------------------------------------------------------------------------|
| Active memory         |  37063 KiB | 378396 KiB | 496469 MiB | 496433 MiB |
|       from large pool |  36724 KiB | 377350 KiB | 471527 MiB | 471491 MiB |
|       from small pool |    338 KiB |   3316 KiB |  24942 MiB |  24941 MiB |
|---------------------------------------------------------------------------|
| Requested memory      |  36771 KiB | 378079 KiB | 494570 MiB | 494534 MiB |
|       from large pool |  36435 KiB | 377036 KiB | 469752 MiB | 469716 MiB |
|       from small pool |    336 KiB |   3313 KiB |  24818 MiB |  24818 MiB |
|---------------------------------------------------------------------------|
| GPU reserved memory   | 657408 KiB | 657408 KiB | 657408 KiB |      0 B   |
|       from large pool | 653312 KiB | 653312 KiB | 653312 KiB |      0 B   |
|       from small pool |   4096 KiB |   4096 KiB |   4096 KiB |      0 B   |
|---------------------------------------------------------------------------|
| Non-releasable memory |  42809 KiB | 109005 KiB | 190521 MiB | 190479 MiB |
|       from large pool |  41099 KiB | 107742 KiB | 165524 MiB | 165484 MiB |
|       from small pool |   1709 KiB |   3290 KiB |  24996 MiB |  24994 MiB |
|---------------------------------------------------------------------------|
| Allocations           |      29    |      54    |  545228    |  545199    |
|       from large pool |       8    |      26    |   49451    |   49443    |
|       from small pool |      21    |      34    |  495777    |  495756    |
|---------------------------------------------------------------------------|
| Active allocs         |      29    |      54    |  545228    |  545199    |
|       from large pool |       8    |      26    |   49451    |   49443    |
|       from small pool |      21    |      34    |  495777    |  495756    |
|---------------------------------------------------------------------------|
| GPU reserved segments |      22    |      22    |      22    |       0    |
|       from large pool |      20    |      20    |      20    |       0    |
|       from small pool |       2    |       2    |       2    |       0    |
|---------------------------------------------------------------------------|
| Non-releasable allocs |       6    |      18    |  222205    |  222199    |
|       from large pool |       4    |      12    |   12366    |   12362    |
|       from small pool |       2    |      12    |  209839    |  209837    |
|---------------------------------------------------------------------------|
| Oversize allocations  |       0    |       0    |       0    |       0    |
|---------------------------------------------------------------------------|
| Oversize GPU segments |       0    |       0    |       0    |       0    |
|===========================================================================|

|===========================================================================|
|                  PyTorch CUDA memory summary, device ID 0                 |
|---------------------------------------------------------------------------|
|            CUDA OOMs: 0            |        cudaMalloc retries: 0         |
|===========================================================================|
|        Metric         | Cur Usage  | Peak Usage | Tot Alloc  | Tot Freed  |
|---------------------------------------------------------------------------|
| Allocated memory      |  36769 KiB | 378396 KiB | 552940 MiB | 552904 MiB |
|       from large pool |  36431 KiB | 377350 KiB | 522841 MiB | 522806 MiB |
|       from small pool |    338 KiB |   3316 KiB |  30098 MiB |  30098 MiB |
|---------------------------------------------------------------------------|
| Active memory         |  36769 KiB | 378396 KiB | 552940 MiB | 552904 MiB |
|       from large pool |  36431 KiB | 377350 KiB | 522841 MiB | 522806 MiB |
|       from small pool |    338 KiB |   3316 KiB |  30098 MiB |  30098 MiB |
|---------------------------------------------------------------------------|
| Requested memory      |  36478 KiB | 378079 KiB | 550702 MiB | 550666 MiB |
|       from large pool |  36142 KiB | 377036 KiB | 520756 MiB | 520721 MiB |
|       from small pool |    336 KiB |   3313 KiB |  29945 MiB |  29945 MiB |
|---------------------------------------------------------------------------|
| GPU reserved memory   | 657408 KiB | 657408 KiB | 657408 KiB |      0 B   |
|       from large pool | 653312 KiB | 653312 KiB | 653312 KiB |      0 B   |
|       from small pool |   4096 KiB |   4096 KiB |   4096 KiB |      0 B   |
|---------------------------------------------------------------------------|
| Non-releasable memory |  26718 KiB | 109005 KiB | 227831 MiB | 227805 MiB |
|       from large pool |  25009 KiB | 107742 KiB | 197669 MiB | 197645 MiB |
|       from small pool |   1709 KiB |   3305 KiB |  30161 MiB |  30159 MiB |
|---------------------------------------------------------------------------|
| Allocations           |      29    |      54    |  668405    |  668376    |
|       from large pool |       8    |      26    |   57367    |   57359    |
|       from small pool |      21    |      34    |  611038    |  611017    |
|---------------------------------------------------------------------------|
| Active allocs         |      29    |      54    |  668405    |  668376    |
|       from large pool |       8    |      26    |   57367    |   57359    |
|       from small pool |      21    |      34    |  611038    |  611017    |
|---------------------------------------------------------------------------|
| GPU reserved segments |      22    |      22    |      22    |       0    |
|       from large pool |      20    |      20    |      20    |       0    |
|       from small pool |       2    |       2    |       2    |       0    |
|---------------------------------------------------------------------------|
| Non-releasable allocs |       8    |      18    |  268928    |  268920    |
|       from large pool |       4    |      12    |   14935    |   14931    |
|       from small pool |       4    |      12    |  253993    |  253989    |
|---------------------------------------------------------------------------|
| Oversize allocations  |       0    |       0    |       0    |       0    |
|---------------------------------------------------------------------------|
| Oversize GPU segments |       0    |       0    |       0    |       0    |
|===========================================================================|

|===========================================================================|
|                  PyTorch CUDA memory summary, device ID 0                 |
|---------------------------------------------------------------------------|
|            CUDA OOMs: 0            |        cudaMalloc retries: 0         |
|===========================================================================|
|        Metric         | Cur Usage  | Peak Usage | Tot Alloc  | Tot Freed  |
|---------------------------------------------------------------------------|
| Allocated memory      |  37297 KiB | 378396 KiB | 601841 MiB | 601805 MiB |
|       from large pool |  36959 KiB | 377350 KiB | 567467 MiB | 567431 MiB |
|       from small pool |    338 KiB |   3316 KiB |  34373 MiB |  34373 MiB |
|---------------------------------------------------------------------------|
| Active memory         |  37297 KiB | 378396 KiB | 601841 MiB | 601805 MiB |
|       from large pool |  36959 KiB | 377350 KiB | 567467 MiB | 567431 MiB |
|       from small pool |    338 KiB |   3316 KiB |  34373 MiB |  34373 MiB |
|---------------------------------------------------------------------------|
| Requested memory      |  36553 KiB | 378079 KiB | 599497 MiB | 599462 MiB |
|       from large pool |  36217 KiB | 377036 KiB | 565299 MiB | 565264 MiB |
|       from small pool |    336 KiB |   3313 KiB |  34198 MiB |  34197 MiB |
|---------------------------------------------------------------------------|
| GPU reserved memory   | 657408 KiB | 657408 KiB | 657408 KiB |      0 B   |
|       from large pool | 653312 KiB | 653312 KiB | 653312 KiB |      0 B   |
|       from small pool |   4096 KiB |   4096 KiB |   4096 KiB |      0 B   |
|---------------------------------------------------------------------------|
| Non-releasable memory |  26190 KiB | 109005 KiB | 258633 MiB | 258608 MiB |
|       from large pool |  24481 KiB | 107742 KiB | 224188 MiB | 224164 MiB |
|       from small pool |   1709 KiB |   3305 KiB |  34445 MiB |  34443 MiB |
|---------------------------------------------------------------------------|
| Allocations           |      29    |      54    |     765 K  |     765 K  |
|       from large pool |       8    |      26    |      63 K  |      63 K  |
|       from small pool |      21    |      34    |     702 K  |     702 K  |
|---------------------------------------------------------------------------|
| Active allocs         |      29    |      54    |     765 K  |     765 K  |
|       from large pool |       8    |      26    |      63 K  |      63 K  |
|       from small pool |      21    |      34    |     702 K  |     702 K  |
|---------------------------------------------------------------------------|
| GPU reserved segments |      22    |      22    |      22    |       0    |
|       from large pool |      20    |      20    |      20    |       0    |
|       from small pool |       2    |       2    |       2    |       0    |
|---------------------------------------------------------------------------|
| Non-releasable allocs |       9    |      18    |  307849    |  307840    |
|       from large pool |       3    |      12    |   16791    |   16788    |
|       from small pool |       6    |      12    |  291058    |  291052    |
|---------------------------------------------------------------------------|
| Oversize allocations  |       0    |       0    |       0    |       0    |
|---------------------------------------------------------------------------|
| Oversize GPU segments |       0    |       0    |       0    |       0    |
|===========================================================================|

|===========================================================================|
|                  PyTorch CUDA memory summary, device ID 0                 |
|---------------------------------------------------------------------------|
|            CUDA OOMs: 0            |        cudaMalloc retries: 0         |
|===========================================================================|
|        Metric         | Cur Usage  | Peak Usage | Tot Alloc  | Tot Freed  |
|---------------------------------------------------------------------------|
| Allocated memory      |  37336 KiB | 378396 KiB | 652631 MiB | 652595 MiB |
|       from large pool |  36997 KiB | 377350 KiB | 614363 MiB | 614327 MiB |
|       from small pool |    338 KiB |   3316 KiB |  38267 MiB |  38267 MiB |
|---------------------------------------------------------------------------|
| Active memory         |  37336 KiB | 378396 KiB | 652631 MiB | 652595 MiB |
|       from large pool |  36997 KiB | 377350 KiB | 614363 MiB | 614327 MiB |
|       from small pool |    338 KiB |   3316 KiB |  38267 MiB |  38267 MiB |
|---------------------------------------------------------------------------|
| Requested memory      |  37044 KiB | 378079 KiB | 650207 MiB | 650171 MiB |
|       from large pool |  36708 KiB | 377036 KiB | 612137 MiB | 612101 MiB |
|       from small pool |    336 KiB |   3313 KiB |  38070 MiB |  38069 MiB |
|---------------------------------------------------------------------------|
| GPU reserved memory   | 657408 KiB | 657408 KiB | 657408 KiB |      0 B   |
|       from large pool | 653312 KiB | 653312 KiB | 653312 KiB |      0 B   |
|       from small pool |   4096 KiB |   4096 KiB |   4096 KiB |      0 B   |
|---------------------------------------------------------------------------|
| Non-releasable memory |  26152 KiB | 109005 KiB | 290250 MiB | 290225 MiB |
|       from large pool |  24442 KiB | 107742 KiB | 251903 MiB | 251879 MiB |
|       from small pool |   1709 KiB |   3305 KiB |  38347 MiB |  38345 MiB |
|---------------------------------------------------------------------------|
| Allocations           |      29    |      54    |     856 K  |     856 K  |
|       from large pool |       8    |      26    |      70 K  |      70 K  |
|       from small pool |      21    |      34    |     786 K  |     786 K  |
|---------------------------------------------------------------------------|
| Active allocs         |      29    |      54    |     856 K  |     856 K  |
|       from large pool |       8    |      26    |      70 K  |      70 K  |
|       from small pool |      21    |      34    |     786 K  |     786 K  |
|---------------------------------------------------------------------------|
| GPU reserved segments |      22    |      22    |      22    |       0    |
|       from large pool |      20    |      20    |      20    |       0    |
|       from small pool |       2    |       2    |       2    |       0    |
|---------------------------------------------------------------------------|
| Non-releasable allocs |      10    |      18    |  338430    |  338420    |
|       from large pool |       4    |      12    |   18758    |   18754    |
|       from small pool |       6    |      12    |  319672    |  319666    |
|---------------------------------------------------------------------------|
| Oversize allocations  |       0    |       0    |       0    |       0    |
|---------------------------------------------------------------------------|
| Oversize GPU segments |       0    |       0    |       0    |       0    |
|===========================================================================|

|===========================================================================|
|                  PyTorch CUDA memory summary, device ID 0                 |
|---------------------------------------------------------------------------|
|            CUDA OOMs: 0            |        cudaMalloc retries: 0         |
|===========================================================================|
|        Metric         | Cur Usage  | Peak Usage | Tot Alloc  | Tot Freed  |
|---------------------------------------------------------------------------|
| Allocated memory      |  37531 KiB | 378396 KiB | 696040 MiB | 696003 MiB |
|       from large pool |  37193 KiB | 377350 KiB | 654158 MiB | 654122 MiB |
|       from small pool |    338 KiB |   3316 KiB |  41881 MiB |  41881 MiB |
|---------------------------------------------------------------------------|
| Active memory         |  37531 KiB | 378396 KiB | 696040 MiB | 696003 MiB |
|       from large pool |  37193 KiB | 377350 KiB | 654158 MiB | 654122 MiB |
|       from small pool |    338 KiB |   3316 KiB |  41881 MiB |  41881 MiB |
|---------------------------------------------------------------------------|
| Requested memory      |  37026 KiB | 378079 KiB | 693438 MiB | 693402 MiB |
|       from large pool |  36690 KiB | 377036 KiB | 651774 MiB | 651739 MiB |
|       from small pool |    336 KiB |   3313 KiB |  41663 MiB |  41663 MiB |
|---------------------------------------------------------------------------|
| GPU reserved memory   | 657408 KiB | 657408 KiB | 657408 KiB |      0 B   |
|       from large pool | 653312 KiB | 653312 KiB | 653312 KiB |      0 B   |
|       from small pool |   4096 KiB |   4096 KiB |   4096 KiB |      0 B   |
|---------------------------------------------------------------------------|
| Non-releasable memory |  25956 KiB | 109005 KiB | 317704 MiB | 317678 MiB |
|       from large pool |  24247 KiB | 107742 KiB | 275733 MiB | 275710 MiB |
|       from small pool |   1709 KiB |   3305 KiB |  41970 MiB |  41968 MiB |
|---------------------------------------------------------------------------|
| Allocations           |      29    |      54    |     941 K  |     941 K  |
|       from large pool |       8    |      26    |      75 K  |      75 K  |
|       from small pool |      21    |      34    |     865 K  |     865 K  |
|---------------------------------------------------------------------------|
| Active allocs         |      29    |      54    |     941 K  |     941 K  |
|       from large pool |       8    |      26    |      75 K  |      75 K  |
|       from small pool |      21    |      34    |     865 K  |     865 K  |
|---------------------------------------------------------------------------|
| GPU reserved segments |      22    |      22    |      22    |       0    |
|       from large pool |      20    |      20    |      20    |       0    |
|       from small pool |       2    |       2    |       2    |       0    |
|---------------------------------------------------------------------------|
| Non-releasable allocs |       9    |      18    |  365234    |  365225    |
|       from large pool |       3    |      12    |   20833    |   20830    |
|       from small pool |       6    |      12    |  344401    |  344395    |
|---------------------------------------------------------------------------|
| Oversize allocations  |       0    |       0    |       0    |       0    |
|---------------------------------------------------------------------------|
| Oversize GPU segments |       0    |       0    |       0    |       0    |
|===========================================================================|

|===========================================================================|
|                  PyTorch CUDA memory summary, device ID 0                 |
|---------------------------------------------------------------------------|
|            CUDA OOMs: 0            |        cudaMalloc retries: 0         |
|===========================================================================|
|        Metric         | Cur Usage  | Peak Usage | Tot Alloc  | Tot Freed  |
|---------------------------------------------------------------------------|
| Allocated memory      |  36525 KiB | 378396 KiB | 748248 MiB | 748212 MiB |
|       from large pool |  35803 KiB | 377350 KiB | 701453 MiB | 701418 MiB |
|       from small pool |    721 KiB |   3316 KiB |  46794 MiB |  46794 MiB |
|---------------------------------------------------------------------------|
| Active memory         |  36525 KiB | 378396 KiB | 748248 MiB | 748212 MiB |
|       from large pool |  35803 KiB | 377350 KiB | 701453 MiB | 701418 MiB |
|       from small pool |    721 KiB |   3316 KiB |  46794 MiB |  46794 MiB |
|---------------------------------------------------------------------------|
| Requested memory      |  36234 KiB | 378079 KiB | 745532 MiB | 745496 MiB |
|       from large pool |  35515 KiB | 377036 KiB | 698981 MiB | 698946 MiB |
|       from small pool |    719 KiB |   3313 KiB |  46550 MiB |  46550 MiB |
|---------------------------------------------------------------------------|
| GPU reserved memory   | 657408 KiB | 657408 KiB | 657408 KiB |      0 B   |
|       from large pool | 653312 KiB | 653312 KiB | 653312 KiB |      0 B   |
|       from small pool |   4096 KiB |   4096 KiB |   4096 KiB |      0 B   |
|---------------------------------------------------------------------------|
| Non-releasable memory |  26963 KiB | 109005 KiB | 351044 MiB | 351018 MiB |
|       from large pool |  25636 KiB | 107742 KiB | 304081 MiB | 304056 MiB |
|       from small pool |   1326 KiB |   3317 KiB |  46963 MiB |  46962 MiB |
|---------------------------------------------------------------------------|
| Allocations           |      29    |      54    |    1049 K  |    1049 K  |
|       from large pool |       7    |      26    |      82 K  |      82 K  |
|       from small pool |      22    |      34    |     967 K  |     967 K  |
|---------------------------------------------------------------------------|
| Active allocs         |      29    |      54    |    1049 K  |    1049 K  |
|       from large pool |       7    |      26    |      82 K  |      82 K  |
|       from small pool |      22    |      34    |     967 K  |     967 K  |
|---------------------------------------------------------------------------|
| GPU reserved segments |      22    |      22    |      22    |       0    |
|       from large pool |      20    |      20    |      20    |       0    |
|       from small pool |       2    |       2    |       2    |       0    |
|---------------------------------------------------------------------------|
| Non-releasable allocs |       8    |      18    |  408966    |  408958    |
|       from large pool |       3    |      12    |   22713    |   22710    |
|       from small pool |       5    |      12    |  386253    |  386248    |
|---------------------------------------------------------------------------|
| Oversize allocations  |       0    |       0    |       0    |       0    |
|---------------------------------------------------------------------------|
| Oversize GPU segments |       0    |       0    |       0    |       0    |
|===========================================================================|

|===========================================================================|
|                  PyTorch CUDA memory summary, device ID 0                 |
|---------------------------------------------------------------------------|
|            CUDA OOMs: 0            |        cudaMalloc retries: 0         |
|===========================================================================|
|        Metric         | Cur Usage  | Peak Usage | Tot Alloc  | Tot Freed  |
|---------------------------------------------------------------------------|
| Allocated memory      |  36481 KiB | 378396 KiB | 779532 MiB | 779496 MiB |
|       from large pool |  35920 KiB | 377350 KiB | 730740 MiB | 730705 MiB |
|       from small pool |    560 KiB |   3699 KiB |  48791 MiB |  48791 MiB |
|---------------------------------------------------------------------------|
| Active memory         |  36481 KiB | 378396 KiB | 779532 MiB | 779496 MiB |
|       from large pool |  35920 KiB | 377350 KiB | 730740 MiB | 730705 MiB |
|       from small pool |    560 KiB |   3699 KiB |  48791 MiB |  48791 MiB |
|---------------------------------------------------------------------------|
| Requested memory      |  36190 KiB | 378079 KiB | 776668 MiB | 776633 MiB |
|       from large pool |  35632 KiB | 377036 KiB | 728131 MiB | 728097 MiB |
|       from small pool |    558 KiB |   3696 KiB |  48536 MiB |  48535 MiB |
|---------------------------------------------------------------------------|
| GPU reserved memory   | 659456 KiB | 659456 KiB | 659456 KiB |      0 B   |
|       from large pool | 653312 KiB | 653312 KiB | 653312 KiB |      0 B   |
|       from small pool |   6144 KiB |   6144 KiB |   6144 KiB |      0 B   |
|---------------------------------------------------------------------------|
| Non-releasable memory |  27007 KiB | 109005 KiB | 367691 MiB | 367665 MiB |
|       from large pool |  25519 KiB | 107742 KiB | 318619 MiB | 318594 MiB |
|       from small pool |   1487 KiB |   3834 KiB |  49071 MiB |  49070 MiB |
|---------------------------------------------------------------------------|
| Allocations           |      29    |      54    |    1090 K  |    1090 K  |
|       from large pool |       7    |      26    |      85 K  |      85 K  |
|       from small pool |      22    |      35    |    1005 K  |    1005 K  |
|---------------------------------------------------------------------------|
| Active allocs         |      29    |      54    |    1090 K  |    1090 K  |
|       from large pool |       7    |      26    |      85 K  |      85 K  |
|       from small pool |      22    |      35    |    1005 K  |    1005 K  |
|---------------------------------------------------------------------------|
| GPU reserved segments |      23    |      23    |      23    |       0    |
|       from large pool |      20    |      20    |      20    |       0    |
|       from small pool |       3    |       3    |       3    |       0    |
|---------------------------------------------------------------------------|
| Non-releasable allocs |       9    |      19    |  426666    |  426657    |
|       from large pool |       3    |      12    |   24062    |   24059    |
|       from small pool |       6    |      13    |  402604    |  402598    |
|---------------------------------------------------------------------------|
| Oversize allocations  |       0    |       0    |       0    |       0    |
|---------------------------------------------------------------------------|
| Oversize GPU segments |       0    |       0    |       0    |       0    |
|===========================================================================|

