|===========================================================================|
|                  PyTorch CUDA memory summary, device ID 0                 |
|---------------------------------------------------------------------------|
|            CUDA OOMs: 0            |        cudaMalloc retries: 0         |
|===========================================================================|
|        Metric         | Cur Usage  | Peak Usage | Tot Alloc  | Tot Freed  |
|---------------------------------------------------------------------------|
| Allocated memory      |  37653 KiB | 378396 KiB |   1291 GiB |   1291 GiB |
|       from large pool |  37314 KiB | 377350 KiB |   1097 GiB |   1097 GiB |
|       from small pool |    338 KiB |   3699 KiB |    194 GiB |    194 GiB |
|---------------------------------------------------------------------------|
| Active memory         |  37653 KiB | 378396 KiB |   1291 GiB |   1291 GiB |
|       from large pool |  37314 KiB | 377350 KiB |   1097 GiB |   1097 GiB |
|       from small pool |    338 KiB |   3699 KiB |    194 GiB |    194 GiB |
|---------------------------------------------------------------------------|
| Requested memory      |  37650 KiB | 378079 KiB |   1285 GiB |   1285 GiB |
|       from large pool |  37314 KiB | 377036 KiB |   1092 GiB |   1092 GiB |
|       from small pool |    336 KiB |   3696 KiB |    192 GiB |    192 GiB |
|---------------------------------------------------------------------------|
| GPU reserved memory   | 659456 KiB | 659456 KiB | 659456 KiB |      0 B   |
|       from large pool | 653312 KiB | 653312 KiB | 653312 KiB |      0 B   |
|       from small pool |   6144 KiB |   6144 KiB |   6144 KiB |      0 B   |
|---------------------------------------------------------------------------|
| Non-releasable memory |  21739 KiB | 109836 KiB | 722935 MiB | 722913 MiB |
|       from large pool |  20029 KiB | 108573 KiB | 473111 MiB | 473092 MiB |
|       from small pool |   1709 KiB |   4213 KiB | 249823 MiB | 249821 MiB |
|---------------------------------------------------------------------------|
| Allocations           |      29    |      54    |    5853 K  |    5853 K  |
|       from large pool |       8    |      26    |     130 K  |     130 K  |
|       from small pool |      21    |      35    |    5722 K  |    5722 K  |
|---------------------------------------------------------------------------|
| Active allocs         |      29    |      54    |    5853 K  |    5853 K  |
|       from large pool |       8    |      26    |     130 K  |     130 K  |
|       from small pool |      21    |      35    |    5722 K  |    5722 K  |
|---------------------------------------------------------------------------|
| GPU reserved segments |      23    |      23    |      23    |       0    |
|       from large pool |      20    |      20    |      20    |       0    |
|       from small pool |       3    |       3    |       3    |       0    |
|---------------------------------------------------------------------------|
| Non-releasable allocs |       8    |      19    |    1858 K  |    1858 K  |
|       from large pool |       4    |      12    |      56 K  |      56 K  |
|       from small pool |       4    |      13    |    1802 K  |    1802 K  |
|---------------------------------------------------------------------------|
| Oversize allocations  |       0    |       0    |       0    |       0    |
|---------------------------------------------------------------------------|
| Oversize GPU segments |       0    |       0    |       0    |       0    |
|===========================================================================|

|===========================================================================|
|                  PyTorch CUDA memory summary, device ID 0                 |
|---------------------------------------------------------------------------|
|            CUDA OOMs: 0            |        cudaMalloc retries: 0         |
|===========================================================================|
|        Metric         | Cur Usage  | Peak Usage | Tot Alloc  | Tot Freed  |
|---------------------------------------------------------------------------|
| Allocated memory      |  37349 KiB | 378645 KiB |   1391 GiB |   1391 GiB |
|       from large pool |  37010 KiB | 377599 KiB |   1165 GiB |   1165 GiB |
|       from small pool |    338 KiB |   3699 KiB |    225 GiB |    225 GiB |
|---------------------------------------------------------------------------|
| Active memory         |  37349 KiB | 378645 KiB |   1391 GiB |   1391 GiB |
|       from large pool |  37010 KiB | 377599 KiB |   1165 GiB |   1165 GiB |
|       from small pool |    338 KiB |   3699 KiB |    225 GiB |    225 GiB |
|---------------------------------------------------------------------------|
| Requested memory      |  37346 KiB | 378079 KiB |   1384 GiB |   1384 GiB |
|       from large pool |  37010 KiB | 377036 KiB |   1160 GiB |   1160 GiB |
|       from small pool |    336 KiB |   3696 KiB |    223 GiB |    223 GiB |
|---------------------------------------------------------------------------|
| GPU reserved memory   | 659456 KiB | 659456 KiB | 659456 KiB |      0 B   |
|       from large pool | 653312 KiB | 653312 KiB | 653312 KiB |      0 B   |
|       from small pool |   6144 KiB |   6144 KiB |   6144 KiB |      0 B   |
|---------------------------------------------------------------------------|
| Non-releasable memory |   5659 KiB | 109836 KiB |    840 GiB |    840 GiB |
|       from large pool |   3949 KiB | 108573 KiB |    515 GiB |    515 GiB |
|       from small pool |   1709 KiB |   4213 KiB |    325 GiB |    325 GiB |
|---------------------------------------------------------------------------|
| Allocations           |      29    |      54    |    6467 K  |    6467 K  |
|       from large pool |       8    |      26    |     142 K  |     142 K  |
|       from small pool |      21    |      35    |    6324 K  |    6324 K  |
|---------------------------------------------------------------------------|
| Active allocs         |      29    |      54    |    6467 K  |    6467 K  |
|       from large pool |       8    |      26    |     142 K  |     142 K  |
|       from small pool |      21    |      35    |    6324 K  |    6324 K  |
|---------------------------------------------------------------------------|
| GPU reserved segments |      23    |      23    |      23    |       0    |
|       from large pool |      20    |      20    |      20    |       0    |
|       from small pool |       3    |       3    |       3    |       0    |
|---------------------------------------------------------------------------|
| Non-releasable allocs |       6    |      19    |    2071 K  |    2071 K  |
|       from large pool |       2    |      12    |      64 K  |      64 K  |
|       from small pool |       4    |      13    |    2007 K  |    2007 K  |
|---------------------------------------------------------------------------|
| Oversize allocations  |       0    |       0    |       0    |       0    |
|---------------------------------------------------------------------------|
| Oversize GPU segments |       0    |       0    |       0    |       0    |
|===========================================================================|

|===========================================================================|
|                  PyTorch CUDA memory summary, device ID 0                 |
|---------------------------------------------------------------------------|
|            CUDA OOMs: 0            |        cudaMalloc retries: 0         |
|===========================================================================|
|        Metric         | Cur Usage  | Peak Usage | Tot Alloc  | Tot Freed  |
|---------------------------------------------------------------------------|
| Allocated memory      |  37330 KiB | 378645 KiB |   1463 GiB |   1463 GiB |
|       from large pool |  36992 KiB | 377599 KiB |   1211 GiB |   1211 GiB |
|       from small pool |    338 KiB |   3699 KiB |    252 GiB |    252 GiB |
|---------------------------------------------------------------------------|
| Active memory         |  37330 KiB | 378645 KiB |   1463 GiB |   1463 GiB |
|       from large pool |  36992 KiB | 377599 KiB |   1211 GiB |   1211 GiB |
|       from small pool |    338 KiB |   3699 KiB |    252 GiB |    252 GiB |
|---------------------------------------------------------------------------|
| Requested memory      |  36771 KiB | 378079 KiB |   1456 GiB |   1456 GiB |
|       from large pool |  36435 KiB | 377036 KiB |   1205 GiB |   1205 GiB |
|       from small pool |    336 KiB |   3696 KiB |    250 GiB |    250 GiB |
|---------------------------------------------------------------------------|
| GPU reserved memory   | 659456 KiB | 659456 KiB | 659456 KiB |      0 B   |
|       from large pool | 653312 KiB | 653312 KiB | 653312 KiB |      0 B   |
|       from small pool |   6144 KiB |   6144 KiB |   6144 KiB |      0 B   |
|---------------------------------------------------------------------------|
| Non-releasable memory |   5677 KiB | 109836 KiB |    899 GiB |    899 GiB |
|       from large pool |   3968 KiB | 108573 KiB |    548 GiB |    548 GiB |
|       from small pool |   1709 KiB |   4213 KiB |    351 GiB |    351 GiB |
|---------------------------------------------------------------------------|
| Allocations           |      29    |      54    |    7016 K  |    7016 K  |
|       from large pool |       8    |      26    |     150 K  |     150 K  |
|       from small pool |      21    |      35    |    6866 K  |    6866 K  |
|---------------------------------------------------------------------------|
| Active allocs         |      29    |      54    |    7016 K  |    7016 K  |
|       from large pool |       8    |      26    |     150 K  |     150 K  |
|       from small pool |      21    |      35    |    6866 K  |    6866 K  |
|---------------------------------------------------------------------------|
| GPU reserved segments |      23    |      23    |      23    |       0    |
|       from large pool |      20    |      20    |      20    |       0    |
|       from small pool |       3    |       3    |       3    |       0    |
|---------------------------------------------------------------------------|
| Non-releasable allocs |       5    |      19    |    2229 K  |    2229 K  |
|       from large pool |       1    |      12    |      68 K  |      68 K  |
|       from small pool |       4    |      13    |    2160 K  |    2160 K  |
|---------------------------------------------------------------------------|
| Oversize allocations  |       0    |       0    |       0    |       0    |
|---------------------------------------------------------------------------|
| Oversize GPU segments |       0    |       0    |       0    |       0    |
|===========================================================================|

|===========================================================================|
|                  PyTorch CUDA memory summary, device ID 0                 |
|---------------------------------------------------------------------------|
|            CUDA OOMs: 0            |        cudaMalloc retries: 0         |
|===========================================================================|
|        Metric         | Cur Usage  | Peak Usage | Tot Alloc  | Tot Freed  |
|---------------------------------------------------------------------------|
| Allocated memory      |  37618 KiB | 378645 KiB |   1555 GiB |   1555 GiB |
|       from large pool |  37280 KiB | 377599 KiB |   1280 GiB |   1280 GiB |
|       from small pool |    338 KiB |   3699 KiB |    274 GiB |    274 GiB |
|---------------------------------------------------------------------------|
| Active memory         |  37618 KiB | 378645 KiB |   1555 GiB |   1555 GiB |
|       from large pool |  37280 KiB | 377599 KiB |   1280 GiB |   1280 GiB |
|       from small pool |    338 KiB |   3699 KiB |    274 GiB |    274 GiB |
|---------------------------------------------------------------------------|
| Requested memory      |  36478 KiB | 378079 KiB |   1547 GiB |   1546 GiB |
|       from large pool |  36142 KiB | 377036 KiB |   1274 GiB |   1274 GiB |
|       from small pool |    336 KiB |   3696 KiB |    272 GiB |    272 GiB |
|---------------------------------------------------------------------------|
| GPU reserved memory   | 659456 KiB | 659456 KiB | 659456 KiB |      0 B   |
|       from large pool | 653312 KiB | 653312 KiB | 653312 KiB |      0 B   |
|       from small pool |   6144 KiB |   6144 KiB |   6144 KiB |      0 B   |
|---------------------------------------------------------------------------|
| Non-releasable memory |  21773 KiB | 109836 KiB |    971 GiB |    971 GiB |
|       from large pool |  20064 KiB | 108573 KiB |    597 GiB |    597 GiB |
|       from small pool |   1709 KiB |   4213 KiB |    373 GiB |    373 GiB |
|---------------------------------------------------------------------------|
| Allocations           |      29    |      54    |    7627 K  |    7627 K  |
|       from large pool |       8    |      26    |     161 K  |     161 K  |
|       from small pool |      21    |      35    |    7465 K  |    7465 K  |
|---------------------------------------------------------------------------|
| Active allocs         |      29    |      54    |    7627 K  |    7627 K  |
|       from large pool |       8    |      26    |     161 K  |     161 K  |
|       from small pool |      21    |      35    |    7465 K  |    7465 K  |
|---------------------------------------------------------------------------|
| GPU reserved segments |      23    |      23    |      23    |       0    |
|       from large pool |      20    |      20    |      20    |       0    |
|       from small pool |       3    |       3    |       3    |       0    |
|---------------------------------------------------------------------------|
| Non-releasable allocs |       7    |      19    |    2422 K  |    2422 K  |
|       from large pool |       3    |      12    |      76 K  |      76 K  |
|       from small pool |       4    |      13    |    2345 K  |    2345 K  |
|---------------------------------------------------------------------------|
| Oversize allocations  |       0    |       0    |       0    |       0    |
|---------------------------------------------------------------------------|
| Oversize GPU segments |       0    |       0    |       0    |       0    |
|===========================================================================|

|===========================================================================|
|                  PyTorch CUDA memory summary, device ID 0                 |
|---------------------------------------------------------------------------|
|            CUDA OOMs: 0            |        cudaMalloc retries: 0         |
|===========================================================================|
|        Metric         | Cur Usage  | Peak Usage | Tot Alloc  | Tot Freed  |
|---------------------------------------------------------------------------|
| Allocated memory      |  36557 KiB | 378645 KiB |   1621 GiB |   1621 GiB |
|       from large pool |  36218 KiB | 377599 KiB |   1330 GiB |   1330 GiB |
|       from small pool |    338 KiB |   3699 KiB |    291 GiB |    291 GiB |
|---------------------------------------------------------------------------|
| Active memory         |  36557 KiB | 378645 KiB |   1621 GiB |   1621 GiB |
|       from large pool |  36218 KiB | 377599 KiB |   1330 GiB |   1330 GiB |
|       from small pool |    338 KiB |   3699 KiB |    291 GiB |    291 GiB |
|---------------------------------------------------------------------------|
| Requested memory      |  36553 KiB | 378079 KiB |   1613 GiB |   1613 GiB |
|       from large pool |  36217 KiB | 377036 KiB |   1324 GiB |   1324 GiB |
|       from small pool |    336 KiB |   3696 KiB |    289 GiB |    289 GiB |
|---------------------------------------------------------------------------|
| GPU reserved memory   | 659456 KiB | 659456 KiB | 659456 KiB |      0 B   |
|       from large pool | 653312 KiB | 653312 KiB | 653312 KiB |      0 B   |
|       from small pool |   6144 KiB |   6144 KiB |   6144 KiB |      0 B   |
|---------------------------------------------------------------------------|
| Non-releasable memory |  22835 KiB | 109836 KiB |   1020 GiB |   1020 GiB |
|       from large pool |  21125 KiB | 108573 KiB |    629 GiB |    629 GiB |
|       from small pool |   1709 KiB |   4213 KiB |    390 GiB |    390 GiB |
|---------------------------------------------------------------------------|
| Allocations           |      29    |      54    |    8195 K  |    8195 K  |
|       from large pool |       8    |      26    |     168 K  |     168 K  |
|       from small pool |      21    |      35    |    8027 K  |    8027 K  |
|---------------------------------------------------------------------------|
| Active allocs         |      29    |      54    |    8195 K  |    8195 K  |
|       from large pool |       8    |      26    |     168 K  |     168 K  |
|       from small pool |      21    |      35    |    8027 K  |    8027 K  |
|---------------------------------------------------------------------------|
| GPU reserved segments |      23    |      23    |      23    |       0    |
|       from large pool |      20    |      20    |      20    |       0    |
|       from small pool |       3    |       3    |       3    |       0    |
|---------------------------------------------------------------------------|
| Non-releasable allocs |      10    |      19    |    2623 K  |    2622 K  |
|       from large pool |       5    |      12    |      82 K  |      82 K  |
|       from small pool |       5    |      13    |    2540 K  |    2540 K  |
|---------------------------------------------------------------------------|
| Oversize allocations  |       0    |       0    |       0    |       0    |
|---------------------------------------------------------------------------|
| Oversize GPU segments |       0    |       0    |       0    |       0    |
|===========================================================================|

|===========================================================================|
|                  PyTorch CUDA memory summary, device ID 0                 |
|---------------------------------------------------------------------------|
|            CUDA OOMs: 0            |        cudaMalloc retries: 0         |
|===========================================================================|
|        Metric         | Cur Usage  | Peak Usage | Tot Alloc  | Tot Freed  |
|---------------------------------------------------------------------------|
| Allocated memory      |  37724 KiB | 378645 KiB |   1682 GiB |   1682 GiB |
|       from large pool |  37386 KiB | 377599 KiB |   1374 GiB |   1374 GiB |
|       from small pool |    338 KiB |   3699 KiB |    307 GiB |    307 GiB |
|---------------------------------------------------------------------------|
| Active memory         |  37724 KiB | 378645 KiB |   1682 GiB |   1682 GiB |
|       from large pool |  37386 KiB | 377599 KiB |   1374 GiB |   1374 GiB |
|       from small pool |    338 KiB |   3699 KiB |    307 GiB |    307 GiB |
|---------------------------------------------------------------------------|
| Requested memory      |  37044 KiB | 378079 KiB |   1673 GiB |   1673 GiB |
|       from large pool |  36708 KiB | 377036 KiB |   1368 GiB |   1368 GiB |
|       from small pool |    336 KiB |   3696 KiB |    304 GiB |    304 GiB |
|---------------------------------------------------------------------------|
| GPU reserved memory   | 659456 KiB | 659456 KiB | 659456 KiB |      0 B   |
|       from large pool | 653312 KiB | 653312 KiB | 653312 KiB |      0 B   |
|       from small pool |   6144 KiB |   6144 KiB |   6144 KiB |      0 B   |
|---------------------------------------------------------------------------|
| Non-releasable memory |  21667 KiB | 109836 KiB |   1064 GiB |   1064 GiB |
|       from large pool |  19958 KiB | 108573 KiB |    657 GiB |    657 GiB |
|       from small pool |   1709 KiB |   4213 KiB |    406 GiB |    406 GiB |
|---------------------------------------------------------------------------|
| Allocations           |      29    |      54    |    8757 K  |    8757 K  |
|       from large pool |       8    |      26    |     174 K  |     174 K  |
|       from small pool |      21    |      35    |    8582 K  |    8582 K  |
|---------------------------------------------------------------------------|
| Active allocs         |      29    |      54    |    8757 K  |    8757 K  |
|       from large pool |       8    |      26    |     174 K  |     174 K  |
|       from small pool |      21    |      35    |    8582 K  |    8582 K  |
|---------------------------------------------------------------------------|
| GPU reserved segments |      23    |      23    |      23    |       0    |
|       from large pool |      20    |      20    |      20    |       0    |
|       from small pool |       3    |       3    |       3    |       0    |
|---------------------------------------------------------------------------|
| Non-releasable allocs |       8    |      19    |    2719 K  |    2719 K  |
|       from large pool |       4    |      12    |      86 K  |      86 K  |
|       from small pool |       4    |      13    |    2633 K  |    2633 K  |
|---------------------------------------------------------------------------|
| Oversize allocations  |       0    |       0    |       0    |       0    |
|---------------------------------------------------------------------------|
| Oversize GPU segments |       0    |       0    |       0    |       0    |
|===========================================================================|

|===========================================================================|
|                  PyTorch CUDA memory summary, device ID 0                 |
|---------------------------------------------------------------------------|
|            CUDA OOMs: 0            |        cudaMalloc retries: 0         |
|===========================================================================|
|        Metric         | Cur Usage  | Peak Usage | Tot Alloc  | Tot Freed  |
|---------------------------------------------------------------------------|
| Allocated memory      |  38175 KiB | 378645 KiB |   1741 GiB |   1741 GiB |
|       from large pool |  37837 KiB | 377599 KiB |   1413 GiB |   1413 GiB |
|       from small pool |    338 KiB |   3699 KiB |    327 GiB |    327 GiB |
|---------------------------------------------------------------------------|
| Active memory         |  38175 KiB | 378645 KiB |   1741 GiB |   1741 GiB |
|       from large pool |  37837 KiB | 377599 KiB |   1413 GiB |   1413 GiB |
|       from small pool |    338 KiB |   3699 KiB |    327 GiB |    327 GiB |
|---------------------------------------------------------------------------|
| Requested memory      |  37026 KiB | 378079 KiB |   1732 GiB |   1732 GiB |
|       from large pool |  36690 KiB | 377036 KiB |   1406 GiB |   1406 GiB |
|       from small pool |    336 KiB |   3696 KiB |    325 GiB |    325 GiB |
|---------------------------------------------------------------------------|
| GPU reserved memory   | 659456 KiB | 659456 KiB | 659456 KiB |      0 B   |
|       from large pool | 653312 KiB | 653312 KiB | 653312 KiB |      0 B   |
|       from small pool |   6144 KiB |   6144 KiB |   6144 KiB |      0 B   |
|---------------------------------------------------------------------------|
| Non-releasable memory |  21216 KiB | 109836 KiB |   1111 GiB |   1111 GiB |
|       from large pool |  19507 KiB | 108573 KiB |    684 GiB |    684 GiB |
|       from small pool |   1709 KiB |   4213 KiB |    427 GiB |    427 GiB |
|---------------------------------------------------------------------------|
| Allocations           |      29    |      54    |    9347 K  |    9347 K  |
|       from large pool |       8    |      26    |     180 K  |     180 K  |
|       from small pool |      21    |      35    |    9167 K  |    9167 K  |
|---------------------------------------------------------------------------|
| Active allocs         |      29    |      54    |    9347 K  |    9347 K  |
|       from large pool |       8    |      26    |     180 K  |     180 K  |
|       from small pool |      21    |      35    |    9167 K  |    9167 K  |
|---------------------------------------------------------------------------|
| GPU reserved segments |      23    |      23    |      23    |       0    |
|       from large pool |      20    |      20    |      20    |       0    |
|       from small pool |       3    |       3    |       3    |       0    |
|---------------------------------------------------------------------------|
| Non-releasable allocs |       8    |      19    |    2913 K  |    2913 K  |
|       from large pool |       4    |      12    |      90 K  |      90 K  |
|       from small pool |       4    |      13    |    2822 K  |    2822 K  |
|---------------------------------------------------------------------------|
| Oversize allocations  |       0    |       0    |       0    |       0    |
|---------------------------------------------------------------------------|
| Oversize GPU segments |       0    |       0    |       0    |       0    |
|===========================================================================|

|===========================================================================|
|                  PyTorch CUDA memory summary, device ID 0                 |
|---------------------------------------------------------------------------|
|            CUDA OOMs: 0            |        cudaMalloc retries: 0         |
|===========================================================================|
|        Metric         | Cur Usage  | Peak Usage | Tot Alloc  | Tot Freed  |
|---------------------------------------------------------------------------|
| Allocated memory      |  36525 KiB | 378645 KiB |   1813 GiB |   1813 GiB |
|       from large pool |  35803 KiB | 377599 KiB |   1464 GiB |   1464 GiB |
|       from small pool |    721 KiB |   3699 KiB |    349 GiB |    349 GiB |
|---------------------------------------------------------------------------|
| Active memory         |  36525 KiB | 378645 KiB |   1813 GiB |   1813 GiB |
|       from large pool |  35803 KiB | 377599 KiB |   1464 GiB |   1464 GiB |
|       from small pool |    721 KiB |   3699 KiB |    349 GiB |    349 GiB |
|---------------------------------------------------------------------------|
| Requested memory      |  36234 KiB | 378079 KiB |   1804 GiB |   1803 GiB |
|       from large pool |  35515 KiB | 377036 KiB |   1457 GiB |   1457 GiB |
|       from small pool |    719 KiB |   3696 KiB |    346 GiB |    346 GiB |
|---------------------------------------------------------------------------|
| GPU reserved memory   | 659456 KiB | 659456 KiB | 659456 KiB |      0 B   |
|       from large pool | 653312 KiB | 653312 KiB | 653312 KiB |      0 B   |
|       from small pool |   6144 KiB |   6144 KiB |   6144 KiB |      0 B   |
|---------------------------------------------------------------------------|
| Non-releasable memory |  22867 KiB | 109836 KiB |   1167 GiB |   1167 GiB |
|       from large pool |  21540 KiB | 108573 KiB |    718 GiB |    718 GiB |
|       from small pool |   1326 KiB |   4213 KiB |    448 GiB |    448 GiB |
|---------------------------------------------------------------------------|
| Allocations           |      29    |      54    |    9995 K  |    9995 K  |
|       from large pool |       7    |      26    |     187 K  |     187 K  |
|       from small pool |      22    |      35    |    9808 K  |    9807 K  |
|---------------------------------------------------------------------------|
| Active allocs         |      29    |      54    |    9995 K  |    9995 K  |
|       from large pool |       7    |      26    |     187 K  |     187 K  |
|       from small pool |      22    |      35    |    9808 K  |    9807 K  |
|---------------------------------------------------------------------------|
| GPU reserved segments |      23    |      23    |      23    |       0    |
|       from large pool |      20    |      20    |      20    |       0    |
|       from small pool |       3    |       3    |       3    |       0    |
|---------------------------------------------------------------------------|
| Non-releasable allocs |       9    |      19    |    3091 K  |    3091 K  |
|       from large pool |       4    |      13    |      95 K  |      95 K  |
|       from small pool |       5    |      13    |    2996 K  |    2996 K  |
|---------------------------------------------------------------------------|
| Oversize allocations  |       0    |       0    |       0    |       0    |
|---------------------------------------------------------------------------|
| Oversize GPU segments |       0    |       0    |       0    |       0    |
|===========================================================================|

|===========================================================================|
|                  PyTorch CUDA memory summary, device ID 0                 |
|---------------------------------------------------------------------------|
|            CUDA OOMs: 0            |        cudaMalloc retries: 0         |
|===========================================================================|
|        Metric         | Cur Usage  | Peak Usage | Tot Alloc  | Tot Freed  |
|---------------------------------------------------------------------------|
| Allocated memory      |  36481 KiB | 378645 KiB |   1849 GiB |   1849 GiB |
|       from large pool |  35920 KiB | 377599 KiB |   1492 GiB |   1492 GiB |
|       from small pool |    560 KiB |   3699 KiB |    356 GiB |    356 GiB |
|---------------------------------------------------------------------------|
| Active memory         |  36481 KiB | 378645 KiB |   1849 GiB |   1849 GiB |
|       from large pool |  35920 KiB | 377599 KiB |   1492 GiB |   1492 GiB |
|       from small pool |    560 KiB |   3699 KiB |    356 GiB |    356 GiB |
|---------------------------------------------------------------------------|
| Requested memory      |  36190 KiB | 378079 KiB |   1839 GiB |   1839 GiB |
|       from large pool |  35632 KiB | 377036 KiB |   1485 GiB |   1485 GiB |
|       from small pool |    558 KiB |   3696 KiB |    353 GiB |    353 GiB |
|---------------------------------------------------------------------------|
| GPU reserved memory   | 659456 KiB | 659456 KiB | 659456 KiB |      0 B   |
|       from large pool | 653312 KiB | 653312 KiB | 653312 KiB |      0 B   |
|       from small pool |   6144 KiB |   6144 KiB |   6144 KiB |      0 B   |
|---------------------------------------------------------------------------|
| Non-releasable memory |  22911 KiB | 109836 KiB |   1189 GiB |   1189 GiB |
|       from large pool |  21423 KiB | 108573 KiB |    733 GiB |    733 GiB |
|       from small pool |   1487 KiB |   4213 KiB |    456 GiB |    456 GiB |
|---------------------------------------------------------------------------|
| Allocations           |      29    |      54    |   10570 K  |   10569 K  |
|       from large pool |       7    |      26    |     190 K  |     190 K  |
|       from small pool |      22    |      35    |   10379 K  |   10379 K  |
|---------------------------------------------------------------------------|
| Active allocs         |      29    |      54    |   10570 K  |   10569 K  |
|       from large pool |       7    |      26    |     190 K  |     190 K  |
|       from small pool |      22    |      35    |   10379 K  |   10379 K  |
|---------------------------------------------------------------------------|
| GPU reserved segments |      23    |      23    |      23    |       0    |
|       from large pool |      20    |      20    |      20    |       0    |
|       from small pool |       3    |       3    |       3    |       0    |
|---------------------------------------------------------------------------|
| Non-releasable allocs |       8    |      21    |    3245 K  |    3245 K  |
|       from large pool |       4    |      14    |      98 K  |      98 K  |
|       from small pool |       4    |      15    |    3147 K  |    3147 K  |
|---------------------------------------------------------------------------|
| Oversize allocations  |       0    |       0    |       0    |       0    |
|---------------------------------------------------------------------------|
| Oversize GPU segments |       0    |       0    |       0    |       0    |
|===========================================================================|

