|===========================================================================|
|                  PyTorch CUDA memory summary, device ID 0                 |
|---------------------------------------------------------------------------|
|            CUDA OOMs: 0            |        cudaMalloc retries: 0         |
|===========================================================================|
|        Metric         | Cur Usage  | Peak Usage | Tot Alloc  | Tot Freed  |
|---------------------------------------------------------------------------|
| Allocated memory      |  37653 KiB | 125912 KiB | 386263 MiB | 386227 MiB |
|       from large pool |  37314 KiB | 125184 KiB | 373176 MiB | 373140 MiB |
|       from small pool |    338 KiB |   3316 KiB |  13086 MiB |  13086 MiB |
|---------------------------------------------------------------------------|
| Active memory         |  37653 KiB | 125912 KiB | 386263 MiB | 386227 MiB |
|       from large pool |  37314 KiB | 125184 KiB | 373176 MiB | 373140 MiB |
|       from small pool |    338 KiB |   3316 KiB |  13086 MiB |  13086 MiB |
|---------------------------------------------------------------------------|
| Requested memory      |  37650 KiB | 125908 KiB | 384635 MiB | 384598 MiB |
|       from large pool |  37314 KiB | 125184 KiB | 371605 MiB | 371569 MiB |
|       from small pool |    336 KiB |   3313 KiB |  13029 MiB |  13029 MiB |
|---------------------------------------------------------------------------|
| GPU reserved memory   | 167936 KiB | 167936 KiB | 167936 KiB |      0 B   |
|       from large pool | 163840 KiB | 163840 KiB | 163840 KiB |      0 B   |
|       from small pool |   4096 KiB |   4096 KiB |   4096 KiB |      0 B   |
|---------------------------------------------------------------------------|
| Non-releasable memory |  25835 KiB |  42265 KiB | 119370 MiB | 119345 MiB |
|       from large pool |  24125 KiB |  40704 KiB | 106280 MiB | 106256 MiB |
|       from small pool |   1709 KiB |   3195 KiB |  13090 MiB |  13088 MiB |
|---------------------------------------------------------------------------|
| Allocations           |      29    |      42    |  268373    |  268344    |
|       from large pool |       8    |      13    |   33596    |   33588    |
|       from small pool |      21    |      34    |  234777    |  234756    |
|---------------------------------------------------------------------------|
| Active allocs         |      29    |      42    |  268373    |  268344    |
|       from large pool |       8    |      13    |   33596    |   33588    |
|       from small pool |      21    |      34    |  234777    |  234756    |
|---------------------------------------------------------------------------|
| GPU reserved segments |      11    |      11    |      11    |       0    |
|       from large pool |       9    |       9    |       9    |       0    |
|       from small pool |       2    |       2    |       2    |       0    |
|---------------------------------------------------------------------------|
| Non-releasable allocs |       7    |      14    |  110803    |  110796    |
|       from large pool |       3    |       4    |    9156    |    9153    |
|       from small pool |       4    |      11    |  101647    |  101643    |
|---------------------------------------------------------------------------|
| Oversize allocations  |       0    |       0    |       0    |       0    |
|---------------------------------------------------------------------------|
| Oversize GPU segments |       0    |       0    |       0    |       0    |
|===========================================================================|

|===========================================================================|
|                  PyTorch CUDA memory summary, device ID 0                 |
|---------------------------------------------------------------------------|
|            CUDA OOMs: 0            |        cudaMalloc retries: 0         |
|===========================================================================|
|        Metric         | Cur Usage  | Peak Usage | Tot Alloc  | Tot Freed  |
|---------------------------------------------------------------------------|
| Allocated memory      |  37529 KiB | 378396 KiB | 466952 MiB | 466915 MiB |
|       from large pool |  37190 KiB | 377350 KiB | 443997 MiB | 443961 MiB |
|       from small pool |    338 KiB |   3316 KiB |  22954 MiB |  22954 MiB |
|---------------------------------------------------------------------------|
| Active memory         |  37529 KiB | 378396 KiB | 466952 MiB | 466915 MiB |
|       from large pool |  37190 KiB | 377350 KiB | 443997 MiB | 443961 MiB |
|       from small pool |    338 KiB |   3316 KiB |  22954 MiB |  22954 MiB |
|---------------------------------------------------------------------------|
| Requested memory      |  37346 KiB | 378079 KiB | 465013 MiB | 464976 MiB |
|       from large pool |  37010 KiB | 377036 KiB | 442173 MiB | 442137 MiB |
|       from small pool |    336 KiB |   3313 KiB |  22839 MiB |  22839 MiB |
|---------------------------------------------------------------------------|
| GPU reserved memory   | 581632 KiB | 581632 KiB | 581632 KiB |      0 B   |
|       from large pool | 577536 KiB | 577536 KiB | 577536 KiB |      0 B   |
|       from small pool |   4096 KiB |   4096 KiB |   4096 KiB |      0 B   |
|---------------------------------------------------------------------------|
| Non-releasable memory |  25959 KiB |  60901 KiB | 188563 MiB | 188538 MiB |
|       from large pool |  24249 KiB |  59893 KiB | 165594 MiB | 165570 MiB |
|       from small pool |   1709 KiB |   3290 KiB |  22969 MiB |  22967 MiB |
|---------------------------------------------------------------------------|
| Allocations           |      29    |      54    |  507008    |  506979    |
|       from large pool |       8    |      26    |   47307    |   47299    |
|       from small pool |      21    |      34    |  459701    |  459680    |
|---------------------------------------------------------------------------|
| Active allocs         |      29    |      54    |  507008    |  506979    |
|       from large pool |       8    |      26    |   47307    |   47299    |
|       from small pool |      21    |      34    |  459701    |  459680    |
|---------------------------------------------------------------------------|
| GPU reserved segments |      21    |      21    |      21    |       0    |
|       from large pool |      19    |      19    |      19    |       0    |
|       from small pool |       2    |       2    |       2    |       0    |
|---------------------------------------------------------------------------|
| Non-releasable allocs |       7    |      16    |  187030    |  187023    |
|       from large pool |       3    |      10    |   16604    |   16601    |
|       from small pool |       4    |      11    |  170426    |  170422    |
|---------------------------------------------------------------------------|
| Oversize allocations  |       0    |       0    |       0    |       0    |
|---------------------------------------------------------------------------|
| Oversize GPU segments |       0    |       0    |       0    |       0    |
|===========================================================================|

|===========================================================================|
|                  PyTorch CUDA memory summary, device ID 0                 |
|---------------------------------------------------------------------------|
|            CUDA OOMs: 0            |        cudaMalloc retries: 0         |
|===========================================================================|
|        Metric         | Cur Usage  | Peak Usage | Tot Alloc  | Tot Freed  |
|---------------------------------------------------------------------------|
| Allocated memory      |  37330 KiB | 378396 KiB | 514231 MiB | 514195 MiB |
|       from large pool |  36992 KiB | 377350 KiB | 485572 MiB | 485536 MiB |
|       from small pool |    338 KiB |   3316 KiB |  28659 MiB |  28658 MiB |
|---------------------------------------------------------------------------|
| Active memory         |  37330 KiB | 378396 KiB | 514231 MiB | 514195 MiB |
|       from large pool |  36992 KiB | 377350 KiB | 485572 MiB | 485536 MiB |
|       from small pool |    338 KiB |   3316 KiB |  28659 MiB |  28658 MiB |
|---------------------------------------------------------------------------|
| Requested memory      |  36771 KiB | 378079 KiB | 512138 MiB | 512102 MiB |
|       from large pool |  36435 KiB | 377036 KiB | 483624 MiB | 483589 MiB |
|       from small pool |    336 KiB |   3313 KiB |  28513 MiB |  28513 MiB |
|---------------------------------------------------------------------------|
| GPU reserved memory   | 657408 KiB | 657408 KiB | 657408 KiB |      0 B   |
|       from large pool | 653312 KiB | 653312 KiB | 653312 KiB |      0 B   |
|       from small pool |   4096 KiB |   4096 KiB |   4096 KiB |      0 B   |
|---------------------------------------------------------------------------|
| Non-releasable memory |  26157 KiB | 109656 KiB | 228339 MiB | 228313 MiB |
|       from large pool |  24448 KiB | 108393 KiB | 199626 MiB | 199602 MiB |
|       from small pool |   1709 KiB |   3290 KiB |  28713 MiB |  28711 MiB |
|---------------------------------------------------------------------------|
| Allocations           |      29    |      54    |  636650    |  636621    |
|       from large pool |       8    |      26    |   54622    |   54614    |
|       from small pool |      21    |      34    |  582028    |  582007    |
|---------------------------------------------------------------------------|
| Active allocs         |      29    |      54    |  636650    |  636621    |
|       from large pool |       8    |      26    |   54622    |   54614    |
|       from small pool |      21    |      34    |  582028    |  582007    |
|---------------------------------------------------------------------------|
| GPU reserved segments |      22    |      22    |      22    |       0    |
|       from large pool |      20    |      20    |      20    |       0    |
|       from small pool |       2    |       2    |       2    |       0    |
|---------------------------------------------------------------------------|
| Non-releasable allocs |       6    |      16    |  245653    |  245647    |
|       from large pool |       2    |      12    |   20174    |   20172    |
|       from small pool |       4    |      11    |  225479    |  225475    |
|---------------------------------------------------------------------------|
| Oversize allocations  |       0    |       0    |       0    |       0    |
|---------------------------------------------------------------------------|
| Oversize GPU segments |       0    |       0    |       0    |       0    |
|===========================================================================|

|===========================================================================|
|                  PyTorch CUDA memory summary, device ID 0                 |
|---------------------------------------------------------------------------|
|            CUDA OOMs: 0            |        cudaMalloc retries: 0         |
|===========================================================================|
|        Metric         | Cur Usage  | Peak Usage | Tot Alloc  | Tot Freed  |
|---------------------------------------------------------------------------|
| Allocated memory      |  37330 KiB | 378396 KiB | 571134 MiB | 571097 MiB |
|       from large pool |  36992 KiB | 377350 KiB | 536497 MiB | 536461 MiB |
|       from small pool |    338 KiB |   3316 KiB |  34636 MiB |  34636 MiB |
|---------------------------------------------------------------------------|
| Active memory         |  37330 KiB | 378396 KiB | 571134 MiB | 571097 MiB |
|       from large pool |  36992 KiB | 377350 KiB | 536497 MiB | 536461 MiB |
|       from small pool |    338 KiB |   3316 KiB |  34636 MiB |  34636 MiB |
|---------------------------------------------------------------------------|
| Requested memory      |  36478 KiB | 378079 KiB | 568512 MiB | 568476 MiB |
|       from large pool |  36142 KiB | 377036 KiB | 534055 MiB | 534020 MiB |
|       from small pool |    336 KiB |   3313 KiB |  34456 MiB |  34456 MiB |
|---------------------------------------------------------------------------|
| GPU reserved memory   | 657408 KiB | 657408 KiB | 657408 KiB |      0 B   |
|       from large pool | 653312 KiB | 653312 KiB | 653312 KiB |      0 B   |
|       from small pool |   4096 KiB |   4096 KiB |   4096 KiB |      0 B   |
|---------------------------------------------------------------------------|
| Non-releasable memory |  26157 KiB | 109656 KiB | 276229 MiB | 276203 MiB |
|       from large pool |  24448 KiB | 108393 KiB | 241528 MiB | 241505 MiB |
|       from small pool |   1709 KiB |   3305 KiB |  34700 MiB |  34698 MiB |
|---------------------------------------------------------------------------|
| Allocations           |      29    |      54    |     780 K  |     780 K  |
|       from large pool |       8    |      26    |      63 K  |      63 K  |
|       from small pool |      21    |      34    |     716 K  |     716 K  |
|---------------------------------------------------------------------------|
| Active allocs         |      29    |      54    |     780 K  |     780 K  |
|       from large pool |       8    |      26    |      63 K  |      63 K  |
|       from small pool |      21    |      34    |     716 K  |     716 K  |
|---------------------------------------------------------------------------|
| GPU reserved segments |      22    |      22    |      22    |       0    |
|       from large pool |      20    |      20    |      20    |       0    |
|       from small pool |       2    |       2    |       2    |       0    |
|---------------------------------------------------------------------------|
| Non-releasable allocs |       6    |      16    |  310092    |  310086    |
|       from large pool |       2    |      12    |   24602    |   24600    |
|       from small pool |       4    |      11    |  285490    |  285486    |
|---------------------------------------------------------------------------|
| Oversize allocations  |       0    |       0    |       0    |       0    |
|---------------------------------------------------------------------------|
| Oversize GPU segments |       0    |       0    |       0    |       0    |
|===========================================================================|

|===========================================================================|
|                  PyTorch CUDA memory summary, device ID 0                 |
|---------------------------------------------------------------------------|
|            CUDA OOMs: 0            |        cudaMalloc retries: 0         |
|===========================================================================|
|        Metric         | Cur Usage  | Peak Usage | Tot Alloc  | Tot Freed  |
|---------------------------------------------------------------------------|
| Allocated memory      |  36557 KiB | 378396 KiB | 620673 MiB | 620637 MiB |
|       from large pool |  36218 KiB | 377350 KiB | 580961 MiB | 580925 MiB |
|       from small pool |    338 KiB |   3316 KiB |  39712 MiB |  39711 MiB |
|---------------------------------------------------------------------------|
| Active memory         |  36557 KiB | 378396 KiB | 620673 MiB | 620637 MiB |
|       from large pool |  36218 KiB | 377350 KiB | 580961 MiB | 580925 MiB |
|       from small pool |    338 KiB |   3316 KiB |  39712 MiB |  39711 MiB |
|---------------------------------------------------------------------------|
| Requested memory      |  36553 KiB | 378079 KiB | 617716 MiB | 617680 MiB |
|       from large pool |  36217 KiB | 377036 KiB | 578211 MiB | 578176 MiB |
|       from small pool |    336 KiB |   3313 KiB |  39504 MiB |  39504 MiB |
|---------------------------------------------------------------------------|
| GPU reserved memory   | 657408 KiB | 657408 KiB | 657408 KiB |      0 B   |
|       from large pool | 653312 KiB | 653312 KiB | 653312 KiB |      0 B   |
|       from small pool |   4096 KiB |   4096 KiB |   4096 KiB |      0 B   |
|---------------------------------------------------------------------------|
| Non-releasable memory |  26931 KiB | 109656 KiB | 317665 MiB | 317639 MiB |
|       from large pool |  25221 KiB | 108393 KiB | 277882 MiB | 277857 MiB |
|       from small pool |   1709 KiB |   3305 KiB |  39783 MiB |  39781 MiB |
|---------------------------------------------------------------------------|
| Allocations           |      29    |      54    |     896 K  |     896 K  |
|       from large pool |       8    |      26    |      71 K  |      71 K  |
|       from small pool |      21    |      34    |     825 K  |     825 K  |
|---------------------------------------------------------------------------|
| Active allocs         |      29    |      54    |     896 K  |     896 K  |
|       from large pool |       8    |      26    |      71 K  |      71 K  |
|       from small pool |      21    |      34    |     825 K  |     825 K  |
|---------------------------------------------------------------------------|
| GPU reserved segments |      22    |      22    |      22    |       0    |
|       from large pool |      20    |      20    |      20    |       0    |
|       from small pool |       2    |       2    |       2    |       0    |
|---------------------------------------------------------------------------|
| Non-releasable allocs |       9    |      16    |  359201    |  359192    |
|       from large pool |       4    |      12    |   28426    |   28422    |
|       from small pool |       5    |      12    |  330775    |  330770    |
|---------------------------------------------------------------------------|
| Oversize allocations  |       0    |       0    |       0    |       0    |
|---------------------------------------------------------------------------|
| Oversize GPU segments |       0    |       0    |       0    |       0    |
|===========================================================================|

|===========================================================================|
|                  PyTorch CUDA memory summary, device ID 0                 |
|---------------------------------------------------------------------------|
|            CUDA OOMs: 0            |        cudaMalloc retries: 0         |
|===========================================================================|
|        Metric         | Cur Usage  | Peak Usage | Tot Alloc  | Tot Freed  |
|---------------------------------------------------------------------------|
| Allocated memory      |  37436 KiB | 378396 KiB | 668415 MiB | 668379 MiB |
|       from large pool |  37098 KiB | 377350 KiB | 624437 MiB | 624401 MiB |
|       from small pool |    338 KiB |   3316 KiB |  43977 MiB |  43977 MiB |
|---------------------------------------------------------------------------|
| Active memory         |  37436 KiB | 378396 KiB | 668415 MiB | 668379 MiB |
|       from large pool |  37098 KiB | 377350 KiB | 624437 MiB | 624401 MiB |
|       from small pool |    338 KiB |   3316 KiB |  43977 MiB |  43977 MiB |
|---------------------------------------------------------------------------|
| Requested memory      |  37044 KiB | 378079 KiB | 665184 MiB | 665148 MiB |
|       from large pool |  36708 KiB | 377036 KiB | 621438 MiB | 621403 MiB |
|       from small pool |    336 KiB |   3313 KiB |  43745 MiB |  43745 MiB |
|---------------------------------------------------------------------------|
| GPU reserved memory   | 657408 KiB | 657408 KiB | 657408 KiB |      0 B   |
|       from large pool | 653312 KiB | 653312 KiB | 653312 KiB |      0 B   |
|       from small pool |   4096 KiB |   4096 KiB |   4096 KiB |      0 B   |
|---------------------------------------------------------------------------|
| Non-releasable memory |  26051 KiB | 109656 KiB | 356834 MiB | 356809 MiB |
|       from large pool |  24342 KiB | 108393 KiB | 312777 MiB | 312753 MiB |
|       from small pool |   1709 KiB |   3305 KiB |  44057 MiB |  44055 MiB |
|---------------------------------------------------------------------------|
| Allocations           |      29    |      54    |     997 K  |     997 K  |
|       from large pool |       8    |      26    |      78 K  |      78 K  |
|       from small pool |      21    |      34    |     919 K  |     919 K  |
|---------------------------------------------------------------------------|
| Active allocs         |      29    |      54    |     997 K  |     997 K  |
|       from large pool |       8    |      26    |      78 K  |      78 K  |
|       from small pool |      21    |      34    |     919 K  |     919 K  |
|---------------------------------------------------------------------------|
| GPU reserved segments |      22    |      22    |      22    |       0    |
|       from large pool |      20    |      20    |      20    |       0    |
|       from small pool |       2    |       2    |       2    |       0    |
|---------------------------------------------------------------------------|
| Non-releasable allocs |       9    |      16    |  399129    |  399120    |
|       from large pool |       3    |      12    |   31954    |   31951    |
|       from small pool |       6    |      12    |  367175    |  367169    |
|---------------------------------------------------------------------------|
| Oversize allocations  |       0    |       0    |       0    |       0    |
|---------------------------------------------------------------------------|
| Oversize GPU segments |       0    |       0    |       0    |       0    |
|===========================================================================|

|===========================================================================|
|                  PyTorch CUDA memory summary, device ID 0                 |
|---------------------------------------------------------------------------|
|            CUDA OOMs: 0            |        cudaMalloc retries: 0         |
|===========================================================================|
|        Metric         | Cur Usage  | Peak Usage | Tot Alloc  | Tot Freed  |
|---------------------------------------------------------------------------|
| Allocated memory      |  37887 KiB | 378396 KiB | 706496 MiB | 706459 MiB |
|       from large pool |  37549 KiB | 377350 KiB | 658926 MiB | 658889 MiB |
|       from small pool |    338 KiB |   3316 KiB |  47570 MiB |  47569 MiB |
|---------------------------------------------------------------------------|
| Active memory         |  37887 KiB | 378396 KiB | 706496 MiB | 706459 MiB |
|       from large pool |  37549 KiB | 377350 KiB | 658926 MiB | 658889 MiB |
|       from small pool |    338 KiB |   3316 KiB |  47570 MiB |  47569 MiB |
|---------------------------------------------------------------------------|
| Requested memory      |  37026 KiB | 378079 KiB | 703077 MiB | 703041 MiB |
|       from large pool |  36690 KiB | 377036 KiB | 655760 MiB | 655724 MiB |
|       from small pool |    336 KiB |   3313 KiB |  47317 MiB |  47316 MiB |
|---------------------------------------------------------------------------|
| GPU reserved memory   | 657408 KiB | 657408 KiB | 657408 KiB |      0 B   |
|       from large pool | 653312 KiB | 653312 KiB | 653312 KiB |      0 B   |
|       from small pool |   4096 KiB |   4096 KiB |   4096 KiB |      0 B   |
|---------------------------------------------------------------------------|
| Non-releasable memory |  25600 KiB | 109656 KiB | 387559 MiB | 387534 MiB |
|       from large pool |  23891 KiB | 108393 KiB | 339901 MiB | 339878 MiB |
|       from small pool |   1709 KiB |   3305 KiB |  47658 MiB |  47656 MiB |
|---------------------------------------------------------------------------|
| Allocations           |      29    |      54    |    1082 K  |    1082 K  |
|       from large pool |       8    |      26    |      84 K  |      84 K  |
|       from small pool |      21    |      34    |     998 K  |     998 K  |
|---------------------------------------------------------------------------|
| Active allocs         |      29    |      54    |    1082 K  |    1082 K  |
|       from large pool |       8    |      26    |      84 K  |      84 K  |
|       from small pool |      21    |      34    |     998 K  |     998 K  |
|---------------------------------------------------------------------------|
| GPU reserved segments |      22    |      22    |      22    |       0    |
|       from large pool |      20    |      20    |      20    |       0    |
|       from small pool |       2    |       2    |       2    |       0    |
|---------------------------------------------------------------------------|
| Non-releasable allocs |       8    |      17    |  430025    |  430017    |
|       from large pool |       3    |      12    |   34922    |   34919    |
|       from small pool |       5    |      12    |  395103    |  395098    |
|---------------------------------------------------------------------------|
| Oversize allocations  |       0    |       0    |       0    |       0    |
|---------------------------------------------------------------------------|
| Oversize GPU segments |       0    |       0    |       0    |       0    |
|===========================================================================|

|===========================================================================|
|                  PyTorch CUDA memory summary, device ID 0                 |
|---------------------------------------------------------------------------|
|            CUDA OOMs: 0            |        cudaMalloc retries: 0         |
|===========================================================================|
|        Metric         | Cur Usage  | Peak Usage | Tot Alloc  | Tot Freed  |
|---------------------------------------------------------------------------|
| Allocated memory      |  36429 KiB | 378396 KiB | 752719 MiB | 752683 MiB |
|       from large pool |  35707 KiB | 377350 KiB | 700161 MiB | 700126 MiB |
|       from small pool |    721 KiB |   3316 KiB |  52558 MiB |  52557 MiB |
|---------------------------------------------------------------------------|
| Active memory         |  36429 KiB | 378396 KiB | 752719 MiB | 752683 MiB |
|       from large pool |  35707 KiB | 377350 KiB | 700161 MiB | 700126 MiB |
|       from small pool |    721 KiB |   3316 KiB |  52558 MiB |  52557 MiB |
|---------------------------------------------------------------------------|
| Requested memory      |  36234 KiB | 378079 KiB | 749086 MiB | 749050 MiB |
|       from large pool |  35515 KiB | 377036 KiB | 696807 MiB | 696772 MiB |
|       from small pool |    719 KiB |   3313 KiB |  52278 MiB |  52278 MiB |
|---------------------------------------------------------------------------|
| GPU reserved memory   | 657408 KiB | 657408 KiB | 657408 KiB |      0 B   |
|       from large pool | 653312 KiB | 653312 KiB | 653312 KiB |      0 B   |
|       from small pool |   4096 KiB |   4096 KiB |   4096 KiB |      0 B   |
|---------------------------------------------------------------------------|
| Non-releasable memory |  27059 KiB | 109656 KiB | 424214 MiB | 424188 MiB |
|       from large pool |  25732 KiB | 108393 KiB | 371486 MiB | 371461 MiB |
|       from small pool |   1326 KiB |   3317 KiB |  52728 MiB |  52727 MiB |
|---------------------------------------------------------------------------|
| Allocations           |      29    |      54    |    1192 K  |    1192 K  |
|       from large pool |       7    |      26    |      90 K  |      90 K  |
|       from small pool |      22    |      34    |    1102 K  |    1102 K  |
|---------------------------------------------------------------------------|
| Active allocs         |      29    |      54    |    1192 K  |    1192 K  |
|       from large pool |       7    |      26    |      90 K  |      90 K  |
|       from small pool |      22    |      34    |    1102 K  |    1102 K  |
|---------------------------------------------------------------------------|
| GPU reserved segments |      22    |      22    |      22    |       0    |
|       from large pool |      20    |      20    |      20    |       0    |
|       from small pool |       2    |       2    |       2    |       0    |
|---------------------------------------------------------------------------|
| Non-releasable allocs |       8    |      17    |  476408    |  476400    |
|       from large pool |       3    |      12    |   38911    |   38908    |
|       from small pool |       5    |      12    |  437497    |  437492    |
|---------------------------------------------------------------------------|
| Oversize allocations  |       0    |       0    |       0    |       0    |
|---------------------------------------------------------------------------|
| Oversize GPU segments |       0    |       0    |       0    |       0    |
|===========================================================================|

|===========================================================================|
|                  PyTorch CUDA memory summary, device ID 0                 |
|---------------------------------------------------------------------------|
|            CUDA OOMs: 0            |        cudaMalloc retries: 0         |
|===========================================================================|
|        Metric         | Cur Usage  | Peak Usage | Tot Alloc  | Tot Freed  |
|---------------------------------------------------------------------------|
| Allocated memory      |  36193 KiB | 378396 KiB | 780640 MiB | 780605 MiB |
|       from large pool |  35632 KiB | 377350 KiB | 725933 MiB | 725898 MiB |
|       from small pool |    560 KiB |   3699 KiB |  54707 MiB |  54707 MiB |
|---------------------------------------------------------------------------|
| Active memory         |  36193 KiB | 378396 KiB | 780640 MiB | 780605 MiB |
|       from large pool |  35632 KiB | 377350 KiB | 725933 MiB | 725898 MiB |
|       from small pool |    560 KiB |   3699 KiB |  54707 MiB |  54707 MiB |
|---------------------------------------------------------------------------|
| Requested memory      |  36190 KiB | 378079 KiB | 776806 MiB | 776771 MiB |
|       from large pool |  35632 KiB | 377036 KiB | 722390 MiB | 722356 MiB |
|       from small pool |    558 KiB |   3696 KiB |  54415 MiB |  54415 MiB |
|---------------------------------------------------------------------------|
| GPU reserved memory   | 659456 KiB | 659456 KiB | 659456 KiB |      0 B   |
|       from large pool | 653312 KiB | 653312 KiB | 653312 KiB |      0 B   |
|       from small pool |   6144 KiB |   6144 KiB |   6144 KiB |      0 B   |
|---------------------------------------------------------------------------|
| Non-releasable memory |  43679 KiB | 109656 KiB | 445412 MiB | 445369 MiB |
|       from large pool |  42191 KiB | 108393 KiB | 390412 MiB | 390371 MiB |
|       from small pool |   1487 KiB |   3834 KiB |  54999 MiB |  54998 MiB |
|---------------------------------------------------------------------------|
| Allocations           |      29    |      54    |    1237 K  |    1237 K  |
|       from large pool |       7    |      26    |      94 K  |      94 K  |
|       from small pool |      22    |      35    |    1143 K  |    1143 K  |
|---------------------------------------------------------------------------|
| Active allocs         |      29    |      54    |    1237 K  |    1237 K  |
|       from large pool |       7    |      26    |      94 K  |      94 K  |
|       from small pool |      22    |      35    |    1143 K  |    1143 K  |
|---------------------------------------------------------------------------|
| GPU reserved segments |      23    |      23    |      23    |       0    |
|       from large pool |      20    |      20    |      20    |       0    |
|       from small pool |       3    |       3    |       3    |       0    |
|---------------------------------------------------------------------------|
| Non-releasable allocs |      10    |      19    |  497195    |  497185    |
|       from large pool |       5    |      12    |   41099    |   41094    |
|       from small pool |       5    |      12    |  456096    |  456091    |
|---------------------------------------------------------------------------|
| Oversize allocations  |       0    |       0    |       0    |       0    |
|---------------------------------------------------------------------------|
| Oversize GPU segments |       0    |       0    |       0    |       0    |
|===========================================================================|

