|===========================================================================|
|                  PyTorch CUDA memory summary, device ID 0                 |
|---------------------------------------------------------------------------|
|            CUDA OOMs: 0            |        cudaMalloc retries: 0         |
|===========================================================================|
|        Metric         | Cur Usage  | Peak Usage | Tot Alloc  | Tot Freed  |
|---------------------------------------------------------------------------|
| Allocated memory      |  37653 KiB | 378396 KiB |   1178 GiB |   1178 GiB |
|       from large pool |  37314 KiB | 377350 KiB |   1115 GiB |   1115 GiB |
|       from small pool |    338 KiB |   3699 KiB |     63 GiB |     63 GiB |
|---------------------------------------------------------------------------|
| Active memory         |  37653 KiB | 378396 KiB |   1178 GiB |   1178 GiB |
|       from large pool |  37314 KiB | 377350 KiB |   1115 GiB |   1115 GiB |
|       from small pool |    338 KiB |   3699 KiB |     63 GiB |     63 GiB |
|---------------------------------------------------------------------------|
| Requested memory      |  37650 KiB | 378079 KiB |   1173 GiB |   1173 GiB |
|       from large pool |  37314 KiB | 377036 KiB |   1110 GiB |   1110 GiB |
|       from small pool |    336 KiB |   3696 KiB |     62 GiB |     62 GiB |
|---------------------------------------------------------------------------|
| GPU reserved memory   | 659456 KiB | 659456 KiB | 659456 KiB |      0 B   |
|       from large pool | 653312 KiB | 653312 KiB | 653312 KiB |      0 B   |
|       from small pool |   6144 KiB |   6144 KiB |   6144 KiB |      0 B   |
|---------------------------------------------------------------------------|
| Non-releasable memory |  21739 KiB | 109836 KiB | 476886 MiB | 476864 MiB |
|       from large pool |  20029 KiB | 108573 KiB | 411984 MiB | 411965 MiB |
|       from small pool |   1709 KiB |   3834 KiB |  64901 MiB |  64899 MiB |
|---------------------------------------------------------------------------|
| Allocations           |      29    |      54    |    1405 K  |    1405 K  |
|       from large pool |       8    |      26    |     123 K  |     123 K  |
|       from small pool |      21    |      35    |    1282 K  |    1282 K  |
|---------------------------------------------------------------------------|
| Active allocs         |      29    |      54    |    1405 K  |    1405 K  |
|       from large pool |       8    |      26    |     123 K  |     123 K  |
|       from small pool |      21    |      35    |    1282 K  |    1282 K  |
|---------------------------------------------------------------------------|
| GPU reserved segments |      23    |      23    |      23    |       0    |
|       from large pool |      20    |      20    |      20    |       0    |
|       from small pool |       3    |       3    |       3    |       0    |
|---------------------------------------------------------------------------|
| Non-releasable allocs |      10    |      19    |  561445    |  561435    |
|       from large pool |       4    |      12    |   44742    |   44738    |
|       from small pool |       6    |      13    |  516703    |  516697    |
|---------------------------------------------------------------------------|
| Oversize allocations  |       0    |       0    |       0    |       0    |
|---------------------------------------------------------------------------|
| Oversize GPU segments |       0    |       0    |       0    |       0    |
|===========================================================================|

|===========================================================================|
|                  PyTorch CUDA memory summary, device ID 0                 |
|---------------------------------------------------------------------------|
|            CUDA OOMs: 0            |        cudaMalloc retries: 0         |
|===========================================================================|
|        Metric         | Cur Usage  | Peak Usage | Tot Alloc  | Tot Freed  |
|---------------------------------------------------------------------------|
| Allocated memory      |  41529 KiB | 378645 KiB |   1254 GiB |   1254 GiB |
|       from large pool |  41191 KiB | 377599 KiB |   1182 GiB |   1182 GiB |
|       from small pool |    338 KiB |   3699 KiB |     71 GiB |     71 GiB |
|---------------------------------------------------------------------------|
| Active memory         |  41529 KiB | 378645 KiB |   1254 GiB |   1254 GiB |
|       from large pool |  41191 KiB | 377599 KiB |   1182 GiB |   1182 GiB |
|       from small pool |    338 KiB |   3699 KiB |     71 GiB |     71 GiB |
|---------------------------------------------------------------------------|
| Requested memory      |  41526 KiB | 378079 KiB |   1248 GiB |   1248 GiB |
|       from large pool |  41190 KiB | 377036 KiB |   1177 GiB |   1177 GiB |
|       from small pool |    336 KiB |   3696 KiB |     71 GiB |     71 GiB |
|---------------------------------------------------------------------------|
| GPU reserved memory   | 659456 KiB | 659456 KiB | 659456 KiB |      0 B   |
|       from large pool | 653312 KiB | 653312 KiB | 653312 KiB |      0 B   |
|       from small pool |   6144 KiB |   6144 KiB |   6144 KiB |      0 B   |
|---------------------------------------------------------------------------|
| Non-releasable memory |  17862 KiB | 109836 KiB | 551501 MiB | 551483 MiB |
|       from large pool |  16153 KiB | 108573 KiB | 477715 MiB | 477699 MiB |
|       from small pool |   1709 KiB |   3834 KiB |  73786 MiB |  73784 MiB |
|---------------------------------------------------------------------------|
| Allocations           |      30    |      54    |    1607 K  |    1607 K  |
|       from large pool |       9    |      26    |     136 K  |     136 K  |
|       from small pool |      21    |      35    |    1471 K  |    1471 K  |
|---------------------------------------------------------------------------|
| Active allocs         |      30    |      54    |    1607 K  |    1607 K  |
|       from large pool |       9    |      26    |     136 K  |     136 K  |
|       from small pool |      21    |      35    |    1471 K  |    1471 K  |
|---------------------------------------------------------------------------|
| GPU reserved segments |      23    |      23    |      23    |       0    |
|       from large pool |      20    |      20    |      20    |       0    |
|       from small pool |       3    |       3    |       3    |       0    |
|---------------------------------------------------------------------------|
| Non-releasable allocs |      10    |      19    |  640125    |  640115    |
|       from large pool |       4    |      12    |   53524    |   53520    |
|       from small pool |       6    |      13    |  586601    |  586595    |
|---------------------------------------------------------------------------|
| Oversize allocations  |       0    |       0    |       0    |       0    |
|---------------------------------------------------------------------------|
| Oversize GPU segments |       0    |       0    |       0    |       0    |
|===========================================================================|

|===========================================================================|
|                  PyTorch CUDA memory summary, device ID 0                 |
|---------------------------------------------------------------------------|
|            CUDA OOMs: 0            |        cudaMalloc retries: 0         |
|===========================================================================|
|        Metric         | Cur Usage  | Peak Usage | Tot Alloc  | Tot Freed  |
|---------------------------------------------------------------------------|
| Allocated memory      |  45691 KiB | 378645 KiB |   1313 GiB |   1313 GiB |
|       from large pool |  45352 KiB | 377599 KiB |   1235 GiB |   1235 GiB |
|       from small pool |    338 KiB |   3699 KiB |     78 GiB |     78 GiB |
|---------------------------------------------------------------------------|
| Active memory         |  45691 KiB | 378645 KiB |   1313 GiB |   1313 GiB |
|       from large pool |  45352 KiB | 377599 KiB |   1235 GiB |   1235 GiB |
|       from small pool |    338 KiB |   3699 KiB |     78 GiB |     78 GiB |
|---------------------------------------------------------------------------|
| Requested memory      |  45131 KiB | 378079 KiB |   1308 GiB |   1308 GiB |
|       from large pool |  44795 KiB | 377036 KiB |   1230 GiB |   1230 GiB |
|       from small pool |    336 KiB |   3696 KiB |     77 GiB |     77 GiB |
|---------------------------------------------------------------------------|
| GPU reserved memory   | 659456 KiB | 659456 KiB | 659456 KiB |      0 B   |
|       from large pool | 653312 KiB | 653312 KiB | 653312 KiB |      0 B   |
|       from small pool |   6144 KiB |   6144 KiB |   6144 KiB |      0 B   |
|---------------------------------------------------------------------------|
| Non-releasable memory |  13701 KiB | 109836 KiB | 606628 MiB | 606615 MiB |
|       from large pool |  11991 KiB | 108573 KiB | 526044 MiB | 526032 MiB |
|       from small pool |   1709 KiB |   3834 KiB |  80584 MiB |  80582 MiB |
|---------------------------------------------------------------------------|
| Allocations           |      30    |      54    |    1744 K  |    1744 K  |
|       from large pool |       9    |      26    |     147 K  |     147 K  |
|       from small pool |      21    |      35    |    1597 K  |    1597 K  |
|---------------------------------------------------------------------------|
| Active allocs         |      30    |      54    |    1744 K  |    1744 K  |
|       from large pool |       9    |      26    |     147 K  |     147 K  |
|       from small pool |      21    |      35    |    1597 K  |    1597 K  |
|---------------------------------------------------------------------------|
| GPU reserved segments |      23    |      23    |      23    |       0    |
|       from large pool |      20    |      20    |      20    |       0    |
|       from small pool |       3    |       3    |       3    |       0    |
|---------------------------------------------------------------------------|
| Non-releasable allocs |       8    |      19    |  694220    |  694212    |
|       from large pool |       2    |      14    |   58703    |   58701    |
|       from small pool |       6    |      13    |  635517    |  635511    |
|---------------------------------------------------------------------------|
| Oversize allocations  |       0    |       0    |       0    |       0    |
|---------------------------------------------------------------------------|
| Oversize GPU segments |       0    |       0    |       0    |       0    |
|===========================================================================|

|===========================================================================|
|                  PyTorch CUDA memory summary, device ID 0                 |
|---------------------------------------------------------------------------|
|            CUDA OOMs: 0            |        cudaMalloc retries: 0         |
|===========================================================================|
|        Metric         | Cur Usage  | Peak Usage | Tot Alloc  | Tot Freed  |
|---------------------------------------------------------------------------|
| Allocated memory      |  49871 KiB | 378645 KiB |   1397 GiB |   1397 GiB |
|       from large pool |  49532 KiB | 377599 KiB |   1311 GiB |   1311 GiB |
|       from small pool |    338 KiB |   3699 KiB |     86 GiB |     86 GiB |
|---------------------------------------------------------------------------|
| Active memory         |  49871 KiB | 378645 KiB |   1397 GiB |   1397 GiB |
|       from large pool |  49532 KiB | 377599 KiB |   1311 GiB |   1311 GiB |
|       from small pool |    338 KiB |   3699 KiB |     86 GiB |     86 GiB |
|---------------------------------------------------------------------------|
| Requested memory      |  49018 KiB | 378079 KiB |   1391 GiB |   1391 GiB |
|       from large pool |  48682 KiB | 377036 KiB |   1305 GiB |   1305 GiB |
|       from small pool |    336 KiB |   3696 KiB |     85 GiB |     85 GiB |
|---------------------------------------------------------------------------|
| GPU reserved memory   | 659456 KiB | 659456 KiB | 659456 KiB |      0 B   |
|       from large pool | 653312 KiB | 653312 KiB | 653312 KiB |      0 B   |
|       from small pool |   6144 KiB |   6144 KiB |   6144 KiB |      0 B   |
|---------------------------------------------------------------------------|
| Non-releasable memory |  25905 KiB | 109836 KiB | 688357 MiB | 688331 MiB |
|       from large pool |  24195 KiB | 108573 KiB | 599604 MiB | 599580 MiB |
|       from small pool |   1709 KiB |   3834 KiB |  88752 MiB |  88751 MiB |
|---------------------------------------------------------------------------|
| Allocations           |      30    |      54    |    1897 K  |    1897 K  |
|       from large pool |       9    |      26    |     162 K  |     162 K  |
|       from small pool |      21    |      35    |    1734 K  |    1734 K  |
|---------------------------------------------------------------------------|
| Active allocs         |      30    |      54    |    1897 K  |    1897 K  |
|       from large pool |       9    |      26    |     162 K  |     162 K  |
|       from small pool |      21    |      35    |    1734 K  |    1734 K  |
|---------------------------------------------------------------------------|
| GPU reserved segments |      23    |      23    |      23    |       0    |
|       from large pool |      20    |      20    |      20    |       0    |
|       from small pool |       3    |       3    |       3    |       0    |
|---------------------------------------------------------------------------|
| Non-releasable allocs |       9    |      19    |     765 K  |     765 K  |
|       from large pool |       4    |      14    |      69 K  |      69 K  |
|       from small pool |       5    |      13    |     696 K  |     696 K  |
|---------------------------------------------------------------------------|
| Oversize allocations  |       0    |       0    |       0    |       0    |
|---------------------------------------------------------------------------|
| Oversize GPU segments |       0    |       0    |       0    |       0    |
|===========================================================================|

|===========================================================================|
|                  PyTorch CUDA memory summary, device ID 0                 |
|---------------------------------------------------------------------------|
|            CUDA OOMs: 0            |        cudaMalloc retries: 0         |
|===========================================================================|
|        Metric         | Cur Usage  | Peak Usage | Tot Alloc  | Tot Freed  |
|---------------------------------------------------------------------------|
| Allocated memory      |  53934 KiB | 378645 KiB |   1480 GiB |   1480 GiB |
|       from large pool |  53596 KiB | 377599 KiB |   1386 GiB |   1386 GiB |
|       from small pool |    338 KiB |   3699 KiB |     93 GiB |     93 GiB |
|---------------------------------------------------------------------------|
| Active memory         |  53934 KiB | 378645 KiB |   1480 GiB |   1480 GiB |
|       from large pool |  53596 KiB | 377599 KiB |   1386 GiB |   1386 GiB |
|       from small pool |    338 KiB |   3699 KiB |     93 GiB |     93 GiB |
|---------------------------------------------------------------------------|
| Requested memory      |  53273 KiB | 378079 KiB |   1472 GiB |   1472 GiB |
|       from large pool |  52937 KiB | 377036 KiB |   1379 GiB |   1379 GiB |
|       from small pool |    336 KiB |   3696 KiB |     93 GiB |     93 GiB |
|---------------------------------------------------------------------------|
| GPU reserved memory   | 659456 KiB | 659456 KiB | 659456 KiB |      0 B   |
|       from large pool | 653312 KiB | 653312 KiB | 653312 KiB |      0 B   |
|       from small pool |   6144 KiB |   6144 KiB |   6144 KiB |      0 B   |
|---------------------------------------------------------------------------|
| Non-releasable memory |  23889 KiB | 109836 KiB | 770488 MiB | 770465 MiB |
|       from large pool |  22180 KiB | 108573 KiB | 674070 MiB | 674048 MiB |
|       from small pool |   1709 KiB |   3834 KiB |  96418 MiB |  96416 MiB |
|---------------------------------------------------------------------------|
| Allocations           |      30    |      54    |    2022 K  |    2022 K  |
|       from large pool |       9    |      26    |     178 K  |     178 K  |
|       from small pool |      21    |      35    |    1844 K  |    1844 K  |
|---------------------------------------------------------------------------|
| Active allocs         |      30    |      54    |    2022 K  |    2022 K  |
|       from large pool |       9    |      26    |     178 K  |     178 K  |
|       from small pool |      21    |      35    |    1844 K  |    1844 K  |
|---------------------------------------------------------------------------|
| GPU reserved segments |      23    |      23    |      23    |       0    |
|       from large pool |      20    |      20    |      20    |       0    |
|       from small pool |       3    |       3    |       3    |       0    |
|---------------------------------------------------------------------------|
| Non-releasable allocs |       9    |      19    |     819 K  |     819 K  |
|       from large pool |       4    |      14    |      79 K  |      79 K  |
|       from small pool |       5    |      13    |     739 K  |     739 K  |
|---------------------------------------------------------------------------|
| Oversize allocations  |       0    |       0    |       0    |       0    |
|---------------------------------------------------------------------------|
| Oversize GPU segments |       0    |       0    |       0    |       0    |
|===========================================================================|

|===========================================================================|
|                  PyTorch CUDA memory summary, device ID 0                 |
|---------------------------------------------------------------------------|
|            CUDA OOMs: 0            |        cudaMalloc retries: 0         |
|===========================================================================|
|        Metric         | Cur Usage  | Peak Usage | Tot Alloc  | Tot Freed  |
|---------------------------------------------------------------------------|
| Allocated memory      |  58231 KiB | 378645 KiB |   1587 GiB |   1587 GiB |
|       from large pool |  57892 KiB | 377599 KiB |   1484 GiB |   1484 GiB |
|       from small pool |    338 KiB |   3699 KiB |    102 GiB |    102 GiB |
|---------------------------------------------------------------------------|
| Active memory         |  58231 KiB | 378645 KiB |   1587 GiB |   1587 GiB |
|       from large pool |  57892 KiB | 377599 KiB |   1484 GiB |   1484 GiB |
|       from small pool |    338 KiB |   3699 KiB |    102 GiB |    102 GiB |
|---------------------------------------------------------------------------|
| Requested memory      |  57944 KiB | 378079 KiB |   1578 GiB |   1578 GiB |
|       from large pool |  57608 KiB | 377036 KiB |   1476 GiB |   1476 GiB |
|       from small pool |    336 KiB |   3696 KiB |    102 GiB |    102 GiB |
|---------------------------------------------------------------------------|
| GPU reserved memory   | 659456 KiB | 659456 KiB | 659456 KiB |      0 B   |
|       from large pool | 653312 KiB | 653312 KiB | 653312 KiB |      0 B   |
|       from small pool |   6144 KiB |   6144 KiB |   6144 KiB |      0 B   |
|---------------------------------------------------------------------------|
| Non-releasable memory |  17545 KiB | 109836 KiB |    864 GiB |    864 GiB |
|       from large pool |  15835 KiB | 108573 KiB |    761 GiB |    761 GiB |
|       from small pool |   1709 KiB |   3834 KiB |    103 GiB |    103 GiB |
|---------------------------------------------------------------------------|
| Allocations           |      30    |      54    |    2160 K  |    2160 K  |
|       from large pool |       9    |      26    |     198 K  |     198 K  |
|       from small pool |      21    |      35    |    1962 K  |    1962 K  |
|---------------------------------------------------------------------------|
| Active allocs         |      30    |      54    |    2160 K  |    2160 K  |
|       from large pool |       9    |      26    |     198 K  |     198 K  |
|       from small pool |      21    |      35    |    1962 K  |    1962 K  |
|---------------------------------------------------------------------------|
| GPU reserved segments |      23    |      23    |      23    |       0    |
|       from large pool |      20    |      20    |      20    |       0    |
|       from small pool |       3    |       3    |       3    |       0    |
|---------------------------------------------------------------------------|
| Non-releasable allocs |       7    |      20    |     883 K  |     883 K  |
|       from large pool |       2    |      14    |      93 K  |      93 K  |
|       from small pool |       5    |      13    |     790 K  |     790 K  |
|---------------------------------------------------------------------------|
| Oversize allocations  |       0    |       0    |       0    |       0    |
|---------------------------------------------------------------------------|
| Oversize GPU segments |       0    |       0    |       0    |       0    |
|===========================================================================|

|===========================================================================|
|                  PyTorch CUDA memory summary, device ID 0                 |
|---------------------------------------------------------------------------|
|            CUDA OOMs: 0            |        cudaMalloc retries: 0         |
|===========================================================================|
|        Metric         | Cur Usage  | Peak Usage | Tot Alloc  | Tot Freed  |
|---------------------------------------------------------------------------|
| Allocated memory      |  62110 KiB | 384259 KiB |   1666 GiB |   1666 GiB |
|       from large pool |  61771 KiB | 383190 KiB |   1556 GiB |   1556 GiB |
|       from small pool |    338 KiB |   3699 KiB |    109 GiB |    109 GiB |
|---------------------------------------------------------------------------|
| Active memory         |  62110 KiB | 384259 KiB |   1666 GiB |   1666 GiB |
|       from large pool |  61771 KiB | 383190 KiB |   1556 GiB |   1556 GiB |
|       from small pool |    338 KiB |   3699 KiB |    109 GiB |    109 GiB |
|---------------------------------------------------------------------------|
| Requested memory      |  62106 KiB | 380349 KiB |   1657 GiB |   1656 GiB |
|       from large pool |  61770 KiB | 379283 KiB |   1548 GiB |   1548 GiB |
|       from small pool |    336 KiB |   3696 KiB |    108 GiB |    108 GiB |
|---------------------------------------------------------------------------|
| GPU reserved memory   | 659456 KiB | 659456 KiB | 659456 KiB |      0 B   |
|       from large pool | 653312 KiB | 653312 KiB | 653312 KiB |      0 B   |
|       from small pool |   6144 KiB |   6144 KiB |   6144 KiB |      0 B   |
|---------------------------------------------------------------------------|
| Non-releasable memory |  13666 KiB | 109836 KiB |    947 GiB |    947 GiB |
|       from large pool |  11956 KiB | 108573 KiB |    837 GiB |    837 GiB |
|       from small pool |   1709 KiB |   3834 KiB |    110 GiB |    110 GiB |
|---------------------------------------------------------------------------|
| Allocations           |      30    |      54    |    2269 K  |    2268 K  |
|       from large pool |       9    |      26    |     213 K  |     213 K  |
|       from small pool |      21    |      35    |    2055 K  |    2055 K  |
|---------------------------------------------------------------------------|
| Active allocs         |      30    |      54    |    2269 K  |    2268 K  |
|       from large pool |       9    |      26    |     213 K  |     213 K  |
|       from small pool |      21    |      35    |    2055 K  |    2055 K  |
|---------------------------------------------------------------------------|
| GPU reserved segments |      23    |      23    |      23    |       0    |
|       from large pool |      20    |      20    |      20    |       0    |
|       from small pool |       3    |       3    |       3    |       0    |
|---------------------------------------------------------------------------|
| Non-releasable allocs |       9    |      20    |     930 K  |     930 K  |
|       from large pool |       4    |      14    |     103 K  |     103 K  |
|       from small pool |       5    |      13    |     826 K  |     826 K  |
|---------------------------------------------------------------------------|
| Oversize allocations  |       0    |       0    |       0    |       0    |
|---------------------------------------------------------------------------|
| Oversize GPU segments |       0    |       0    |       0    |       0    |
|===========================================================================|

|===========================================================================|
|                  PyTorch CUDA memory summary, device ID 0                 |
|---------------------------------------------------------------------------|
|            CUDA OOMs: 0            |        cudaMalloc retries: 0         |
|===========================================================================|
|        Metric         | Cur Usage  | Peak Usage | Tot Alloc  | Tot Freed  |
|---------------------------------------------------------------------------|
| Allocated memory      |  66513 KiB | 384259 KiB |   1768 GiB |   1768 GiB |
|       from large pool |  65792 KiB | 383190 KiB |   1649 GiB |   1649 GiB |
|       from small pool |    721 KiB |   3699 KiB |    118 GiB |    118 GiB |
|---------------------------------------------------------------------------|
| Active memory         |  66513 KiB | 384259 KiB |   1768 GiB |   1768 GiB |
|       from large pool |  65792 KiB | 383190 KiB |   1649 GiB |   1649 GiB |
|       from small pool |    721 KiB |   3699 KiB |    118 GiB |    118 GiB |
|---------------------------------------------------------------------------|
| Requested memory      |  65494 KiB | 380349 KiB |   1758 GiB |   1758 GiB |
|       from large pool |  64775 KiB | 379283 KiB |   1639 GiB |   1639 GiB |
|       from small pool |    719 KiB |   3696 KiB |    118 GiB |    118 GiB |
|---------------------------------------------------------------------------|
| GPU reserved memory   | 659456 KiB | 659456 KiB | 659456 KiB |      0 B   |
|       from large pool | 653312 KiB | 653312 KiB | 653312 KiB |      0 B   |
|       from small pool |   6144 KiB |   6144 KiB |   6144 KiB |      0 B   |
|---------------------------------------------------------------------------|
| Non-releasable memory |  25646 KiB | 109836 KiB |   1048 GiB |   1048 GiB |
|       from large pool |  24320 KiB | 108573 KiB |    929 GiB |    929 GiB |
|       from small pool |   1326 KiB |   3834 KiB |    119 GiB |    119 GiB |
|---------------------------------------------------------------------------|
| Allocations           |      30    |      54    |    2404 K  |    2404 K  |
|       from large pool |       8    |      26    |     233 K  |     233 K  |
|       from small pool |      22    |      35    |    2171 K  |    2171 K  |
|---------------------------------------------------------------------------|
| Active allocs         |      30    |      54    |    2404 K  |    2404 K  |
|       from large pool |       8    |      26    |     233 K  |     233 K  |
|       from small pool |      22    |      35    |    2171 K  |    2171 K  |
|---------------------------------------------------------------------------|
| GPU reserved segments |      23    |      23    |      23    |       0    |
|       from large pool |      20    |      20    |      20    |       0    |
|       from small pool |       3    |       3    |       3    |       0    |
|---------------------------------------------------------------------------|
| Non-releasable allocs |       9    |      20    |     985 K  |     985 K  |
|       from large pool |       4    |      14    |     116 K  |     116 K  |
|       from small pool |       5    |      13    |     868 K  |     868 K  |
|---------------------------------------------------------------------------|
| Oversize allocations  |       0    |       0    |       0    |       0    |
|---------------------------------------------------------------------------|
| Oversize GPU segments |       0    |       0    |       0    |       0    |
|===========================================================================|

|===========================================================================|
|                  PyTorch CUDA memory summary, device ID 0                 |
|---------------------------------------------------------------------------|
|            CUDA OOMs: 0            |        cudaMalloc retries: 0         |
|===========================================================================|
|        Metric         | Cur Usage  | Peak Usage | Tot Alloc  | Tot Freed  |
|---------------------------------------------------------------------------|
| Allocated memory      |  69633 KiB | 384259 KiB |   1865 GiB |   1865 GiB |
|       from large pool |  69073 KiB | 383190 KiB |   1739 GiB |   1739 GiB |
|       from small pool |    560 KiB |   4017 KiB |    126 GiB |    126 GiB |
|---------------------------------------------------------------------------|
| Active memory         |  69633 KiB | 384259 KiB |   1865 GiB |   1865 GiB |
|       from large pool |  69073 KiB | 383190 KiB |   1739 GiB |   1739 GiB |
|       from small pool |    560 KiB |   4017 KiB |    126 GiB |    126 GiB |
|---------------------------------------------------------------------------|
| Requested memory      |  69630 KiB | 380349 KiB |   1855 GiB |   1854 GiB |
|       from large pool |  69072 KiB | 379283 KiB |   1729 GiB |   1729 GiB |
|       from small pool |    558 KiB |   4012 KiB |    125 GiB |    125 GiB |
|---------------------------------------------------------------------------|
| GPU reserved memory   | 659456 KiB | 659456 KiB | 659456 KiB |      0 B   |
|       from large pool | 653312 KiB | 653312 KiB | 653312 KiB |      0 B   |
|       from small pool |   6144 KiB |   6144 KiB |   6144 KiB |      0 B   |
|---------------------------------------------------------------------------|
| Non-releasable memory |  24574 KiB | 109836 KiB |   1149 GiB |   1149 GiB |
|       from large pool |  23087 KiB | 108573 KiB |   1021 GiB |   1021 GiB |
|       from small pool |   1487 KiB |   3834 KiB |    127 GiB |    127 GiB |
|---------------------------------------------------------------------------|
| Allocations           |      30    |      54    |    2487 K  |    2487 K  |
|       from large pool |       8    |      26    |     252 K  |     252 K  |
|       from small pool |      22    |      35    |    2235 K  |    2235 K  |
|---------------------------------------------------------------------------|
| Active allocs         |      30    |      54    |    2487 K  |    2487 K  |
|       from large pool |       8    |      26    |     252 K  |     252 K  |
|       from small pool |      22    |      35    |    2235 K  |    2235 K  |
|---------------------------------------------------------------------------|
| GPU reserved segments |      23    |      23    |      23    |       0    |
|       from large pool |      20    |      20    |      20    |       0    |
|       from small pool |       3    |       3    |       3    |       0    |
|---------------------------------------------------------------------------|
| Non-releasable allocs |      10    |      20    |    1027 K  |    1027 K  |
|       from large pool |       5    |      14    |     130 K  |     130 K  |
|       from small pool |       5    |      13    |     896 K  |     896 K  |
|---------------------------------------------------------------------------|
| Oversize allocations  |       0    |       0    |       0    |       0    |
|---------------------------------------------------------------------------|
| Oversize GPU segments |       0    |       0    |       0    |       0    |
|===========================================================================|

