|===========================================================================|
|                  PyTorch CUDA memory summary, device ID 0                 |
|---------------------------------------------------------------------------|
|            CUDA OOMs: 0            |        cudaMalloc retries: 0         |
|===========================================================================|
|        Metric         | Cur Usage  | Peak Usage | Tot Alloc  | Tot Freed  |
|---------------------------------------------------------------------------|
| Allocated memory      |  37653 KiB | 130076 KiB | 437525 MiB | 437488 MiB |
|       from large pool |  37314 KiB | 129280 KiB | 423397 MiB | 423361 MiB |
|       from small pool |    338 KiB |   3316 KiB |  14127 MiB |  14126 MiB |
|---------------------------------------------------------------------------|
| Active memory         |  37653 KiB | 130076 KiB | 437525 MiB | 437488 MiB |
|       from large pool |  37314 KiB | 129280 KiB | 423397 MiB | 423361 MiB |
|       from small pool |    338 KiB |   3316 KiB |  14127 MiB |  14126 MiB |
|---------------------------------------------------------------------------|
| Requested memory      |  37650 KiB | 130072 KiB | 436021 MiB | 435985 MiB |
|       from large pool |  37314 KiB | 129280 KiB | 421969 MiB | 421933 MiB |
|       from small pool |    336 KiB |   3313 KiB |  14052 MiB |  14051 MiB |
|---------------------------------------------------------------------------|
| GPU reserved memory   | 172032 KiB | 172032 KiB | 172032 KiB |      0 B   |
|       from large pool | 167936 KiB | 167936 KiB | 167936 KiB |      0 B   |
|       from small pool |   4096 KiB |   4096 KiB |   4096 KiB |      0 B   |
|---------------------------------------------------------------------------|
| Non-releasable memory |  44267 KiB |  50406 KiB | 232448 MiB | 232404 MiB |
|       from large pool |  42557 KiB |  48896 KiB | 218315 MiB | 218274 MiB |
|       from small pool |   1709 KiB |   3347 KiB |  14132 MiB |  14130 MiB |
|---------------------------------------------------------------------------|
| Allocations           |      29    |      53    |  366265    |  366236    |
|       from large pool |       8    |      17    |   46187    |   46179    |
|       from small pool |      21    |      39    |  320078    |  320057    |
|---------------------------------------------------------------------------|
| Active allocs         |      29    |      53    |  366265    |  366236    |
|       from large pool |       8    |      17    |   46187    |   46179    |
|       from small pool |      21    |      39    |  320078    |  320057    |
|---------------------------------------------------------------------------|
| GPU reserved segments |      11    |      11    |      11    |       0    |
|       from large pool |       9    |       9    |       9    |       0    |
|       from small pool |       2    |       2    |       2    |       0    |
|---------------------------------------------------------------------------|
| Non-releasable allocs |      13    |      22    |  182505    |  182492    |
|       from large pool |       5    |       7    |   26248    |   26243    |
|       from small pool |       8    |      15    |  156257    |  156249    |
|---------------------------------------------------------------------------|
| Oversize allocations  |       0    |       0    |       0    |       0    |
|---------------------------------------------------------------------------|
| Oversize GPU segments |       0    |       0    |       0    |       0    |
|===========================================================================|

|===========================================================================|
|                  PyTorch CUDA memory summary, device ID 0                 |
|---------------------------------------------------------------------------|
|            CUDA OOMs: 0            |        cudaMalloc retries: 0         |
|===========================================================================|
|        Metric         | Cur Usage  | Peak Usage | Tot Alloc  | Tot Freed  |
|---------------------------------------------------------------------------|
| Allocated memory      |  37349 KiB | 378773 KiB | 533812 MiB | 533775 MiB |
|       from large pool |  37010 KiB | 377727 KiB | 487595 MiB | 487559 MiB |
|       from small pool |    338 KiB |   3316 KiB |  46216 MiB |  46216 MiB |
|---------------------------------------------------------------------------|
| Active memory         |  37349 KiB | 378773 KiB | 533812 MiB | 533775 MiB |
|       from large pool |  37010 KiB | 377727 KiB | 487595 MiB | 487559 MiB |
|       from small pool |    338 KiB |   3316 KiB |  46216 MiB |  46216 MiB |
|---------------------------------------------------------------------------|
| Requested memory      |  37346 KiB | 378079 KiB | 531898 MiB | 531862 MiB |
|       from large pool |  37010 KiB | 377036 KiB | 485952 MiB | 485916 MiB |
|       from small pool |    336 KiB |   3313 KiB |  45946 MiB |  45945 MiB |
|---------------------------------------------------------------------------|
| GPU reserved memory   | 585728 KiB | 585728 KiB | 585728 KiB |      0 B   |
|       from large pool | 581632 KiB | 581632 KiB | 581632 KiB |      0 B   |
|       from small pool |   4096 KiB |   4096 KiB |   4096 KiB |      0 B   |
|---------------------------------------------------------------------------|
| Non-releasable memory |  26139 KiB |  61546 KiB | 371295 MiB | 371269 MiB |
|       from large pool |  24429 KiB |  60196 KiB | 274463 MiB | 274439 MiB |
|       from small pool |   1709 KiB |   3347 KiB |  96831 MiB |  96830 MiB |
|---------------------------------------------------------------------------|
| Allocations           |      29    |      54    |     979 K  |     979 K  |
|       from large pool |       8    |      26    |      58 K  |      58 K  |
|       from small pool |      21    |      39    |     920 K  |     920 K  |
|---------------------------------------------------------------------------|
| Active allocs         |      29    |      54    |     979 K  |     979 K  |
|       from large pool |       8    |      26    |      58 K  |      58 K  |
|       from small pool |      21    |      39    |     920 K  |     920 K  |
|---------------------------------------------------------------------------|
| GPU reserved segments |      21    |      21    |      21    |       0    |
|       from large pool |      19    |      19    |      19    |       0    |
|       from small pool |       2    |       2    |       2    |       0    |
|---------------------------------------------------------------------------|
| Non-releasable allocs |      14    |      22    |  406017    |  406003    |
|       from large pool |       4    |      12    |   34155    |   34151    |
|       from small pool |      10    |      17    |  371862    |  371852    |
|---------------------------------------------------------------------------|
| Oversize allocations  |       0    |       0    |       0    |       0    |
|---------------------------------------------------------------------------|
| Oversize GPU segments |       0    |       0    |       0    |       0    |
|===========================================================================|

|===========================================================================|
|                  PyTorch CUDA memory summary, device ID 0                 |
|---------------------------------------------------------------------------|
|            CUDA OOMs: 0            |        cudaMalloc retries: 0         |
|===========================================================================|
|        Metric         | Cur Usage  | Peak Usage | Tot Alloc  | Tot Freed  |
|---------------------------------------------------------------------------|
| Allocated memory      |  37037 KiB | 378773 KiB | 624742 MiB | 624706 MiB |
|       from large pool |  36699 KiB | 377727 KiB | 548997 MiB | 548961 MiB |
|       from small pool |    338 KiB |   3316 KiB |  75745 MiB |  75745 MiB |
|---------------------------------------------------------------------------|
| Active memory         |  37037 KiB | 378773 KiB | 624742 MiB | 624706 MiB |
|       from large pool |  36699 KiB | 377727 KiB | 548997 MiB | 548961 MiB |
|       from small pool |    338 KiB |   3316 KiB |  75745 MiB |  75745 MiB |
|---------------------------------------------------------------------------|
| Requested memory      |  36771 KiB | 378079 KiB | 622471 MiB | 622435 MiB |
|       from large pool |  36435 KiB | 377036 KiB | 547184 MiB | 547149 MiB |
|       from small pool |    336 KiB |   3313 KiB |  75286 MiB |  75286 MiB |
|---------------------------------------------------------------------------|
| GPU reserved memory   | 661504 KiB | 661504 KiB | 661504 KiB |      0 B   |
|       from large pool | 657408 KiB | 657408 KiB | 657408 KiB |      0 B   |
|       from small pool |   4096 KiB |   4096 KiB |   4096 KiB |      0 B   |
|---------------------------------------------------------------------------|
| Non-releasable memory |  26450 KiB | 146568 KiB | 510281 MiB | 510255 MiB |
|       from large pool |  24741 KiB | 145305 KiB | 328172 MiB | 328148 MiB |
|       from small pool |   1709 KiB |   3347 KiB | 182108 MiB | 182106 MiB |
|---------------------------------------------------------------------------|
| Allocations           |      29    |      54    |    1591 K  |    1591 K  |
|       from large pool |       8    |      26    |      70 K  |      70 K  |
|       from small pool |      21    |      39    |    1521 K  |    1521 K  |
|---------------------------------------------------------------------------|
| Active allocs         |      29    |      54    |    1591 K  |    1591 K  |
|       from large pool |       8    |      26    |      70 K  |      70 K  |
|       from small pool |      21    |      39    |    1521 K  |    1521 K  |
|---------------------------------------------------------------------------|
| GPU reserved segments |      22    |      22    |      22    |       0    |
|       from large pool |      20    |      20    |      20    |       0    |
|       from small pool |       2    |       2    |       2    |       0    |
|---------------------------------------------------------------------------|
| Non-releasable allocs |      13    |      23    |  729935    |  729922    |
|       from large pool |       4    |      15    |   42373    |   42369    |
|       from small pool |       9    |      17    |  687562    |  687553    |
|---------------------------------------------------------------------------|
| Oversize allocations  |       0    |       0    |       0    |       0    |
|---------------------------------------------------------------------------|
| Oversize GPU segments |       0    |       0    |       0    |       0    |
|===========================================================================|

|===========================================================================|
|                  PyTorch CUDA memory summary, device ID 0                 |
|---------------------------------------------------------------------------|
|            CUDA OOMs: 0            |        cudaMalloc retries: 0         |
|===========================================================================|
|        Metric         | Cur Usage  | Peak Usage | Tot Alloc  | Tot Freed  |
|---------------------------------------------------------------------------|
| Allocated memory      |  37330 KiB | 378773 KiB | 709438 MiB | 709401 MiB |
|       from large pool |  36992 KiB | 377727 KiB | 611263 MiB | 611226 MiB |
|       from small pool |    338 KiB |   3316 KiB |  98175 MiB |  98174 MiB |
|---------------------------------------------------------------------------|
| Active memory         |  37330 KiB | 378773 KiB | 709438 MiB | 709401 MiB |
|       from large pool |  36992 KiB | 377727 KiB | 611263 MiB | 611226 MiB |
|       from small pool |    338 KiB |   3316 KiB |  98175 MiB |  98174 MiB |
|---------------------------------------------------------------------------|
| Requested memory      |  36478 KiB | 378079 KiB | 706447 MiB | 706411 MiB |
|       from large pool |  36142 KiB | 377036 KiB | 608864 MiB | 608828 MiB |
|       from small pool |    336 KiB |   3313 KiB |  97582 MiB |  97582 MiB |
|---------------------------------------------------------------------------|
| GPU reserved memory   | 661504 KiB | 661504 KiB | 661504 KiB |      0 B   |
|       from large pool | 657408 KiB | 657408 KiB | 657408 KiB |      0 B   |
|       from small pool |   4096 KiB |   4096 KiB |   4096 KiB |      0 B   |
|---------------------------------------------------------------------------|
| Non-releasable memory |  26157 KiB | 146568 KiB | 587226 MiB | 587200 MiB |
|       from large pool |  24448 KiB | 145305 KiB | 382679 MiB | 382655 MiB |
|       from small pool |   1709 KiB |   3347 KiB | 204547 MiB | 204545 MiB |
|---------------------------------------------------------------------------|
| Allocations           |      29    |      54    |    2201 K  |    2201 K  |
|       from large pool |       8    |      26    |      82 K  |      82 K  |
|       from small pool |      21    |      39    |    2119 K  |    2119 K  |
|---------------------------------------------------------------------------|
| Active allocs         |      29    |      54    |    2201 K  |    2201 K  |
|       from large pool |       8    |      26    |      82 K  |      82 K  |
|       from small pool |      21    |      39    |    2119 K  |    2119 K  |
|---------------------------------------------------------------------------|
| GPU reserved segments |      22    |      22    |      22    |       0    |
|       from large pool |      20    |      20    |      20    |       0    |
|       from small pool |       2    |       2    |       2    |       0    |
|---------------------------------------------------------------------------|
| Non-releasable allocs |      13    |      23    |     941 K  |     941 K  |
|       from large pool |       3    |      15    |      48 K  |      48 K  |
|       from small pool |      10    |      17    |     892 K  |     892 K  |
|---------------------------------------------------------------------------|
| Oversize allocations  |       0    |       0    |       0    |       0    |
|---------------------------------------------------------------------------|
| Oversize GPU segments |       0    |       0    |       0    |       0    |
|===========================================================================|

|===========================================================================|
|                  PyTorch CUDA memory summary, device ID 0                 |
|---------------------------------------------------------------------------|
|            CUDA OOMs: 0            |        cudaMalloc retries: 0         |
|===========================================================================|
|        Metric         | Cur Usage  | Peak Usage | Tot Alloc  | Tot Freed  |
|---------------------------------------------------------------------------|
| Allocated memory      |  36557 KiB | 378773 KiB | 769552 MiB | 769517 MiB |
|       from large pool |  36218 KiB | 377727 KiB | 654664 MiB | 654628 MiB |
|       from small pool |    338 KiB |   3316 KiB | 114888 MiB | 114888 MiB |
|---------------------------------------------------------------------------|
| Active memory         |  36557 KiB | 378773 KiB | 769552 MiB | 769517 MiB |
|       from large pool |  36218 KiB | 377727 KiB | 654664 MiB | 654628 MiB |
|       from small pool |    338 KiB |   3316 KiB | 114888 MiB | 114888 MiB |
|---------------------------------------------------------------------------|
| Requested memory      |  36553 KiB | 378079 KiB | 766101 MiB | 766065 MiB |
|       from large pool |  36217 KiB | 377036 KiB | 651990 MiB | 651955 MiB |
|       from small pool |    336 KiB |   3313 KiB | 114110 MiB | 114110 MiB |
|---------------------------------------------------------------------------|
| GPU reserved memory   | 661504 KiB | 661504 KiB | 661504 KiB |      0 B   |
|       from large pool | 657408 KiB | 657408 KiB | 657408 KiB |      0 B   |
|       from small pool |   4096 KiB |   4096 KiB |   4096 KiB |      0 B   |
|---------------------------------------------------------------------------|
| Non-releasable memory |  26931 KiB | 146568 KiB | 639769 MiB | 639743 MiB |
|       from large pool |  25221 KiB | 145305 KiB | 418501 MiB | 418476 MiB |
|       from small pool |   1709 KiB |   3347 KiB | 221268 MiB | 221266 MiB |
|---------------------------------------------------------------------------|
| Allocations           |      29    |      54    |    2768 K  |    2768 K  |
|       from large pool |       8    |      26    |      89 K  |      89 K  |
|       from small pool |      21    |      39    |    2678 K  |    2678 K  |
|---------------------------------------------------------------------------|
| Active allocs         |      29    |      54    |    2768 K  |    2768 K  |
|       from large pool |       8    |      26    |      89 K  |      89 K  |
|       from small pool |      21    |      39    |    2678 K  |    2678 K  |
|---------------------------------------------------------------------------|
| GPU reserved segments |      22    |      22    |      22    |       0    |
|       from large pool |      20    |      20    |      20    |       0    |
|       from small pool |       2    |       2    |       2    |       0    |
|---------------------------------------------------------------------------|
| Non-releasable allocs |      15    |      23    |    1114 K  |    1114 K  |
|       from large pool |       5    |      15    |      54 K  |      54 K  |
|       from small pool |      10    |      17    |    1060 K  |    1060 K  |
|---------------------------------------------------------------------------|
| Oversize allocations  |       0    |       0    |       0    |       0    |
|---------------------------------------------------------------------------|
| Oversize GPU segments |       0    |       0    |       0    |       0    |
|===========================================================================|

|===========================================================================|
|                  PyTorch CUDA memory summary, device ID 0                 |
|---------------------------------------------------------------------------|
|            CUDA OOMs: 0            |        cudaMalloc retries: 0         |
|===========================================================================|
|        Metric         | Cur Usage  | Peak Usage | Tot Alloc  | Tot Freed  |
|---------------------------------------------------------------------------|
| Allocated memory      |  37436 KiB | 378773 KiB |    806 GiB |    806 GiB |
|       from large pool |  37098 KiB | 377727 KiB |    678 GiB |    678 GiB |
|       from small pool |    338 KiB |   3316 KiB |    127 GiB |    127 GiB |
|---------------------------------------------------------------------------|
| Active memory         |  37436 KiB | 378773 KiB |    806 GiB |    806 GiB |
|       from large pool |  37098 KiB | 377727 KiB |    678 GiB |    678 GiB |
|       from small pool |    338 KiB |   3316 KiB |    127 GiB |    127 GiB |
|---------------------------------------------------------------------------|
| Requested memory      |  37044 KiB | 378079 KiB |    802 GiB |    802 GiB |
|       from large pool |  36708 KiB | 377036 KiB |    676 GiB |    675 GiB |
|       from small pool |    336 KiB |   3313 KiB |    126 GiB |    126 GiB |
|---------------------------------------------------------------------------|
| GPU reserved memory   | 661504 KiB | 661504 KiB | 661504 KiB |      0 B   |
|       from large pool | 657408 KiB | 657408 KiB | 657408 KiB |      0 B   |
|       from small pool |   4096 KiB |   4096 KiB |   4096 KiB |      0 B   |
|---------------------------------------------------------------------------|
| Non-releasable memory |  26051 KiB | 146568 KiB | 690798 MiB | 690773 MiB |
|       from large pool |  24342 KiB | 145305 KiB | 453532 MiB | 453508 MiB |
|       from small pool |   1709 KiB |   3347 KiB | 237266 MiB | 237264 MiB |
|---------------------------------------------------------------------------|
| Allocations           |      29    |      54    |    3333 K  |    3333 K  |
|       from large pool |       8    |      26    |      96 K  |      96 K  |
|       from small pool |      21    |      39    |    3236 K  |    3236 K  |
|---------------------------------------------------------------------------|
| Active allocs         |      29    |      54    |    3333 K  |    3333 K  |
|       from large pool |       8    |      26    |      96 K  |      96 K  |
|       from small pool |      21    |      39    |    3236 K  |    3236 K  |
|---------------------------------------------------------------------------|
| GPU reserved segments |      22    |      22    |      22    |       0    |
|       from large pool |      20    |      20    |      20    |       0    |
|       from small pool |       2    |       2    |       2    |       0    |
|---------------------------------------------------------------------------|
| Non-releasable allocs |      13    |      23    |    1272 K  |    1272 K  |
|       from large pool |       4    |      15    |      58 K  |      58 K  |
|       from small pool |       9    |      17    |    1214 K  |    1214 K  |
|---------------------------------------------------------------------------|
| Oversize allocations  |       0    |       0    |       0    |       0    |
|---------------------------------------------------------------------------|
| Oversize GPU segments |       0    |       0    |       0    |       0    |
|===========================================================================|

|===========================================================================|
|                  PyTorch CUDA memory summary, device ID 0                 |
|---------------------------------------------------------------------------|
|            CUDA OOMs: 0            |        cudaMalloc retries: 0         |
|===========================================================================|
|        Metric         | Cur Usage  | Peak Usage | Tot Alloc  | Tot Freed  |
|---------------------------------------------------------------------------|
| Allocated memory      |  37887 KiB | 378773 KiB |    864 GiB |    864 GiB |
|       from large pool |  37549 KiB | 377727 KiB |    716 GiB |    716 GiB |
|       from small pool |    338 KiB |   3316 KiB |    148 GiB |    148 GiB |
|---------------------------------------------------------------------------|
| Active memory         |  37887 KiB | 378773 KiB |    864 GiB |    864 GiB |
|       from large pool |  37549 KiB | 377727 KiB |    716 GiB |    716 GiB |
|       from small pool |    338 KiB |   3316 KiB |    148 GiB |    148 GiB |
|---------------------------------------------------------------------------|
| Requested memory      |  37026 KiB | 378079 KiB |    860 GiB |    860 GiB |
|       from large pool |  36690 KiB | 377036 KiB |    713 GiB |    713 GiB |
|       from small pool |    336 KiB |   3313 KiB |    147 GiB |    147 GiB |
|---------------------------------------------------------------------------|
| GPU reserved memory   | 661504 KiB | 661504 KiB | 661504 KiB |      0 B   |
|       from large pool | 657408 KiB | 657408 KiB | 657408 KiB |      0 B   |
|       from small pool |   4096 KiB |   4096 KiB |   4096 KiB |      0 B   |
|---------------------------------------------------------------------------|
| Non-releasable memory |  25600 KiB | 146568 KiB | 743448 MiB | 743423 MiB |
|       from large pool |  23891 KiB | 145305 KiB | 485094 MiB | 485071 MiB |
|       from small pool |   1709 KiB |   3347 KiB | 258353 MiB | 258351 MiB |
|---------------------------------------------------------------------------|
| Allocations           |      29    |      54    |    3931 K  |    3931 K  |
|       from large pool |       8    |      26    |     103 K  |     103 K  |
|       from small pool |      21    |      39    |    3828 K  |    3828 K  |
|---------------------------------------------------------------------------|
| Active allocs         |      29    |      54    |    3931 K  |    3931 K  |
|       from large pool |       8    |      26    |     103 K  |     103 K  |
|       from small pool |      21    |      39    |    3828 K  |    3828 K  |
|---------------------------------------------------------------------------|
| GPU reserved segments |      22    |      22    |      22    |       0    |
|       from large pool |      20    |      20    |      20    |       0    |
|       from small pool |       2    |       2    |       2    |       0    |
|---------------------------------------------------------------------------|
| Non-releasable allocs |      13    |      23    |    1442 K  |    1442 K  |
|       from large pool |       4    |      15    |      61 K  |      61 K  |
|       from small pool |       9    |      17    |    1380 K  |    1380 K  |
|---------------------------------------------------------------------------|
| Oversize allocations  |       0    |       0    |       0    |       0    |
|---------------------------------------------------------------------------|
| Oversize GPU segments |       0    |       0    |       0    |       0    |
|===========================================================================|

|===========================================================================|
|                  PyTorch CUDA memory summary, device ID 0                 |
|---------------------------------------------------------------------------|
|            CUDA OOMs: 0            |        cudaMalloc retries: 0         |
|===========================================================================|
|        Metric         | Cur Usage  | Peak Usage | Tot Alloc  | Tot Freed  |
|---------------------------------------------------------------------------|
| Allocated memory      |  36237 KiB | 378773 KiB |    933 GiB |    933 GiB |
|       from large pool |  35515 KiB | 377727 KiB |    763 GiB |    763 GiB |
|       from small pool |    721 KiB |   3316 KiB |    169 GiB |    169 GiB |
|---------------------------------------------------------------------------|
| Active memory         |  36237 KiB | 378773 KiB |    933 GiB |    933 GiB |
|       from large pool |  35515 KiB | 377727 KiB |    763 GiB |    763 GiB |
|       from small pool |    721 KiB |   3316 KiB |    169 GiB |    169 GiB |
|---------------------------------------------------------------------------|
| Requested memory      |  36234 KiB | 378079 KiB |    929 GiB |    929 GiB |
|       from large pool |  35515 KiB | 377036 KiB |    760 GiB |    760 GiB |
|       from small pool |    719 KiB |   3313 KiB |    168 GiB |    168 GiB |
|---------------------------------------------------------------------------|
| GPU reserved memory   | 661504 KiB | 661504 KiB | 661504 KiB |      0 B   |
|       from large pool | 657408 KiB | 657408 KiB | 657408 KiB |      0 B   |
|       from small pool |   4096 KiB |   4096 KiB |   4096 KiB |      0 B   |
|---------------------------------------------------------------------------|
| Non-releasable memory |  27251 KiB | 146568 KiB |    788 GiB |    787 GiB |
|       from large pool |  25924 KiB | 145305 KiB |    514 GiB |    514 GiB |
|       from small pool |   1326 KiB |   3347 KiB |    273 GiB |    273 GiB |
|---------------------------------------------------------------------------|
| Allocations           |      29    |      54    |    4588 K  |    4588 K  |
|       from large pool |       7    |      26    |     111 K  |     111 K  |
|       from small pool |      22    |      39    |    4477 K  |    4477 K  |
|---------------------------------------------------------------------------|
| Active allocs         |      29    |      54    |    4588 K  |    4588 K  |
|       from large pool |       7    |      26    |     111 K  |     111 K  |
|       from small pool |      22    |      39    |    4477 K  |    4477 K  |
|---------------------------------------------------------------------------|
| GPU reserved segments |      22    |      22    |      22    |       0    |
|       from large pool |      20    |      20    |      20    |       0    |
|       from small pool |       2    |       2    |       2    |       0    |
|---------------------------------------------------------------------------|
| Non-releasable allocs |      14    |      23    |    1638 K  |    1638 K  |
|       from large pool |       4    |      15    |      67 K  |      67 K  |
|       from small pool |      10    |      17    |    1570 K  |    1570 K  |
|---------------------------------------------------------------------------|
| Oversize allocations  |       0    |       0    |       0    |       0    |
|---------------------------------------------------------------------------|
| Oversize GPU segments |       0    |       0    |       0    |       0    |
|===========================================================================|

|===========================================================================|
|                  PyTorch CUDA memory summary, device ID 0                 |
|---------------------------------------------------------------------------|
|            CUDA OOMs: 0            |        cudaMalloc retries: 0         |
|===========================================================================|
|        Metric         | Cur Usage  | Peak Usage | Tot Alloc  | Tot Freed  |
|---------------------------------------------------------------------------|
| Allocated memory      |  36193 KiB | 378773 KiB |    986 GiB |    986 GiB |
|       from large pool |  35632 KiB | 377727 KiB |    807 GiB |    807 GiB |
|       from small pool |    560 KiB |   3699 KiB |    178 GiB |    178 GiB |
|---------------------------------------------------------------------------|
| Active memory         |  36193 KiB | 378773 KiB |    986 GiB |    986 GiB |
|       from large pool |  35632 KiB | 377727 KiB |    807 GiB |    807 GiB |
|       from small pool |    560 KiB |   3699 KiB |    178 GiB |    178 GiB |
|---------------------------------------------------------------------------|
| Requested memory      |  36190 KiB | 378079 KiB |    981 GiB |    981 GiB |
|       from large pool |  35632 KiB | 377036 KiB |    803 GiB |    803 GiB |
|       from small pool |    558 KiB |   3696 KiB |    177 GiB |    177 GiB |
|---------------------------------------------------------------------------|
| GPU reserved memory   | 663552 KiB | 663552 KiB | 663552 KiB |      0 B   |
|       from large pool | 657408 KiB | 657408 KiB | 657408 KiB |      0 B   |
|       from small pool |   6144 KiB |   6144 KiB |   6144 KiB |      0 B   |
|---------------------------------------------------------------------------|
| Non-releasable memory |  27295 KiB | 146568 KiB |    833 GiB |    833 GiB |
|       from large pool |  25807 KiB | 145305 KiB |    550 GiB |    550 GiB |
|       from small pool |   1487 KiB |   3834 KiB |    283 GiB |    283 GiB |
|---------------------------------------------------------------------------|
| Allocations           |      29    |      54    |    5203 K  |    5203 K  |
|       from large pool |       7    |      26    |     118 K  |     118 K  |
|       from small pool |      22    |      40    |    5085 K  |    5085 K  |
|---------------------------------------------------------------------------|
| Active allocs         |      29    |      54    |    5203 K  |    5203 K  |
|       from large pool |       7    |      26    |     118 K  |     118 K  |
|       from small pool |      22    |      40    |    5085 K  |    5085 K  |
|---------------------------------------------------------------------------|
| GPU reserved segments |      23    |      23    |      23    |       0    |
|       from large pool |      20    |      20    |      20    |       0    |
|       from small pool |       3    |       3    |       3    |       0    |
|---------------------------------------------------------------------------|
| Non-releasable allocs |      12    |      23    |    1815 K  |    1815 K  |
|       from large pool |       4    |      15    |      72 K  |      72 K  |
|       from small pool |       8    |      17    |    1743 K  |    1743 K  |
|---------------------------------------------------------------------------|
| Oversize allocations  |       0    |       0    |       0    |       0    |
|---------------------------------------------------------------------------|
| Oversize GPU segments |       0    |       0    |       0    |       0    |
|===========================================================================|

