|===========================================================================|
|                  PyTorch CUDA memory summary, device ID 0                 |
|---------------------------------------------------------------------------|
|            CUDA OOMs: 0            |        cudaMalloc retries: 0         |
|===========================================================================|
|        Metric         | Cur Usage  | Peak Usage | Tot Alloc  | Tot Freed  |
|---------------------------------------------------------------------------|
| Allocated memory      |  37653 KiB | 378396 KiB |   1252 GiB |   1252 GiB |
|       from large pool |  37314 KiB | 377350 KiB |   1062 GiB |   1062 GiB |
|       from small pool |    338 KiB |   3699 KiB |    190 GiB |    190 GiB |
|---------------------------------------------------------------------------|
| Active memory         |  37653 KiB | 378396 KiB |   1252 GiB |   1252 GiB |
|       from large pool |  37314 KiB | 377350 KiB |   1062 GiB |   1062 GiB |
|       from small pool |    338 KiB |   3699 KiB |    190 GiB |    190 GiB |
|---------------------------------------------------------------------------|
| Requested memory      |  37650 KiB | 378079 KiB |   1245 GiB |   1245 GiB |
|       from large pool |  37314 KiB | 377036 KiB |   1057 GiB |   1057 GiB |
|       from small pool |    336 KiB |   3696 KiB |    188 GiB |    188 GiB |
|---------------------------------------------------------------------------|
| GPU reserved memory   | 659456 KiB | 659456 KiB | 659456 KiB |      0 B   |
|       from large pool | 653312 KiB | 653312 KiB | 653312 KiB |      0 B   |
|       from small pool |   6144 KiB |   6144 KiB |   6144 KiB |      0 B   |
|---------------------------------------------------------------------------|
| Non-releasable memory |  21739 KiB | 109005 KiB | 693203 MiB | 693182 MiB |
|       from large pool |  20029 KiB | 107742 KiB | 447705 MiB | 447686 MiB |
|       from small pool |   1709 KiB |   3834 KiB | 245497 MiB | 245495 MiB |
|---------------------------------------------------------------------------|
| Allocations           |      29    |      54    |    5758 K  |    5758 K  |
|       from large pool |       8    |      26    |     124 K  |     124 K  |
|       from small pool |      21    |      35    |    5634 K  |    5634 K  |
|---------------------------------------------------------------------------|
| Active allocs         |      29    |      54    |    5758 K  |    5758 K  |
|       from large pool |       8    |      26    |     124 K  |     124 K  |
|       from small pool |      21    |      35    |    5634 K  |    5634 K  |
|---------------------------------------------------------------------------|
| GPU reserved segments |      23    |      23    |      23    |       0    |
|       from large pool |      20    |      20    |      20    |       0    |
|       from small pool |       3    |       3    |       3    |       0    |
|---------------------------------------------------------------------------|
| Non-releasable allocs |       8    |      18    |    1793 K  |    1793 K  |
|       from large pool |       4    |      12    |      51 K  |      51 K  |
|       from small pool |       4    |      13    |    1741 K  |    1741 K  |
|---------------------------------------------------------------------------|
| Oversize allocations  |       0    |       0    |       0    |       0    |
|---------------------------------------------------------------------------|
| Oversize GPU segments |       0    |       0    |       0    |       0    |
|===========================================================================|

|===========================================================================|
|                  PyTorch CUDA memory summary, device ID 0                 |
|---------------------------------------------------------------------------|
|            CUDA OOMs: 0            |        cudaMalloc retries: 0         |
|===========================================================================|
|        Metric         | Cur Usage  | Peak Usage | Tot Alloc  | Tot Freed  |
|---------------------------------------------------------------------------|
| Allocated memory      |  37637 KiB | 378645 KiB |   1367 GiB |   1367 GiB |
|       from large pool |  37298 KiB | 377599 KiB |   1144 GiB |   1144 GiB |
|       from small pool |    338 KiB |   3699 KiB |    223 GiB |    223 GiB |
|---------------------------------------------------------------------------|
| Active memory         |  37637 KiB | 378645 KiB |   1367 GiB |   1367 GiB |
|       from large pool |  37298 KiB | 377599 KiB |   1144 GiB |   1144 GiB |
|       from small pool |    338 KiB |   3699 KiB |    223 GiB |    223 GiB |
|---------------------------------------------------------------------------|
| Requested memory      |  37346 KiB | 378079 KiB |   1360 GiB |   1360 GiB |
|       from large pool |  37010 KiB | 377036 KiB |   1139 GiB |   1139 GiB |
|       from small pool |    336 KiB |   3696 KiB |    221 GiB |    221 GiB |
|---------------------------------------------------------------------------|
| GPU reserved memory   | 659456 KiB | 659456 KiB | 659456 KiB |      0 B   |
|       from large pool | 653312 KiB | 653312 KiB | 653312 KiB |      0 B   |
|       from small pool |   6144 KiB |   6144 KiB |   6144 KiB |      0 B   |
|---------------------------------------------------------------------------|
| Non-releasable memory |  21755 KiB | 109005 KiB |    824 GiB |    824 GiB |
|       from large pool |  20045 KiB | 107742 KiB |    502 GiB |    502 GiB |
|       from small pool |   1709 KiB |   3834 KiB |    322 GiB |    322 GiB |
|---------------------------------------------------------------------------|
| Allocations           |      29    |      54    |    6419 K  |    6419 K  |
|       from large pool |       8    |      26    |     138 K  |     138 K  |
|       from small pool |      21    |      35    |    6280 K  |    6280 K  |
|---------------------------------------------------------------------------|
| Active allocs         |      29    |      54    |    6419 K  |    6419 K  |
|       from large pool |       8    |      26    |     138 K  |     138 K  |
|       from small pool |      21    |      35    |    6280 K  |    6280 K  |
|---------------------------------------------------------------------------|
| GPU reserved segments |      23    |      23    |      23    |       0    |
|       from large pool |      20    |      20    |      20    |       0    |
|       from small pool |       3    |       3    |       3    |       0    |
|---------------------------------------------------------------------------|
| Non-releasable allocs |      10    |      18    |    2030 K  |    2030 K  |
|       from large pool |       4    |      12    |      62 K  |      61 K  |
|       from small pool |       6    |      13    |    1968 K  |    1968 K  |
|---------------------------------------------------------------------------|
| Oversize allocations  |       0    |       0    |       0    |       0    |
|---------------------------------------------------------------------------|
| Oversize GPU segments |       0    |       0    |       0    |       0    |
|===========================================================================|

|===========================================================================|
|                  PyTorch CUDA memory summary, device ID 0                 |
|---------------------------------------------------------------------------|
|            CUDA OOMs: 0            |        cudaMalloc retries: 0         |
|===========================================================================|
|        Metric         | Cur Usage  | Peak Usage | Tot Alloc  | Tot Freed  |
|---------------------------------------------------------------------------|
| Allocated memory      |  37618 KiB | 378645 KiB |   1445 GiB |   1445 GiB |
|       from large pool |  37280 KiB | 377599 KiB |   1194 GiB |   1194 GiB |
|       from small pool |    338 KiB |   3699 KiB |    250 GiB |    250 GiB |
|---------------------------------------------------------------------------|
| Active memory         |  37618 KiB | 378645 KiB |   1445 GiB |   1445 GiB |
|       from large pool |  37280 KiB | 377599 KiB |   1194 GiB |   1194 GiB |
|       from small pool |    338 KiB |   3699 KiB |    250 GiB |    250 GiB |
|---------------------------------------------------------------------------|
| Requested memory      |  36771 KiB | 378079 KiB |   1437 GiB |   1437 GiB |
|       from large pool |  36435 KiB | 377036 KiB |   1189 GiB |   1189 GiB |
|       from small pool |    336 KiB |   3696 KiB |    248 GiB |    248 GiB |
|---------------------------------------------------------------------------|
| GPU reserved memory   | 659456 KiB | 659456 KiB | 659456 KiB |      0 B   |
|       from large pool | 653312 KiB | 653312 KiB | 653312 KiB |      0 B   |
|       from small pool |   6144 KiB |   6144 KiB |   6144 KiB |      0 B   |
|---------------------------------------------------------------------------|
| Non-releasable memory |  21773 KiB | 109005 KiB |    887 GiB |    887 GiB |
|       from large pool |  20064 KiB | 107742 KiB |    537 GiB |    537 GiB |
|       from small pool |   1709 KiB |   3834 KiB |    349 GiB |    349 GiB |
|---------------------------------------------------------------------------|
| Allocations           |      29    |      54    |    6983 K  |    6983 K  |
|       from large pool |       8    |      26    |     146 K  |     146 K  |
|       from small pool |      21    |      35    |    6836 K  |    6836 K  |
|---------------------------------------------------------------------------|
| Active allocs         |      29    |      54    |    6983 K  |    6983 K  |
|       from large pool |       8    |      26    |     146 K  |     146 K  |
|       from small pool |      21    |      35    |    6836 K  |    6836 K  |
|---------------------------------------------------------------------------|
| GPU reserved segments |      23    |      23    |      23    |       0    |
|       from large pool |      20    |      20    |      20    |       0    |
|       from small pool |       3    |       3    |       3    |       0    |
|---------------------------------------------------------------------------|
| Non-releasable allocs |       8    |      18    |    2185 K  |    2185 K  |
|       from large pool |       3    |      12    |      67 K  |      67 K  |
|       from small pool |       5    |      13    |    2117 K  |    2117 K  |
|---------------------------------------------------------------------------|
| Oversize allocations  |       0    |       0    |       0    |       0    |
|---------------------------------------------------------------------------|
| Oversize GPU segments |       0    |       0    |       0    |       0    |
|===========================================================================|

|===========================================================================|
|                  PyTorch CUDA memory summary, device ID 0                 |
|---------------------------------------------------------------------------|
|            CUDA OOMs: 0            |        cudaMalloc retries: 0         |
|===========================================================================|
|        Metric         | Cur Usage  | Peak Usage | Tot Alloc  | Tot Freed  |
|---------------------------------------------------------------------------|
| Allocated memory      |  37330 KiB | 378645 KiB |   1514 GiB |   1514 GiB |
|       from large pool |  36992 KiB | 377599 KiB |   1243 GiB |   1243 GiB |
|       from small pool |    338 KiB |   3699 KiB |    270 GiB |    270 GiB |
|---------------------------------------------------------------------------|
| Active memory         |  37330 KiB | 378645 KiB |   1514 GiB |   1514 GiB |
|       from large pool |  36992 KiB | 377599 KiB |   1243 GiB |   1243 GiB |
|       from small pool |    338 KiB |   3699 KiB |    270 GiB |    270 GiB |
|---------------------------------------------------------------------------|
| Requested memory      |  36478 KiB | 378079 KiB |   1506 GiB |   1506 GiB |
|       from large pool |  36142 KiB | 377036 KiB |   1238 GiB |   1238 GiB |
|       from small pool |    336 KiB |   3696 KiB |    268 GiB |    268 GiB |
|---------------------------------------------------------------------------|
| GPU reserved memory   | 659456 KiB | 659456 KiB | 659456 KiB |      0 B   |
|       from large pool | 653312 KiB | 653312 KiB | 653312 KiB |      0 B   |
|       from small pool |   6144 KiB |   6144 KiB |   6144 KiB |      0 B   |
|---------------------------------------------------------------------------|
| Non-releasable memory |   5677 KiB | 109005 KiB |    941 GiB |    941 GiB |
|       from large pool |   3968 KiB | 107742 KiB |    571 GiB |    571 GiB |
|       from small pool |   1709 KiB |   3834 KiB |    370 GiB |    370 GiB |
|---------------------------------------------------------------------------|
| Allocations           |      29    |      54    |    7540 K  |    7540 K  |
|       from large pool |       8    |      26    |     154 K  |     154 K  |
|       from small pool |      21    |      35    |    7385 K  |    7385 K  |
|---------------------------------------------------------------------------|
| Active allocs         |      29    |      54    |    7540 K  |    7540 K  |
|       from large pool |       8    |      26    |     154 K  |     154 K  |
|       from small pool |      21    |      35    |    7385 K  |    7385 K  |
|---------------------------------------------------------------------------|
| GPU reserved segments |      23    |      23    |      23    |       0    |
|       from large pool |      20    |      20    |      20    |       0    |
|       from small pool |       3    |       3    |       3    |       0    |
|---------------------------------------------------------------------------|
| Non-releasable allocs |       6    |      18    |    2370 K  |    2370 K  |
|       from large pool |       1    |      12    |      73 K  |      73 K  |
|       from small pool |       5    |      13    |    2297 K  |    2297 K  |
|---------------------------------------------------------------------------|
| Oversize allocations  |       0    |       0    |       0    |       0    |
|---------------------------------------------------------------------------|
| Oversize GPU segments |       0    |       0    |       0    |       0    |
|===========================================================================|

|===========================================================================|
|                  PyTorch CUDA memory summary, device ID 0                 |
|---------------------------------------------------------------------------|
|            CUDA OOMs: 0            |        cudaMalloc retries: 0         |
|===========================================================================|
|        Metric         | Cur Usage  | Peak Usage | Tot Alloc  | Tot Freed  |
|---------------------------------------------------------------------------|
| Allocated memory      |  36557 KiB | 378645 KiB |   1588 GiB |   1588 GiB |
|       from large pool |  36218 KiB | 377599 KiB |   1300 GiB |   1300 GiB |
|       from small pool |    338 KiB |   3699 KiB |    288 GiB |    288 GiB |
|---------------------------------------------------------------------------|
| Active memory         |  36557 KiB | 378645 KiB |   1588 GiB |   1588 GiB |
|       from large pool |  36218 KiB | 377599 KiB |   1300 GiB |   1300 GiB |
|       from small pool |    338 KiB |   3699 KiB |    288 GiB |    288 GiB |
|---------------------------------------------------------------------------|
| Requested memory      |  36553 KiB | 378079 KiB |   1580 GiB |   1580 GiB |
|       from large pool |  36217 KiB | 377036 KiB |   1294 GiB |   1294 GiB |
|       from small pool |    336 KiB |   3696 KiB |    286 GiB |    286 GiB |
|---------------------------------------------------------------------------|
| GPU reserved memory   | 659456 KiB | 659456 KiB | 659456 KiB |      0 B   |
|       from large pool | 653312 KiB | 653312 KiB | 653312 KiB |      0 B   |
|       from small pool |   6144 KiB |   6144 KiB |   6144 KiB |      0 B   |
|---------------------------------------------------------------------------|
| Non-releasable memory |  22835 KiB | 109005 KiB |    993 GiB |    993 GiB |
|       from large pool |  21125 KiB | 107742 KiB |    606 GiB |    606 GiB |
|       from small pool |   1709 KiB |   3834 KiB |    387 GiB |    387 GiB |
|---------------------------------------------------------------------------|
| Allocations           |      29    |      54    |    8124 K  |    8124 K  |
|       from large pool |       8    |      26    |     162 K  |     162 K  |
|       from small pool |      21    |      35    |    7962 K  |    7962 K  |
|---------------------------------------------------------------------------|
| Active allocs         |      29    |      54    |    8124 K  |    8124 K  |
|       from large pool |       8    |      26    |     162 K  |     162 K  |
|       from small pool |      21    |      35    |    7962 K  |    7962 K  |
|---------------------------------------------------------------------------|
| GPU reserved segments |      23    |      23    |      23    |       0    |
|       from large pool |      20    |      20    |      20    |       0    |
|       from small pool |       3    |       3    |       3    |       0    |
|---------------------------------------------------------------------------|
| Non-releasable allocs |       9    |      18    |    2532 K  |    2532 K  |
|       from large pool |       5    |      12    |      79 K  |      79 K  |
|       from small pool |       4    |      13    |    2453 K  |    2453 K  |
|---------------------------------------------------------------------------|
| Oversize allocations  |       0    |       0    |       0    |       0    |
|---------------------------------------------------------------------------|
| Oversize GPU segments |       0    |       0    |       0    |       0    |
|===========================================================================|

|===========================================================================|
|                  PyTorch CUDA memory summary, device ID 0                 |
|---------------------------------------------------------------------------|
|            CUDA OOMs: 0            |        cudaMalloc retries: 0         |
|===========================================================================|
|        Metric         | Cur Usage  | Peak Usage | Tot Alloc  | Tot Freed  |
|---------------------------------------------------------------------------|
| Allocated memory      |  37436 KiB | 378645 KiB |   1638 GiB |   1638 GiB |
|       from large pool |  37098 KiB | 377599 KiB |   1335 GiB |   1335 GiB |
|       from small pool |    338 KiB |   3699 KiB |    303 GiB |    303 GiB |
|---------------------------------------------------------------------------|
| Active memory         |  37436 KiB | 378645 KiB |   1638 GiB |   1638 GiB |
|       from large pool |  37098 KiB | 377599 KiB |   1335 GiB |   1335 GiB |
|       from small pool |    338 KiB |   3699 KiB |    303 GiB |    303 GiB |
|---------------------------------------------------------------------------|
| Requested memory      |  37044 KiB | 378079 KiB |   1630 GiB |   1630 GiB |
|       from large pool |  36708 KiB | 377036 KiB |   1329 GiB |   1329 GiB |
|       from small pool |    336 KiB |   3696 KiB |    300 GiB |    300 GiB |
|---------------------------------------------------------------------------|
| GPU reserved memory   | 659456 KiB | 659456 KiB | 659456 KiB |      0 B   |
|       from large pool | 653312 KiB | 653312 KiB | 653312 KiB |      0 B   |
|       from small pool |   6144 KiB |   6144 KiB |   6144 KiB |      0 B   |
|---------------------------------------------------------------------------|
| Non-releasable memory |   5571 KiB | 109005 KiB |   1029 GiB |   1029 GiB |
|       from large pool |   3862 KiB | 107742 KiB |    627 GiB |    627 GiB |
|       from small pool |   1709 KiB |   3834 KiB |    402 GiB |    402 GiB |
|---------------------------------------------------------------------------|
| Allocations           |      29    |      54    |    8667 K  |    8667 K  |
|       from large pool |       8    |      26    |     167 K  |     167 K  |
|       from small pool |      21    |      35    |    8499 K  |    8499 K  |
|---------------------------------------------------------------------------|
| Active allocs         |      29    |      54    |    8667 K  |    8667 K  |
|       from large pool |       8    |      26    |     167 K  |     167 K  |
|       from small pool |      21    |      35    |    8499 K  |    8499 K  |
|---------------------------------------------------------------------------|
| GPU reserved segments |      23    |      23    |      23    |       0    |
|       from large pool |      20    |      20    |      20    |       0    |
|       from small pool |       3    |       3    |       3    |       0    |
|---------------------------------------------------------------------------|
| Non-releasable allocs |       6    |      18    |    2619 K  |    2619 K  |
|       from large pool |       2    |      12    |      82 K  |      82 K  |
|       from small pool |       4    |      13    |    2537 K  |    2537 K  |
|---------------------------------------------------------------------------|
| Oversize allocations  |       0    |       0    |       0    |       0    |
|---------------------------------------------------------------------------|
| Oversize GPU segments |       0    |       0    |       0    |       0    |
|===========================================================================|

|===========================================================================|
|                  PyTorch CUDA memory summary, device ID 0                 |
|---------------------------------------------------------------------------|
|            CUDA OOMs: 0            |        cudaMalloc retries: 0         |
|===========================================================================|
|        Metric         | Cur Usage  | Peak Usage | Tot Alloc  | Tot Freed  |
|---------------------------------------------------------------------------|
| Allocated memory      |  37887 KiB | 378645 KiB |   1698 GiB |   1698 GiB |
|       from large pool |  37549 KiB | 377599 KiB |   1374 GiB |   1374 GiB |
|       from small pool |    338 KiB |   3699 KiB |    323 GiB |    323 GiB |
|---------------------------------------------------------------------------|
| Active memory         |  37887 KiB | 378645 KiB |   1698 GiB |   1698 GiB |
|       from large pool |  37549 KiB | 377599 KiB |   1374 GiB |   1374 GiB |
|       from small pool |    338 KiB |   3699 KiB |    323 GiB |    323 GiB |
|---------------------------------------------------------------------------|
| Requested memory      |  37026 KiB | 378079 KiB |   1689 GiB |   1689 GiB |
|       from large pool |  36690 KiB | 377036 KiB |   1367 GiB |   1367 GiB |
|       from small pool |    336 KiB |   3696 KiB |    321 GiB |    321 GiB |
|---------------------------------------------------------------------------|
| GPU reserved memory   | 659456 KiB | 659456 KiB | 659456 KiB |      0 B   |
|       from large pool | 653312 KiB | 653312 KiB | 653312 KiB |      0 B   |
|       from small pool |   6144 KiB |   6144 KiB |   6144 KiB |      0 B   |
|---------------------------------------------------------------------------|
| Non-releasable memory |  21504 KiB | 109005 KiB |   1073 GiB |   1073 GiB |
|       from large pool |  19795 KiB | 107742 KiB |    650 GiB |    650 GiB |
|       from small pool |   1709 KiB |   3834 KiB |    423 GiB |    423 GiB |
|---------------------------------------------------------------------------|
| Allocations           |      29    |      54    |    9258 K  |    9258 K  |
|       from large pool |       8    |      26    |     173 K  |     173 K  |
|       from small pool |      21    |      35    |    9084 K  |    9084 K  |
|---------------------------------------------------------------------------|
| Active allocs         |      29    |      54    |    9258 K  |    9258 K  |
|       from large pool |       8    |      26    |     173 K  |     173 K  |
|       from small pool |      21    |      35    |    9084 K  |    9084 K  |
|---------------------------------------------------------------------------|
| GPU reserved segments |      23    |      23    |      23    |       0    |
|       from large pool |      20    |      20    |      20    |       0    |
|       from small pool |       3    |       3    |       3    |       0    |
|---------------------------------------------------------------------------|
| Non-releasable allocs |       7    |      18    |    2776 K  |    2776 K  |
|       from large pool |       4    |      12    |      86 K  |      86 K  |
|       from small pool |       3    |      13    |    2689 K  |    2689 K  |
|---------------------------------------------------------------------------|
| Oversize allocations  |       0    |       0    |       0    |       0    |
|---------------------------------------------------------------------------|
| Oversize GPU segments |       0    |       0    |       0    |       0    |
|===========================================================================|

|===========================================================================|
|                  PyTorch CUDA memory summary, device ID 0                 |
|---------------------------------------------------------------------------|
|            CUDA OOMs: 0            |        cudaMalloc retries: 0         |
|===========================================================================|
|        Metric         | Cur Usage  | Peak Usage | Tot Alloc  | Tot Freed  |
|---------------------------------------------------------------------------|
| Allocated memory      |  36525 KiB | 378645 KiB |   1788 GiB |   1788 GiB |
|       from large pool |  35803 KiB | 377599 KiB |   1440 GiB |   1440 GiB |
|       from small pool |    721 KiB |   3699 KiB |    347 GiB |    347 GiB |
|---------------------------------------------------------------------------|
| Active memory         |  36525 KiB | 378645 KiB |   1788 GiB |   1788 GiB |
|       from large pool |  35803 KiB | 377599 KiB |   1440 GiB |   1440 GiB |
|       from small pool |    721 KiB |   3699 KiB |    347 GiB |    347 GiB |
|---------------------------------------------------------------------------|
| Requested memory      |  36234 KiB | 378079 KiB |   1778 GiB |   1778 GiB |
|       from large pool |  35515 KiB | 377036 KiB |   1434 GiB |   1434 GiB |
|       from small pool |    719 KiB |   3696 KiB |    344 GiB |    344 GiB |
|---------------------------------------------------------------------------|
| GPU reserved memory   | 659456 KiB | 659456 KiB | 659456 KiB |      0 B   |
|       from large pool | 653312 KiB | 653312 KiB | 653312 KiB |      0 B   |
|       from small pool |   6144 KiB |   6144 KiB |   6144 KiB |      0 B   |
|---------------------------------------------------------------------------|
| Non-releasable memory |  22867 KiB | 109005 KiB |   1142 GiB |   1142 GiB |
|       from large pool |  21540 KiB | 107742 KiB |    695 GiB |    695 GiB |
|       from small pool |   1326 KiB |   3834 KiB |    446 GiB |    446 GiB |
|---------------------------------------------------------------------------|
| Allocations           |      29    |      54    |    9948 K  |    9948 K  |
|       from large pool |       7    |      26    |     183 K  |     183 K  |
|       from small pool |      22    |      35    |    9765 K  |    9765 K  |
|---------------------------------------------------------------------------|
| Active allocs         |      29    |      54    |    9948 K  |    9948 K  |
|       from large pool |       7    |      26    |     183 K  |     183 K  |
|       from small pool |      22    |      35    |    9765 K  |    9765 K  |
|---------------------------------------------------------------------------|
| GPU reserved segments |      23    |      23    |      23    |       0    |
|       from large pool |      20    |      20    |      20    |       0    |
|       from small pool |       3    |       3    |       3    |       0    |
|---------------------------------------------------------------------------|
| Non-releasable allocs |       9    |      18    |    3045 K  |    3045 K  |
|       from large pool |       4    |      13    |      93 K  |      93 K  |
|       from small pool |       5    |      13    |    2951 K  |    2951 K  |
|---------------------------------------------------------------------------|
| Oversize allocations  |       0    |       0    |       0    |       0    |
|---------------------------------------------------------------------------|
| Oversize GPU segments |       0    |       0    |       0    |       0    |
|===========================================================================|

|===========================================================================|
|                  PyTorch CUDA memory summary, device ID 0                 |
|---------------------------------------------------------------------------|
|            CUDA OOMs: 0            |        cudaMalloc retries: 0         |
|===========================================================================|
|        Metric         | Cur Usage  | Peak Usage | Tot Alloc  | Tot Freed  |
|---------------------------------------------------------------------------|
| Allocated memory      |  36193 KiB | 378645 KiB |   1826 GiB |   1826 GiB |
|       from large pool |  35632 KiB | 377599 KiB |   1471 GiB |   1471 GiB |
|       from small pool |    560 KiB |   3699 KiB |    354 GiB |    354 GiB |
|---------------------------------------------------------------------------|
| Active memory         |  36193 KiB | 378645 KiB |   1826 GiB |   1826 GiB |
|       from large pool |  35632 KiB | 377599 KiB |   1471 GiB |   1471 GiB |
|       from small pool |    560 KiB |   3699 KiB |    354 GiB |    354 GiB |
|---------------------------------------------------------------------------|
| Requested memory      |  36190 KiB | 378079 KiB |   1816 GiB |   1816 GiB |
|       from large pool |  35632 KiB | 377036 KiB |   1464 GiB |   1464 GiB |
|       from small pool |    558 KiB |   3696 KiB |    351 GiB |    351 GiB |
|---------------------------------------------------------------------------|
| GPU reserved memory   | 659456 KiB | 659456 KiB | 659456 KiB |      0 B   |
|       from large pool | 653312 KiB | 653312 KiB | 653312 KiB |      0 B   |
|       from small pool |   6144 KiB |   6144 KiB |   6144 KiB |      0 B   |
|---------------------------------------------------------------------------|
| Non-releasable memory |  23199 KiB | 109005 KiB |   1164 GiB |   1164 GiB |
|       from large pool |  21711 KiB | 107742 KiB |    709 GiB |    709 GiB |
|       from small pool |   1487 KiB |   3834 KiB |    454 GiB |    454 GiB |
|---------------------------------------------------------------------------|
| Allocations           |      29    |      54    |   10526 K  |   10526 K  |
|       from large pool |       7    |      26    |     186 K  |     186 K  |
|       from small pool |      22    |      35    |   10339 K  |   10339 K  |
|---------------------------------------------------------------------------|
| Active allocs         |      29    |      54    |   10526 K  |   10526 K  |
|       from large pool |       7    |      26    |     186 K  |     186 K  |
|       from small pool |      22    |      35    |   10339 K  |   10339 K  |
|---------------------------------------------------------------------------|
| GPU reserved segments |      23    |      23    |      23    |       0    |
|       from large pool |      20    |      20    |      20    |       0    |
|       from small pool |       3    |       3    |       3    |       0    |
|---------------------------------------------------------------------------|
| Non-releasable allocs |      11    |      20    |    3261 K  |    3261 K  |
|       from large pool |       4    |      14    |      96 K  |      96 K  |
|       from small pool |       7    |      13    |    3165 K  |    3165 K  |
|---------------------------------------------------------------------------|
| Oversize allocations  |       0    |       0    |       0    |       0    |
|---------------------------------------------------------------------------|
| Oversize GPU segments |       0    |       0    |       0    |       0    |
|===========================================================================|

