|===========================================================================|
|                  PyTorch CUDA memory summary, device ID 0                 |
|---------------------------------------------------------------------------|
|            CUDA OOMs: 0            |        cudaMalloc retries: 0         |
|===========================================================================|
|        Metric         | Cur Usage  | Peak Usage | Tot Alloc  | Tot Freed  |
|---------------------------------------------------------------------------|
| Allocated memory      |  37653 KiB | 378645 KiB |   1874 GiB |   1874 GiB |
|       from large pool |  37314 KiB | 377599 KiB |   1764 GiB |   1764 GiB |
|       from small pool |    338 KiB |   3699 KiB |    109 GiB |    109 GiB |
|---------------------------------------------------------------------------|
| Active memory         |  37653 KiB | 378645 KiB |   1874 GiB |   1874 GiB |
|       from large pool |  37314 KiB | 377599 KiB |   1764 GiB |   1764 GiB |
|       from small pool |    338 KiB |   3699 KiB |    109 GiB |    109 GiB |
|---------------------------------------------------------------------------|
| Requested memory      |  37650 KiB | 378079 KiB |   1866 GiB |   1866 GiB |
|       from large pool |  37314 KiB | 377036 KiB |   1757 GiB |   1757 GiB |
|       from small pool |    336 KiB |   3696 KiB |    109 GiB |    109 GiB |
|---------------------------------------------------------------------------|
| GPU reserved memory   | 659456 KiB | 659456 KiB | 659456 KiB |      0 B   |
|       from large pool | 653312 KiB | 653312 KiB | 653312 KiB |      0 B   |
|       from small pool |   6144 KiB |   6144 KiB |   6144 KiB |      0 B   |
|---------------------------------------------------------------------------|
| Non-releasable memory |  21739 KiB | 109005 KiB |    810 GiB |    810 GiB |
|       from large pool |  20029 KiB | 107742 KiB |    700 GiB |    700 GiB |
|       from small pool |   1709 KiB |   4213 KiB |    110 GiB |    110 GiB |
|---------------------------------------------------------------------------|
| Allocations           |      29    |      54    |    2472 K  |    2472 K  |
|       from large pool |       8    |      26    |     206 K  |     206 K  |
|       from small pool |      21    |      35    |    2266 K  |    2266 K  |
|---------------------------------------------------------------------------|
| Active allocs         |      29    |      54    |    2472 K  |    2472 K  |
|       from large pool |       8    |      26    |     206 K  |     206 K  |
|       from small pool |      21    |      35    |    2266 K  |    2266 K  |
|---------------------------------------------------------------------------|
| GPU reserved segments |      23    |      23    |      23    |       0    |
|       from large pool |      20    |      20    |      20    |       0    |
|       from small pool |       3    |       3    |       3    |       0    |
|---------------------------------------------------------------------------|
| Non-releasable allocs |      10    |      21    |    1055 K  |    1055 K  |
|       from large pool |       4    |      14    |      98 K  |      98 K  |
|       from small pool |       6    |      15    |     956 K  |     956 K  |
|---------------------------------------------------------------------------|
| Oversize allocations  |       0    |       0    |       0    |       0    |
|---------------------------------------------------------------------------|
| Oversize GPU segments |       0    |       0    |       0    |       0    |
|===========================================================================|

|===========================================================================|
|                  PyTorch CUDA memory summary, device ID 0                 |
|---------------------------------------------------------------------------|
|            CUDA OOMs: 0            |        cudaMalloc retries: 0         |
|===========================================================================|
|        Metric         | Cur Usage  | Peak Usage | Tot Alloc  | Tot Freed  |
|---------------------------------------------------------------------------|
| Allocated memory      |  41529 KiB | 378645 KiB |   1952 GiB |   1952 GiB |
|       from large pool |  41191 KiB | 377599 KiB |   1834 GiB |   1834 GiB |
|       from small pool |    338 KiB |   3699 KiB |    118 GiB |    118 GiB |
|---------------------------------------------------------------------------|
| Active memory         |  41529 KiB | 378645 KiB |   1952 GiB |   1952 GiB |
|       from large pool |  41191 KiB | 377599 KiB |   1834 GiB |   1834 GiB |
|       from small pool |    338 KiB |   3699 KiB |    118 GiB |    118 GiB |
|---------------------------------------------------------------------------|
| Requested memory      |  41526 KiB | 378079 KiB |   1944 GiB |   1944 GiB |
|       from large pool |  41190 KiB | 377036 KiB |   1826 GiB |   1826 GiB |
|       from small pool |    336 KiB |   3696 KiB |    118 GiB |    118 GiB |
|---------------------------------------------------------------------------|
| GPU reserved memory   | 659456 KiB | 659456 KiB | 659456 KiB |      0 B   |
|       from large pool | 653312 KiB | 653312 KiB | 653312 KiB |      0 B   |
|       from small pool |   6144 KiB |   6144 KiB |   6144 KiB |      0 B   |
|---------------------------------------------------------------------------|
| Non-releasable memory |  17862 KiB | 109005 KiB |    884 GiB |    883 GiB |
|       from large pool |  16153 KiB | 107742 KiB |    764 GiB |    764 GiB |
|       from small pool |   1709 KiB |   4213 KiB |    119 GiB |    119 GiB |
|---------------------------------------------------------------------------|
| Allocations           |      30    |      54    |    2682 K  |    2682 K  |
|       from large pool |       9    |      26    |     220 K  |     220 K  |
|       from small pool |      21    |      35    |    2461 K  |    2461 K  |
|---------------------------------------------------------------------------|
| Active allocs         |      30    |      54    |    2682 K  |    2682 K  |
|       from large pool |       9    |      26    |     220 K  |     220 K  |
|       from small pool |      21    |      35    |    2461 K  |    2461 K  |
|---------------------------------------------------------------------------|
| GPU reserved segments |      23    |      23    |      23    |       0    |
|       from large pool |      20    |      20    |      20    |       0    |
|       from small pool |       3    |       3    |       3    |       0    |
|---------------------------------------------------------------------------|
| Non-releasable allocs |       8    |      21    |    1140 K  |    1140 K  |
|       from large pool |       3    |      14    |     107 K  |     107 K  |
|       from small pool |       5    |      15    |    1033 K  |    1033 K  |
|---------------------------------------------------------------------------|
| Oversize allocations  |       0    |       0    |       0    |       0    |
|---------------------------------------------------------------------------|
| Oversize GPU segments |       0    |       0    |       0    |       0    |
|===========================================================================|

|===========================================================================|
|                  PyTorch CUDA memory summary, device ID 0                 |
|---------------------------------------------------------------------------|
|            CUDA OOMs: 0            |        cudaMalloc retries: 0         |
|===========================================================================|
|        Metric         | Cur Usage  | Peak Usage | Tot Alloc  | Tot Freed  |
|---------------------------------------------------------------------------|
| Allocated memory      |  45691 KiB | 378645 KiB |   2024 GiB |   2024 GiB |
|       from large pool |  45352 KiB | 377599 KiB |   1897 GiB |   1897 GiB |
|       from small pool |    338 KiB |   3699 KiB |    126 GiB |    126 GiB |
|---------------------------------------------------------------------------|
| Active memory         |  45691 KiB | 378645 KiB |   2024 GiB |   2024 GiB |
|       from large pool |  45352 KiB | 377599 KiB |   1897 GiB |   1897 GiB |
|       from small pool |    338 KiB |   3699 KiB |    126 GiB |    126 GiB |
|---------------------------------------------------------------------------|
| Requested memory      |  45131 KiB | 378079 KiB |   2014 GiB |   2014 GiB |
|       from large pool |  44795 KiB | 377036 KiB |   1888 GiB |   1888 GiB |
|       from small pool |    336 KiB |   3696 KiB |    125 GiB |    125 GiB |
|---------------------------------------------------------------------------|
| GPU reserved memory   | 659456 KiB | 659456 KiB | 659456 KiB |      0 B   |
|       from large pool | 653312 KiB | 653312 KiB | 653312 KiB |      0 B   |
|       from small pool |   6144 KiB |   6144 KiB |   6144 KiB |      0 B   |
|---------------------------------------------------------------------------|
| Non-releasable memory |  13701 KiB | 109005 KiB |    950 GiB |    950 GiB |
|       from large pool |  11991 KiB | 107742 KiB |    823 GiB |    823 GiB |
|       from small pool |   1709 KiB |   4213 KiB |    127 GiB |    127 GiB |
|---------------------------------------------------------------------------|
| Allocations           |      30    |      54    |    2846 K  |    2846 K  |
|       from large pool |       9    |      26    |     233 K  |     233 K  |
|       from small pool |      21    |      35    |    2613 K  |    2613 K  |
|---------------------------------------------------------------------------|
| Active allocs         |      30    |      54    |    2846 K  |    2846 K  |
|       from large pool |       9    |      26    |     233 K  |     233 K  |
|       from small pool |      21    |      35    |    2613 K  |    2613 K  |
|---------------------------------------------------------------------------|
| GPU reserved segments |      23    |      23    |      23    |       0    |
|       from large pool |      20    |      20    |      20    |       0    |
|       from small pool |       3    |       3    |       3    |       0    |
|---------------------------------------------------------------------------|
| Non-releasable allocs |       9    |      21    |    1210 K  |    1210 K  |
|       from large pool |       3    |      14    |     115 K  |     115 K  |
|       from small pool |       6    |      15    |    1095 K  |    1095 K  |
|---------------------------------------------------------------------------|
| Oversize allocations  |       0    |       0    |       0    |       0    |
|---------------------------------------------------------------------------|
| Oversize GPU segments |       0    |       0    |       0    |       0    |
|===========================================================================|

|===========================================================================|
|                  PyTorch CUDA memory summary, device ID 0                 |
|---------------------------------------------------------------------------|
|            CUDA OOMs: 0            |        cudaMalloc retries: 0         |
|===========================================================================|
|        Metric         | Cur Usage  | Peak Usage | Tot Alloc  | Tot Freed  |
|---------------------------------------------------------------------------|
| Allocated memory      |  49871 KiB | 378645 KiB |   2082 GiB |   2081 GiB |
|       from large pool |  49532 KiB | 377599 KiB |   1950 GiB |   1949 GiB |
|       from small pool |    338 KiB |   3699 KiB |    131 GiB |    131 GiB |
|---------------------------------------------------------------------------|
| Active memory         |  49871 KiB | 378645 KiB |   2082 GiB |   2081 GiB |
|       from large pool |  49532 KiB | 377599 KiB |   1950 GiB |   1949 GiB |
|       from small pool |    338 KiB |   3699 KiB |    131 GiB |    131 GiB |
|---------------------------------------------------------------------------|
| Requested memory      |  49018 KiB | 378079 KiB |   2071 GiB |   2071 GiB |
|       from large pool |  48682 KiB | 377036 KiB |   1940 GiB |   1940 GiB |
|       from small pool |    336 KiB |   3696 KiB |    131 GiB |    131 GiB |
|---------------------------------------------------------------------------|
| GPU reserved memory   | 659456 KiB | 659456 KiB | 659456 KiB |      0 B   |
|       from large pool | 653312 KiB | 653312 KiB | 653312 KiB |      0 B   |
|       from small pool |   6144 KiB |   6144 KiB |   6144 KiB |      0 B   |
|---------------------------------------------------------------------------|
| Non-releasable memory |  25905 KiB | 109005 KiB |   1004 GiB |   1004 GiB |
|       from large pool |  24195 KiB | 107742 KiB |    871 GiB |    871 GiB |
|       from small pool |   1709 KiB |   4213 KiB |    132 GiB |    132 GiB |
|---------------------------------------------------------------------------|
| Allocations           |      30    |      54    |    2950 K  |    2950 K  |
|       from large pool |       9    |      26    |     243 K  |     243 K  |
|       from small pool |      21    |      35    |    2706 K  |    2706 K  |
|---------------------------------------------------------------------------|
| Active allocs         |      30    |      54    |    2950 K  |    2950 K  |
|       from large pool |       9    |      26    |     243 K  |     243 K  |
|       from small pool |      21    |      35    |    2706 K  |    2706 K  |
|---------------------------------------------------------------------------|
| GPU reserved segments |      23    |      23    |      23    |       0    |
|       from large pool |      20    |      20    |      20    |       0    |
|       from small pool |       3    |       3    |       3    |       0    |
|---------------------------------------------------------------------------|
| Non-releasable allocs |      10    |      21    |    1261 K  |    1261 K  |
|       from large pool |       4    |      14    |     122 K  |     122 K  |
|       from small pool |       6    |      15    |    1138 K  |    1138 K  |
|---------------------------------------------------------------------------|
| Oversize allocations  |       0    |       0    |       0    |       0    |
|---------------------------------------------------------------------------|
| Oversize GPU segments |       0    |       0    |       0    |       0    |
|===========================================================================|

|===========================================================================|
|                  PyTorch CUDA memory summary, device ID 0                 |
|---------------------------------------------------------------------------|
|            CUDA OOMs: 0            |        cudaMalloc retries: 0         |
|===========================================================================|
|        Metric         | Cur Usage  | Peak Usage | Tot Alloc  | Tot Freed  |
|---------------------------------------------------------------------------|
| Allocated memory      |  53934 KiB | 378645 KiB |   2159 GiB |   2159 GiB |
|       from large pool |  53596 KiB | 377599 KiB |   2020 GiB |   2020 GiB |
|       from small pool |    338 KiB |   3699 KiB |    138 GiB |    138 GiB |
|---------------------------------------------------------------------------|
| Active memory         |  53934 KiB | 378645 KiB |   2159 GiB |   2159 GiB |
|       from large pool |  53596 KiB | 377599 KiB |   2020 GiB |   2020 GiB |
|       from small pool |    338 KiB |   3699 KiB |    138 GiB |    138 GiB |
|---------------------------------------------------------------------------|
| Requested memory      |  53273 KiB | 378079 KiB |   2148 GiB |   2148 GiB |
|       from large pool |  52937 KiB | 377036 KiB |   2010 GiB |   2010 GiB |
|       from small pool |    336 KiB |   3696 KiB |    138 GiB |    138 GiB |
|---------------------------------------------------------------------------|
| GPU reserved memory   | 659456 KiB | 659456 KiB | 659456 KiB |      0 B   |
|       from large pool | 653312 KiB | 653312 KiB | 653312 KiB |      0 B   |
|       from small pool |   6144 KiB |   6144 KiB |   6144 KiB |      0 B   |
|---------------------------------------------------------------------------|
| Non-releasable memory |  23889 KiB | 109005 KiB |   1078 GiB |   1078 GiB |
|       from large pool |  22180 KiB | 107742 KiB |    939 GiB |    939 GiB |
|       from small pool |   1709 KiB |   4213 KiB |    139 GiB |    139 GiB |
|---------------------------------------------------------------------------|
| Allocations           |      30    |      54    |    3068 K  |    3068 K  |
|       from large pool |       9    |      26    |     258 K  |     258 K  |
|       from small pool |      21    |      35    |    2810 K  |    2809 K  |
|---------------------------------------------------------------------------|
| Active allocs         |      30    |      54    |    3068 K  |    3068 K  |
|       from large pool |       9    |      26    |     258 K  |     258 K  |
|       from small pool |      21    |      35    |    2810 K  |    2809 K  |
|---------------------------------------------------------------------------|
| GPU reserved segments |      23    |      23    |      23    |       0    |
|       from large pool |      20    |      20    |      20    |       0    |
|       from small pool |       3    |       3    |       3    |       0    |
|---------------------------------------------------------------------------|
| Non-releasable allocs |       9    |      21    |    1311 K  |    1311 K  |
|       from large pool |       4    |      14    |     132 K  |     132 K  |
|       from small pool |       5    |      15    |    1179 K  |    1179 K  |
|---------------------------------------------------------------------------|
| Oversize allocations  |       0    |       0    |       0    |       0    |
|---------------------------------------------------------------------------|
| Oversize GPU segments |       0    |       0    |       0    |       0    |
|===========================================================================|

|===========================================================================|
|                  PyTorch CUDA memory summary, device ID 0                 |
|---------------------------------------------------------------------------|
|            CUDA OOMs: 0            |        cudaMalloc retries: 0         |
|===========================================================================|
|        Metric         | Cur Usage  | Peak Usage | Tot Alloc  | Tot Freed  |
|---------------------------------------------------------------------------|
| Allocated memory      |  58231 KiB | 378645 KiB |   2224 GiB |   2224 GiB |
|       from large pool |  57892 KiB | 377599 KiB |   2080 GiB |   2080 GiB |
|       from small pool |    338 KiB |   3699 KiB |    144 GiB |    144 GiB |
|---------------------------------------------------------------------------|
| Active memory         |  58231 KiB | 378645 KiB |   2224 GiB |   2224 GiB |
|       from large pool |  57892 KiB | 377599 KiB |   2080 GiB |   2080 GiB |
|       from small pool |    338 KiB |   3699 KiB |    144 GiB |    144 GiB |
|---------------------------------------------------------------------------|
| Requested memory      |  57944 KiB | 378079 KiB |   2213 GiB |   2213 GiB |
|       from large pool |  57608 KiB | 377036 KiB |   2069 GiB |   2069 GiB |
|       from small pool |    336 KiB |   3696 KiB |    143 GiB |    143 GiB |
|---------------------------------------------------------------------------|
| GPU reserved memory   | 659456 KiB | 659456 KiB | 659456 KiB |      0 B   |
|       from large pool | 653312 KiB | 653312 KiB | 653312 KiB |      0 B   |
|       from small pool |   6144 KiB |   6144 KiB |   6144 KiB |      0 B   |
|---------------------------------------------------------------------------|
| Non-releasable memory |  17545 KiB | 109005 KiB |   1144 GiB |   1144 GiB |
|       from large pool |  15835 KiB | 107742 KiB |    999 GiB |    999 GiB |
|       from small pool |   1709 KiB |   4213 KiB |    145 GiB |    145 GiB |
|---------------------------------------------------------------------------|
| Allocations           |      30    |      54    |    3151 K  |    3151 K  |
|       from large pool |       9    |      26    |     270 K  |     270 K  |
|       from small pool |      21    |      35    |    2881 K  |    2881 K  |
|---------------------------------------------------------------------------|
| Active allocs         |      30    |      54    |    3151 K  |    3151 K  |
|       from large pool |       9    |      26    |     270 K  |     270 K  |
|       from small pool |      21    |      35    |    2881 K  |    2881 K  |
|---------------------------------------------------------------------------|
| GPU reserved segments |      23    |      23    |      23    |       0    |
|       from large pool |      20    |      20    |      20    |       0    |
|       from small pool |       3    |       3    |       3    |       0    |
|---------------------------------------------------------------------------|
| Non-releasable allocs |       6    |      21    |    1346 K  |    1346 K  |
|       from large pool |       2    |      14    |     139 K  |     139 K  |
|       from small pool |       4    |      15    |    1206 K  |    1206 K  |
|---------------------------------------------------------------------------|
| Oversize allocations  |       0    |       0    |       0    |       0    |
|---------------------------------------------------------------------------|
| Oversize GPU segments |       0    |       0    |       0    |       0    |
|===========================================================================|

|===========================================================================|
|                  PyTorch CUDA memory summary, device ID 0                 |
|---------------------------------------------------------------------------|
|            CUDA OOMs: 0            |        cudaMalloc retries: 0         |
|===========================================================================|
|        Metric         | Cur Usage  | Peak Usage | Tot Alloc  | Tot Freed  |
|---------------------------------------------------------------------------|
| Allocated memory      |  62110 KiB | 384259 KiB |   2304 GiB |   2304 GiB |
|       from large pool |  61771 KiB | 383190 KiB |   2153 GiB |   2152 GiB |
|       from small pool |    338 KiB |   3699 KiB |    151 GiB |    151 GiB |
|---------------------------------------------------------------------------|
| Active memory         |  62110 KiB | 384259 KiB |   2304 GiB |   2304 GiB |
|       from large pool |  61771 KiB | 383190 KiB |   2153 GiB |   2152 GiB |
|       from small pool |    338 KiB |   3699 KiB |    151 GiB |    151 GiB |
|---------------------------------------------------------------------------|
| Requested memory      |  62106 KiB | 380349 KiB |   2292 GiB |   2291 GiB |
|       from large pool |  61770 KiB | 379283 KiB |   2141 GiB |   2141 GiB |
|       from small pool |    336 KiB |   3696 KiB |    150 GiB |    150 GiB |
|---------------------------------------------------------------------------|
| GPU reserved memory   | 659456 KiB | 659456 KiB | 659456 KiB |      0 B   |
|       from large pool | 653312 KiB | 653312 KiB | 653312 KiB |      0 B   |
|       from small pool |   6144 KiB |   6144 KiB |   6144 KiB |      0 B   |
|---------------------------------------------------------------------------|
| Non-releasable memory |  13666 KiB | 109005 KiB |   1230 GiB |   1230 GiB |
|       from large pool |  11956 KiB | 107742 KiB |   1077 GiB |   1077 GiB |
|       from small pool |   1709 KiB |   4213 KiB |    152 GiB |    152 GiB |
|---------------------------------------------------------------------------|
| Allocations           |      30    |      54    |    3260 K  |    3260 K  |
|       from large pool |       9    |      26    |     285 K  |     285 K  |
|       from small pool |      21    |      35    |    2975 K  |    2975 K  |
|---------------------------------------------------------------------------|
| Active allocs         |      30    |      54    |    3260 K  |    3260 K  |
|       from large pool |       9    |      26    |     285 K  |     285 K  |
|       from small pool |      21    |      35    |    2975 K  |    2975 K  |
|---------------------------------------------------------------------------|
| GPU reserved segments |      23    |      23    |      23    |       0    |
|       from large pool |      20    |      20    |      20    |       0    |
|       from small pool |       3    |       3    |       3    |       0    |
|---------------------------------------------------------------------------|
| Non-releasable allocs |      10    |      21    |    1398 K  |    1398 K  |
|       from large pool |       4    |      14    |     150 K  |     150 K  |
|       from small pool |       6    |      15    |    1248 K  |    1248 K  |
|---------------------------------------------------------------------------|
| Oversize allocations  |       0    |       0    |       0    |       0    |
|---------------------------------------------------------------------------|
| Oversize GPU segments |       0    |       0    |       0    |       0    |
|===========================================================================|

|===========================================================================|
|                  PyTorch CUDA memory summary, device ID 0                 |
|---------------------------------------------------------------------------|
|            CUDA OOMs: 0            |        cudaMalloc retries: 0         |
|===========================================================================|
|        Metric         | Cur Usage  | Peak Usage | Tot Alloc  | Tot Freed  |
|---------------------------------------------------------------------------|
| Allocated memory      |  66513 KiB | 384259 KiB |   2385 GiB |   2385 GiB |
|       from large pool |  65792 KiB | 383190 KiB |   2226 GiB |   2226 GiB |
|       from small pool |    721 KiB |   3699 KiB |    158 GiB |    158 GiB |
|---------------------------------------------------------------------------|
| Active memory         |  66513 KiB | 384259 KiB |   2385 GiB |   2385 GiB |
|       from large pool |  65792 KiB | 383190 KiB |   2226 GiB |   2226 GiB |
|       from small pool |    721 KiB |   3699 KiB |    158 GiB |    158 GiB |
|---------------------------------------------------------------------------|
| Requested memory      |  65494 KiB | 380349 KiB |   2372 GiB |   2372 GiB |
|       from large pool |  64775 KiB | 379283 KiB |   2214 GiB |   2214 GiB |
|       from small pool |    719 KiB |   3696 KiB |    157 GiB |    157 GiB |
|---------------------------------------------------------------------------|
| GPU reserved memory   | 659456 KiB | 659456 KiB | 659456 KiB |      0 B   |
|       from large pool | 653312 KiB | 653312 KiB | 653312 KiB |      0 B   |
|       from small pool |   6144 KiB |   6144 KiB |   6144 KiB |      0 B   |
|---------------------------------------------------------------------------|
| Non-releasable memory |  25646 KiB | 109005 KiB |   1312 GiB |   1312 GiB |
|       from large pool |  24320 KiB | 107742 KiB |   1152 GiB |   1152 GiB |
|       from small pool |   1326 KiB |   4213 KiB |    159 GiB |    159 GiB |
|---------------------------------------------------------------------------|
| Allocations           |      30    |      54    |    3368 K  |    3368 K  |
|       from large pool |       8    |      26    |     300 K  |     300 K  |
|       from small pool |      22    |      35    |    3067 K  |    3067 K  |
|---------------------------------------------------------------------------|
| Active allocs         |      30    |      54    |    3368 K  |    3368 K  |
|       from large pool |       8    |      26    |     300 K  |     300 K  |
|       from small pool |      22    |      35    |    3067 K  |    3067 K  |
|---------------------------------------------------------------------------|
| GPU reserved segments |      23    |      23    |      23    |       0    |
|       from large pool |      20    |      20    |      20    |       0    |
|       from small pool |       3    |       3    |       3    |       0    |
|---------------------------------------------------------------------------|
| Non-releasable allocs |      10    |      21    |    1444 K  |    1444 K  |
|       from large pool |       4    |      14    |     159 K  |     159 K  |
|       from small pool |       6    |      15    |    1284 K  |    1284 K  |
|---------------------------------------------------------------------------|
| Oversize allocations  |       0    |       0    |       0    |       0    |
|---------------------------------------------------------------------------|
| Oversize GPU segments |       0    |       0    |       0    |       0    |
|===========================================================================|

|===========================================================================|
|                  PyTorch CUDA memory summary, device ID 0                 |
|---------------------------------------------------------------------------|
|            CUDA OOMs: 0            |        cudaMalloc retries: 0         |
|===========================================================================|
|        Metric         | Cur Usage  | Peak Usage | Tot Alloc  | Tot Freed  |
|---------------------------------------------------------------------------|
| Allocated memory      |  69633 KiB | 384259 KiB |   2494 GiB |   2494 GiB |
|       from large pool |  69073 KiB | 383190 KiB |   2327 GiB |   2327 GiB |
|       from small pool |    560 KiB |   4017 KiB |    167 GiB |    167 GiB |
|---------------------------------------------------------------------------|
| Active memory         |  69633 KiB | 384259 KiB |   2494 GiB |   2494 GiB |
|       from large pool |  69073 KiB | 383190 KiB |   2327 GiB |   2327 GiB |
|       from small pool |    560 KiB |   4017 KiB |    167 GiB |    167 GiB |
|---------------------------------------------------------------------------|
| Requested memory      |  69630 KiB | 380349 KiB |   2480 GiB |   2480 GiB |
|       from large pool |  69072 KiB | 379283 KiB |   2314 GiB |   2314 GiB |
|       from small pool |    558 KiB |   4012 KiB |    166 GiB |    166 GiB |
|---------------------------------------------------------------------------|
| GPU reserved memory   | 659456 KiB | 659456 KiB | 659456 KiB |      0 B   |
|       from large pool | 653312 KiB | 653312 KiB | 653312 KiB |      0 B   |
|       from small pool |   6144 KiB |   6144 KiB |   6144 KiB |      0 B   |
|---------------------------------------------------------------------------|
| Non-releasable memory |  24574 KiB | 109005 KiB |   1423 GiB |   1423 GiB |
|       from large pool |  23087 KiB | 107742 KiB |   1254 GiB |   1254 GiB |
|       from small pool |   1487 KiB |   4213 KiB |    168 GiB |    168 GiB |
|---------------------------------------------------------------------------|
| Allocations           |      30    |      54    |    3460 K  |    3460 K  |
|       from large pool |       8    |      26    |     321 K  |     321 K  |
|       from small pool |      22    |      35    |    3138 K  |    3138 K  |
|---------------------------------------------------------------------------|
| Active allocs         |      30    |      54    |    3460 K  |    3460 K  |
|       from large pool |       8    |      26    |     321 K  |     321 K  |
|       from small pool |      22    |      35    |    3138 K  |    3138 K  |
|---------------------------------------------------------------------------|
| GPU reserved segments |      23    |      23    |      23    |       0    |
|       from large pool |      20    |      20    |      20    |       0    |
|       from small pool |       3    |       3    |       3    |       0    |
|---------------------------------------------------------------------------|
| Non-releasable allocs |      13    |      21    |    1491 K  |    1491 K  |
|       from large pool |       5    |      14    |     175 K  |     175 K  |
|       from small pool |       8    |      15    |    1315 K  |    1315 K  |
|---------------------------------------------------------------------------|
| Oversize allocations  |       0    |       0    |       0    |       0    |
|---------------------------------------------------------------------------|
| Oversize GPU segments |       0    |       0    |       0    |       0    |
|===========================================================================|

