|===========================================================================|
|                  PyTorch CUDA memory summary, device ID 0                 |
|---------------------------------------------------------------------------|
|            CUDA OOMs: 0            |        cudaMalloc retries: 0         |
|===========================================================================|
|        Metric         | Cur Usage  | Peak Usage | Tot Alloc  | Tot Freed  |
|---------------------------------------------------------------------------|
| Allocated memory      |  37653 KiB | 130076 KiB | 437574 MiB | 437537 MiB |
|       from large pool |  37314 KiB | 129280 KiB | 423446 MiB | 423409 MiB |
|       from small pool |    338 KiB |   3316 KiB |  14128 MiB |  14128 MiB |
|---------------------------------------------------------------------------|
| Active memory         |  37653 KiB | 130076 KiB | 437574 MiB | 437537 MiB |
|       from large pool |  37314 KiB | 129280 KiB | 423446 MiB | 423409 MiB |
|       from small pool |    338 KiB |   3316 KiB |  14128 MiB |  14128 MiB |
|---------------------------------------------------------------------------|
| Requested memory      |  37650 KiB | 130072 KiB | 436070 MiB | 436034 MiB |
|       from large pool |  37314 KiB | 129280 KiB | 422017 MiB | 421981 MiB |
|       from small pool |    336 KiB |   3313 KiB |  14053 MiB |  14052 MiB |
|---------------------------------------------------------------------------|
| GPU reserved memory   | 172032 KiB | 172032 KiB | 172032 KiB |      0 B   |
|       from large pool | 167936 KiB | 167936 KiB | 167936 KiB |      0 B   |
|       from small pool |   4096 KiB |   4096 KiB |   4096 KiB |      0 B   |
|---------------------------------------------------------------------------|
| Non-releasable memory |  44267 KiB |  50406 KiB | 232497 MiB | 232454 MiB |
|       from large pool |  42557 KiB |  48896 KiB | 218364 MiB | 218322 MiB |
|       from small pool |   1709 KiB |   3347 KiB |  14133 MiB |  14131 MiB |
|---------------------------------------------------------------------------|
| Allocations           |      29    |      53    |  366409    |  366380    |
|       from large pool |       8    |      17    |   46199    |   46191    |
|       from small pool |      21    |      39    |  320210    |  320189    |
|---------------------------------------------------------------------------|
| Active allocs         |      29    |      53    |  366409    |  366380    |
|       from large pool |       8    |      17    |   46199    |   46191    |
|       from small pool |      21    |      39    |  320210    |  320189    |
|---------------------------------------------------------------------------|
| GPU reserved segments |      11    |      11    |      11    |       0    |
|       from large pool |       9    |       9    |       9    |       0    |
|       from small pool |       2    |       2    |       2    |       0    |
|---------------------------------------------------------------------------|
| Non-releasable allocs |      13    |      22    |  184901    |  184888    |
|       from large pool |       5    |       7    |   25627    |   25622    |
|       from small pool |       8    |      15    |  159274    |  159266    |
|---------------------------------------------------------------------------|
| Oversize allocations  |       0    |       0    |       0    |       0    |
|---------------------------------------------------------------------------|
| Oversize GPU segments |       0    |       0    |       0    |       0    |
|===========================================================================|

|===========================================================================|
|                  PyTorch CUDA memory summary, device ID 0                 |
|---------------------------------------------------------------------------|
|            CUDA OOMs: 0            |        cudaMalloc retries: 0         |
|===========================================================================|
|        Metric         | Cur Usage  | Peak Usage | Tot Alloc  | Tot Freed  |
|---------------------------------------------------------------------------|
| Allocated memory      |  37349 KiB | 378773 KiB | 532492 MiB | 532456 MiB |
|       from large pool |  37010 KiB | 377727 KiB | 486447 MiB | 486411 MiB |
|       from small pool |    338 KiB |   3316 KiB |  46045 MiB |  46044 MiB |
|---------------------------------------------------------------------------|
| Active memory         |  37349 KiB | 378773 KiB | 532492 MiB | 532456 MiB |
|       from large pool |  37010 KiB | 377727 KiB | 486447 MiB | 486411 MiB |
|       from small pool |    338 KiB |   3316 KiB |  46045 MiB |  46044 MiB |
|---------------------------------------------------------------------------|
| Requested memory      |  37346 KiB | 378079 KiB | 530580 MiB | 530544 MiB |
|       from large pool |  37010 KiB | 377036 KiB | 484805 MiB | 484768 MiB |
|       from small pool |    336 KiB |   3313 KiB |  45775 MiB |  45775 MiB |
|---------------------------------------------------------------------------|
| GPU reserved memory   | 585728 KiB | 585728 KiB | 585728 KiB |      0 B   |
|       from large pool | 581632 KiB | 581632 KiB | 581632 KiB |      0 B   |
|       from small pool |   4096 KiB |   4096 KiB |   4096 KiB |      0 B   |
|---------------------------------------------------------------------------|
| Non-releasable memory |  26139 KiB |  61546 KiB | 369514 MiB | 369488 MiB |
|       from large pool |  24429 KiB |  60196 KiB | 272854 MiB | 272830 MiB |
|       from small pool |   1709 KiB |   3347 KiB |  96660 MiB |  96658 MiB |
|---------------------------------------------------------------------------|
| Allocations           |      29    |      54    |     975 K  |     975 K  |
|       from large pool |       8    |      26    |      58 K  |      58 K  |
|       from small pool |      21    |      39    |     917 K  |     917 K  |
|---------------------------------------------------------------------------|
| Active allocs         |      29    |      54    |     975 K  |     975 K  |
|       from large pool |       8    |      26    |      58 K  |      58 K  |
|       from small pool |      21    |      39    |     917 K  |     917 K  |
|---------------------------------------------------------------------------|
| GPU reserved segments |      21    |      21    |      21    |       0    |
|       from large pool |      19    |      19    |      19    |       0    |
|       from small pool |       2    |       2    |       2    |       0    |
|---------------------------------------------------------------------------|
| Non-releasable allocs |      15    |      22    |  400645    |  400630    |
|       from large pool |       4    |      12    |   33599    |   33595    |
|       from small pool |      11    |      15    |  367046    |  367035    |
|---------------------------------------------------------------------------|
| Oversize allocations  |       0    |       0    |       0    |       0    |
|---------------------------------------------------------------------------|
| Oversize GPU segments |       0    |       0    |       0    |       0    |
|===========================================================================|

|===========================================================================|
|                  PyTorch CUDA memory summary, device ID 0                 |
|---------------------------------------------------------------------------|
|            CUDA OOMs: 0            |        cudaMalloc retries: 0         |
|===========================================================================|
|        Metric         | Cur Usage  | Peak Usage | Tot Alloc  | Tot Freed  |
|---------------------------------------------------------------------------|
| Allocated memory      |  37037 KiB | 378773 KiB | 617495 MiB | 617459 MiB |
|       from large pool |  36699 KiB | 377727 KiB | 542674 MiB | 542638 MiB |
|       from small pool |    338 KiB |   3316 KiB |  74820 MiB |  74820 MiB |
|---------------------------------------------------------------------------|
| Active memory         |  37037 KiB | 378773 KiB | 617495 MiB | 617459 MiB |
|       from large pool |  36699 KiB | 377727 KiB | 542674 MiB | 542638 MiB |
|       from small pool |    338 KiB |   3316 KiB |  74820 MiB |  74820 MiB |
|---------------------------------------------------------------------------|
| Requested memory      |  36771 KiB | 378079 KiB | 615245 MiB | 615209 MiB |
|       from large pool |  36435 KiB | 377036 KiB | 540877 MiB | 540842 MiB |
|       from small pool |    336 KiB |   3313 KiB |  74367 MiB |  74366 MiB |
|---------------------------------------------------------------------------|
| GPU reserved memory   | 661504 KiB | 661504 KiB | 661504 KiB |      0 B   |
|       from large pool | 657408 KiB | 657408 KiB | 657408 KiB |      0 B   |
|       from small pool |   4096 KiB |   4096 KiB |   4096 KiB |      0 B   |
|---------------------------------------------------------------------------|
| Non-releasable memory |  26450 KiB | 146568 KiB | 502786 MiB | 502761 MiB |
|       from large pool |  24741 KiB | 145305 KiB | 321607 MiB | 321583 MiB |
|       from small pool |   1709 KiB |   3347 KiB | 181179 MiB | 181177 MiB |
|---------------------------------------------------------------------------|
| Allocations           |      29    |      54    |    1570 K  |    1570 K  |
|       from large pool |       8    |      26    |      68 K  |      68 K  |
|       from small pool |      21    |      39    |    1501 K  |    1501 K  |
|---------------------------------------------------------------------------|
| Active allocs         |      29    |      54    |    1570 K  |    1570 K  |
|       from large pool |       8    |      26    |      68 K  |      68 K  |
|       from small pool |      21    |      39    |    1501 K  |    1501 K  |
|---------------------------------------------------------------------------|
| GPU reserved segments |      22    |      22    |      22    |       0    |
|       from large pool |      20    |      20    |      20    |       0    |
|       from small pool |       2    |       2    |       2    |       0    |
|---------------------------------------------------------------------------|
| Non-releasable allocs |      13    |      23    |  670831    |  670818    |
|       from large pool |       4    |      15    |   41051    |   41047    |
|       from small pool |       9    |      15    |  629780    |  629771    |
|---------------------------------------------------------------------------|
| Oversize allocations  |       0    |       0    |       0    |       0    |
|---------------------------------------------------------------------------|
| Oversize GPU segments |       0    |       0    |       0    |       0    |
|===========================================================================|

|===========================================================================|
|                  PyTorch CUDA memory summary, device ID 0                 |
|---------------------------------------------------------------------------|
|            CUDA OOMs: 0            |        cudaMalloc retries: 0         |
|===========================================================================|
|        Metric         | Cur Usage  | Peak Usage | Tot Alloc  | Tot Freed  |
|---------------------------------------------------------------------------|
| Allocated memory      |  37522 KiB | 378773 KiB | 697280 MiB | 697243 MiB |
|       from large pool |  37184 KiB | 377727 KiB | 600536 MiB | 600499 MiB |
|       from small pool |    338 KiB |   3316 KiB |  96744 MiB |  96743 MiB |
|---------------------------------------------------------------------------|
| Active memory         |  37522 KiB | 378773 KiB | 697280 MiB | 697243 MiB |
|       from large pool |  37184 KiB | 377727 KiB | 600536 MiB | 600499 MiB |
|       from small pool |    338 KiB |   3316 KiB |  96744 MiB |  96743 MiB |
|---------------------------------------------------------------------------|
| Requested memory      |  36478 KiB | 378079 KiB | 694415 MiB | 694379 MiB |
|       from large pool |  36142 KiB | 377036 KiB | 598255 MiB | 598219 MiB |
|       from small pool |    336 KiB |   3313 KiB |  96159 MiB |  96159 MiB |
|---------------------------------------------------------------------------|
| GPU reserved memory   | 661504 KiB | 661504 KiB | 661504 KiB |      0 B   |
|       from large pool | 657408 KiB | 657408 KiB | 657408 KiB |      0 B   |
|       from small pool |   4096 KiB |   4096 KiB |   4096 KiB |      0 B   |
|---------------------------------------------------------------------------|
| Non-releasable memory |  42349 KiB | 146568 KiB | 574113 MiB | 574072 MiB |
|       from large pool |  40640 KiB | 145305 KiB | 371001 MiB | 370962 MiB |
|       from small pool |   1709 KiB |   3347 KiB | 203111 MiB | 203110 MiB |
|---------------------------------------------------------------------------|
| Allocations           |      29    |      54    |    2167 K  |    2167 K  |
|       from large pool |       8    |      26    |      79 K  |      79 K  |
|       from small pool |      21    |      39    |    2087 K  |    2087 K  |
|---------------------------------------------------------------------------|
| Active allocs         |      29    |      54    |    2167 K  |    2167 K  |
|       from large pool |       8    |      26    |      79 K  |      79 K  |
|       from small pool |      21    |      39    |    2087 K  |    2087 K  |
|---------------------------------------------------------------------------|
| GPU reserved segments |      22    |      22    |      22    |       0    |
|       from large pool |      20    |      20    |      20    |       0    |
|       from small pool |       2    |       2    |       2    |       0    |
|---------------------------------------------------------------------------|
| Non-releasable allocs |      13    |      23    |     873 K  |     873 K  |
|       from large pool |       4    |      15    |      46 K  |      46 K  |
|       from small pool |       9    |      17    |     826 K  |     826 K  |
|---------------------------------------------------------------------------|
| Oversize allocations  |       0    |       0    |       0    |       0    |
|---------------------------------------------------------------------------|
| Oversize GPU segments |       0    |       0    |       0    |       0    |
|===========================================================================|

|===========================================================================|
|                  PyTorch CUDA memory summary, device ID 0                 |
|---------------------------------------------------------------------------|
|            CUDA OOMs: 0            |        cudaMalloc retries: 0         |
|===========================================================================|
|        Metric         | Cur Usage  | Peak Usage | Tot Alloc  | Tot Freed  |
|---------------------------------------------------------------------------|
| Allocated memory      |  36557 KiB | 378773 KiB | 774729 MiB | 774694 MiB |
|       from large pool |  36218 KiB | 377727 KiB | 659543 MiB | 659507 MiB |
|       from small pool |    338 KiB |   3316 KiB | 115186 MiB | 115186 MiB |
|---------------------------------------------------------------------------|
| Active memory         |  36557 KiB | 378773 KiB | 774729 MiB | 774694 MiB |
|       from large pool |  36218 KiB | 377727 KiB | 659543 MiB | 659507 MiB |
|       from small pool |    338 KiB |   3316 KiB | 115186 MiB | 115186 MiB |
|---------------------------------------------------------------------------|
| Requested memory      |  36553 KiB | 378079 KiB | 771174 MiB | 771139 MiB |
|       from large pool |  36217 KiB | 377036 KiB | 656768 MiB | 656732 MiB |
|       from small pool |    336 KiB |   3313 KiB | 114406 MiB | 114406 MiB |
|---------------------------------------------------------------------------|
| GPU reserved memory   | 661504 KiB | 661504 KiB | 661504 KiB |      0 B   |
|       from large pool | 657408 KiB | 657408 KiB | 657408 KiB |      0 B   |
|       from small pool |   4096 KiB |   4096 KiB |   4096 KiB |      0 B   |
|---------------------------------------------------------------------------|
| Non-releasable memory |  26931 KiB | 146568 KiB | 643819 MiB | 643792 MiB |
|       from large pool |  25221 KiB | 145305 KiB | 422256 MiB | 422231 MiB |
|       from small pool |   1709 KiB |   3347 KiB | 221563 MiB | 221561 MiB |
|---------------------------------------------------------------------------|
| Allocations           |      29    |      54    |    2776 K  |    2776 K  |
|       from large pool |       8    |      26    |      90 K  |      90 K  |
|       from small pool |      21    |      39    |    2686 K  |    2686 K  |
|---------------------------------------------------------------------------|
| Active allocs         |      29    |      54    |    2776 K  |    2776 K  |
|       from large pool |       8    |      26    |      90 K  |      90 K  |
|       from small pool |      21    |      39    |    2686 K  |    2686 K  |
|---------------------------------------------------------------------------|
| GPU reserved segments |      22    |      22    |      22    |       0    |
|       from large pool |      20    |      20    |      20    |       0    |
|       from small pool |       2    |       2    |       2    |       0    |
|---------------------------------------------------------------------------|
| Non-releasable allocs |      15    |      23    |    1126 K  |    1126 K  |
|       from large pool |       5    |      15    |      52 K  |      52 K  |
|       from small pool |      10    |      17    |    1073 K  |    1073 K  |
|---------------------------------------------------------------------------|
| Oversize allocations  |       0    |       0    |       0    |       0    |
|---------------------------------------------------------------------------|
| Oversize GPU segments |       0    |       0    |       0    |       0    |
|===========================================================================|

|===========================================================================|
|                  PyTorch CUDA memory summary, device ID 0                 |
|---------------------------------------------------------------------------|
|            CUDA OOMs: 0            |        cudaMalloc retries: 0         |
|===========================================================================|
|        Metric         | Cur Usage  | Peak Usage | Tot Alloc  | Tot Freed  |
|---------------------------------------------------------------------------|
| Allocated memory      |  37436 KiB | 378773 KiB |    825 GiB |    825 GiB |
|       from large pool |  37098 KiB | 377727 KiB |    696 GiB |    696 GiB |
|       from small pool |    338 KiB |   3316 KiB |    129 GiB |    129 GiB |
|---------------------------------------------------------------------------|
| Active memory         |  37436 KiB | 378773 KiB |    825 GiB |    825 GiB |
|       from large pool |  37098 KiB | 377727 KiB |    696 GiB |    696 GiB |
|       from small pool |    338 KiB |   3316 KiB |    129 GiB |    129 GiB |
|---------------------------------------------------------------------------|
| Requested memory      |  37044 KiB | 378079 KiB |    821 GiB |    821 GiB |
|       from large pool |  36708 KiB | 377036 KiB |    692 GiB |    692 GiB |
|       from small pool |    336 KiB |   3313 KiB |    128 GiB |    128 GiB |
|---------------------------------------------------------------------------|
| GPU reserved memory   | 661504 KiB | 661504 KiB | 661504 KiB |      0 B   |
|       from large pool | 657408 KiB | 657408 KiB | 657408 KiB |      0 B   |
|       from small pool |   4096 KiB |   4096 KiB |   4096 KiB |      0 B   |
|---------------------------------------------------------------------------|
| Non-releasable memory |  26051 KiB | 146568 KiB | 706682 MiB | 706657 MiB |
|       from large pool |  24342 KiB | 145305 KiB | 467910 MiB | 467886 MiB |
|       from small pool |   1709 KiB |   3347 KiB | 238772 MiB | 238770 MiB |
|---------------------------------------------------------------------------|
| Allocations           |      29    |      54    |    3373 K  |    3372 K  |
|       from large pool |       8    |      26    |      99 K  |      99 K  |
|       from small pool |      21    |      39    |    3273 K  |    3273 K  |
|---------------------------------------------------------------------------|
| Active allocs         |      29    |      54    |    3373 K  |    3372 K  |
|       from large pool |       8    |      26    |      99 K  |      99 K  |
|       from small pool |      21    |      39    |    3273 K  |    3273 K  |
|---------------------------------------------------------------------------|
| GPU reserved segments |      22    |      22    |      22    |       0    |
|       from large pool |      20    |      20    |      20    |       0    |
|       from small pool |       2    |       2    |       2    |       0    |
|---------------------------------------------------------------------------|
| Non-releasable allocs |      13    |      23    |    1318 K  |    1318 K  |
|       from large pool |       4    |      15    |      59 K  |      59 K  |
|       from small pool |       9    |      17    |    1259 K  |    1259 K  |
|---------------------------------------------------------------------------|
| Oversize allocations  |       0    |       0    |       0    |       0    |
|---------------------------------------------------------------------------|
| Oversize GPU segments |       0    |       0    |       0    |       0    |
|===========================================================================|

|===========================================================================|
|                  PyTorch CUDA memory summary, device ID 0                 |
|---------------------------------------------------------------------------|
|            CUDA OOMs: 0            |        cudaMalloc retries: 0         |
|===========================================================================|
|        Metric         | Cur Usage  | Peak Usage | Tot Alloc  | Tot Freed  |
|---------------------------------------------------------------------------|
| Allocated memory      |  38079 KiB | 378773 KiB |    883 GiB |    883 GiB |
|       from large pool |  37741 KiB | 377727 KiB |    733 GiB |    733 GiB |
|       from small pool |    338 KiB |   3316 KiB |    149 GiB |    149 GiB |
|---------------------------------------------------------------------------|
| Active memory         |  38079 KiB | 378773 KiB |    883 GiB |    883 GiB |
|       from large pool |  37741 KiB | 377727 KiB |    733 GiB |    733 GiB |
|       from small pool |    338 KiB |   3316 KiB |    149 GiB |    149 GiB |
|---------------------------------------------------------------------------|
| Requested memory      |  37026 KiB | 378079 KiB |    878 GiB |    878 GiB |
|       from large pool |  36690 KiB | 377036 KiB |    730 GiB |    730 GiB |
|       from small pool |    336 KiB |   3313 KiB |    148 GiB |    148 GiB |
|---------------------------------------------------------------------------|
| GPU reserved memory   | 661504 KiB | 661504 KiB | 661504 KiB |      0 B   |
|       from large pool | 657408 KiB | 657408 KiB | 657408 KiB |      0 B   |
|       from small pool |   4096 KiB |   4096 KiB |   4096 KiB |      0 B   |
|---------------------------------------------------------------------------|
| Non-releasable memory |  25408 KiB | 146568 KiB | 758552 MiB | 758527 MiB |
|       from large pool |  23699 KiB | 145305 KiB | 498692 MiB | 498668 MiB |
|       from small pool |   1709 KiB |   3347 KiB | 259860 MiB | 259858 MiB |
|---------------------------------------------------------------------------|
| Allocations           |      29    |      54    |    3971 K  |    3971 K  |
|       from large pool |       8    |      26    |     106 K  |     106 K  |
|       from small pool |      21    |      39    |    3865 K  |    3865 K  |
|---------------------------------------------------------------------------|
| Active allocs         |      29    |      54    |    3971 K  |    3971 K  |
|       from large pool |       8    |      26    |     106 K  |     106 K  |
|       from small pool |      21    |      39    |    3865 K  |    3865 K  |
|---------------------------------------------------------------------------|
| GPU reserved segments |      22    |      22    |      22    |       0    |
|       from large pool |      20    |      20    |      20    |       0    |
|       from small pool |       2    |       2    |       2    |       0    |
|---------------------------------------------------------------------------|
| Non-releasable allocs |      14    |      23    |    1432 K  |    1432 K  |
|       from large pool |       4    |      15    |      62 K  |      62 K  |
|       from small pool |      10    |      17    |    1369 K  |    1369 K  |
|---------------------------------------------------------------------------|
| Oversize allocations  |       0    |       0    |       0    |       0    |
|---------------------------------------------------------------------------|
| Oversize GPU segments |       0    |       0    |       0    |       0    |
|===========================================================================|

|===========================================================================|
|                  PyTorch CUDA memory summary, device ID 0                 |
|---------------------------------------------------------------------------|
|            CUDA OOMs: 0            |        cudaMalloc retries: 0         |
|===========================================================================|
|        Metric         | Cur Usage  | Peak Usage | Tot Alloc  | Tot Freed  |
|---------------------------------------------------------------------------|
| Allocated memory      |  36237 KiB | 378773 KiB |    950 GiB |    950 GiB |
|       from large pool |  35515 KiB | 377727 KiB |    779 GiB |    779 GiB |
|       from small pool |    721 KiB |   3316 KiB |    171 GiB |    171 GiB |
|---------------------------------------------------------------------------|
| Active memory         |  36237 KiB | 378773 KiB |    950 GiB |    950 GiB |
|       from large pool |  35515 KiB | 377727 KiB |    779 GiB |    779 GiB |
|       from small pool |    721 KiB |   3316 KiB |    171 GiB |    171 GiB |
|---------------------------------------------------------------------------|
| Requested memory      |  36234 KiB | 378079 KiB |    945 GiB |    945 GiB |
|       from large pool |  35515 KiB | 377036 KiB |    775 GiB |    775 GiB |
|       from small pool |    719 KiB |   3313 KiB |    169 GiB |    169 GiB |
|---------------------------------------------------------------------------|
| GPU reserved memory   | 661504 KiB | 661504 KiB | 661504 KiB |      0 B   |
|       from large pool | 657408 KiB | 657408 KiB | 657408 KiB |      0 B   |
|       from small pool |   4096 KiB |   4096 KiB |   4096 KiB |      0 B   |
|---------------------------------------------------------------------------|
| Non-releasable memory |  27251 KiB | 146568 KiB |    800 GiB |    800 GiB |
|       from large pool |  25924 KiB | 145305 KiB |    525 GiB |    525 GiB |
|       from small pool |   1326 KiB |   3347 KiB |    275 GiB |    275 GiB |
|---------------------------------------------------------------------------|
| Allocations           |      29    |      54    |    4623 K  |    4623 K  |
|       from large pool |       7    |      26    |     114 K  |     114 K  |
|       from small pool |      22    |      39    |    4508 K  |    4508 K  |
|---------------------------------------------------------------------------|
| Active allocs         |      29    |      54    |    4623 K  |    4623 K  |
|       from large pool |       7    |      26    |     114 K  |     114 K  |
|       from small pool |      22    |      39    |    4508 K  |    4508 K  |
|---------------------------------------------------------------------------|
| GPU reserved segments |      22    |      22    |      22    |       0    |
|       from large pool |      20    |      20    |      20    |       0    |
|       from small pool |       2    |       2    |       2    |       0    |
|---------------------------------------------------------------------------|
| Non-releasable allocs |      14    |      23    |    1671 K  |    1671 K  |
|       from large pool |       5    |      15    |      68 K  |      68 K  |
|       from small pool |       9    |      17    |    1603 K  |    1603 K  |
|---------------------------------------------------------------------------|
| Oversize allocations  |       0    |       0    |       0    |       0    |
|---------------------------------------------------------------------------|
| Oversize GPU segments |       0    |       0    |       0    |       0    |
|===========================================================================|

|===========================================================================|
|                  PyTorch CUDA memory summary, device ID 0                 |
|---------------------------------------------------------------------------|
|            CUDA OOMs: 0            |        cudaMalloc retries: 0         |
|===========================================================================|
|        Metric         | Cur Usage  | Peak Usage | Tot Alloc  | Tot Freed  |
|---------------------------------------------------------------------------|
| Allocated memory      |  36385 KiB | 378773 KiB |    985 GiB |    985 GiB |
|       from large pool |  35824 KiB | 377727 KiB |    806 GiB |    806 GiB |
|       from small pool |    560 KiB |   3699 KiB |    178 GiB |    178 GiB |
|---------------------------------------------------------------------------|
| Active memory         |  36385 KiB | 378773 KiB |    985 GiB |    985 GiB |
|       from large pool |  35824 KiB | 377727 KiB |    806 GiB |    806 GiB |
|       from small pool |    560 KiB |   3699 KiB |    178 GiB |    178 GiB |
|---------------------------------------------------------------------------|
| Requested memory      |  36190 KiB | 378079 KiB |    980 GiB |    979 GiB |
|       from large pool |  35632 KiB | 377036 KiB |    802 GiB |    802 GiB |
|       from small pool |    558 KiB |   3696 KiB |    177 GiB |    177 GiB |
|---------------------------------------------------------------------------|
| GPU reserved memory   | 663552 KiB | 663552 KiB | 663552 KiB |      0 B   |
|       from large pool | 657408 KiB | 657408 KiB | 657408 KiB |      0 B   |
|       from small pool |   6144 KiB |   6144 KiB |   6144 KiB |      0 B   |
|---------------------------------------------------------------------------|
| Non-releasable memory |  27103 KiB | 146568 KiB |    829 GiB |    829 GiB |
|       from large pool |  25615 KiB | 145305 KiB |    546 GiB |    546 GiB |
|       from small pool |   1487 KiB |   3834 KiB |    282 GiB |    282 GiB |
|---------------------------------------------------------------------------|
| Allocations           |      29    |      54    |    5206 K  |    5206 K  |
|       from large pool |       7    |      26    |     118 K  |     118 K  |
|       from small pool |      22    |      40    |    5087 K  |    5087 K  |
|---------------------------------------------------------------------------|
| Active allocs         |      29    |      54    |    5206 K  |    5206 K  |
|       from large pool |       7    |      26    |     118 K  |     118 K  |
|       from small pool |      22    |      40    |    5087 K  |    5087 K  |
|---------------------------------------------------------------------------|
| GPU reserved segments |      23    |      23    |      23    |       0    |
|       from large pool |      20    |      20    |      20    |       0    |
|       from small pool |       3    |       3    |       3    |       0    |
|---------------------------------------------------------------------------|
| Non-releasable allocs |      14    |      23    |    1800 K  |    1800 K  |
|       from large pool |       4    |      15    |      70 K  |      70 K  |
|       from small pool |      10    |      18    |    1729 K  |    1729 K  |
|---------------------------------------------------------------------------|
| Oversize allocations  |       0    |       0    |       0    |       0    |
|---------------------------------------------------------------------------|
| Oversize GPU segments |       0    |       0    |       0    |       0    |
|===========================================================================|

