|===========================================================================|
|                  PyTorch CUDA memory summary, device ID 0                 |
|---------------------------------------------------------------------------|
|            CUDA OOMs: 0            |        cudaMalloc retries: 0         |
|===========================================================================|
|        Metric         | Cur Usage  | Peak Usage | Tot Alloc  | Tot Freed  |
|---------------------------------------------------------------------------|
| Allocated memory      |  37653 KiB | 125912 KiB | 386238 MiB | 386201 MiB |
|       from large pool |  37314 KiB | 125184 KiB | 373151 MiB | 373114 MiB |
|       from small pool |    338 KiB |   3316 KiB |  13086 MiB |  13086 MiB |
|---------------------------------------------------------------------------|
| Active memory         |  37653 KiB | 125912 KiB | 386238 MiB | 386201 MiB |
|       from large pool |  37314 KiB | 125184 KiB | 373151 MiB | 373114 MiB |
|       from small pool |    338 KiB |   3316 KiB |  13086 MiB |  13086 MiB |
|---------------------------------------------------------------------------|
| Requested memory      |  37650 KiB | 125908 KiB | 384635 MiB | 384598 MiB |
|       from large pool |  37314 KiB | 125184 KiB | 371605 MiB | 371569 MiB |
|       from small pool |    336 KiB |   3313 KiB |  13029 MiB |  13029 MiB |
|---------------------------------------------------------------------------|
| GPU reserved memory   | 167936 KiB | 167936 KiB | 167936 KiB |      0 B   |
|       from large pool | 163840 KiB | 163840 KiB | 163840 KiB |      0 B   |
|       from small pool |   4096 KiB |   4096 KiB |   4096 KiB |      0 B   |
|---------------------------------------------------------------------------|
| Non-releasable memory |  25835 KiB |  42265 KiB | 109419 MiB | 109394 MiB |
|       from large pool |  24125 KiB |  40704 KiB |  96329 MiB |  96305 MiB |
|       from small pool |   1709 KiB |   3195 KiB |  13090 MiB |  13088 MiB |
|---------------------------------------------------------------------------|
| Allocations           |      29    |      42    |  268373    |  268344    |
|       from large pool |       8    |      13    |   33596    |   33588    |
|       from small pool |      21    |      34    |  234777    |  234756    |
|---------------------------------------------------------------------------|
| Active allocs         |      29    |      42    |  268373    |  268344    |
|       from large pool |       8    |      13    |   33596    |   33588    |
|       from small pool |      21    |      34    |  234777    |  234756    |
|---------------------------------------------------------------------------|
| GPU reserved segments |      11    |      11    |      11    |       0    |
|       from large pool |       9    |       9    |       9    |       0    |
|       from small pool |       2    |       2    |       2    |       0    |
|---------------------------------------------------------------------------|
| Non-releasable allocs |       8    |      14    |  116661    |  116653    |
|       from large pool |       3    |       4    |    8364    |    8361    |
|       from small pool |       5    |      11    |  108297    |  108292    |
|---------------------------------------------------------------------------|
| Oversize allocations  |       0    |       0    |       0    |       0    |
|---------------------------------------------------------------------------|
| Oversize GPU segments |       0    |       0    |       0    |       0    |
|===========================================================================|

|===========================================================================|
|                  PyTorch CUDA memory summary, device ID 0                 |
|---------------------------------------------------------------------------|
|            CUDA OOMs: 0            |        cudaMalloc retries: 0         |
|===========================================================================|
|        Metric         | Cur Usage  | Peak Usage | Tot Alloc  | Tot Freed  |
|---------------------------------------------------------------------------|
| Allocated memory      |  37349 KiB | 378396 KiB | 443874 MiB | 443838 MiB |
|       from large pool |  37010 KiB | 377350 KiB | 424658 MiB | 424622 MiB |
|       from small pool |    338 KiB |   3316 KiB |  19216 MiB |  19215 MiB |
|---------------------------------------------------------------------------|
| Active memory         |  37349 KiB | 378396 KiB | 443874 MiB | 443838 MiB |
|       from large pool |  37010 KiB | 377350 KiB | 424658 MiB | 424622 MiB |
|       from small pool |    338 KiB |   3316 KiB |  19216 MiB |  19215 MiB |
|---------------------------------------------------------------------------|
| Requested memory      |  37346 KiB | 378079 KiB | 442132 MiB | 442096 MiB |
|       from large pool |  37010 KiB | 377036 KiB | 423009 MiB | 422973 MiB |
|       from small pool |    336 KiB |   3313 KiB |  19123 MiB |  19123 MiB |
|---------------------------------------------------------------------------|
| GPU reserved memory   | 581632 KiB | 581632 KiB | 581632 KiB |      0 B   |
|       from large pool | 577536 KiB | 577536 KiB | 577536 KiB |      0 B   |
|       from small pool |   4096 KiB |   4096 KiB |   4096 KiB |      0 B   |
|---------------------------------------------------------------------------|
| Non-releasable memory |  26139 KiB |  60901 KiB | 150576 MiB | 150551 MiB |
|       from large pool |  24429 KiB |  59893 KiB | 131345 MiB | 131321 MiB |
|       from small pool |   1709 KiB |   3290 KiB |  19230 MiB |  19229 MiB |
|---------------------------------------------------------------------------|
| Allocations           |      29    |      54    |  415718    |  415689    |
|       from large pool |       8    |      26    |   42147    |   42139    |
|       from small pool |      21    |      34    |  373571    |  373550    |
|---------------------------------------------------------------------------|
| Active allocs         |      29    |      54    |  415718    |  415689    |
|       from large pool |       8    |      26    |   42147    |   42139    |
|       from small pool |      21    |      34    |  373571    |  373550    |
|---------------------------------------------------------------------------|
| GPU reserved segments |      21    |      21    |      21    |       0    |
|       from large pool |      19    |      19    |      19    |       0    |
|       from small pool |       2    |       2    |       2    |       0    |
|---------------------------------------------------------------------------|
| Non-releasable allocs |       7    |      16    |  184331    |  184324    |
|       from large pool |       3    |      10    |   12460    |   12457    |
|       from small pool |       4    |      11    |  171871    |  171867    |
|---------------------------------------------------------------------------|
| Oversize allocations  |       0    |       0    |       0    |       0    |
|---------------------------------------------------------------------------|
| Oversize GPU segments |       0    |       0    |       0    |       0    |
|===========================================================================|

|===========================================================================|
|                  PyTorch CUDA memory summary, device ID 0                 |
|---------------------------------------------------------------------------|
|            CUDA OOMs: 0            |        cudaMalloc retries: 0         |
|===========================================================================|
|        Metric         | Cur Usage  | Peak Usage | Tot Alloc  | Tot Freed  |
|---------------------------------------------------------------------------|
| Allocated memory      |  37356 KiB | 378396 KiB | 498152 MiB | 498116 MiB |
|       from large pool |  37017 KiB | 377350 KiB | 472997 MiB | 472961 MiB |
|       from small pool |    338 KiB |   3316 KiB |  25155 MiB |  25154 MiB |
|---------------------------------------------------------------------------|
| Active memory         |  37356 KiB | 378396 KiB | 498152 MiB | 498116 MiB |
|       from large pool |  37017 KiB | 377350 KiB | 472997 MiB | 472961 MiB |
|       from small pool |    338 KiB |   3316 KiB |  25155 MiB |  25154 MiB |
|---------------------------------------------------------------------------|
| Requested memory      |  36771 KiB | 378079 KiB | 496312 MiB | 496276 MiB |
|       from large pool |  36435 KiB | 377036 KiB | 471281 MiB | 471246 MiB |
|       from small pool |    336 KiB |   3313 KiB |  25030 MiB |  25030 MiB |
|---------------------------------------------------------------------------|
| GPU reserved memory   | 657408 KiB | 657408 KiB | 657408 KiB |      0 B   |
|       from large pool | 653312 KiB | 653312 KiB | 653312 KiB |      0 B   |
|       from small pool |   4096 KiB |   4096 KiB |   4096 KiB |      0 B   |
|---------------------------------------------------------------------------|
| Non-releasable memory |  26132 KiB | 109704 KiB | 188403 MiB | 188378 MiB |
|       from large pool |  24422 KiB | 108441 KiB | 163193 MiB | 163169 MiB |
|       from small pool |   1709 KiB |   3290 KiB |  25210 MiB |  25208 MiB |
|---------------------------------------------------------------------------|
| Allocations           |      29    |      54    |  550048    |  550019    |
|       from large pool |       8    |      26    |   49715    |   49707    |
|       from small pool |      21    |      34    |  500333    |  500312    |
|---------------------------------------------------------------------------|
| Active allocs         |      29    |      54    |  550048    |  550019    |
|       from large pool |       8    |      26    |   49715    |   49707    |
|       from small pool |      21    |      34    |  500333    |  500312    |
|---------------------------------------------------------------------------|
| GPU reserved segments |      22    |      22    |      22    |       0    |
|       from large pool |      20    |      20    |      20    |       0    |
|       from small pool |       2    |       2    |       2    |       0    |
|---------------------------------------------------------------------------|
| Non-releasable allocs |       9    |      17    |  241073    |  241064    |
|       from large pool |       3    |      12    |   14207    |   14204    |
|       from small pool |       6    |      11    |  226866    |  226860    |
|---------------------------------------------------------------------------|
| Oversize allocations  |       0    |       0    |       0    |       0    |
|---------------------------------------------------------------------------|
| Oversize GPU segments |       0    |       0    |       0    |       0    |
|===========================================================================|

|===========================================================================|
|                  PyTorch CUDA memory summary, device ID 0                 |
|---------------------------------------------------------------------------|
|            CUDA OOMs: 0            |        cudaMalloc retries: 0         |
|===========================================================================|
|        Metric         | Cur Usage  | Peak Usage | Tot Alloc  | Tot Freed  |
|---------------------------------------------------------------------------|
| Allocated memory      |  36769 KiB | 378396 KiB | 578632 MiB | 578596 MiB |
|       from large pool |  36431 KiB | 377350 KiB | 546004 MiB | 545968 MiB |
|       from small pool |    338 KiB |   3316 KiB |  32628 MiB |  32627 MiB |
|---------------------------------------------------------------------------|
| Active memory         |  36769 KiB | 378396 KiB | 578632 MiB | 578596 MiB |
|       from large pool |  36431 KiB | 377350 KiB | 546004 MiB | 545968 MiB |
|       from small pool |    338 KiB |   3316 KiB |  32628 MiB |  32627 MiB |
|---------------------------------------------------------------------------|
| Requested memory      |  36478 KiB | 378079 KiB | 575831 MiB | 575795 MiB |
|       from large pool |  36142 KiB | 377036 KiB | 543369 MiB | 543334 MiB |
|       from small pool |    336 KiB |   3313 KiB |  32461 MiB |  32461 MiB |
|---------------------------------------------------------------------------|
| GPU reserved memory   | 657408 KiB | 657408 KiB | 657408 KiB |      0 B   |
|       from large pool | 653312 KiB | 653312 KiB | 653312 KiB |      0 B   |
|       from small pool |   4096 KiB |   4096 KiB |   4096 KiB |      0 B   |
|---------------------------------------------------------------------------|
| Non-releasable memory |  43102 KiB | 109704 KiB | 243606 MiB | 243564 MiB |
|       from large pool |  41393 KiB | 108441 KiB | 210913 MiB | 210873 MiB |
|       from small pool |   1709 KiB |   3305 KiB |  32692 MiB |  32691 MiB |
|---------------------------------------------------------------------------|
| Allocations           |      29    |      54    |  728658    |  728629    |
|       from large pool |       8    |      26    |   61140    |   61132    |
|       from small pool |      21    |      34    |  667518    |  667497    |
|---------------------------------------------------------------------------|
| Active allocs         |      29    |      54    |  728658    |  728629    |
|       from large pool |       8    |      26    |   61140    |   61132    |
|       from small pool |      21    |      34    |  667518    |  667497    |
|---------------------------------------------------------------------------|
| GPU reserved segments |      22    |      22    |      22    |       0    |
|       from large pool |      20    |      20    |      20    |       0    |
|       from small pool |       2    |       2    |       2    |       0    |
|---------------------------------------------------------------------------|
| Non-releasable allocs |       7    |      17    |  323776    |  323769    |
|       from large pool |       4    |      12    |   19851    |   19847    |
|       from small pool |       3    |      12    |  303925    |  303922    |
|---------------------------------------------------------------------------|
| Oversize allocations  |       0    |       0    |       0    |       0    |
|---------------------------------------------------------------------------|
| Oversize GPU segments |       0    |       0    |       0    |       0    |
|===========================================================================|

|===========================================================================|
|                  PyTorch CUDA memory summary, device ID 0                 |
|---------------------------------------------------------------------------|
|            CUDA OOMs: 0            |        cudaMalloc retries: 0         |
|===========================================================================|
|        Metric         | Cur Usage  | Peak Usage | Tot Alloc  | Tot Freed  |
|---------------------------------------------------------------------------|
| Allocated memory      |  36845 KiB | 378396 KiB | 627188 MiB | 627152 MiB |
|       from large pool |  36506 KiB | 377350 KiB | 590315 MiB | 590279 MiB |
|       from small pool |    338 KiB |   3316 KiB |  36872 MiB |  36872 MiB |
|---------------------------------------------------------------------------|
| Active memory         |  36845 KiB | 378396 KiB | 627188 MiB | 627152 MiB |
|       from large pool |  36506 KiB | 377350 KiB | 590315 MiB | 590279 MiB |
|       from small pool |    338 KiB |   3316 KiB |  36872 MiB |  36872 MiB |
|---------------------------------------------------------------------------|
| Requested memory      |  36553 KiB | 378079 KiB | 624249 MiB | 624213 MiB |
|       from large pool |  36217 KiB | 377036 KiB | 587566 MiB | 587530 MiB |
|       from small pool |    336 KiB |   3313 KiB |  36682 MiB |  36682 MiB |
|---------------------------------------------------------------------------|
| GPU reserved memory   | 657408 KiB | 657408 KiB | 657408 KiB |      0 B   |
|       from large pool | 653312 KiB | 653312 KiB | 653312 KiB |      0 B   |
|       from small pool |   4096 KiB |   4096 KiB |   4096 KiB |      0 B   |
|---------------------------------------------------------------------------|
| Non-releasable memory |  26643 KiB | 109704 KiB | 274162 MiB | 274136 MiB |
|       from large pool |  24933 KiB | 108441 KiB | 237217 MiB | 237192 MiB |
|       from small pool |   1709 KiB |   3305 KiB |  36945 MiB |  36943 MiB |
|---------------------------------------------------------------------------|
| Allocations           |      29    |      54    |     825 K  |     825 K  |
|       from large pool |       8    |      26    |      67 K  |      67 K  |
|       from small pool |      21    |      34    |     757 K  |     757 K  |
|---------------------------------------------------------------------------|
| Active allocs         |      29    |      54    |     825 K  |     825 K  |
|       from large pool |       8    |      26    |      67 K  |      67 K  |
|       from small pool |      21    |      34    |     757 K  |     757 K  |
|---------------------------------------------------------------------------|
| GPU reserved segments |      22    |      22    |      22    |       0    |
|       from large pool |      20    |      20    |      20    |       0    |
|       from small pool |       2    |       2    |       2    |       0    |
|---------------------------------------------------------------------------|
| Non-releasable allocs |      10    |      17    |  361947    |  361937    |
|       from large pool |       4    |      12    |   21933    |   21929    |
|       from small pool |       6    |      12    |  340014    |  340008    |
|---------------------------------------------------------------------------|
| Oversize allocations  |       0    |       0    |       0    |       0    |
|---------------------------------------------------------------------------|
| Oversize GPU segments |       0    |       0    |       0    |       0    |
|===========================================================================|

|===========================================================================|
|                  PyTorch CUDA memory summary, device ID 0                 |
|---------------------------------------------------------------------------|
|            CUDA OOMs: 0            |        cudaMalloc retries: 0         |
|===========================================================================|
|        Metric         | Cur Usage  | Peak Usage | Tot Alloc  | Tot Freed  |
|---------------------------------------------------------------------------|
| Allocated memory      |  37336 KiB | 378396 KiB | 671313 MiB | 671276 MiB |
|       from large pool |  36997 KiB | 377350 KiB | 631100 MiB | 631064 MiB |
|       from small pool |    338 KiB |   3316 KiB |  40212 MiB |  40212 MiB |
|---------------------------------------------------------------------------|
| Active memory         |  37336 KiB | 378396 KiB | 671313 MiB | 671276 MiB |
|       from large pool |  36997 KiB | 377350 KiB | 631100 MiB | 631064 MiB |
|       from small pool |    338 KiB |   3316 KiB |  40212 MiB |  40212 MiB |
|---------------------------------------------------------------------------|
| Requested memory      |  37044 KiB | 378079 KiB | 668168 MiB | 668132 MiB |
|       from large pool |  36708 KiB | 377036 KiB | 628164 MiB | 628128 MiB |
|       from small pool |    336 KiB |   3313 KiB |  40003 MiB |  40003 MiB |
|---------------------------------------------------------------------------|
| GPU reserved memory   | 657408 KiB | 657408 KiB | 657408 KiB |      0 B   |
|       from large pool | 653312 KiB | 653312 KiB | 653312 KiB |      0 B   |
|       from small pool |   4096 KiB |   4096 KiB |   4096 KiB |      0 B   |
|---------------------------------------------------------------------------|
| Non-releasable memory |  26152 KiB | 109704 KiB | 301378 MiB | 301353 MiB |
|       from large pool |  24442 KiB | 108441 KiB | 261085 MiB | 261061 MiB |
|       from small pool |   1709 KiB |   3305 KiB |  40292 MiB |  40291 MiB |
|---------------------------------------------------------------------------|
| Allocations           |      29    |      54    |     903 K  |     902 K  |
|       from large pool |       8    |      26    |      72 K  |      72 K  |
|       from small pool |      21    |      34    |     830 K  |     830 K  |
|---------------------------------------------------------------------------|
| Active allocs         |      29    |      54    |     903 K  |     902 K  |
|       from large pool |       8    |      26    |      72 K  |      72 K  |
|       from small pool |      21    |      34    |     830 K  |     830 K  |
|---------------------------------------------------------------------------|
| GPU reserved segments |      22    |      22    |      22    |       0    |
|       from large pool |      20    |      20    |      20    |       0    |
|       from small pool |       2    |       2    |       2    |       0    |
|---------------------------------------------------------------------------|
| Non-releasable allocs |       7    |      17    |  397252    |  397245    |
|       from large pool |       4    |      12    |   24066    |   24062    |
|       from small pool |       3    |      12    |  373186    |  373183    |
|---------------------------------------------------------------------------|
| Oversize allocations  |       0    |       0    |       0    |       0    |
|---------------------------------------------------------------------------|
| Oversize GPU segments |       0    |       0    |       0    |       0    |
|===========================================================================|

|===========================================================================|
|                  PyTorch CUDA memory summary, device ID 0                 |
|---------------------------------------------------------------------------|
|            CUDA OOMs: 0            |        cudaMalloc retries: 0         |
|===========================================================================|
|        Metric         | Cur Usage  | Peak Usage | Tot Alloc  | Tot Freed  |
|---------------------------------------------------------------------------|
| Allocated memory      |  38175 KiB | 378396 KiB | 715399 MiB | 715362 MiB |
|       from large pool |  37837 KiB | 377350 KiB | 671573 MiB | 671536 MiB |
|       from small pool |    338 KiB |   3316 KiB |  43826 MiB |  43826 MiB |
|---------------------------------------------------------------------------|
| Active memory         |  38175 KiB | 378396 KiB | 715399 MiB | 715362 MiB |
|       from large pool |  37837 KiB | 377350 KiB | 671573 MiB | 671536 MiB |
|       from small pool |    338 KiB |   3316 KiB |  43826 MiB |  43826 MiB |
|---------------------------------------------------------------------------|
| Requested memory      |  37026 KiB | 378079 KiB | 711399 MiB | 711362 MiB |
|       from large pool |  36690 KiB | 377036 KiB | 667801 MiB | 667765 MiB |
|       from small pool |    336 KiB |   3313 KiB |  43597 MiB |  43597 MiB |
|---------------------------------------------------------------------------|
| GPU reserved memory   | 657408 KiB | 657408 KiB | 657408 KiB |      0 B   |
|       from large pool | 653312 KiB | 653312 KiB | 653312 KiB |      0 B   |
|       from small pool |   4096 KiB |   4096 KiB |   4096 KiB |      0 B   |
|---------------------------------------------------------------------------|
| Non-releasable memory |  25312 KiB | 109704 KiB | 329508 MiB | 329484 MiB |
|       from large pool |  23603 KiB | 108441 KiB | 285593 MiB | 285569 MiB |
|       from small pool |   1709 KiB |   3305 KiB |  43915 MiB |  43914 MiB |
|---------------------------------------------------------------------------|
| Allocations           |      29    |      54    |     988 K  |     987 K  |
|       from large pool |       8    |      26    |      78 K  |      78 K  |
|       from small pool |      21    |      34    |     909 K  |     909 K  |
|---------------------------------------------------------------------------|
| Active allocs         |      29    |      54    |     988 K  |     987 K  |
|       from large pool |       8    |      26    |      78 K  |      78 K  |
|       from small pool |      21    |      34    |     909 K  |     909 K  |
|---------------------------------------------------------------------------|
| GPU reserved segments |      22    |      22    |      22    |       0    |
|       from large pool |      20    |      20    |      20    |       0    |
|       from small pool |       2    |       2    |       2    |       0    |
|---------------------------------------------------------------------------|
| Non-releasable allocs |       7    |      17    |  436572    |  436565    |
|       from large pool |       3    |      12    |   27920    |   27917    |
|       from small pool |       4    |      12    |  408652    |  408648    |
|---------------------------------------------------------------------------|
| Oversize allocations  |       0    |       0    |       0    |       0    |
|---------------------------------------------------------------------------|
| Oversize GPU segments |       0    |       0    |       0    |       0    |
|===========================================================================|

|===========================================================================|
|                  PyTorch CUDA memory summary, device ID 0                 |
|---------------------------------------------------------------------------|
|            CUDA OOMs: 0            |        cudaMalloc retries: 0         |
|===========================================================================|
|        Metric         | Cur Usage  | Peak Usage | Tot Alloc  | Tot Freed  |
|---------------------------------------------------------------------------|
| Allocated memory      |  36525 KiB | 378396 KiB | 758758 MiB | 758722 MiB |
|       from large pool |  35803 KiB | 377350 KiB | 710926 MiB | 710891 MiB |
|       from small pool |    721 KiB |   3316 KiB |  47831 MiB |  47830 MiB |
|---------------------------------------------------------------------------|
| Active memory         |  36525 KiB | 378396 KiB | 758758 MiB | 758722 MiB |
|       from large pool |  35803 KiB | 377350 KiB | 710926 MiB | 710891 MiB |
|       from small pool |    721 KiB |   3316 KiB |  47831 MiB |  47830 MiB |
|---------------------------------------------------------------------------|
| Requested memory      |  36234 KiB | 378079 KiB | 754684 MiB | 754649 MiB |
|       from large pool |  35515 KiB | 377036 KiB | 707103 MiB | 707068 MiB |
|       from small pool |    719 KiB |   3313 KiB |  47581 MiB |  47580 MiB |
|---------------------------------------------------------------------------|
| GPU reserved memory   | 657408 KiB | 657408 KiB | 657408 KiB |      0 B   |
|       from large pool | 653312 KiB | 653312 KiB | 653312 KiB |      0 B   |
|       from small pool |   4096 KiB |   4096 KiB |   4096 KiB |      0 B   |
|---------------------------------------------------------------------------|
| Non-releasable memory |  26963 KiB | 109704 KiB | 356663 MiB | 356636 MiB |
|       from large pool |  25636 KiB | 108441 KiB | 308675 MiB | 308650 MiB |
|       from small pool |   1326 KiB |   3317 KiB |  47987 MiB |  47985 MiB |
|---------------------------------------------------------------------------|
| Allocations           |      29    |      54    |    1076 K  |    1076 K  |
|       from large pool |       7    |      26    |      83 K  |      83 K  |
|       from small pool |      22    |      34    |     992 K  |     992 K  |
|---------------------------------------------------------------------------|
| Active allocs         |      29    |      54    |    1076 K  |    1076 K  |
|       from large pool |       7    |      26    |      83 K  |      83 K  |
|       from small pool |      22    |      34    |     992 K  |     992 K  |
|---------------------------------------------------------------------------|
| GPU reserved segments |      22    |      22    |      22    |       0    |
|       from large pool |      20    |      20    |      20    |       0    |
|       from small pool |       2    |       2    |       2    |       0    |
|---------------------------------------------------------------------------|
| Non-releasable allocs |       8    |      17    |  468297    |  468289    |
|       from large pool |       3    |      12    |   29264    |   29261    |
|       from small pool |       5    |      12    |  439033    |  439028    |
|---------------------------------------------------------------------------|
| Oversize allocations  |       0    |       0    |       0    |       0    |
|---------------------------------------------------------------------------|
| Oversize GPU segments |       0    |       0    |       0    |       0    |
|===========================================================================|

|===========================================================================|
|                  PyTorch CUDA memory summary, device ID 0                 |
|---------------------------------------------------------------------------|
|            CUDA OOMs: 0            |        cudaMalloc retries: 0         |
|===========================================================================|
|        Metric         | Cur Usage  | Peak Usage | Tot Alloc  | Tot Freed  |
|---------------------------------------------------------------------------|
| Allocated memory      |  36481 KiB | 378396 KiB |    771 GiB |    771 GiB |
|       from large pool |  35920 KiB | 377350 KiB |    722 GiB |    722 GiB |
|       from small pool |    560 KiB |   3699 KiB |     48 GiB |     48 GiB |
|---------------------------------------------------------------------------|
| Active memory         |  36481 KiB | 378396 KiB |    771 GiB |    771 GiB |
|       from large pool |  35920 KiB | 377350 KiB |    722 GiB |    722 GiB |
|       from small pool |    560 KiB |   3699 KiB |     48 GiB |     48 GiB |
|---------------------------------------------------------------------------|
| Requested memory      |  36190 KiB | 378079 KiB | 785323 MiB | 785288 MiB |
|       from large pool |  35632 KiB | 377036 KiB | 735789 MiB | 735754 MiB |
|       from small pool |    558 KiB |   3696 KiB |  49534 MiB |  49534 MiB |
|---------------------------------------------------------------------------|
| GPU reserved memory   | 659456 KiB | 659456 KiB | 659456 KiB |      0 B   |
|       from large pool | 653312 KiB | 653312 KiB | 653312 KiB |      0 B   |
|       from small pool |   6144 KiB |   6144 KiB |   6144 KiB |      0 B   |
|---------------------------------------------------------------------------|
| Non-releasable memory |  27007 KiB | 109704 KiB | 373013 MiB | 372987 MiB |
|       from large pool |  25519 KiB | 108441 KiB | 322953 MiB | 322928 MiB |
|       from small pool |   1487 KiB |   3834 KiB |  50060 MiB |  50059 MiB |
|---------------------------------------------------------------------------|
| Allocations           |      29    |      54    |    1116 K  |    1116 K  |
|       from large pool |       7    |      26    |      87 K  |      87 K  |
|       from small pool |      22    |      35    |    1029 K  |    1029 K  |
|---------------------------------------------------------------------------|
| Active allocs         |      29    |      54    |    1116 K  |    1116 K  |
|       from large pool |       7    |      26    |      87 K  |      87 K  |
|       from small pool |      22    |      35    |    1029 K  |    1029 K  |
|---------------------------------------------------------------------------|
| GPU reserved segments |      23    |      23    |      23    |       0    |
|       from large pool |      20    |      20    |      20    |       0    |
|       from small pool |       3    |       3    |       3    |       0    |
|---------------------------------------------------------------------------|
| Non-releasable allocs |       9    |      19    |  487487    |  487478    |
|       from large pool |       3    |      12    |   30589    |   30586    |
|       from small pool |       6    |      12    |  456898    |  456892    |
|---------------------------------------------------------------------------|
| Oversize allocations  |       0    |       0    |       0    |       0    |
|---------------------------------------------------------------------------|
| Oversize GPU segments |       0    |       0    |       0    |       0    |
|===========================================================================|

