|===========================================================================|
|                  PyTorch CUDA memory summary, device ID 0                 |
|---------------------------------------------------------------------------|
|            CUDA OOMs: 0            |        cudaMalloc retries: 0         |
|===========================================================================|
|        Metric         | Cur Usage  | Peak Usage | Tot Alloc  | Tot Freed  |
|---------------------------------------------------------------------------|
| Allocated memory      |  37653 KiB | 378396 KiB |   1186 GiB |   1186 GiB |
|       from large pool |  37314 KiB | 377350 KiB |   1122 GiB |   1122 GiB |
|       from small pool |    338 KiB |   3699 KiB |     63 GiB |     63 GiB |
|---------------------------------------------------------------------------|
| Active memory         |  37653 KiB | 378396 KiB |   1186 GiB |   1186 GiB |
|       from large pool |  37314 KiB | 377350 KiB |   1122 GiB |   1122 GiB |
|       from small pool |    338 KiB |   3699 KiB |     63 GiB |     63 GiB |
|---------------------------------------------------------------------------|
| Requested memory      |  37650 KiB | 378079 KiB |   1182 GiB |   1182 GiB |
|       from large pool |  37314 KiB | 377036 KiB |   1118 GiB |   1118 GiB |
|       from small pool |    336 KiB |   3696 KiB |     63 GiB |     63 GiB |
|---------------------------------------------------------------------------|
| GPU reserved memory   | 659456 KiB | 659456 KiB | 659456 KiB |      0 B   |
|       from large pool | 653312 KiB | 653312 KiB | 653312 KiB |      0 B   |
|       from small pool |   6144 KiB |   6144 KiB |   6144 KiB |      0 B   |
|---------------------------------------------------------------------------|
| Non-releasable memory |  21739 KiB | 109005 KiB | 477121 MiB | 477100 MiB |
|       from large pool |  20029 KiB | 107742 KiB | 411272 MiB | 411253 MiB |
|       from small pool |   1709 KiB |   4213 KiB |  65848 MiB |  65846 MiB |
|---------------------------------------------------------------------------|
| Allocations           |      29    |      54    |    1429 K  |    1429 K  |
|       from large pool |       8    |      26    |     124 K  |     124 K  |
|       from small pool |      21    |      35    |    1305 K  |    1305 K  |
|---------------------------------------------------------------------------|
| Active allocs         |      29    |      54    |    1429 K  |    1429 K  |
|       from large pool |       8    |      26    |     124 K  |     124 K  |
|       from small pool |      21    |      35    |    1305 K  |    1305 K  |
|---------------------------------------------------------------------------|
| GPU reserved segments |      23    |      23    |      23    |       0    |
|       from large pool |      20    |      20    |      20    |       0    |
|       from small pool |       3    |       3    |       3    |       0    |
|---------------------------------------------------------------------------|
| Non-releasable allocs |       9    |      19    |  594638    |  594629    |
|       from large pool |       4    |      12    |   41897    |   41893    |
|       from small pool |       5    |      14    |  552741    |  552736    |
|---------------------------------------------------------------------------|
| Oversize allocations  |       0    |       0    |       0    |       0    |
|---------------------------------------------------------------------------|
| Oversize GPU segments |       0    |       0    |       0    |       0    |
|===========================================================================|

|===========================================================================|
|                  PyTorch CUDA memory summary, device ID 0                 |
|---------------------------------------------------------------------------|
|            CUDA OOMs: 0            |        cudaMalloc retries: 0         |
|===========================================================================|
|        Metric         | Cur Usage  | Peak Usage | Tot Alloc  | Tot Freed  |
|---------------------------------------------------------------------------|
| Allocated memory      |  41529 KiB | 378645 KiB |   1251 GiB |   1251 GiB |
|       from large pool |  41191 KiB | 377599 KiB |   1180 GiB |   1180 GiB |
|       from small pool |    338 KiB |   3699 KiB |     71 GiB |     71 GiB |
|---------------------------------------------------------------------------|
| Active memory         |  41529 KiB | 378645 KiB |   1251 GiB |   1251 GiB |
|       from large pool |  41191 KiB | 377599 KiB |   1180 GiB |   1180 GiB |
|       from small pool |    338 KiB |   3699 KiB |     71 GiB |     71 GiB |
|---------------------------------------------------------------------------|
| Requested memory      |  41526 KiB | 378079 KiB |   1246 GiB |   1246 GiB |
|       from large pool |  41190 KiB | 377036 KiB |   1175 GiB |   1175 GiB |
|       from small pool |    336 KiB |   3696 KiB |     70 GiB |     70 GiB |
|---------------------------------------------------------------------------|
| GPU reserved memory   | 659456 KiB | 659456 KiB | 659456 KiB |      0 B   |
|       from large pool | 653312 KiB | 653312 KiB | 653312 KiB |      0 B   |
|       from small pool |   6144 KiB |   6144 KiB |   6144 KiB |      0 B   |
|---------------------------------------------------------------------------|
| Non-releasable memory |  17862 KiB | 109005 KiB | 541289 MiB | 541271 MiB |
|       from large pool |  16153 KiB | 107742 KiB | 467923 MiB | 467908 MiB |
|       from small pool |   1709 KiB |   4213 KiB |  73365 MiB |  73363 MiB |
|---------------------------------------------------------------------------|
| Allocations           |      30    |      54    |    1600 K  |    1600 K  |
|       from large pool |       9    |      26    |     136 K  |     136 K  |
|       from small pool |      21    |      35    |    1464 K  |    1464 K  |
|---------------------------------------------------------------------------|
| Active allocs         |      30    |      54    |    1600 K  |    1600 K  |
|       from large pool |       9    |      26    |     136 K  |     136 K  |
|       from small pool |      21    |      35    |    1464 K  |    1464 K  |
|---------------------------------------------------------------------------|
| GPU reserved segments |      23    |      23    |      23    |       0    |
|       from large pool |      20    |      20    |      20    |       0    |
|       from small pool |       3    |       3    |       3    |       0    |
|---------------------------------------------------------------------------|
| Non-releasable allocs |      10    |      19    |  669546    |  669536    |
|       from large pool |       4    |      12    |   49567    |   49563    |
|       from small pool |       6    |      14    |  619979    |  619973    |
|---------------------------------------------------------------------------|
| Oversize allocations  |       0    |       0    |       0    |       0    |
|---------------------------------------------------------------------------|
| Oversize GPU segments |       0    |       0    |       0    |       0    |
|===========================================================================|

|===========================================================================|
|                  PyTorch CUDA memory summary, device ID 0                 |
|---------------------------------------------------------------------------|
|            CUDA OOMs: 0            |        cudaMalloc retries: 0         |
|===========================================================================|
|        Metric         | Cur Usage  | Peak Usage | Tot Alloc  | Tot Freed  |
|---------------------------------------------------------------------------|
| Allocated memory      |  45691 KiB | 378645 KiB |   1315 GiB |   1315 GiB |
|       from large pool |  45352 KiB | 377599 KiB |   1236 GiB |   1236 GiB |
|       from small pool |    338 KiB |   3699 KiB |     78 GiB |     78 GiB |
|---------------------------------------------------------------------------|
| Active memory         |  45691 KiB | 378645 KiB |   1315 GiB |   1315 GiB |
|       from large pool |  45352 KiB | 377599 KiB |   1236 GiB |   1236 GiB |
|       from small pool |    338 KiB |   3699 KiB |     78 GiB |     78 GiB |
|---------------------------------------------------------------------------|
| Requested memory      |  45131 KiB | 378079 KiB |   1309 GiB |   1309 GiB |
|       from large pool |  44795 KiB | 377036 KiB |   1231 GiB |   1231 GiB |
|       from small pool |    336 KiB |   3696 KiB |     77 GiB |     77 GiB |
|---------------------------------------------------------------------------|
| GPU reserved memory   | 659456 KiB | 659456 KiB | 659456 KiB |      0 B   |
|       from large pool | 653312 KiB | 653312 KiB | 653312 KiB |      0 B   |
|       from small pool |   6144 KiB |   6144 KiB |   6144 KiB |      0 B   |
|---------------------------------------------------------------------------|
| Non-releasable memory |  13701 KiB | 109005 KiB | 600408 MiB | 600395 MiB |
|       from large pool |  11991 KiB | 107742 KiB | 519798 MiB | 519786 MiB |
|       from small pool |   1709 KiB |   4213 KiB |  80610 MiB |  80608 MiB |
|---------------------------------------------------------------------------|
| Allocations           |      30    |      54    |    1746 K  |    1746 K  |
|       from large pool |       9    |      26    |     147 K  |     147 K  |
|       from small pool |      21    |      35    |    1598 K  |    1598 K  |
|---------------------------------------------------------------------------|
| Active allocs         |      30    |      54    |    1746 K  |    1746 K  |
|       from large pool |       9    |      26    |     147 K  |     147 K  |
|       from small pool |      21    |      35    |    1598 K  |    1598 K  |
|---------------------------------------------------------------------------|
| GPU reserved segments |      23    |      23    |      23    |       0    |
|       from large pool |      20    |      20    |      20    |       0    |
|       from small pool |       3    |       3    |       3    |       0    |
|---------------------------------------------------------------------------|
| Non-releasable allocs |       7    |      20    |  727490    |  727483    |
|       from large pool |       2    |      15    |   55459    |   55457    |
|       from small pool |       5    |      14    |  672031    |  672026    |
|---------------------------------------------------------------------------|
| Oversize allocations  |       0    |       0    |       0    |       0    |
|---------------------------------------------------------------------------|
| Oversize GPU segments |       0    |       0    |       0    |       0    |
|===========================================================================|

|===========================================================================|
|                  PyTorch CUDA memory summary, device ID 0                 |
|---------------------------------------------------------------------------|
|            CUDA OOMs: 0            |        cudaMalloc retries: 0         |
|===========================================================================|
|        Metric         | Cur Usage  | Peak Usage | Tot Alloc  | Tot Freed  |
|---------------------------------------------------------------------------|
| Allocated memory      |  49871 KiB | 378645 KiB |   1386 GiB |   1386 GiB |
|       from large pool |  49532 KiB | 377599 KiB |   1301 GiB |   1301 GiB |
|       from small pool |    338 KiB |   3699 KiB |     85 GiB |     85 GiB |
|---------------------------------------------------------------------------|
| Active memory         |  49871 KiB | 378645 KiB |   1386 GiB |   1386 GiB |
|       from large pool |  49532 KiB | 377599 KiB |   1301 GiB |   1301 GiB |
|       from small pool |    338 KiB |   3699 KiB |     85 GiB |     85 GiB |
|---------------------------------------------------------------------------|
| Requested memory      |  49018 KiB | 378079 KiB |   1380 GiB |   1380 GiB |
|       from large pool |  48682 KiB | 377036 KiB |   1295 GiB |   1295 GiB |
|       from small pool |    336 KiB |   3696 KiB |     84 GiB |     84 GiB |
|---------------------------------------------------------------------------|
| GPU reserved memory   | 659456 KiB | 659456 KiB | 659456 KiB |      0 B   |
|       from large pool | 653312 KiB | 653312 KiB | 653312 KiB |      0 B   |
|       from small pool |   6144 KiB |   6144 KiB |   6144 KiB |      0 B   |
|---------------------------------------------------------------------------|
| Non-releasable memory |  25905 KiB | 109005 KiB | 669799 MiB | 669774 MiB |
|       from large pool |  24195 KiB | 107742 KiB | 582297 MiB | 582274 MiB |
|       from small pool |   1709 KiB |   4213 KiB |  87501 MiB |  87500 MiB |
|---------------------------------------------------------------------------|
| Allocations           |      30    |      54    |    1875 K  |    1875 K  |
|       from large pool |       9    |      26    |     160 K  |     160 K  |
|       from small pool |      21    |      35    |    1715 K  |    1715 K  |
|---------------------------------------------------------------------------|
| Active allocs         |      30    |      54    |    1875 K  |    1875 K  |
|       from large pool |       9    |      26    |     160 K  |     160 K  |
|       from small pool |      21    |      35    |    1715 K  |    1715 K  |
|---------------------------------------------------------------------------|
| GPU reserved segments |      23    |      23    |      23    |       0    |
|       from large pool |      20    |      20    |      20    |       0    |
|       from small pool |       3    |       3    |       3    |       0    |
|---------------------------------------------------------------------------|
| Non-releasable allocs |       9    |      20    |     783 K  |     783 K  |
|       from large pool |       4    |      15    |      63 K  |      63 K  |
|       from small pool |       5    |      14    |     719 K  |     719 K  |
|---------------------------------------------------------------------------|
| Oversize allocations  |       0    |       0    |       0    |       0    |
|---------------------------------------------------------------------------|
| Oversize GPU segments |       0    |       0    |       0    |       0    |
|===========================================================================|

|===========================================================================|
|                  PyTorch CUDA memory summary, device ID 0                 |
|---------------------------------------------------------------------------|
|            CUDA OOMs: 0            |        cudaMalloc retries: 0         |
|===========================================================================|
|        Metric         | Cur Usage  | Peak Usage | Tot Alloc  | Tot Freed  |
|---------------------------------------------------------------------------|
| Allocated memory      |  53934 KiB | 378645 KiB |   1488 GiB |   1488 GiB |
|       from large pool |  53596 KiB | 377599 KiB |   1394 GiB |   1394 GiB |
|       from small pool |    338 KiB |   3699 KiB |     94 GiB |     94 GiB |
|---------------------------------------------------------------------------|
| Active memory         |  53934 KiB | 378645 KiB |   1488 GiB |   1488 GiB |
|       from large pool |  53596 KiB | 377599 KiB |   1394 GiB |   1394 GiB |
|       from small pool |    338 KiB |   3699 KiB |     94 GiB |     94 GiB |
|---------------------------------------------------------------------------|
| Requested memory      |  53273 KiB | 378079 KiB |   1481 GiB |   1481 GiB |
|       from large pool |  52937 KiB | 377036 KiB |   1387 GiB |   1387 GiB |
|       from small pool |    336 KiB |   3696 KiB |     93 GiB |     93 GiB |
|---------------------------------------------------------------------------|
| GPU reserved memory   | 659456 KiB | 659456 KiB | 659456 KiB |      0 B   |
|       from large pool | 653312 KiB | 653312 KiB | 653312 KiB |      0 B   |
|       from small pool |   6144 KiB |   6144 KiB |   6144 KiB |      0 B   |
|---------------------------------------------------------------------------|
| Non-releasable memory |  23889 KiB | 109005 KiB | 773363 MiB | 773339 MiB |
|       from large pool |  22180 KiB | 107742 KiB | 676226 MiB | 676205 MiB |
|       from small pool |   1709 KiB |   4213 KiB |  97136 MiB |  97134 MiB |
|---------------------------------------------------------------------------|
| Allocations           |      30    |      54    |    2032 K  |    2032 K  |
|       from large pool |       9    |      26    |     179 K  |     179 K  |
|       from small pool |      21    |      35    |    1852 K  |    1852 K  |
|---------------------------------------------------------------------------|
| Active allocs         |      30    |      54    |    2032 K  |    2032 K  |
|       from large pool |       9    |      26    |     179 K  |     179 K  |
|       from small pool |      21    |      35    |    1852 K  |    1852 K  |
|---------------------------------------------------------------------------|
| GPU reserved segments |      23    |      23    |      23    |       0    |
|       from large pool |      20    |      20    |      20    |       0    |
|       from small pool |       3    |       3    |       3    |       0    |
|---------------------------------------------------------------------------|
| Non-releasable allocs |       8    |      20    |     852 K  |     852 K  |
|       from large pool |       4    |      15    |      76 K  |      76 K  |
|       from small pool |       4    |      14    |     776 K  |     776 K  |
|---------------------------------------------------------------------------|
| Oversize allocations  |       0    |       0    |       0    |       0    |
|---------------------------------------------------------------------------|
| Oversize GPU segments |       0    |       0    |       0    |       0    |
|===========================================================================|

|===========================================================================|
|                  PyTorch CUDA memory summary, device ID 0                 |
|---------------------------------------------------------------------------|
|            CUDA OOMs: 0            |        cudaMalloc retries: 0         |
|===========================================================================|
|        Metric         | Cur Usage  | Peak Usage | Tot Alloc  | Tot Freed  |
|---------------------------------------------------------------------------|
| Allocated memory      |  58231 KiB | 378645 KiB |   1588 GiB |   1588 GiB |
|       from large pool |  57892 KiB | 377599 KiB |   1485 GiB |   1485 GiB |
|       from small pool |    338 KiB |   3699 KiB |    102 GiB |    102 GiB |
|---------------------------------------------------------------------------|
| Active memory         |  58231 KiB | 378645 KiB |   1588 GiB |   1588 GiB |
|       from large pool |  57892 KiB | 377599 KiB |   1485 GiB |   1485 GiB |
|       from small pool |    338 KiB |   3699 KiB |    102 GiB |    102 GiB |
|---------------------------------------------------------------------------|
| Requested memory      |  57944 KiB | 378079 KiB |   1580 GiB |   1580 GiB |
|       from large pool |  57608 KiB | 377036 KiB |   1478 GiB |   1478 GiB |
|       from small pool |    336 KiB |   3696 KiB |    102 GiB |    102 GiB |
|---------------------------------------------------------------------------|
| GPU reserved memory   | 659456 KiB | 659456 KiB | 659456 KiB |      0 B   |
|       from large pool | 653312 KiB | 653312 KiB | 653312 KiB |      0 B   |
|       from small pool |   6144 KiB |   6144 KiB |   6144 KiB |      0 B   |
|---------------------------------------------------------------------------|
| Non-releasable memory |  17545 KiB | 109005 KiB |    858 GiB |    858 GiB |
|       from large pool |  15835 KiB | 107742 KiB |    755 GiB |    755 GiB |
|       from small pool |   1709 KiB |   4213 KiB |    103 GiB |    103 GiB |
|---------------------------------------------------------------------------|
| Allocations           |      30    |      54    |    2160 K  |    2160 K  |
|       from large pool |       9    |      26    |     198 K  |     198 K  |
|       from small pool |      21    |      35    |    1962 K  |    1962 K  |
|---------------------------------------------------------------------------|
| Active allocs         |      30    |      54    |    2160 K  |    2160 K  |
|       from large pool |       9    |      26    |     198 K  |     198 K  |
|       from small pool |      21    |      35    |    1962 K  |    1962 K  |
|---------------------------------------------------------------------------|
| GPU reserved segments |      23    |      23    |      23    |       0    |
|       from large pool |      20    |      20    |      20    |       0    |
|       from small pool |       3    |       3    |       3    |       0    |
|---------------------------------------------------------------------------|
| Non-releasable allocs |       7    |      20    |     905 K  |     905 K  |
|       from large pool |       2    |      15    |      88 K  |      88 K  |
|       from small pool |       5    |      14    |     816 K  |     816 K  |
|---------------------------------------------------------------------------|
| Oversize allocations  |       0    |       0    |       0    |       0    |
|---------------------------------------------------------------------------|
| Oversize GPU segments |       0    |       0    |       0    |       0    |
|===========================================================================|

|===========================================================================|
|                  PyTorch CUDA memory summary, device ID 0                 |
|---------------------------------------------------------------------------|
|            CUDA OOMs: 0            |        cudaMalloc retries: 0         |
|===========================================================================|
|        Metric         | Cur Usage  | Peak Usage | Tot Alloc  | Tot Freed  |
|---------------------------------------------------------------------------|
| Allocated memory      |  62110 KiB | 384259 KiB |   1683 GiB |   1683 GiB |
|       from large pool |  61771 KiB | 383190 KiB |   1572 GiB |   1572 GiB |
|       from small pool |    338 KiB |   3699 KiB |    110 GiB |    110 GiB |
|---------------------------------------------------------------------------|
| Active memory         |  62110 KiB | 384259 KiB |   1683 GiB |   1683 GiB |
|       from large pool |  61771 KiB | 383190 KiB |   1572 GiB |   1572 GiB |
|       from small pool |    338 KiB |   3699 KiB |    110 GiB |    110 GiB |
|---------------------------------------------------------------------------|
| Requested memory      |  62106 KiB | 380349 KiB |   1674 GiB |   1674 GiB |
|       from large pool |  61770 KiB | 379283 KiB |   1564 GiB |   1564 GiB |
|       from small pool |    336 KiB |   3696 KiB |    110 GiB |    110 GiB |
|---------------------------------------------------------------------------|
| GPU reserved memory   | 659456 KiB | 659456 KiB | 659456 KiB |      0 B   |
|       from large pool | 653312 KiB | 653312 KiB | 653312 KiB |      0 B   |
|       from small pool |   6144 KiB |   6144 KiB |   6144 KiB |      0 B   |
|---------------------------------------------------------------------------|
| Non-releasable memory |  13666 KiB | 109005 KiB |    959 GiB |    959 GiB |
|       from large pool |  11956 KiB | 107742 KiB |    847 GiB |    847 GiB |
|       from small pool |   1709 KiB |   4213 KiB |    111 GiB |    111 GiB |
|---------------------------------------------------------------------------|
| Allocations           |      30    |      54    |    2291 K  |    2291 K  |
|       from large pool |       9    |      26    |     216 K  |     216 K  |
|       from small pool |      21    |      35    |    2074 K  |    2074 K  |
|---------------------------------------------------------------------------|
| Active allocs         |      30    |      54    |    2291 K  |    2291 K  |
|       from large pool |       9    |      26    |     216 K  |     216 K  |
|       from small pool |      21    |      35    |    2074 K  |    2074 K  |
|---------------------------------------------------------------------------|
| GPU reserved segments |      23    |      23    |      23    |       0    |
|       from large pool |      20    |      20    |      20    |       0    |
|       from small pool |       3    |       3    |       3    |       0    |
|---------------------------------------------------------------------------|
| Non-releasable allocs |       9    |      20    |     971 K  |     971 K  |
|       from large pool |       4    |      15    |     100 K  |     100 K  |
|       from small pool |       5    |      14    |     870 K  |     870 K  |
|---------------------------------------------------------------------------|
| Oversize allocations  |       0    |       0    |       0    |       0    |
|---------------------------------------------------------------------------|
| Oversize GPU segments |       0    |       0    |       0    |       0    |
|===========================================================================|

|===========================================================================|
|                  PyTorch CUDA memory summary, device ID 0                 |
|---------------------------------------------------------------------------|
|            CUDA OOMs: 0            |        cudaMalloc retries: 0         |
|===========================================================================|
|        Metric         | Cur Usage  | Peak Usage | Tot Alloc  | Tot Freed  |
|---------------------------------------------------------------------------|
| Allocated memory      |  66513 KiB | 384259 KiB |   1764 GiB |   1764 GiB |
|       from large pool |  65792 KiB | 383190 KiB |   1646 GiB |   1646 GiB |
|       from small pool |    721 KiB |   3699 KiB |    118 GiB |    118 GiB |
|---------------------------------------------------------------------------|
| Active memory         |  66513 KiB | 384259 KiB |   1764 GiB |   1764 GiB |
|       from large pool |  65792 KiB | 383190 KiB |   1646 GiB |   1646 GiB |
|       from small pool |    721 KiB |   3699 KiB |    118 GiB |    118 GiB |
|---------------------------------------------------------------------------|
| Requested memory      |  65494 KiB | 380349 KiB |   1755 GiB |   1755 GiB |
|       from large pool |  64775 KiB | 379283 KiB |   1637 GiB |   1637 GiB |
|       from small pool |    719 KiB |   3696 KiB |    117 GiB |    117 GiB |
|---------------------------------------------------------------------------|
| GPU reserved memory   | 659456 KiB | 659456 KiB | 659456 KiB |      0 B   |
|       from large pool | 653312 KiB | 653312 KiB | 653312 KiB |      0 B   |
|       from small pool |   6144 KiB |   6144 KiB |   6144 KiB |      0 B   |
|---------------------------------------------------------------------------|
| Non-releasable memory |  25646 KiB | 109005 KiB |   1041 GiB |   1041 GiB |
|       from large pool |  24320 KiB | 107742 KiB |    922 GiB |    922 GiB |
|       from small pool |   1326 KiB |   4213 KiB |    118 GiB |    118 GiB |
|---------------------------------------------------------------------------|
| Allocations           |      30    |      54    |    2398 K  |    2398 K  |
|       from large pool |       8    |      26    |     232 K  |     232 K  |
|       from small pool |      22    |      35    |    2166 K  |    2166 K  |
|---------------------------------------------------------------------------|
| Active allocs         |      30    |      54    |    2398 K  |    2398 K  |
|       from large pool |       8    |      26    |     232 K  |     232 K  |
|       from small pool |      22    |      35    |    2166 K  |    2166 K  |
|---------------------------------------------------------------------------|
| GPU reserved segments |      23    |      23    |      23    |       0    |
|       from large pool |      20    |      20    |      20    |       0    |
|       from small pool |       3    |       3    |       3    |       0    |
|---------------------------------------------------------------------------|
| Non-releasable allocs |      10    |      20    |    1015 K  |    1015 K  |
|       from large pool |       4    |      15    |     110 K  |     110 K  |
|       from small pool |       6    |      14    |     905 K  |     905 K  |
|---------------------------------------------------------------------------|
| Oversize allocations  |       0    |       0    |       0    |       0    |
|---------------------------------------------------------------------------|
| Oversize GPU segments |       0    |       0    |       0    |       0    |
|===========================================================================|

|===========================================================================|
|                  PyTorch CUDA memory summary, device ID 0                 |
|---------------------------------------------------------------------------|
|            CUDA OOMs: 0            |        cudaMalloc retries: 0         |
|===========================================================================|
|        Metric         | Cur Usage  | Peak Usage | Tot Alloc  | Tot Freed  |
|---------------------------------------------------------------------------|
| Allocated memory      |  69633 KiB | 384259 KiB |   1841 GiB |   1841 GiB |
|       from large pool |  69073 KiB | 383190 KiB |   1716 GiB |   1716 GiB |
|       from small pool |    560 KiB |   4017 KiB |    124 GiB |    124 GiB |
|---------------------------------------------------------------------------|
| Active memory         |  69633 KiB | 384259 KiB |   1841 GiB |   1841 GiB |
|       from large pool |  69073 KiB | 383190 KiB |   1716 GiB |   1716 GiB |
|       from small pool |    560 KiB |   4017 KiB |    124 GiB |    124 GiB |
|---------------------------------------------------------------------------|
| Requested memory      |  69630 KiB | 380349 KiB |   1831 GiB |   1831 GiB |
|       from large pool |  69072 KiB | 379283 KiB |   1707 GiB |   1707 GiB |
|       from small pool |    558 KiB |   4012 KiB |    123 GiB |    123 GiB |
|---------------------------------------------------------------------------|
| GPU reserved memory   | 659456 KiB | 659456 KiB | 659456 KiB |      0 B   |
|       from large pool | 653312 KiB | 653312 KiB | 653312 KiB |      0 B   |
|       from small pool |   6144 KiB |   6144 KiB |   6144 KiB |      0 B   |
|---------------------------------------------------------------------------|
| Non-releasable memory |  24574 KiB | 109005 KiB |   1118 GiB |   1118 GiB |
|       from large pool |  23087 KiB | 107742 KiB |    993 GiB |    993 GiB |
|       from small pool |   1487 KiB |   4213 KiB |    125 GiB |    125 GiB |
|---------------------------------------------------------------------------|
| Allocations           |      30    |      54    |    2464 K  |    2464 K  |
|       from large pool |       8    |      26    |     246 K  |     246 K  |
|       from small pool |      22    |      35    |    2217 K  |    2217 K  |
|---------------------------------------------------------------------------|
| Active allocs         |      30    |      54    |    2464 K  |    2464 K  |
|       from large pool |       8    |      26    |     246 K  |     246 K  |
|       from small pool |      22    |      35    |    2217 K  |    2217 K  |
|---------------------------------------------------------------------------|
| GPU reserved segments |      23    |      23    |      23    |       0    |
|       from large pool |      20    |      20    |      20    |       0    |
|       from small pool |       3    |       3    |       3    |       0    |
|---------------------------------------------------------------------------|
| Non-releasable allocs |       9    |      20    |    1051 K  |    1051 K  |
|       from large pool |       5    |      15    |     120 K  |     120 K  |
|       from small pool |       4    |      14    |     930 K  |     930 K  |
|---------------------------------------------------------------------------|
| Oversize allocations  |       0    |       0    |       0    |       0    |
|---------------------------------------------------------------------------|
| Oversize GPU segments |       0    |       0    |       0    |       0    |
|===========================================================================|

