|===========================================================================|
|                  PyTorch CUDA memory summary, device ID 0                 |
|---------------------------------------------------------------------------|
|            CUDA OOMs: 0            |        cudaMalloc retries: 0         |
|===========================================================================|
|        Metric         | Cur Usage  | Peak Usage | Tot Alloc  | Tot Freed  |
|---------------------------------------------------------------------------|
| Allocated memory      |  46014 KiB | 130029 KiB | 387969 MiB | 387924 MiB |
|       from large pool |  45506 KiB | 129280 KiB | 374857 MiB | 374812 MiB |
|       from small pool |    507 KiB |   3485 KiB |  13112 MiB |  13111 MiB |
|---------------------------------------------------------------------------|
| Active memory         |  46014 KiB | 130029 KiB | 387969 MiB | 387924 MiB |
|       from large pool |  45506 KiB | 129280 KiB | 374857 MiB | 374812 MiB |
|       from small pool |    507 KiB |   3485 KiB |  13112 MiB |  13111 MiB |
|---------------------------------------------------------------------------|
| Requested memory      |  46010 KiB | 130024 KiB | 386337 MiB | 386292 MiB |
|       from large pool |  45506 KiB | 129280 KiB | 373282 MiB | 373237 MiB |
|       from small pool |    504 KiB |   3481 KiB |  13055 MiB |  13054 MiB |
|---------------------------------------------------------------------------|
| GPU reserved memory   | 167936 KiB | 167936 KiB | 167936 KiB |      0 B   |
|       from large pool | 163840 KiB | 163840 KiB | 163840 KiB |      0 B   |
|       from small pool |   4096 KiB |   4096 KiB |   4096 KiB |      0 B   |
|---------------------------------------------------------------------------|
| Non-releasable memory |  17474 KiB |  42265 KiB | 118675 MiB | 118658 MiB |
|       from large pool |  15933 KiB |  40704 KiB | 105559 MiB | 105544 MiB |
|       from small pool |   1540 KiB |   3026 KiB |  13115 MiB |  13114 MiB |
|---------------------------------------------------------------------------|
| Allocations           |      41    |      48    |  268611    |  268570    |
|       from large pool |      10    |      14    |   33716    |   33706    |
|       from small pool |      31    |      38    |  234895    |  234864    |
|---------------------------------------------------------------------------|
| Active allocs         |      41    |      48    |  268611    |  268570    |
|       from large pool |      10    |      14    |   33716    |   33706    |
|       from small pool |      31    |      38    |  234895    |  234864    |
|---------------------------------------------------------------------------|
| GPU reserved segments |      11    |      11    |      11    |       0    |
|       from large pool |       9    |       9    |       9    |       0    |
|       from small pool |       2    |       2    |       2    |       0    |
|---------------------------------------------------------------------------|
| Non-releasable allocs |       8    |      15    |  109328    |  109320    |
|       from large pool |       3    |       4    |    9175    |    9172    |
|       from small pool |       5    |      12    |  100153    |  100148    |
|---------------------------------------------------------------------------|
| Oversize allocations  |       0    |       0    |       0    |       0    |
|---------------------------------------------------------------------------|
| Oversize GPU segments |       0    |       0    |       0    |       0    |
|===========================================================================|

|===========================================================================|
|                  PyTorch CUDA memory summary, device ID 0                 |
|---------------------------------------------------------------------------|
|            CUDA OOMs: 0            |        cudaMalloc retries: 0         |
|===========================================================================|
|        Metric         | Cur Usage  | Peak Usage | Tot Alloc  | Tot Freed  |
|---------------------------------------------------------------------------|
| Allocated memory      |  46011 KiB | 387006 KiB | 467244 MiB | 467199 MiB |
|       from large pool |  45504 KiB | 385791 KiB | 424076 MiB | 424031 MiB |
|       from small pool |    507 KiB |   3485 KiB |  43168 MiB |  43167 MiB |
|---------------------------------------------------------------------------|
| Active memory         |  46011 KiB | 387006 KiB | 467244 MiB | 467199 MiB |
|       from large pool |  45504 KiB | 385791 KiB | 424076 MiB | 424031 MiB |
|       from small pool |    507 KiB |   3485 KiB |  43168 MiB |  43167 MiB |
|---------------------------------------------------------------------------|
| Requested memory      |  45706 KiB | 386439 KiB | 465260 MiB | 465215 MiB |
|       from large pool |  45202 KiB | 385228 KiB | 422331 MiB | 422287 MiB |
|       from small pool |    504 KiB |   3481 KiB |  42928 MiB |  42928 MiB |
|---------------------------------------------------------------------------|
| GPU reserved memory   | 581632 KiB | 581632 KiB | 581632 KiB |      0 B   |
|       from large pool | 577536 KiB | 577536 KiB | 577536 KiB |      0 B   |
|       from small pool |   4096 KiB |   4096 KiB |   4096 KiB |      0 B   |
|---------------------------------------------------------------------------|
| Non-releasable memory |  33860 KiB |  53217 KiB | 243700 MiB | 243666 MiB |
|       from large pool |  32320 KiB |  52080 KiB | 146599 MiB | 146568 MiB |
|       from small pool |   1540 KiB |   3121 KiB |  97100 MiB |  97098 MiB |
|---------------------------------------------------------------------------|
| Allocations           |      41    |      66    |     829 K  |     829 K  |
|       from large pool |      10    |      28    |      42 K  |      42 K  |
|       from small pool |      31    |      45    |     786 K  |     786 K  |
|---------------------------------------------------------------------------|
| Active allocs         |      41    |      66    |     829 K  |     829 K  |
|       from large pool |      10    |      28    |      42 K  |      42 K  |
|       from small pool |      31    |      45    |     786 K  |     786 K  |
|---------------------------------------------------------------------------|
| GPU reserved segments |      21    |      21    |      21    |       0    |
|       from large pool |      19    |      19    |      19    |       0    |
|       from small pool |       2    |       2    |       2    |       0    |
|---------------------------------------------------------------------------|
| Non-releasable allocs |      11    |      23    |  450522    |  450511    |
|       from large pool |       5    |      10    |   15285    |   15280    |
|       from small pool |       6    |      16    |  435237    |  435231    |
|---------------------------------------------------------------------------|
| Oversize allocations  |       0    |       0    |       0    |       0    |
|---------------------------------------------------------------------------|
| Oversize GPU segments |       0    |       0    |       0    |       0    |
|===========================================================================|

|===========================================================================|
|                  PyTorch CUDA memory summary, device ID 0                 |
|---------------------------------------------------------------------------|
|            CUDA OOMs: 0            |        cudaMalloc retries: 0         |
|===========================================================================|
|        Metric         | Cur Usage  | Peak Usage | Tot Alloc  | Tot Freed  |
|---------------------------------------------------------------------------|
| Allocated memory      |  45136 KiB | 387006 KiB | 538873 MiB | 538829 MiB |
|       from large pool |  44628 KiB | 385791 KiB | 468557 MiB | 468514 MiB |
|       from small pool |    507 KiB |   3485 KiB |  70315 MiB |  70315 MiB |
|---------------------------------------------------------------------------|
| Active memory         |  45136 KiB | 387006 KiB | 538873 MiB | 538829 MiB |
|       from large pool |  44628 KiB | 385791 KiB | 468557 MiB | 468514 MiB |
|       from small pool |    507 KiB |   3485 KiB |  70315 MiB |  70315 MiB |
|---------------------------------------------------------------------------|
| Requested memory      |  45131 KiB | 386439 KiB | 536598 MiB | 536554 MiB |
|       from large pool |  44627 KiB | 385228 KiB | 466696 MiB | 466652 MiB |
|       from small pool |    504 KiB |   3481 KiB |  69902 MiB |  69901 MiB |
|---------------------------------------------------------------------------|
| GPU reserved memory   | 659456 KiB | 659456 KiB | 659456 KiB |      0 B   |
|       from large pool | 653312 KiB | 653312 KiB | 653312 KiB |      0 B   |
|       from small pool |   6144 KiB |   6144 KiB |   6144 KiB |      0 B   |
|---------------------------------------------------------------------------|
| Non-releasable memory |  34736 KiB | 117750 KiB | 363585 MiB | 363551 MiB |
|       from large pool |  33195 KiB | 116656 KiB | 183601 MiB | 183569 MiB |
|       from small pool |   1540 KiB |   3693 KiB | 179983 MiB | 179982 MiB |
|---------------------------------------------------------------------------|
| Allocations           |      41    |      66    |    1382 K  |    1382 K  |
|       from large pool |      10    |      28    |      51 K  |      51 K  |
|       from small pool |      31    |      45    |    1331 K  |    1331 K  |
|---------------------------------------------------------------------------|
| Active allocs         |      41    |      66    |    1382 K  |    1382 K  |
|       from large pool |      10    |      28    |      51 K  |      51 K  |
|       from small pool |      31    |      45    |    1331 K  |    1331 K  |
|---------------------------------------------------------------------------|
| GPU reserved segments |      23    |      23    |      23    |       0    |
|       from large pool |      20    |      20    |      20    |       0    |
|       from small pool |       3    |       3    |       3    |       0    |
|---------------------------------------------------------------------------|
| Non-releasable allocs |      13    |      24    |  733892    |  733879    |
|       from large pool |       4    |      13    |   19241    |   19237    |
|       from small pool |       9    |      17    |  714651    |  714642    |
|---------------------------------------------------------------------------|
| Oversize allocations  |       0    |       0    |       0    |       0    |
|---------------------------------------------------------------------------|
| Oversize GPU segments |       0    |       0    |       0    |       0    |
|===========================================================================|

|===========================================================================|
|                  PyTorch CUDA memory summary, device ID 0                 |
|---------------------------------------------------------------------------|
|            CUDA OOMs: 0            |        cudaMalloc retries: 0         |
|===========================================================================|
|        Metric         | Cur Usage  | Peak Usage | Tot Alloc  | Tot Freed  |
|---------------------------------------------------------------------------|
| Allocated memory      |  46011 KiB | 387006 KiB | 596235 MiB | 596190 MiB |
|       from large pool |  45504 KiB | 385791 KiB | 506255 MiB | 506211 MiB |
|       from small pool |    507 KiB |   3485 KiB |  89979 MiB |  89979 MiB |
|---------------------------------------------------------------------------|
| Active memory         |  46011 KiB | 387006 KiB | 596235 MiB | 596190 MiB |
|       from large pool |  45504 KiB | 385791 KiB | 506255 MiB | 506211 MiB |
|       from small pool |    507 KiB |   3485 KiB |  89979 MiB |  89979 MiB |
|---------------------------------------------------------------------------|
| Requested memory      |  44838 KiB | 386439 KiB | 593655 MiB | 593612 MiB |
|       from large pool |  44334 KiB | 385228 KiB | 504204 MiB | 504161 MiB |
|       from small pool |    504 KiB |   3481 KiB |  89451 MiB |  89450 MiB |
|---------------------------------------------------------------------------|
| GPU reserved memory   | 659456 KiB | 659456 KiB | 659456 KiB |      0 B   |
|       from large pool | 653312 KiB | 653312 KiB | 653312 KiB |      0 B   |
|       from small pool |   6144 KiB |   6144 KiB |   6144 KiB |      0 B   |
|---------------------------------------------------------------------------|
| Non-releasable memory |  33860 KiB | 117750 KiB | 413166 MiB | 413133 MiB |
|       from large pool |  32320 KiB | 116656 KiB | 213509 MiB | 213477 MiB |
|       from small pool |   1540 KiB |   3693 KiB | 199657 MiB | 199656 MiB |
|---------------------------------------------------------------------------|
| Allocations           |      41    |      66    |    1915 K  |    1915 K  |
|       from large pool |      10    |      28    |      57 K  |      57 K  |
|       from small pool |      31    |      45    |    1858 K  |    1858 K  |
|---------------------------------------------------------------------------|
| Active allocs         |      41    |      66    |    1915 K  |    1915 K  |
|       from large pool |      10    |      28    |      57 K  |      57 K  |
|       from small pool |      31    |      45    |    1858 K  |    1858 K  |
|---------------------------------------------------------------------------|
| GPU reserved segments |      23    |      23    |      23    |       0    |
|       from large pool |      20    |      20    |      20    |       0    |
|       from small pool |       3    |       3    |       3    |       0    |
|---------------------------------------------------------------------------|
| Non-releasable allocs |      14    |      25    |    1013 K  |    1013 K  |
|       from large pool |       4    |      13    |      22 K  |      22 K  |
|       from small pool |      10    |      18    |     990 K  |     990 K  |
|---------------------------------------------------------------------------|
| Oversize allocations  |       0    |       0    |       0    |       0    |
|---------------------------------------------------------------------------|
| Oversize GPU segments |       0    |       0    |       0    |       0    |
|===========================================================================|

|===========================================================================|
|                  PyTorch CUDA memory summary, device ID 0                 |
|---------------------------------------------------------------------------|
|            CUDA OOMs: 0            |        cudaMalloc retries: 0         |
|===========================================================================|
|        Metric         | Cur Usage  | Peak Usage | Tot Alloc  | Tot Freed  |
|---------------------------------------------------------------------------|
| Allocated memory      |  45110 KiB | 387006 KiB | 645373 MiB | 645329 MiB |
|       from large pool |  44602 KiB | 385791 KiB | 539728 MiB | 539684 MiB |
|       from small pool |    507 KiB |   3485 KiB | 105645 MiB | 105645 MiB |
|---------------------------------------------------------------------------|
| Active memory         |  45110 KiB | 387006 KiB | 645373 MiB | 645329 MiB |
|       from large pool |  44602 KiB | 385791 KiB | 539728 MiB | 539684 MiB |
|       from small pool |    507 KiB |   3485 KiB | 105645 MiB | 105645 MiB |
|---------------------------------------------------------------------------|
| Requested memory      |  44913 KiB | 386439 KiB | 642352 MiB | 642308 MiB |
|       from large pool |  44409 KiB | 385228 KiB | 537412 MiB | 537369 MiB |
|       from small pool |    504 KiB |   3481 KiB | 104940 MiB | 104939 MiB |
|---------------------------------------------------------------------------|
| GPU reserved memory   | 659456 KiB | 659456 KiB | 659456 KiB |      0 B   |
|       from large pool | 653312 KiB | 653312 KiB | 653312 KiB |      0 B   |
|       from small pool |   6144 KiB |   6144 KiB |   6144 KiB |      0 B   |
|---------------------------------------------------------------------------|
| Non-releasable memory |  34762 KiB | 117750 KiB | 455346 MiB | 455312 MiB |
|       from large pool |  33221 KiB | 116656 KiB | 239885 MiB | 239852 MiB |
|       from small pool |   1540 KiB |   3693 KiB | 215461 MiB | 215459 MiB |
|---------------------------------------------------------------------------|
| Allocations           |      41    |      66    |    2451 K  |    2451 K  |
|       from large pool |      10    |      28    |      63 K  |      63 K  |
|       from small pool |      31    |      45    |    2387 K  |    2387 K  |
|---------------------------------------------------------------------------|
| Active allocs         |      41    |      66    |    2451 K  |    2451 K  |
|       from large pool |      10    |      28    |      63 K  |      63 K  |
|       from small pool |      31    |      45    |    2387 K  |    2387 K  |
|---------------------------------------------------------------------------|
| GPU reserved segments |      23    |      23    |      23    |       0    |
|       from large pool |      20    |      20    |      20    |       0    |
|       from small pool |       3    |       3    |       3    |       0    |
|---------------------------------------------------------------------------|
| Non-releasable allocs |      16    |      25    |    1186 K  |    1186 K  |
|       from large pool |       5    |      13    |      25 K  |      25 K  |
|       from small pool |      11    |      18    |    1160 K  |    1160 K  |
|---------------------------------------------------------------------------|
| Oversize allocations  |       0    |       0    |       0    |       0    |
|---------------------------------------------------------------------------|
| Oversize GPU segments |       0    |       0    |       0    |       0    |
|===========================================================================|

|===========================================================================|
|                  PyTorch CUDA memory summary, device ID 0                 |
|---------------------------------------------------------------------------|
|            CUDA OOMs: 0            |        cudaMalloc retries: 0         |
|===========================================================================|
|        Metric         | Cur Usage  | Peak Usage | Tot Alloc  | Tot Freed  |
|---------------------------------------------------------------------------|
| Allocated memory      |  46117 KiB | 387006 KiB | 694084 MiB | 694039 MiB |
|       from large pool |  45610 KiB | 385791 KiB | 573081 MiB | 573036 MiB |
|       from small pool |    507 KiB |   3485 KiB | 121003 MiB | 121002 MiB |
|---------------------------------------------------------------------------|
| Active memory         |  46117 KiB | 387006 KiB | 694084 MiB | 694039 MiB |
|       from large pool |  45610 KiB | 385791 KiB | 573081 MiB | 573036 MiB |
|       from small pool |    507 KiB |   3485 KiB | 121003 MiB | 121002 MiB |
|---------------------------------------------------------------------------|
| Requested memory      |  45404 KiB | 386439 KiB | 690645 MiB | 690601 MiB |
|       from large pool |  44900 KiB | 385228 KiB | 570509 MiB | 570465 MiB |
|       from small pool |    504 KiB |   3481 KiB | 120136 MiB | 120136 MiB |
|---------------------------------------------------------------------------|
| GPU reserved memory   | 659456 KiB | 659456 KiB | 659456 KiB |      0 B   |
|       from large pool | 653312 KiB | 653312 KiB | 653312 KiB |      0 B   |
|       from small pool |   6144 KiB |   6144 KiB |   6144 KiB |      0 B   |
|---------------------------------------------------------------------------|
| Non-releasable memory |  33754 KiB | 117750 KiB | 497651 MiB | 497618 MiB |
|       from large pool |  32214 KiB | 116656 KiB | 266823 MiB | 266792 MiB |
|       from small pool |   1540 KiB |   3693 KiB | 230827 MiB | 230825 MiB |
|---------------------------------------------------------------------------|
| Allocations           |      41    |      66    |    2997 K  |    2997 K  |
|       from large pool |      10    |      28    |      68 K  |      68 K  |
|       from small pool |      31    |      45    |    2928 K  |    2928 K  |
|---------------------------------------------------------------------------|
| Active allocs         |      41    |      66    |    2997 K  |    2997 K  |
|       from large pool |      10    |      28    |      68 K  |      68 K  |
|       from small pool |      31    |      45    |    2928 K  |    2928 K  |
|---------------------------------------------------------------------------|
| GPU reserved segments |      23    |      23    |      23    |       0    |
|       from large pool |      20    |      20    |      20    |       0    |
|       from small pool |       3    |       3    |       3    |       0    |
|---------------------------------------------------------------------------|
| Non-releasable allocs |      15    |      26    |    1376 K  |    1376 K  |
|       from large pool |       5    |      13    |      28 K  |      28 K  |
|       from small pool |      10    |      18    |    1347 K  |    1347 K  |
|---------------------------------------------------------------------------|
| Oversize allocations  |       0    |       0    |       0    |       0    |
|---------------------------------------------------------------------------|
| Oversize GPU segments |       0    |       0    |       0    |       0    |
|===========================================================================|

|===========================================================================|
|                  PyTorch CUDA memory summary, device ID 0                 |
|---------------------------------------------------------------------------|
|            CUDA OOMs: 0            |        cudaMalloc retries: 0         |
|===========================================================================|
|        Metric         | Cur Usage  | Peak Usage | Tot Alloc  | Tot Freed  |
|---------------------------------------------------------------------------|
| Allocated memory      |  45970 KiB | 387006 KiB | 752650 MiB | 752605 MiB |
|       from large pool |  45463 KiB | 385791 KiB | 610583 MiB | 610539 MiB |
|       from small pool |    507 KiB |   3485 KiB | 142066 MiB | 142066 MiB |
|---------------------------------------------------------------------------|
| Active memory         |  45970 KiB | 387006 KiB | 752650 MiB | 752605 MiB |
|       from large pool |  45463 KiB | 385791 KiB | 610583 MiB | 610539 MiB |
|       from small pool |    507 KiB |   3485 KiB | 142066 MiB | 142066 MiB |
|---------------------------------------------------------------------------|
| Requested memory      |  45386 KiB | 386439 KiB | 748818 MiB | 748774 MiB |
|       from large pool |  44882 KiB | 385228 KiB | 607776 MiB | 607732 MiB |
|       from small pool |    504 KiB |   3481 KiB | 141041 MiB | 141041 MiB |
|---------------------------------------------------------------------------|
| GPU reserved memory   | 659456 KiB | 659456 KiB | 659456 KiB |      0 B   |
|       from large pool | 653312 KiB | 653312 KiB | 653312 KiB |      0 B   |
|       from small pool |   6144 KiB |   6144 KiB |   6144 KiB |      0 B   |
|---------------------------------------------------------------------------|
| Non-releasable memory |  33901 KiB | 117750 KiB | 548174 MiB | 548141 MiB |
|       from large pool |  32361 KiB | 116656 KiB | 296272 MiB | 296241 MiB |
|       from small pool |   1540 KiB |   3693 KiB | 251901 MiB | 251899 MiB |
|---------------------------------------------------------------------------|
| Allocations           |      41    |      66    |    3592 K  |    3592 K  |
|       from large pool |      10    |      28    |      75 K  |      75 K  |
|       from small pool |      31    |      45    |    3516 K  |    3516 K  |
|---------------------------------------------------------------------------|
| Active allocs         |      41    |      66    |    3592 K  |    3592 K  |
|       from large pool |      10    |      28    |      75 K  |      75 K  |
|       from small pool |      31    |      45    |    3516 K  |    3516 K  |
|---------------------------------------------------------------------------|
| GPU reserved segments |      23    |      23    |      23    |       0    |
|       from large pool |      20    |      20    |      20    |       0    |
|       from small pool |       3    |       3    |       3    |       0    |
|---------------------------------------------------------------------------|
| Non-releasable allocs |      14    |      26    |    1666 K  |    1666 K  |
|       from large pool |       5    |      13    |      32 K  |      32 K  |
|       from small pool |       9    |      18    |    1634 K  |    1634 K  |
|---------------------------------------------------------------------------|
| Oversize allocations  |       0    |       0    |       0    |       0    |
|---------------------------------------------------------------------------|
| Oversize GPU segments |       0    |       0    |       0    |       0    |
|===========================================================================|

|===========================================================================|
|                  PyTorch CUDA memory summary, device ID 0                 |
|---------------------------------------------------------------------------|
|            CUDA OOMs: 0            |        cudaMalloc retries: 0         |
|===========================================================================|
|        Metric         | Cur Usage  | Peak Usage | Tot Alloc  | Tot Freed  |
|---------------------------------------------------------------------------|
| Allocated memory      |  44790 KiB | 387006 KiB |    790 GiB |    790 GiB |
|       from large pool |  43899 KiB | 385791 KiB |    631 GiB |    631 GiB |
|       from small pool |    890 KiB |   3485 KiB |    158 GiB |    158 GiB |
|---------------------------------------------------------------------------|
| Active memory         |  44790 KiB | 387006 KiB |    790 GiB |    790 GiB |
|       from large pool |  43899 KiB | 385791 KiB |    631 GiB |    631 GiB |
|       from small pool |    890 KiB |   3485 KiB |    158 GiB |    158 GiB |
|---------------------------------------------------------------------------|
| Requested memory      |  44594 KiB | 386439 KiB |    786 GiB |    785 GiB |
|       from large pool |  43707 KiB | 385228 KiB |    628 GiB |    628 GiB |
|       from small pool |    887 KiB |   3481 KiB |    157 GiB |    157 GiB |
|---------------------------------------------------------------------------|
| GPU reserved memory   | 659456 KiB | 659456 KiB | 659456 KiB |      0 B   |
|       from large pool | 653312 KiB | 653312 KiB | 653312 KiB |      0 B   |
|       from small pool |   6144 KiB |   6144 KiB |   6144 KiB |      0 B   |
|---------------------------------------------------------------------------|
| Non-releasable memory |  51466 KiB | 121277 KiB | 596706 MiB | 596656 MiB |
|       from large pool |  50308 KiB | 118358 KiB | 324231 MiB | 324181 MiB |
|       from small pool |   1157 KiB |   3820 KiB | 272475 MiB | 272474 MiB |
|---------------------------------------------------------------------------|
| Allocations           |      41    |      66    |    4209 K  |    4209 K  |
|       from large pool |       9    |      28    |      81 K  |      81 K  |
|       from small pool |      32    |      45    |    4128 K  |    4128 K  |
|---------------------------------------------------------------------------|
| Active allocs         |      41    |      66    |    4209 K  |    4209 K  |
|       from large pool |       9    |      28    |      81 K  |      81 K  |
|       from small pool |      32    |      45    |    4128 K  |    4128 K  |
|---------------------------------------------------------------------------|
| GPU reserved segments |      23    |      23    |      23    |       0    |
|       from large pool |      20    |      20    |      20    |       0    |
|       from small pool |       3    |       3    |       3    |       0    |
|---------------------------------------------------------------------------|
| Non-releasable allocs |      17    |      27    |    1799 K  |    1799 K  |
|       from large pool |       6    |      13    |      35 K  |      35 K  |
|       from small pool |      11    |      19    |    1764 K  |    1764 K  |
|---------------------------------------------------------------------------|
| Oversize allocations  |       0    |       0    |       0    |       0    |
|---------------------------------------------------------------------------|
| Oversize GPU segments |       0    |       0    |       0    |       0    |
|===========================================================================|

|===========================================================================|
|                  PyTorch CUDA memory summary, device ID 0                 |
|---------------------------------------------------------------------------|
|            CUDA OOMs: 0            |        cudaMalloc retries: 0         |
|===========================================================================|
|        Metric         | Cur Usage  | Peak Usage | Tot Alloc  | Tot Freed  |
|---------------------------------------------------------------------------|
| Allocated memory      |  44746 KiB | 387006 KiB |    823 GiB |    823 GiB |
|       from large pool |  44016 KiB | 385791 KiB |    657 GiB |    657 GiB |
|       from small pool |    729 KiB |   3868 KiB |    166 GiB |    166 GiB |
|---------------------------------------------------------------------------|
| Active memory         |  44746 KiB | 387006 KiB |    823 GiB |    823 GiB |
|       from large pool |  44016 KiB | 385791 KiB |    657 GiB |    657 GiB |
|       from small pool |    729 KiB |   3868 KiB |    166 GiB |    166 GiB |
|---------------------------------------------------------------------------|
| Requested memory      |  44550 KiB | 386439 KiB |    819 GiB |    819 GiB |
|       from large pool |  43824 KiB | 385228 KiB |    654 GiB |    654 GiB |
|       from small pool |    726 KiB |   3864 KiB |    164 GiB |    164 GiB |
|---------------------------------------------------------------------------|
| GPU reserved memory   | 659456 KiB | 659456 KiB | 659456 KiB |      0 B   |
|       from large pool | 653312 KiB | 653312 KiB | 653312 KiB |      0 B   |
|       from small pool |   6144 KiB |   6144 KiB |   6144 KiB |      0 B   |
|---------------------------------------------------------------------------|
| Non-releasable memory |  35126 KiB | 121277 KiB | 627593 MiB | 627558 MiB |
|       from large pool |  33807 KiB | 118358 KiB | 347235 MiB | 347202 MiB |
|       from small pool |   1318 KiB |   3820 KiB | 280357 MiB | 280355 MiB |
|---------------------------------------------------------------------------|
| Allocations           |      41    |      66    |    4789 K  |    4789 K  |
|       from large pool |       9    |      28    |      85 K  |      85 K  |
|       from small pool |      32    |      46    |    4703 K  |    4703 K  |
|---------------------------------------------------------------------------|
| Active allocs         |      41    |      66    |    4789 K  |    4789 K  |
|       from large pool |       9    |      28    |      85 K  |      85 K  |
|       from small pool |      32    |      46    |    4703 K  |    4703 K  |
|---------------------------------------------------------------------------|
| GPU reserved segments |      23    |      23    |      23    |       0    |
|       from large pool |      20    |      20    |      20    |       0    |
|       from small pool |       3    |       3    |       3    |       0    |
|---------------------------------------------------------------------------|
| Non-releasable allocs |      16    |      27    |    1967 K  |    1967 K  |
|       from large pool |       4    |      15    |      37 K  |      37 K  |
|       from small pool |      12    |      19    |    1929 K  |    1929 K  |
|---------------------------------------------------------------------------|
| Oversize allocations  |       0    |       0    |       0    |       0    |
|---------------------------------------------------------------------------|
| Oversize GPU segments |       0    |       0    |       0    |       0    |
|===========================================================================|

