|===========================================================================|
|                  PyTorch CUDA memory summary, device ID 0                 |
|---------------------------------------------------------------------------|
|            CUDA OOMs: 0            |        cudaMalloc retries: 0         |
|===========================================================================|
|        Metric         | Cur Usage  | Peak Usage | Tot Alloc  | Tot Freed  |
|---------------------------------------------------------------------------|
| Allocated memory      |  37653 KiB | 125912 KiB | 386284 MiB | 386247 MiB |
|       from large pool |  37314 KiB | 125184 KiB | 373197 MiB | 373160 MiB |
|       from small pool |    338 KiB |   3316 KiB |  13087 MiB |  13087 MiB |
|---------------------------------------------------------------------------|
| Active memory         |  37653 KiB | 125912 KiB | 386284 MiB | 386247 MiB |
|       from large pool |  37314 KiB | 125184 KiB | 373197 MiB | 373160 MiB |
|       from small pool |    338 KiB |   3316 KiB |  13087 MiB |  13087 MiB |
|---------------------------------------------------------------------------|
| Requested memory      |  37650 KiB | 125908 KiB | 384668 MiB | 384631 MiB |
|       from large pool |  37314 KiB | 125184 KiB | 371637 MiB | 371601 MiB |
|       from small pool |    336 KiB |   3313 KiB |  13030 MiB |  13030 MiB |
|---------------------------------------------------------------------------|
| GPU reserved memory   | 167936 KiB | 167936 KiB | 167936 KiB |      0 B   |
|       from large pool | 163840 KiB | 163840 KiB | 163840 KiB |      0 B   |
|       from small pool |   4096 KiB |   4096 KiB |   4096 KiB |      0 B   |
|---------------------------------------------------------------------------|
| Non-releasable memory |  25835 KiB |  42265 KiB | 114842 MiB | 114817 MiB |
|       from large pool |  24125 KiB |  40704 KiB | 101751 MiB | 101727 MiB |
|       from small pool |   1709 KiB |   3195 KiB |  13091 MiB |  13089 MiB |
|---------------------------------------------------------------------------|
| Allocations           |      29    |      42    |  268469    |  268440    |
|       from large pool |       8    |      13    |   33604    |   33596    |
|       from small pool |      21    |      34    |  234865    |  234844    |
|---------------------------------------------------------------------------|
| Active allocs         |      29    |      42    |  268469    |  268440    |
|       from large pool |       8    |      13    |   33604    |   33596    |
|       from small pool |      21    |      34    |  234865    |  234844    |
|---------------------------------------------------------------------------|
| GPU reserved segments |      11    |      11    |      11    |       0    |
|       from large pool |       9    |       9    |       9    |       0    |
|       from small pool |       2    |       2    |       2    |       0    |
|---------------------------------------------------------------------------|
| Non-releasable allocs |       9    |      15    |  108350    |  108341    |
|       from large pool |       3    |       4    |    8793    |    8790    |
|       from small pool |       6    |      11    |   99557    |   99551    |
|---------------------------------------------------------------------------|
| Oversize allocations  |       0    |       0    |       0    |       0    |
|---------------------------------------------------------------------------|
| Oversize GPU segments |       0    |       0    |       0    |       0    |
|===========================================================================|

|===========================================================================|
|                  PyTorch CUDA memory summary, device ID 0                 |
|---------------------------------------------------------------------------|
|            CUDA OOMs: 0            |        cudaMalloc retries: 0         |
|===========================================================================|
|        Metric         | Cur Usage  | Peak Usage | Tot Alloc  | Tot Freed  |
|---------------------------------------------------------------------------|
| Allocated memory      |  37529 KiB | 378396 KiB | 441640 MiB | 441603 MiB |
|       from large pool |  37190 KiB | 377350 KiB | 422045 MiB | 422009 MiB |
|       from small pool |    338 KiB |   3316 KiB |  19594 MiB |  19594 MiB |
|---------------------------------------------------------------------------|
| Active memory         |  37529 KiB | 378396 KiB | 441640 MiB | 441603 MiB |
|       from large pool |  37190 KiB | 377350 KiB | 422045 MiB | 422009 MiB |
|       from small pool |    338 KiB |   3316 KiB |  19594 MiB |  19594 MiB |
|---------------------------------------------------------------------------|
| Requested memory      |  37346 KiB | 378079 KiB | 439814 MiB | 439777 MiB |
|       from large pool |  37010 KiB | 377036 KiB | 420314 MiB | 420278 MiB |
|       from small pool |    336 KiB |   3313 KiB |  19499 MiB |  19499 MiB |
|---------------------------------------------------------------------------|
| GPU reserved memory   | 581632 KiB | 581632 KiB | 581632 KiB |      0 B   |
|       from large pool | 577536 KiB | 577536 KiB | 577536 KiB |      0 B   |
|       from small pool |   4096 KiB |   4096 KiB |   4096 KiB |      0 B   |
|---------------------------------------------------------------------------|
| Non-releasable memory |  25959 KiB |  60901 KiB | 160546 MiB | 160521 MiB |
|       from large pool |  24249 KiB |  59893 KiB | 140937 MiB | 140913 MiB |
|       from small pool |   1709 KiB |   3290 KiB |  19609 MiB |  19607 MiB |
|---------------------------------------------------------------------------|
| Allocations           |      29    |      54    |  425531    |  425502    |
|       from large pool |       8    |      26    |   42705    |   42697    |
|       from small pool |      21    |      34    |  382826    |  382805    |
|---------------------------------------------------------------------------|
| Active allocs         |      29    |      54    |  425531    |  425502    |
|       from large pool |       8    |      26    |   42705    |   42697    |
|       from small pool |      21    |      34    |  382826    |  382805    |
|---------------------------------------------------------------------------|
| GPU reserved segments |      21    |      21    |      21    |       0    |
|       from large pool |      19    |      19    |      19    |       0    |
|       from small pool |       2    |       2    |       2    |       0    |
|---------------------------------------------------------------------------|
| Non-releasable allocs |       8    |      16    |  182865    |  182857    |
|       from large pool |       3    |      10    |   13728    |   13725    |
|       from small pool |       5    |      12    |  169137    |  169132    |
|---------------------------------------------------------------------------|
| Oversize allocations  |       0    |       0    |       0    |       0    |
|---------------------------------------------------------------------------|
| Oversize GPU segments |       0    |       0    |       0    |       0    |
|===========================================================================|

|===========================================================================|
|                  PyTorch CUDA memory summary, device ID 0                 |
|---------------------------------------------------------------------------|
|            CUDA OOMs: 0            |        cudaMalloc retries: 0         |
|===========================================================================|
|        Metric         | Cur Usage  | Peak Usage | Tot Alloc  | Tot Freed  |
|---------------------------------------------------------------------------|
| Allocated memory      |  37330 KiB | 378396 KiB | 494635 MiB | 494599 MiB |
|       from large pool |  36992 KiB | 377350 KiB | 468541 MiB | 468505 MiB |
|       from small pool |    338 KiB |   3316 KiB |  26094 MiB |  26093 MiB |
|---------------------------------------------------------------------------|
| Active memory         |  37330 KiB | 378396 KiB | 494635 MiB | 494599 MiB |
|       from large pool |  36992 KiB | 377350 KiB | 468541 MiB | 468505 MiB |
|       from small pool |    338 KiB |   3316 KiB |  26094 MiB |  26093 MiB |
|---------------------------------------------------------------------------|
| Requested memory      |  36771 KiB | 378079 KiB | 492634 MiB | 492598 MiB |
|       from large pool |  36435 KiB | 377036 KiB | 466670 MiB | 466635 MiB |
|       from small pool |    336 KiB |   3313 KiB |  25963 MiB |  25963 MiB |
|---------------------------------------------------------------------------|
| GPU reserved memory   | 657408 KiB | 657408 KiB | 657408 KiB |      0 B   |
|       from large pool | 653312 KiB | 653312 KiB | 653312 KiB |      0 B   |
|       from small pool |   4096 KiB |   4096 KiB |   4096 KiB |      0 B   |
|---------------------------------------------------------------------------|
| Non-releasable memory |  26157 KiB | 109656 KiB | 205943 MiB | 205917 MiB |
|       from large pool |  24448 KiB | 108393 KiB | 179789 MiB | 179765 MiB |
|       from small pool |   1709 KiB |   3290 KiB |  26154 MiB |  26152 MiB |
|---------------------------------------------------------------------------|
| Allocations           |      29    |      54    |  573130    |  573101    |
|       from large pool |       8    |      26    |   51000    |   50992    |
|       from small pool |      21    |      34    |  522130    |  522109    |
|---------------------------------------------------------------------------|
| Active allocs         |      29    |      54    |  573130    |  573101    |
|       from large pool |       8    |      26    |   51000    |   50992    |
|       from small pool |      21    |      34    |  522130    |  522109    |
|---------------------------------------------------------------------------|
| GPU reserved segments |      22    |      22    |      22    |       0    |
|       from large pool |      20    |      20    |      20    |       0    |
|       from small pool |       2    |       2    |       2    |       0    |
|---------------------------------------------------------------------------|
| Non-releasable allocs |       8    |      17    |  238851    |  238843    |
|       from large pool |       2    |      12    |   17946    |   17944    |
|       from small pool |       6    |      12    |  220905    |  220899    |
|---------------------------------------------------------------------------|
| Oversize allocations  |       0    |       0    |       0    |       0    |
|---------------------------------------------------------------------------|
| Oversize GPU segments |       0    |       0    |       0    |       0    |
|===========================================================================|

|===========================================================================|
|                  PyTorch CUDA memory summary, device ID 0                 |
|---------------------------------------------------------------------------|
|            CUDA OOMs: 0            |        cudaMalloc retries: 0         |
|===========================================================================|
|        Metric         | Cur Usage  | Peak Usage | Tot Alloc  | Tot Freed  |
|---------------------------------------------------------------------------|
| Allocated memory      |  37330 KiB | 378396 KiB | 533423 MiB | 533386 MiB |
|       from large pool |  36992 KiB | 377350 KiB | 503408 MiB | 503372 MiB |
|       from small pool |    338 KiB |   3316 KiB |  30014 MiB |  30014 MiB |
|---------------------------------------------------------------------------|
| Active memory         |  37330 KiB | 378396 KiB | 533423 MiB | 533386 MiB |
|       from large pool |  36992 KiB | 377350 KiB | 503408 MiB | 503372 MiB |
|       from small pool |    338 KiB |   3316 KiB |  30014 MiB |  30014 MiB |
|---------------------------------------------------------------------------|
| Requested memory      |  36478 KiB | 378079 KiB | 531091 MiB | 531055 MiB |
|       from large pool |  36142 KiB | 377036 KiB | 501229 MiB | 501194 MiB |
|       from small pool |    336 KiB |   3313 KiB |  29861 MiB |  29861 MiB |
|---------------------------------------------------------------------------|
| GPU reserved memory   | 657408 KiB | 657408 KiB | 657408 KiB |      0 B   |
|       from large pool | 653312 KiB | 653312 KiB | 653312 KiB |      0 B   |
|       from small pool |   4096 KiB |   4096 KiB |   4096 KiB |      0 B   |
|---------------------------------------------------------------------------|
| Non-releasable memory |  26157 KiB | 109656 KiB | 236778 MiB | 236752 MiB |
|       from large pool |  24448 KiB | 108393 KiB | 206694 MiB | 206670 MiB |
|       from small pool |   1709 KiB |   3305 KiB |  30083 MiB |  30081 MiB |
|---------------------------------------------------------------------------|
| Allocations           |      29    |      54    |  667067    |  667038    |
|       from large pool |       8    |      26    |   57060    |   57052    |
|       from small pool |      21    |      34    |  610007    |  609986    |
|---------------------------------------------------------------------------|
| Active allocs         |      29    |      54    |  667067    |  667038    |
|       from large pool |       8    |      26    |   57060    |   57052    |
|       from small pool |      21    |      34    |  610007    |  609986    |
|---------------------------------------------------------------------------|
| GPU reserved segments |      22    |      22    |      22    |       0    |
|       from large pool |      20    |      20    |      20    |       0    |
|       from small pool |       2    |       2    |       2    |       0    |
|---------------------------------------------------------------------------|
| Non-releasable allocs |       6    |      17    |  281177    |  281171    |
|       from large pool |       2    |      12    |   20664    |   20662    |
|       from small pool |       4    |      12    |  260513    |  260509    |
|---------------------------------------------------------------------------|
| Oversize allocations  |       0    |       0    |       0    |       0    |
|---------------------------------------------------------------------------|
| Oversize GPU segments |       0    |       0    |       0    |       0    |
|===========================================================================|

|===========================================================================|
|                  PyTorch CUDA memory summary, device ID 0                 |
|---------------------------------------------------------------------------|
|            CUDA OOMs: 0            |        cudaMalloc retries: 0         |
|===========================================================================|
|        Metric         | Cur Usage  | Peak Usage | Tot Alloc  | Tot Freed  |
|---------------------------------------------------------------------------|
| Allocated memory      |  36557 KiB | 378396 KiB | 569905 MiB | 569869 MiB |
|       from large pool |  36218 KiB | 377350 KiB | 536266 MiB | 536230 MiB |
|       from small pool |    338 KiB |   3316 KiB |  33639 MiB |  33638 MiB |
|---------------------------------------------------------------------------|
| Active memory         |  36557 KiB | 378396 KiB | 569905 MiB | 569869 MiB |
|       from large pool |  36218 KiB | 377350 KiB | 536266 MiB | 536230 MiB |
|       from small pool |    338 KiB |   3316 KiB |  33639 MiB |  33638 MiB |
|---------------------------------------------------------------------------|
| Requested memory      |  36553 KiB | 378079 KiB | 567335 MiB | 567299 MiB |
|       from large pool |  36217 KiB | 377036 KiB | 533868 MiB | 533832 MiB |
|       from small pool |    336 KiB |   3313 KiB |  33466 MiB |  33466 MiB |
|---------------------------------------------------------------------------|
| GPU reserved memory   | 657408 KiB | 657408 KiB | 657408 KiB |      0 B   |
|       from large pool | 653312 KiB | 653312 KiB | 653312 KiB |      0 B   |
|       from small pool |   4096 KiB |   4096 KiB |   4096 KiB |      0 B   |
|---------------------------------------------------------------------------|
| Non-releasable memory |  26931 KiB | 109656 KiB | 266593 MiB | 266567 MiB |
|       from large pool |  25221 KiB | 108393 KiB | 232877 MiB | 232852 MiB |
|       from small pool |   1709 KiB |   3305 KiB |  33716 MiB |  33714 MiB |
|---------------------------------------------------------------------------|
| Allocations           |      29    |      54    |     750 K  |     750 K  |
|       from large pool |       8    |      26    |      62 K  |      62 K  |
|       from small pool |      21    |      34    |     687 K  |     687 K  |
|---------------------------------------------------------------------------|
| Active allocs         |      29    |      54    |     750 K  |     750 K  |
|       from large pool |       8    |      26    |      62 K  |      62 K  |
|       from small pool |      21    |      34    |     687 K  |     687 K  |
|---------------------------------------------------------------------------|
| GPU reserved segments |      22    |      22    |      22    |       0    |
|       from large pool |      20    |      20    |      20    |       0    |
|       from small pool |       2    |       2    |       2    |       0    |
|---------------------------------------------------------------------------|
| Non-releasable allocs |      10    |      17    |  317124    |  317114    |
|       from large pool |       4    |      12    |   23515    |   23511    |
|       from small pool |       6    |      12    |  293609    |  293603    |
|---------------------------------------------------------------------------|
| Oversize allocations  |       0    |       0    |       0    |       0    |
|---------------------------------------------------------------------------|
| Oversize GPU segments |       0    |       0    |       0    |       0    |
|===========================================================================|

|===========================================================================|
|                  PyTorch CUDA memory summary, device ID 0                 |
|---------------------------------------------------------------------------|
|            CUDA OOMs: 0            |        cudaMalloc retries: 0         |
|===========================================================================|
|        Metric         | Cur Usage  | Peak Usage | Tot Alloc  | Tot Freed  |
|---------------------------------------------------------------------------|
| Allocated memory      |  37436 KiB | 378396 KiB | 612620 MiB | 612584 MiB |
|       from large pool |  37098 KiB | 377350 KiB | 575192 MiB | 575156 MiB |
|       from small pool |    338 KiB |   3316 KiB |  37427 MiB |  37427 MiB |
|---------------------------------------------------------------------------|
| Active memory         |  37436 KiB | 378396 KiB | 612620 MiB | 612584 MiB |
|       from large pool |  37098 KiB | 377350 KiB | 575192 MiB | 575156 MiB |
|       from small pool |    338 KiB |   3316 KiB |  37427 MiB |  37427 MiB |
|---------------------------------------------------------------------------|
| Requested memory      |  37044 KiB | 378079 KiB | 609804 MiB | 609768 MiB |
|       from large pool |  36708 KiB | 377036 KiB | 572571 MiB | 572535 MiB |
|       from small pool |    336 KiB |   3313 KiB |  37233 MiB |  37232 MiB |
|---------------------------------------------------------------------------|
| GPU reserved memory   | 657408 KiB | 657408 KiB | 657408 KiB |      0 B   |
|       from large pool | 653312 KiB | 653312 KiB | 653312 KiB |      0 B   |
|       from small pool |   4096 KiB |   4096 KiB |   4096 KiB |      0 B   |
|---------------------------------------------------------------------------|
| Non-releasable memory |  26051 KiB | 109656 KiB | 301264 MiB | 301239 MiB |
|       from large pool |  24342 KiB | 108393 KiB | 263752 MiB | 263728 MiB |
|       from small pool |   1709 KiB |   3305 KiB |  37512 MiB |  37511 MiB |
|---------------------------------------------------------------------------|
| Allocations           |      29    |      54    |     839 K  |     839 K  |
|       from large pool |       8    |      26    |      68 K  |      68 K  |
|       from small pool |      21    |      34    |     770 K  |     770 K  |
|---------------------------------------------------------------------------|
| Active allocs         |      29    |      54    |     839 K  |     839 K  |
|       from large pool |       8    |      26    |      68 K  |      68 K  |
|       from small pool |      21    |      34    |     770 K  |     770 K  |
|---------------------------------------------------------------------------|
| GPU reserved segments |      22    |      22    |      22    |       0    |
|       from large pool |      20    |      20    |      20    |       0    |
|       from small pool |       2    |       2    |       2    |       0    |
|---------------------------------------------------------------------------|
| Non-releasable allocs |       9    |      17    |  356639    |  356630    |
|       from large pool |       3    |      12    |   26658    |   26655    |
|       from small pool |       6    |      12    |  329981    |  329975    |
|---------------------------------------------------------------------------|
| Oversize allocations  |       0    |       0    |       0    |       0    |
|---------------------------------------------------------------------------|
| Oversize GPU segments |       0    |       0    |       0    |       0    |
|===========================================================================|

|===========================================================================|
|                  PyTorch CUDA memory summary, device ID 0                 |
|---------------------------------------------------------------------------|
|            CUDA OOMs: 0            |        cudaMalloc retries: 0         |
|===========================================================================|
|        Metric         | Cur Usage  | Peak Usage | Tot Alloc  | Tot Freed  |
|---------------------------------------------------------------------------|
| Allocated memory      |  37887 KiB | 378396 KiB | 650720 MiB | 650683 MiB |
|       from large pool |  37549 KiB | 377350 KiB | 609700 MiB | 609664 MiB |
|       from small pool |    338 KiB |   3316 KiB |  41020 MiB |  41019 MiB |
|---------------------------------------------------------------------------|
| Active memory         |  37887 KiB | 378396 KiB | 650720 MiB | 650683 MiB |
|       from large pool |  37549 KiB | 377350 KiB | 609700 MiB | 609664 MiB |
|       from small pool |    338 KiB |   3316 KiB |  41020 MiB |  41019 MiB |
|---------------------------------------------------------------------------|
| Requested memory      |  37026 KiB | 378079 KiB | 647714 MiB | 647678 MiB |
|       from large pool |  36690 KiB | 377036 KiB | 606909 MiB | 606873 MiB |
|       from small pool |    336 KiB |   3313 KiB |  40805 MiB |  40805 MiB |
|---------------------------------------------------------------------------|
| GPU reserved memory   | 657408 KiB | 657408 KiB | 657408 KiB |      0 B   |
|       from large pool | 653312 KiB | 653312 KiB | 653312 KiB |      0 B   |
|       from small pool |   4096 KiB |   4096 KiB |   4096 KiB |      0 B   |
|---------------------------------------------------------------------------|
| Non-releasable memory |  25600 KiB | 109656 KiB | 331769 MiB | 331744 MiB |
|       from large pool |  23891 KiB | 108393 KiB | 290655 MiB | 290631 MiB |
|       from small pool |   1709 KiB |   3305 KiB |  41114 MiB |  41112 MiB |
|---------------------------------------------------------------------------|
| Allocations           |      29    |      54    |     924 K  |     924 K  |
|       from large pool |       8    |      26    |      74 K  |      74 K  |
|       from small pool |      21    |      34    |     849 K  |     849 K  |
|---------------------------------------------------------------------------|
| Active allocs         |      29    |      54    |     924 K  |     924 K  |
|       from large pool |       8    |      26    |      74 K  |      74 K  |
|       from small pool |      21    |      34    |     849 K  |     849 K  |
|---------------------------------------------------------------------------|
| GPU reserved segments |      22    |      22    |      22    |       0    |
|       from large pool |      20    |      20    |      20    |       0    |
|       from small pool |       2    |       2    |       2    |       0    |
|---------------------------------------------------------------------------|
| Non-releasable allocs |       9    |      17    |  394485    |  394476    |
|       from large pool |       3    |      12    |   29506    |   29503    |
|       from small pool |       6    |      12    |  364979    |  364973    |
|---------------------------------------------------------------------------|
| Oversize allocations  |       0    |       0    |       0    |       0    |
|---------------------------------------------------------------------------|
| Oversize GPU segments |       0    |       0    |       0    |       0    |
|===========================================================================|

|===========================================================================|
|                  PyTorch CUDA memory summary, device ID 0                 |
|---------------------------------------------------------------------------|
|            CUDA OOMs: 0            |        cudaMalloc retries: 0         |
|===========================================================================|
|        Metric         | Cur Usage  | Peak Usage | Tot Alloc  | Tot Freed  |
|---------------------------------------------------------------------------|
| Allocated memory      |  36429 KiB | 378396 KiB | 687485 MiB | 687449 MiB |
|       from large pool |  35707 KiB | 377350 KiB | 642621 MiB | 642586 MiB |
|       from small pool |    721 KiB |   3316 KiB |  44864 MiB |  44863 MiB |
|---------------------------------------------------------------------------|
| Active memory         |  36429 KiB | 378396 KiB | 687485 MiB | 687449 MiB |
|       from large pool |  35707 KiB | 377350 KiB | 642621 MiB | 642586 MiB |
|       from small pool |    721 KiB |   3316 KiB |  44864 MiB |  44863 MiB |
|---------------------------------------------------------------------------|
| Requested memory      |  36234 KiB | 378079 KiB | 684306 MiB | 684270 MiB |
|       from large pool |  35515 KiB | 377036 KiB | 639677 MiB | 639642 MiB |
|       from small pool |    719 KiB |   3313 KiB |  44628 MiB |  44628 MiB |
|---------------------------------------------------------------------------|
| GPU reserved memory   | 657408 KiB | 657408 KiB | 657408 KiB |      0 B   |
|       from large pool | 653312 KiB | 653312 KiB | 653312 KiB |      0 B   |
|       from small pool |   4096 KiB |   4096 KiB |   4096 KiB |      0 B   |
|---------------------------------------------------------------------------|
| Non-releasable memory |  27059 KiB | 109656 KiB | 359980 MiB | 359953 MiB |
|       from large pool |  25732 KiB | 108393 KiB | 314957 MiB | 314932 MiB |
|       from small pool |   1326 KiB |   3317 KiB |  45022 MiB |  45021 MiB |
|---------------------------------------------------------------------------|
| Allocations           |      29    |      54    |    1009 K  |    1009 K  |
|       from large pool |       7    |      26    |      79 K  |      79 K  |
|       from small pool |      22    |      34    |     929 K  |     929 K  |
|---------------------------------------------------------------------------|
| Active allocs         |      29    |      54    |    1009 K  |    1009 K  |
|       from large pool |       7    |      26    |      79 K  |      79 K  |
|       from small pool |      22    |      34    |     929 K  |     929 K  |
|---------------------------------------------------------------------------|
| GPU reserved segments |      22    |      22    |      22    |       0    |
|       from large pool |      20    |      20    |      20    |       0    |
|       from small pool |       2    |       2    |       2    |       0    |
|---------------------------------------------------------------------------|
| Non-releasable allocs |       8    |      17    |  430889    |  430881    |
|       from large pool |       3    |      12    |   32538    |   32535    |
|       from small pool |       5    |      12    |  398351    |  398346    |
|---------------------------------------------------------------------------|
| Oversize allocations  |       0    |       0    |       0    |       0    |
|---------------------------------------------------------------------------|
| Oversize GPU segments |       0    |       0    |       0    |       0    |
|===========================================================================|

|===========================================================================|
|                  PyTorch CUDA memory summary, device ID 0                 |
|---------------------------------------------------------------------------|
|            CUDA OOMs: 0            |        cudaMalloc retries: 0         |
|===========================================================================|
|        Metric         | Cur Usage  | Peak Usage | Tot Alloc  | Tot Freed  |
|---------------------------------------------------------------------------|
| Allocated memory      |  36385 KiB | 378396 KiB | 712899 MiB | 712863 MiB |
|       from large pool |  35824 KiB | 377350 KiB | 666093 MiB | 666058 MiB |
|       from small pool |    560 KiB |   3699 KiB |  46805 MiB |  46805 MiB |
|---------------------------------------------------------------------------|
| Active memory         |  36385 KiB | 378396 KiB | 712899 MiB | 712863 MiB |
|       from large pool |  35824 KiB | 377350 KiB | 666093 MiB | 666058 MiB |
|       from small pool |    560 KiB |   3699 KiB |  46805 MiB |  46805 MiB |
|---------------------------------------------------------------------------|
| Requested memory      |  36190 KiB | 378079 KiB | 709570 MiB | 709535 MiB |
|       from large pool |  35632 KiB | 377036 KiB | 663011 MiB | 662976 MiB |
|       from small pool |    558 KiB |   3696 KiB |  46559 MiB |  46558 MiB |
|---------------------------------------------------------------------------|
| GPU reserved memory   | 659456 KiB | 659456 KiB | 659456 KiB |      0 B   |
|       from large pool | 653312 KiB | 653312 KiB | 653312 KiB |      0 B   |
|       from small pool |   6144 KiB |   6144 KiB |   6144 KiB |      0 B   |
|---------------------------------------------------------------------------|
| Non-releasable memory |  43487 KiB | 109656 KiB | 380724 MiB | 380681 MiB |
|       from large pool |  41999 KiB | 108393 KiB | 333650 MiB | 333609 MiB |
|       from small pool |   1487 KiB |   3834 KiB |  47073 MiB |  47072 MiB |
|---------------------------------------------------------------------------|
| Allocations           |      29    |      54    |    1049 K  |    1049 K  |
|       from large pool |       7    |      26    |      82 K  |      82 K  |
|       from small pool |      22    |      35    |     967 K  |     966 K  |
|---------------------------------------------------------------------------|
| Active allocs         |      29    |      54    |    1049 K  |    1049 K  |
|       from large pool |       7    |      26    |      82 K  |      82 K  |
|       from small pool |      22    |      35    |     967 K  |     966 K  |
|---------------------------------------------------------------------------|
| GPU reserved segments |      23    |      23    |      23    |       0    |
|       from large pool |      20    |      20    |      20    |       0    |
|       from small pool |       3    |       3    |       3    |       0    |
|---------------------------------------------------------------------------|
| Non-releasable allocs |      11    |      17    |  448863    |  448852    |
|       from large pool |       4    |      12    |   34083    |   34079    |
|       from small pool |       7    |      13    |  414780    |  414773    |
|---------------------------------------------------------------------------|
| Oversize allocations  |       0    |       0    |       0    |       0    |
|---------------------------------------------------------------------------|
| Oversize GPU segments |       0    |       0    |       0    |       0    |
|===========================================================================|

