|===========================================================================|
|                  PyTorch CUDA memory summary, device ID 0                 |
|---------------------------------------------------------------------------|
|            CUDA OOMs: 0            |        cudaMalloc retries: 0         |
|===========================================================================|
|        Metric         | Cur Usage  | Peak Usage | Tot Alloc  | Tot Freed  |
|---------------------------------------------------------------------------|
| Allocated memory      |  37653 KiB | 378396 KiB |   1179 GiB |   1179 GiB |
|       from large pool |  37314 KiB | 377350 KiB |   1116 GiB |   1116 GiB |
|       from small pool |    338 KiB |   3699 KiB |     63 GiB |     63 GiB |
|---------------------------------------------------------------------------|
| Active memory         |  37653 KiB | 378396 KiB |   1179 GiB |   1179 GiB |
|       from large pool |  37314 KiB | 377350 KiB |   1116 GiB |   1116 GiB |
|       from small pool |    338 KiB |   3699 KiB |     63 GiB |     63 GiB |
|---------------------------------------------------------------------------|
| Requested memory      |  37650 KiB | 378079 KiB |   1175 GiB |   1175 GiB |
|       from large pool |  37314 KiB | 377036 KiB |   1112 GiB |   1112 GiB |
|       from small pool |    336 KiB |   3696 KiB |     62 GiB |     62 GiB |
|---------------------------------------------------------------------------|
| GPU reserved memory   | 659456 KiB | 659456 KiB | 659456 KiB |      0 B   |
|       from large pool | 653312 KiB | 653312 KiB | 653312 KiB |      0 B   |
|       from small pool |   6144 KiB |   6144 KiB |   6144 KiB |      0 B   |
|---------------------------------------------------------------------------|
| Non-releasable memory |  21739 KiB | 109005 KiB | 470414 MiB | 470393 MiB |
|       from large pool |  20029 KiB | 107742 KiB | 405385 MiB | 405365 MiB |
|       from small pool |   1709 KiB |   3834 KiB |  65028 MiB |  65027 MiB |
|---------------------------------------------------------------------------|
| Allocations           |      29    |      54    |    1410 K  |    1410 K  |
|       from large pool |       8    |      26    |     123 K  |     123 K  |
|       from small pool |      21    |      35    |    1287 K  |    1287 K  |
|---------------------------------------------------------------------------|
| Active allocs         |      29    |      54    |    1410 K  |    1410 K  |
|       from large pool |       8    |      26    |     123 K  |     123 K  |
|       from small pool |      21    |      35    |    1287 K  |    1287 K  |
|---------------------------------------------------------------------------|
| GPU reserved segments |      23    |      23    |      23    |       0    |
|       from large pool |      20    |      20    |      20    |       0    |
|       from small pool |       3    |       3    |       3    |       0    |
|---------------------------------------------------------------------------|
| Non-releasable allocs |       9    |      19    |  563794    |  563785    |
|       from large pool |       4    |      12    |   40502    |   40498    |
|       from small pool |       5    |      13    |  523292    |  523287    |
|---------------------------------------------------------------------------|
| Oversize allocations  |       0    |       0    |       0    |       0    |
|---------------------------------------------------------------------------|
| Oversize GPU segments |       0    |       0    |       0    |       0    |
|===========================================================================|

|===========================================================================|
|                  PyTorch CUDA memory summary, device ID 0                 |
|---------------------------------------------------------------------------|
|            CUDA OOMs: 0            |        cudaMalloc retries: 0         |
|===========================================================================|
|        Metric         | Cur Usage  | Peak Usage | Tot Alloc  | Tot Freed  |
|---------------------------------------------------------------------------|
| Allocated memory      |  41529 KiB | 378645 KiB |   1258 GiB |   1257 GiB |
|       from large pool |  41191 KiB | 377599 KiB |   1185 GiB |   1185 GiB |
|       from small pool |    338 KiB |   3699 KiB |     72 GiB |     72 GiB |
|---------------------------------------------------------------------------|
| Active memory         |  41529 KiB | 378645 KiB |   1258 GiB |   1257 GiB |
|       from large pool |  41191 KiB | 377599 KiB |   1185 GiB |   1185 GiB |
|       from small pool |    338 KiB |   3699 KiB |     72 GiB |     72 GiB |
|---------------------------------------------------------------------------|
| Requested memory      |  41526 KiB | 378079 KiB |   1253 GiB |   1253 GiB |
|       from large pool |  41190 KiB | 377036 KiB |   1181 GiB |   1181 GiB |
|       from small pool |    336 KiB |   3696 KiB |     71 GiB |     71 GiB |
|---------------------------------------------------------------------------|
| GPU reserved memory   | 659456 KiB | 659456 KiB | 659456 KiB |      0 B   |
|       from large pool | 653312 KiB | 653312 KiB | 653312 KiB |      0 B   |
|       from small pool |   6144 KiB |   6144 KiB |   6144 KiB |      0 B   |
|---------------------------------------------------------------------------|
| Non-releasable memory |  17862 KiB | 109005 KiB | 552505 MiB | 552487 MiB |
|       from large pool |  16153 KiB | 107742 KiB | 478218 MiB | 478203 MiB |
|       from small pool |   1709 KiB |   3834 KiB |  74286 MiB |  74284 MiB |
|---------------------------------------------------------------------------|
| Allocations           |      30    |      54    |    1621 K  |    1621 K  |
|       from large pool |       9    |      26    |     137 K  |     137 K  |
|       from small pool |      21    |      35    |    1483 K  |    1483 K  |
|---------------------------------------------------------------------------|
| Active allocs         |      30    |      54    |    1621 K  |    1621 K  |
|       from large pool |       9    |      26    |     137 K  |     137 K  |
|       from small pool |      21    |      35    |    1483 K  |    1483 K  |
|---------------------------------------------------------------------------|
| GPU reserved segments |      23    |      23    |      23    |       0    |
|       from large pool |      20    |      20    |      20    |       0    |
|       from small pool |       3    |       3    |       3    |       0    |
|---------------------------------------------------------------------------|
| Non-releasable allocs |       9    |      19    |  656135    |  656126    |
|       from large pool |       4    |      12    |   49322    |   49318    |
|       from small pool |       5    |      13    |  606813    |  606808    |
|---------------------------------------------------------------------------|
| Oversize allocations  |       0    |       0    |       0    |       0    |
|---------------------------------------------------------------------------|
| Oversize GPU segments |       0    |       0    |       0    |       0    |
|===========================================================================|

|===========================================================================|
|                  PyTorch CUDA memory summary, device ID 0                 |
|---------------------------------------------------------------------------|
|            CUDA OOMs: 0            |        cudaMalloc retries: 0         |
|===========================================================================|
|        Metric         | Cur Usage  | Peak Usage | Tot Alloc  | Tot Freed  |
|---------------------------------------------------------------------------|
| Allocated memory      |  45691 KiB | 378645 KiB |   1317 GiB |   1317 GiB |
|       from large pool |  45352 KiB | 377599 KiB |   1239 GiB |   1238 GiB |
|       from small pool |    338 KiB |   3699 KiB |     78 GiB |     78 GiB |
|---------------------------------------------------------------------------|
| Active memory         |  45691 KiB | 378645 KiB |   1317 GiB |   1317 GiB |
|       from large pool |  45352 KiB | 377599 KiB |   1239 GiB |   1238 GiB |
|       from small pool |    338 KiB |   3699 KiB |     78 GiB |     78 GiB |
|---------------------------------------------------------------------------|
| Requested memory      |  45131 KiB | 378079 KiB |   1312 GiB |   1312 GiB |
|       from large pool |  44795 KiB | 377036 KiB |   1234 GiB |   1234 GiB |
|       from small pool |    336 KiB |   3696 KiB |     78 GiB |     78 GiB |
|---------------------------------------------------------------------------|
| GPU reserved memory   | 659456 KiB | 659456 KiB | 659456 KiB |      0 B   |
|       from large pool | 653312 KiB | 653312 KiB | 653312 KiB |      0 B   |
|       from small pool |   6144 KiB |   6144 KiB |   6144 KiB |      0 B   |
|---------------------------------------------------------------------------|
| Non-releasable memory |  13701 KiB | 109005 KiB | 608425 MiB | 608411 MiB |
|       from large pool |  11991 KiB | 107742 KiB | 527340 MiB | 527329 MiB |
|       from small pool |   1709 KiB |   3834 KiB |  81084 MiB |  81082 MiB |
|---------------------------------------------------------------------------|
| Allocations           |      30    |      54    |    1757 K  |    1757 K  |
|       from large pool |       9    |      26    |     148 K  |     148 K  |
|       from small pool |      21    |      35    |    1609 K  |    1609 K  |
|---------------------------------------------------------------------------|
| Active allocs         |      30    |      54    |    1757 K  |    1757 K  |
|       from large pool |       9    |      26    |     148 K  |     148 K  |
|       from small pool |      21    |      35    |    1609 K  |    1609 K  |
|---------------------------------------------------------------------------|
| GPU reserved segments |      23    |      23    |      23    |       0    |
|       from large pool |      20    |      20    |      20    |       0    |
|       from small pool |       3    |       3    |       3    |       0    |
|---------------------------------------------------------------------------|
| Non-releasable allocs |       9    |      20    |  719336    |  719327    |
|       from large pool |       3    |      15    |   55487    |   55484    |
|       from small pool |       6    |      13    |  663849    |  663843    |
|---------------------------------------------------------------------------|
| Oversize allocations  |       0    |       0    |       0    |       0    |
|---------------------------------------------------------------------------|
| Oversize GPU segments |       0    |       0    |       0    |       0    |
|===========================================================================|

|===========================================================================|
|                  PyTorch CUDA memory summary, device ID 0                 |
|---------------------------------------------------------------------------|
|            CUDA OOMs: 0            |        cudaMalloc retries: 0         |
|===========================================================================|
|        Metric         | Cur Usage  | Peak Usage | Tot Alloc  | Tot Freed  |
|---------------------------------------------------------------------------|
| Allocated memory      |  49871 KiB | 378645 KiB |   1387 GiB |   1387 GiB |
|       from large pool |  49532 KiB | 377599 KiB |   1302 GiB |   1302 GiB |
|       from small pool |    338 KiB |   3699 KiB |     85 GiB |     85 GiB |
|---------------------------------------------------------------------------|
| Active memory         |  49871 KiB | 378645 KiB |   1387 GiB |   1387 GiB |
|       from large pool |  49532 KiB | 377599 KiB |   1302 GiB |   1302 GiB |
|       from small pool |    338 KiB |   3699 KiB |     85 GiB |     85 GiB |
|---------------------------------------------------------------------------|
| Requested memory      |  49018 KiB | 378079 KiB |   1381 GiB |   1381 GiB |
|       from large pool |  48682 KiB | 377036 KiB |   1296 GiB |   1296 GiB |
|       from small pool |    336 KiB |   3696 KiB |     84 GiB |     84 GiB |
|---------------------------------------------------------------------------|
| GPU reserved memory   | 659456 KiB | 659456 KiB | 659456 KiB |      0 B   |
|       from large pool | 653312 KiB | 653312 KiB | 653312 KiB |      0 B   |
|       from small pool |   6144 KiB |   6144 KiB |   6144 KiB |      0 B   |
|---------------------------------------------------------------------------|
| Non-releasable memory |  25905 KiB | 109005 KiB | 675170 MiB | 675145 MiB |
|       from large pool |  24195 KiB | 107742 KiB | 587348 MiB | 587325 MiB |
|       from small pool |   1709 KiB |   3834 KiB |  87821 MiB |  87820 MiB |
|---------------------------------------------------------------------------|
| Allocations           |      30    |      54    |    1884 K  |    1884 K  |
|       from large pool |       9    |      26    |     160 K  |     160 K  |
|       from small pool |      21    |      35    |    1723 K  |    1723 K  |
|---------------------------------------------------------------------------|
| Active allocs         |      30    |      54    |    1884 K  |    1884 K  |
|       from large pool |       9    |      26    |     160 K  |     160 K  |
|       from small pool |      21    |      35    |    1723 K  |    1723 K  |
|---------------------------------------------------------------------------|
| GPU reserved segments |      23    |      23    |      23    |       0    |
|       from large pool |      20    |      20    |      20    |       0    |
|       from small pool |       3    |       3    |       3    |       0    |
|---------------------------------------------------------------------------|
| Non-releasable allocs |       9    |      20    |     773 K  |     773 K  |
|       from large pool |       4    |      15    |      64 K  |      64 K  |
|       from small pool |       5    |      13    |     709 K  |     709 K  |
|---------------------------------------------------------------------------|
| Oversize allocations  |       0    |       0    |       0    |       0    |
|---------------------------------------------------------------------------|
| Oversize GPU segments |       0    |       0    |       0    |       0    |
|===========================================================================|

|===========================================================================|
|                  PyTorch CUDA memory summary, device ID 0                 |
|---------------------------------------------------------------------------|
|            CUDA OOMs: 0            |        cudaMalloc retries: 0         |
|===========================================================================|
|        Metric         | Cur Usage  | Peak Usage | Tot Alloc  | Tot Freed  |
|---------------------------------------------------------------------------|
| Allocated memory      |  53934 KiB | 378645 KiB |   1458 GiB |   1458 GiB |
|       from large pool |  53596 KiB | 377599 KiB |   1366 GiB |   1366 GiB |
|       from small pool |    338 KiB |   3699 KiB |     91 GiB |     91 GiB |
|---------------------------------------------------------------------------|
| Active memory         |  53934 KiB | 378645 KiB |   1458 GiB |   1458 GiB |
|       from large pool |  53596 KiB | 377599 KiB |   1366 GiB |   1366 GiB |
|       from small pool |    338 KiB |   3699 KiB |     91 GiB |     91 GiB |
|---------------------------------------------------------------------------|
| Requested memory      |  53273 KiB | 378079 KiB |   1451 GiB |   1451 GiB |
|       from large pool |  52937 KiB | 377036 KiB |   1360 GiB |   1359 GiB |
|       from small pool |    336 KiB |   3696 KiB |     91 GiB |     91 GiB |
|---------------------------------------------------------------------------|
| GPU reserved memory   | 659456 KiB | 659456 KiB | 659456 KiB |      0 B   |
|       from large pool | 653312 KiB | 653312 KiB | 653312 KiB |      0 B   |
|       from small pool |   6144 KiB |   6144 KiB |   6144 KiB |      0 B   |
|---------------------------------------------------------------------------|
| Non-releasable memory |  23889 KiB | 109005 KiB | 743725 MiB | 743702 MiB |
|       from large pool |  22180 KiB | 107742 KiB | 649398 MiB | 649376 MiB |
|       from small pool |   1709 KiB |   3834 KiB |  94327 MiB |  94326 MiB |
|---------------------------------------------------------------------------|
| Allocations           |      30    |      54    |    1990 K  |    1990 K  |
|       from large pool |       9    |      26    |     173 K  |     173 K  |
|       from small pool |      21    |      35    |    1817 K  |    1817 K  |
|---------------------------------------------------------------------------|
| Active allocs         |      30    |      54    |    1990 K  |    1990 K  |
|       from large pool |       9    |      26    |     173 K  |     173 K  |
|       from small pool |      21    |      35    |    1817 K  |    1817 K  |
|---------------------------------------------------------------------------|
| GPU reserved segments |      23    |      23    |      23    |       0    |
|       from large pool |      20    |      20    |      20    |       0    |
|       from small pool |       3    |       3    |       3    |       0    |
|---------------------------------------------------------------------------|
| Non-releasable allocs |       8    |      20    |     818 K  |     818 K  |
|       from large pool |       4    |      15    |      73 K  |      73 K  |
|       from small pool |       4    |      13    |     744 K  |     744 K  |
|---------------------------------------------------------------------------|
| Oversize allocations  |       0    |       0    |       0    |       0    |
|---------------------------------------------------------------------------|
| Oversize GPU segments |       0    |       0    |       0    |       0    |
|===========================================================================|

|===========================================================================|
|                  PyTorch CUDA memory summary, device ID 0                 |
|---------------------------------------------------------------------------|
|            CUDA OOMs: 0            |        cudaMalloc retries: 0         |
|===========================================================================|
|        Metric         | Cur Usage  | Peak Usage | Tot Alloc  | Tot Freed  |
|---------------------------------------------------------------------------|
| Allocated memory      |  58231 KiB | 378645 KiB |   1523 GiB |   1523 GiB |
|       from large pool |  57892 KiB | 377599 KiB |   1426 GiB |   1426 GiB |
|       from small pool |    338 KiB |   3699 KiB |     97 GiB |     97 GiB |
|---------------------------------------------------------------------------|
| Active memory         |  58231 KiB | 378645 KiB |   1523 GiB |   1523 GiB |
|       from large pool |  57892 KiB | 377599 KiB |   1426 GiB |   1426 GiB |
|       from small pool |    338 KiB |   3699 KiB |     97 GiB |     97 GiB |
|---------------------------------------------------------------------------|
| Requested memory      |  57944 KiB | 378079 KiB |   1515 GiB |   1515 GiB |
|       from large pool |  57608 KiB | 377036 KiB |   1419 GiB |   1419 GiB |
|       from small pool |    336 KiB |   3696 KiB |     96 GiB |     96 GiB |
|---------------------------------------------------------------------------|
| GPU reserved memory   | 659456 KiB | 659456 KiB | 659456 KiB |      0 B   |
|       from large pool | 653312 KiB | 653312 KiB | 653312 KiB |      0 B   |
|       from small pool |   6144 KiB |   6144 KiB |   6144 KiB |      0 B   |
|---------------------------------------------------------------------------|
| Non-releasable memory |  17545 KiB | 109005 KiB |    792 GiB |    792 GiB |
|       from large pool |  15835 KiB | 107742 KiB |    695 GiB |    695 GiB |
|       from small pool |   1709 KiB |   3834 KiB |     97 GiB |     97 GiB |
|---------------------------------------------------------------------------|
| Allocations           |      30    |      54    |    2074 K  |    2074 K  |
|       from large pool |       9    |      26    |     186 K  |     186 K  |
|       from small pool |      21    |      35    |    1888 K  |    1888 K  |
|---------------------------------------------------------------------------|
| Active allocs         |      30    |      54    |    2074 K  |    2074 K  |
|       from large pool |       9    |      26    |     186 K  |     186 K  |
|       from small pool |      21    |      35    |    1888 K  |    1888 K  |
|---------------------------------------------------------------------------|
| GPU reserved segments |      23    |      23    |      23    |       0    |
|       from large pool |      20    |      20    |      20    |       0    |
|       from small pool |       3    |       3    |       3    |       0    |
|---------------------------------------------------------------------------|
| Non-releasable allocs |       7    |      20    |     851 K  |     851 K  |
|       from large pool |       2    |      15    |      80 K  |      80 K  |
|       from small pool |       5    |      13    |     771 K  |     771 K  |
|---------------------------------------------------------------------------|
| Oversize allocations  |       0    |       0    |       0    |       0    |
|---------------------------------------------------------------------------|
| Oversize GPU segments |       0    |       0    |       0    |       0    |
|===========================================================================|

|===========================================================================|
|                  PyTorch CUDA memory summary, device ID 0                 |
|---------------------------------------------------------------------------|
|            CUDA OOMs: 0            |        cudaMalloc retries: 0         |
|===========================================================================|
|        Metric         | Cur Usage  | Peak Usage | Tot Alloc  | Tot Freed  |
|---------------------------------------------------------------------------|
| Allocated memory      |  62110 KiB | 384259 KiB |   1608 GiB |   1608 GiB |
|       from large pool |  61771 KiB | 383190 KiB |   1503 GiB |   1503 GiB |
|       from small pool |    338 KiB |   3699 KiB |    104 GiB |    104 GiB |
|---------------------------------------------------------------------------|
| Active memory         |  62110 KiB | 384259 KiB |   1608 GiB |   1608 GiB |
|       from large pool |  61771 KiB | 383190 KiB |   1503 GiB |   1503 GiB |
|       from small pool |    338 KiB |   3699 KiB |    104 GiB |    104 GiB |
|---------------------------------------------------------------------------|
| Requested memory      |  62106 KiB | 380349 KiB |   1600 GiB |   1600 GiB |
|       from large pool |  61770 KiB | 379283 KiB |   1496 GiB |   1496 GiB |
|       from small pool |    336 KiB |   3696 KiB |    103 GiB |    103 GiB |
|---------------------------------------------------------------------------|
| GPU reserved memory   | 659456 KiB | 659456 KiB | 659456 KiB |      0 B   |
|       from large pool | 653312 KiB | 653312 KiB | 653312 KiB |      0 B   |
|       from small pool |   6144 KiB |   6144 KiB |   6144 KiB |      0 B   |
|---------------------------------------------------------------------------|
| Non-releasable memory |  13666 KiB | 109005 KiB |    882 GiB |    882 GiB |
|       from large pool |  11956 KiB | 107742 KiB |    777 GiB |    777 GiB |
|       from small pool |   1709 KiB |   3834 KiB |    104 GiB |    104 GiB |
|---------------------------------------------------------------------------|
| Allocations           |      30    |      54    |    2191 K  |    2191 K  |
|       from large pool |       9    |      26    |     202 K  |     202 K  |
|       from small pool |      21    |      35    |    1988 K  |    1988 K  |
|---------------------------------------------------------------------------|
| Active allocs         |      30    |      54    |    2191 K  |    2191 K  |
|       from large pool |       9    |      26    |     202 K  |     202 K  |
|       from small pool |      21    |      35    |    1988 K  |    1988 K  |
|---------------------------------------------------------------------------|
| GPU reserved segments |      23    |      23    |      23    |       0    |
|       from large pool |      20    |      20    |      20    |       0    |
|       from small pool |       3    |       3    |       3    |       0    |
|---------------------------------------------------------------------------|
| Non-releasable allocs |       9    |      20    |     908 K  |     908 K  |
|       from large pool |       4    |      15    |      91 K  |      91 K  |
|       from small pool |       5    |      13    |     816 K  |     816 K  |
|---------------------------------------------------------------------------|
| Oversize allocations  |       0    |       0    |       0    |       0    |
|---------------------------------------------------------------------------|
| Oversize GPU segments |       0    |       0    |       0    |       0    |
|===========================================================================|

|===========================================================================|
|                  PyTorch CUDA memory summary, device ID 0                 |
|---------------------------------------------------------------------------|
|            CUDA OOMs: 0            |        cudaMalloc retries: 0         |
|===========================================================================|
|        Metric         | Cur Usage  | Peak Usage | Tot Alloc  | Tot Freed  |
|---------------------------------------------------------------------------|
| Allocated memory      |  66513 KiB | 384259 KiB |   1697 GiB |   1697 GiB |
|       from large pool |  65792 KiB | 383190 KiB |   1585 GiB |   1585 GiB |
|       from small pool |    721 KiB |   3699 KiB |    112 GiB |    112 GiB |
|---------------------------------------------------------------------------|
| Active memory         |  66513 KiB | 384259 KiB |   1697 GiB |   1697 GiB |
|       from large pool |  65792 KiB | 383190 KiB |   1585 GiB |   1585 GiB |
|       from small pool |    721 KiB |   3699 KiB |    112 GiB |    112 GiB |
|---------------------------------------------------------------------------|
| Requested memory      |  65494 KiB | 380349 KiB |   1688 GiB |   1688 GiB |
|       from large pool |  64775 KiB | 379283 KiB |   1576 GiB |   1576 GiB |
|       from small pool |    719 KiB |   3696 KiB |    111 GiB |    111 GiB |
|---------------------------------------------------------------------------|
| GPU reserved memory   | 659456 KiB | 659456 KiB | 659456 KiB |      0 B   |
|       from large pool | 653312 KiB | 653312 KiB | 653312 KiB |      0 B   |
|       from small pool |   6144 KiB |   6144 KiB |   6144 KiB |      0 B   |
|---------------------------------------------------------------------------|
| Non-releasable memory |  25646 KiB | 109005 KiB |    973 GiB |    973 GiB |
|       from large pool |  24320 KiB | 107742 KiB |    860 GiB |    860 GiB |
|       from small pool |   1326 KiB |   3834 KiB |    113 GiB |    113 GiB |
|---------------------------------------------------------------------------|
| Allocations           |      30    |      54    |    2309 K  |    2309 K  |
|       from large pool |       8    |      26    |     219 K  |     219 K  |
|       from small pool |      22    |      35    |    2090 K  |    2090 K  |
|---------------------------------------------------------------------------|
| Active allocs         |      30    |      54    |    2309 K  |    2309 K  |
|       from large pool |       8    |      26    |     219 K  |     219 K  |
|       from small pool |      22    |      35    |    2090 K  |    2090 K  |
|---------------------------------------------------------------------------|
| GPU reserved segments |      23    |      23    |      23    |       0    |
|       from large pool |      20    |      20    |      20    |       0    |
|       from small pool |       3    |       3    |       3    |       0    |
|---------------------------------------------------------------------------|
| Non-releasable allocs |      11    |      20    |     963 K  |     963 K  |
|       from large pool |       4    |      15    |     102 K  |     102 K  |
|       from small pool |       7    |      13    |     860 K  |     860 K  |
|---------------------------------------------------------------------------|
| Oversize allocations  |       0    |       0    |       0    |       0    |
|---------------------------------------------------------------------------|
| Oversize GPU segments |       0    |       0    |       0    |       0    |
|===========================================================================|

|===========================================================================|
|                  PyTorch CUDA memory summary, device ID 0                 |
|---------------------------------------------------------------------------|
|            CUDA OOMs: 0            |        cudaMalloc retries: 0         |
|===========================================================================|
|        Metric         | Cur Usage  | Peak Usage | Tot Alloc  | Tot Freed  |
|---------------------------------------------------------------------------|
| Allocated memory      |  69633 KiB | 384259 KiB |   1774 GiB |   1774 GiB |
|       from large pool |  69073 KiB | 383190 KiB |   1655 GiB |   1655 GiB |
|       from small pool |    560 KiB |   4017 KiB |    118 GiB |    118 GiB |
|---------------------------------------------------------------------------|
| Active memory         |  69633 KiB | 384259 KiB |   1774 GiB |   1774 GiB |
|       from large pool |  69073 KiB | 383190 KiB |   1655 GiB |   1655 GiB |
|       from small pool |    560 KiB |   4017 KiB |    118 GiB |    118 GiB |
|---------------------------------------------------------------------------|
| Requested memory      |  69630 KiB | 380349 KiB |   1764 GiB |   1764 GiB |
|       from large pool |  69072 KiB | 379283 KiB |   1646 GiB |   1646 GiB |
|       from small pool |    558 KiB |   4012 KiB |    117 GiB |    117 GiB |
|---------------------------------------------------------------------------|
| GPU reserved memory   | 659456 KiB | 659456 KiB | 659456 KiB |      0 B   |
|       from large pool | 653312 KiB | 653312 KiB | 653312 KiB |      0 B   |
|       from small pool |   6144 KiB |   6144 KiB |   6144 KiB |      0 B   |
|---------------------------------------------------------------------------|
| Non-releasable memory |  24574 KiB | 109005 KiB |   1051 GiB |   1051 GiB |
|       from large pool |  23087 KiB | 107742 KiB |    932 GiB |    932 GiB |
|       from small pool |   1487 KiB |   3834 KiB |    119 GiB |    119 GiB |
|---------------------------------------------------------------------------|
| Allocations           |      30    |      54    |    2375 K  |    2375 K  |
|       from large pool |       8    |      26    |     234 K  |     233 K  |
|       from small pool |      22    |      35    |    2141 K  |    2141 K  |
|---------------------------------------------------------------------------|
| Active allocs         |      30    |      54    |    2375 K  |    2375 K  |
|       from large pool |       8    |      26    |     234 K  |     233 K  |
|       from small pool |      22    |      35    |    2141 K  |    2141 K  |
|---------------------------------------------------------------------------|
| GPU reserved segments |      23    |      23    |      23    |       0    |
|       from large pool |      20    |      20    |      20    |       0    |
|       from small pool |       3    |       3    |       3    |       0    |
|---------------------------------------------------------------------------|
| Non-releasable allocs |      11    |      20    |     999 K  |     999 K  |
|       from large pool |       5    |      15    |     112 K  |     112 K  |
|       from small pool |       6    |      13    |     886 K  |     886 K  |
|---------------------------------------------------------------------------|
| Oversize allocations  |       0    |       0    |       0    |       0    |
|---------------------------------------------------------------------------|
| Oversize GPU segments |       0    |       0    |       0    |       0    |
|===========================================================================|

