|===========================================================================|
|                  PyTorch CUDA memory summary, device ID 0                 |
|---------------------------------------------------------------------------|
|            CUDA OOMs: 0            |        cudaMalloc retries: 0         |
|===========================================================================|
|        Metric         | Cur Usage  | Peak Usage | Tot Alloc  | Tot Freed  |
|---------------------------------------------------------------------------|
| Allocated memory      |  37653 KiB | 378396 KiB |   1097 GiB |   1097 GiB |
|       from large pool |  37314 KiB | 377350 KiB |   1037 GiB |   1037 GiB |
|       from small pool |    338 KiB |   3699 KiB |     60 GiB |     60 GiB |
|---------------------------------------------------------------------------|
| Active memory         |  37653 KiB | 378396 KiB |   1097 GiB |   1097 GiB |
|       from large pool |  37314 KiB | 377350 KiB |   1037 GiB |   1037 GiB |
|       from small pool |    338 KiB |   3699 KiB |     60 GiB |     60 GiB |
|---------------------------------------------------------------------------|
| Requested memory      |  37650 KiB | 378079 KiB |   1092 GiB |   1092 GiB |
|       from large pool |  37314 KiB | 377036 KiB |   1032 GiB |   1032 GiB |
|       from small pool |    336 KiB |   3696 KiB |     60 GiB |     60 GiB |
|---------------------------------------------------------------------------|
| GPU reserved memory   | 659456 KiB | 659456 KiB | 659456 KiB |      0 B   |
|       from large pool | 653312 KiB | 653312 KiB | 653312 KiB |      0 B   |
|       from small pool |   6144 KiB |   6144 KiB |   6144 KiB |      0 B   |
|---------------------------------------------------------------------------|
| Non-releasable memory |  21739 KiB | 109656 KiB | 483303 MiB | 483282 MiB |
|       from large pool |  20029 KiB | 108393 KiB | 421042 MiB | 421023 MiB |
|       from small pool |   1709 KiB |   4050 KiB |  62261 MiB |  62259 MiB |
|---------------------------------------------------------------------------|
| Allocations           |      29    |      54    |    1357 K  |    1357 K  |
|       from large pool |       8    |      26    |     119 K  |     119 K  |
|       from small pool |      21    |      35    |    1237 K  |    1237 K  |
|---------------------------------------------------------------------------|
| Active allocs         |      29    |      54    |    1357 K  |    1357 K  |
|       from large pool |       8    |      26    |     119 K  |     119 K  |
|       from small pool |      21    |      35    |    1237 K  |    1237 K  |
|---------------------------------------------------------------------------|
| GPU reserved segments |      23    |      23    |      23    |       0    |
|       from large pool |      20    |      20    |      20    |       0    |
|       from small pool |       3    |       3    |       3    |       0    |
|---------------------------------------------------------------------------|
| Non-releasable allocs |      10    |      18    |  577478    |  577468    |
|       from large pool |       4    |      12    |   49525    |   49521    |
|       from small pool |       6    |      14    |  527953    |  527947    |
|---------------------------------------------------------------------------|
| Oversize allocations  |       0    |       0    |       0    |       0    |
|---------------------------------------------------------------------------|
| Oversize GPU segments |       0    |       0    |       0    |       0    |
|===========================================================================|

|===========================================================================|
|                  PyTorch CUDA memory summary, device ID 0                 |
|---------------------------------------------------------------------------|
|            CUDA OOMs: 0            |        cudaMalloc retries: 0         |
|===========================================================================|
|        Metric         | Cur Usage  | Peak Usage | Tot Alloc  | Tot Freed  |
|---------------------------------------------------------------------------|
| Allocated memory      |  37349 KiB | 378645 KiB |   1167 GiB |   1167 GiB |
|       from large pool |  37010 KiB | 377599 KiB |   1099 GiB |   1099 GiB |
|       from small pool |    338 KiB |   3699 KiB |     68 GiB |     68 GiB |
|---------------------------------------------------------------------------|
| Active memory         |  37349 KiB | 378645 KiB |   1167 GiB |   1167 GiB |
|       from large pool |  37010 KiB | 377599 KiB |   1099 GiB |   1099 GiB |
|       from small pool |    338 KiB |   3699 KiB |     68 GiB |     68 GiB |
|---------------------------------------------------------------------------|
| Requested memory      |  37346 KiB | 378079 KiB |   1162 GiB |   1162 GiB |
|       from large pool |  37010 KiB | 377036 KiB |   1094 GiB |   1094 GiB |
|       from small pool |    336 KiB |   3696 KiB |     67 GiB |     67 GiB |
|---------------------------------------------------------------------------|
| GPU reserved memory   | 659456 KiB | 659456 KiB | 659456 KiB |      0 B   |
|       from large pool | 653312 KiB | 653312 KiB | 653312 KiB |      0 B   |
|       from small pool |   6144 KiB |   6144 KiB |   6144 KiB |      0 B   |
|---------------------------------------------------------------------------|
| Non-releasable memory |   5659 KiB | 109656 KiB | 540190 MiB | 540185 MiB |
|       from large pool |   3949 KiB | 108393 KiB | 470129 MiB | 470125 MiB |
|       from small pool |   1709 KiB |   4050 KiB |  70061 MiB |  70059 MiB |
|---------------------------------------------------------------------------|
| Allocations           |      29    |      54    |    1544 K  |    1544 K  |
|       from large pool |       8    |      26    |     130 K  |     130 K  |
|       from small pool |      21    |      35    |    1414 K  |    1414 K  |
|---------------------------------------------------------------------------|
| Active allocs         |      29    |      54    |    1544 K  |    1544 K  |
|       from large pool |       8    |      26    |     130 K  |     130 K  |
|       from small pool |      21    |      35    |    1414 K  |    1414 K  |
|---------------------------------------------------------------------------|
| GPU reserved segments |      23    |      23    |      23    |       0    |
|       from large pool |      20    |      20    |      20    |       0    |
|       from small pool |       3    |       3    |       3    |       0    |
|---------------------------------------------------------------------------|
| Non-releasable allocs |       6    |      18    |  657248    |  657242    |
|       from large pool |       2    |      12    |   56331    |   56329    |
|       from small pool |       4    |      14    |  600917    |  600913    |
|---------------------------------------------------------------------------|
| Oversize allocations  |       0    |       0    |       0    |       0    |
|---------------------------------------------------------------------------|
| Oversize GPU segments |       0    |       0    |       0    |       0    |
|===========================================================================|

|===========================================================================|
|                  PyTorch CUDA memory summary, device ID 0                 |
|---------------------------------------------------------------------------|
|            CUDA OOMs: 0            |        cudaMalloc retries: 0         |
|===========================================================================|
|        Metric         | Cur Usage  | Peak Usage | Tot Alloc  | Tot Freed  |
|---------------------------------------------------------------------------|
| Allocated memory      |  37618 KiB | 378645 KiB |   1219 GiB |   1219 GiB |
|       from large pool |  37280 KiB | 377599 KiB |   1145 GiB |   1145 GiB |
|       from small pool |    338 KiB |   3699 KiB |     73 GiB |     73 GiB |
|---------------------------------------------------------------------------|
| Active memory         |  37618 KiB | 378645 KiB |   1219 GiB |   1219 GiB |
|       from large pool |  37280 KiB | 377599 KiB |   1145 GiB |   1145 GiB |
|       from small pool |    338 KiB |   3699 KiB |     73 GiB |     73 GiB |
|---------------------------------------------------------------------------|
| Requested memory      |  36771 KiB | 378079 KiB |   1213 GiB |   1213 GiB |
|       from large pool |  36435 KiB | 377036 KiB |   1140 GiB |   1140 GiB |
|       from small pool |    336 KiB |   3696 KiB |     73 GiB |     73 GiB |
|---------------------------------------------------------------------------|
| GPU reserved memory   | 659456 KiB | 659456 KiB | 659456 KiB |      0 B   |
|       from large pool | 653312 KiB | 653312 KiB | 653312 KiB |      0 B   |
|       from small pool |   6144 KiB |   6144 KiB |   6144 KiB |      0 B   |
|---------------------------------------------------------------------------|
| Non-releasable memory |  21773 KiB | 109656 KiB | 583243 MiB | 583222 MiB |
|       from large pool |  20064 KiB | 108393 KiB | 507414 MiB | 507394 MiB |
|       from small pool |   1709 KiB |   4050 KiB |  75829 MiB |  75827 MiB |
|---------------------------------------------------------------------------|
| Allocations           |      29    |      54    |    1674 K  |    1674 K  |
|       from large pool |       8    |      26    |     137 K  |     137 K  |
|       from small pool |      21    |      35    |    1536 K  |    1536 K  |
|---------------------------------------------------------------------------|
| Active allocs         |      29    |      54    |    1674 K  |    1674 K  |
|       from large pool |       8    |      26    |     137 K  |     137 K  |
|       from small pool |      21    |      35    |    1536 K  |    1536 K  |
|---------------------------------------------------------------------------|
| GPU reserved segments |      23    |      23    |      23    |       0    |
|       from large pool |      20    |      20    |      20    |       0    |
|       from small pool |       3    |       3    |       3    |       0    |
|---------------------------------------------------------------------------|
| Non-releasable allocs |      10    |      18    |  711447    |  711437    |
|       from large pool |       3    |      12    |   61621    |   61618    |
|       from small pool |       7    |      14    |  649826    |  649819    |
|---------------------------------------------------------------------------|
| Oversize allocations  |       0    |       0    |       0    |       0    |
|---------------------------------------------------------------------------|
| Oversize GPU segments |       0    |       0    |       0    |       0    |
|===========================================================================|

|===========================================================================|
|                  PyTorch CUDA memory summary, device ID 0                 |
|---------------------------------------------------------------------------|
|            CUDA OOMs: 0            |        cudaMalloc retries: 0         |
|===========================================================================|
|        Metric         | Cur Usage  | Peak Usage | Tot Alloc  | Tot Freed  |
|---------------------------------------------------------------------------|
| Allocated memory      |  37330 KiB | 378645 KiB |   1263 GiB |   1263 GiB |
|       from large pool |  36992 KiB | 377599 KiB |   1185 GiB |   1185 GiB |
|       from small pool |    338 KiB |   3699 KiB |     77 GiB |     77 GiB |
|---------------------------------------------------------------------------|
| Active memory         |  37330 KiB | 378645 KiB |   1263 GiB |   1263 GiB |
|       from large pool |  36992 KiB | 377599 KiB |   1185 GiB |   1185 GiB |
|       from small pool |    338 KiB |   3699 KiB |     77 GiB |     77 GiB |
|---------------------------------------------------------------------------|
| Requested memory      |  36478 KiB | 378079 KiB |   1257 GiB |   1257 GiB |
|       from large pool |  36142 KiB | 377036 KiB |   1180 GiB |   1180 GiB |
|       from small pool |    336 KiB |   3696 KiB |     77 GiB |     77 GiB |
|---------------------------------------------------------------------------|
| GPU reserved memory   | 659456 KiB | 659456 KiB | 659456 KiB |      0 B   |
|       from large pool | 653312 KiB | 653312 KiB | 653312 KiB |      0 B   |
|       from small pool |   6144 KiB |   6144 KiB |   6144 KiB |      0 B   |
|---------------------------------------------------------------------------|
| Non-releasable memory |  22061 KiB | 109656 KiB | 612579 MiB | 612558 MiB |
|       from large pool |  20352 KiB | 108393 KiB | 532725 MiB | 532706 MiB |
|       from small pool |   1709 KiB |   4050 KiB |  79853 MiB |  79852 MiB |
|---------------------------------------------------------------------------|
| Allocations           |      29    |      54    |    1770 K  |    1770 K  |
|       from large pool |       8    |      26    |     143 K  |     143 K  |
|       from small pool |      21    |      35    |    1626 K  |    1626 K  |
|---------------------------------------------------------------------------|
| Active allocs         |      29    |      54    |    1770 K  |    1770 K  |
|       from large pool |       8    |      26    |     143 K  |     143 K  |
|       from small pool |      21    |      35    |    1626 K  |    1626 K  |
|---------------------------------------------------------------------------|
| GPU reserved segments |      23    |      23    |      23    |       0    |
|       from large pool |      20    |      20    |      20    |       0    |
|       from small pool |       3    |       3    |       3    |       0    |
|---------------------------------------------------------------------------|
| Non-releasable allocs |       8    |      18    |     758 K  |     758 K  |
|       from large pool |       3    |      12    |      66 K  |      66 K  |
|       from small pool |       5    |      14    |     692 K  |     692 K  |
|---------------------------------------------------------------------------|
| Oversize allocations  |       0    |       0    |       0    |       0    |
|---------------------------------------------------------------------------|
| Oversize GPU segments |       0    |       0    |       0    |       0    |
|===========================================================================|

|===========================================================================|
|                  PyTorch CUDA memory summary, device ID 0                 |
|---------------------------------------------------------------------------|
|            CUDA OOMs: 0            |        cudaMalloc retries: 0         |
|===========================================================================|
|        Metric         | Cur Usage  | Peak Usage | Tot Alloc  | Tot Freed  |
|---------------------------------------------------------------------------|
| Allocated memory      |  36557 KiB | 378645 KiB |   1301 GiB |   1301 GiB |
|       from large pool |  36218 KiB | 377599 KiB |   1220 GiB |   1220 GiB |
|       from small pool |    338 KiB |   3699 KiB |     80 GiB |     80 GiB |
|---------------------------------------------------------------------------|
| Active memory         |  36557 KiB | 378645 KiB |   1301 GiB |   1301 GiB |
|       from large pool |  36218 KiB | 377599 KiB |   1220 GiB |   1220 GiB |
|       from small pool |    338 KiB |   3699 KiB |     80 GiB |     80 GiB |
|---------------------------------------------------------------------------|
| Requested memory      |  36553 KiB | 378079 KiB |   1295 GiB |   1295 GiB |
|       from large pool |  36217 KiB | 377036 KiB |   1215 GiB |   1214 GiB |
|       from small pool |    336 KiB |   3696 KiB |     80 GiB |     80 GiB |
|---------------------------------------------------------------------------|
| GPU reserved memory   | 659456 KiB | 659456 KiB | 659456 KiB |      0 B   |
|       from large pool | 653312 KiB | 653312 KiB | 653312 KiB |      0 B   |
|       from small pool |   6144 KiB |   6144 KiB |   6144 KiB |      0 B   |
|---------------------------------------------------------------------------|
| Non-releasable memory |   6451 KiB | 109656 KiB | 637776 MiB | 637770 MiB |
|       from large pool |   4741 KiB | 108393 KiB | 554564 MiB | 554560 MiB |
|       from small pool |   1709 KiB |   4050 KiB |  83211 MiB |  83210 MiB |
|---------------------------------------------------------------------------|
| Allocations           |      29    |      54    |    1846 K  |    1846 K  |
|       from large pool |       8    |      26    |     148 K  |     148 K  |
|       from small pool |      21    |      35    |    1697 K  |    1697 K  |
|---------------------------------------------------------------------------|
| Active allocs         |      29    |      54    |    1846 K  |    1846 K  |
|       from large pool |       8    |      26    |     148 K  |     148 K  |
|       from small pool |      21    |      35    |    1697 K  |    1697 K  |
|---------------------------------------------------------------------------|
| GPU reserved segments |      23    |      23    |      23    |       0    |
|       from large pool |      20    |      20    |      20    |       0    |
|       from small pool |       3    |       3    |       3    |       0    |
|---------------------------------------------------------------------------|
| Non-releasable allocs |       7    |      18    |     791 K  |     791 K  |
|       from large pool |       3    |      12    |      69 K  |      69 K  |
|       from small pool |       4    |      14    |     721 K  |     721 K  |
|---------------------------------------------------------------------------|
| Oversize allocations  |       0    |       0    |       0    |       0    |
|---------------------------------------------------------------------------|
| Oversize GPU segments |       0    |       0    |       0    |       0    |
|===========================================================================|

|===========================================================================|
|                  PyTorch CUDA memory summary, device ID 0                 |
|---------------------------------------------------------------------------|
|            CUDA OOMs: 0            |        cudaMalloc retries: 0         |
|===========================================================================|
|        Metric         | Cur Usage  | Peak Usage | Tot Alloc  | Tot Freed  |
|---------------------------------------------------------------------------|
| Allocated memory      |  37724 KiB | 378645 KiB |   1345 GiB |   1345 GiB |
|       from large pool |  37386 KiB | 377599 KiB |   1260 GiB |   1260 GiB |
|       from small pool |    338 KiB |   3699 KiB |     84 GiB |     84 GiB |
|---------------------------------------------------------------------------|
| Active memory         |  37724 KiB | 378645 KiB |   1345 GiB |   1345 GiB |
|       from large pool |  37386 KiB | 377599 KiB |   1260 GiB |   1260 GiB |
|       from small pool |    338 KiB |   3699 KiB |     84 GiB |     84 GiB |
|---------------------------------------------------------------------------|
| Requested memory      |  37044 KiB | 378079 KiB |   1338 GiB |   1338 GiB |
|       from large pool |  36708 KiB | 377036 KiB |   1255 GiB |   1255 GiB |
|       from small pool |    336 KiB |   3696 KiB |     83 GiB |     83 GiB |
|---------------------------------------------------------------------------|
| GPU reserved memory   | 659456 KiB | 659456 KiB | 659456 KiB |      0 B   |
|       from large pool | 653312 KiB | 653312 KiB | 653312 KiB |      0 B   |
|       from small pool |   6144 KiB |   6144 KiB |   6144 KiB |      0 B   |
|---------------------------------------------------------------------------|
| Non-releasable memory |  21667 KiB | 109656 KiB | 667618 MiB | 667597 MiB |
|       from large pool |  19958 KiB | 108393 KiB | 581008 MiB | 580989 MiB |
|       from small pool |   1709 KiB |   4050 KiB |  86610 MiB |  86608 MiB |
|---------------------------------------------------------------------------|
| Allocations           |      29    |      54    |    1925 K  |    1925 K  |
|       from large pool |       8    |      26    |     154 K  |     154 K  |
|       from small pool |      21    |      35    |    1770 K  |    1770 K  |
|---------------------------------------------------------------------------|
| Active allocs         |      29    |      54    |    1925 K  |    1925 K  |
|       from large pool |       8    |      26    |     154 K  |     154 K  |
|       from small pool |      21    |      35    |    1770 K  |    1770 K  |
|---------------------------------------------------------------------------|
| GPU reserved segments |      23    |      23    |      23    |       0    |
|       from large pool |      20    |      20    |      20    |       0    |
|       from small pool |       3    |       3    |       3    |       0    |
|---------------------------------------------------------------------------|
| Non-releasable allocs |      10    |      18    |     822 K  |     822 K  |
|       from large pool |       4    |      12    |      73 K  |      73 K  |
|       from small pool |       6    |      14    |     749 K  |     749 K  |
|---------------------------------------------------------------------------|
| Oversize allocations  |       0    |       0    |       0    |       0    |
|---------------------------------------------------------------------------|
| Oversize GPU segments |       0    |       0    |       0    |       0    |
|===========================================================================|

|===========================================================================|
|                  PyTorch CUDA memory summary, device ID 0                 |
|---------------------------------------------------------------------------|
|            CUDA OOMs: 0            |        cudaMalloc retries: 0         |
|===========================================================================|
|        Metric         | Cur Usage  | Peak Usage | Tot Alloc  | Tot Freed  |
|---------------------------------------------------------------------------|
| Allocated memory      |  37887 KiB | 378645 KiB |   1387 GiB |   1387 GiB |
|       from large pool |  37549 KiB | 377599 KiB |   1299 GiB |   1299 GiB |
|       from small pool |    338 KiB |   3699 KiB |     87 GiB |     87 GiB |
|---------------------------------------------------------------------------|
| Active memory         |  37887 KiB | 378645 KiB |   1387 GiB |   1387 GiB |
|       from large pool |  37549 KiB | 377599 KiB |   1299 GiB |   1299 GiB |
|       from small pool |    338 KiB |   3699 KiB |     87 GiB |     87 GiB |
|---------------------------------------------------------------------------|
| Requested memory      |  37026 KiB | 378079 KiB |   1381 GiB |   1381 GiB |
|       from large pool |  36690 KiB | 377036 KiB |   1293 GiB |   1293 GiB |
|       from small pool |    336 KiB |   3696 KiB |     87 GiB |     87 GiB |
|---------------------------------------------------------------------------|
| GPU reserved memory   | 659456 KiB | 659456 KiB | 659456 KiB |      0 B   |
|       from large pool | 653312 KiB | 653312 KiB | 653312 KiB |      0 B   |
|       from small pool |   6144 KiB |   6144 KiB |   6144 KiB |      0 B   |
|---------------------------------------------------------------------------|
| Non-releasable memory |   5120 KiB | 109656 KiB | 696450 MiB | 696445 MiB |
|       from large pool |   3411 KiB | 108393 KiB | 606216 MiB | 606213 MiB |
|       from small pool |   1709 KiB |   4050 KiB |  90233 MiB |  90231 MiB |
|---------------------------------------------------------------------------|
| Allocations           |      29    |      54    |    2010 K  |    2010 K  |
|       from large pool |       8    |      26    |     160 K  |     160 K  |
|       from small pool |      21    |      35    |    1850 K  |    1850 K  |
|---------------------------------------------------------------------------|
| Active allocs         |      29    |      54    |    2010 K  |    2010 K  |
|       from large pool |       8    |      26    |     160 K  |     160 K  |
|       from small pool |      21    |      35    |    1850 K  |    1850 K  |
|---------------------------------------------------------------------------|
| GPU reserved segments |      23    |      23    |      23    |       0    |
|       from large pool |      20    |      20    |      20    |       0    |
|       from small pool |       3    |       3    |       3    |       0    |
|---------------------------------------------------------------------------|
| Non-releasable allocs |       7    |      18    |     856 K  |     856 K  |
|       from large pool |       2    |      12    |      76 K  |      76 K  |
|       from small pool |       5    |      14    |     780 K  |     780 K  |
|---------------------------------------------------------------------------|
| Oversize allocations  |       0    |       0    |       0    |       0    |
|---------------------------------------------------------------------------|
| Oversize GPU segments |       0    |       0    |       0    |       0    |
|===========================================================================|

|===========================================================================|
|                  PyTorch CUDA memory summary, device ID 0                 |
|---------------------------------------------------------------------------|
|            CUDA OOMs: 0            |        cudaMalloc retries: 0         |
|===========================================================================|
|        Metric         | Cur Usage  | Peak Usage | Tot Alloc  | Tot Freed  |
|---------------------------------------------------------------------------|
| Allocated memory      |  36237 KiB | 378645 KiB |   1428 GiB |   1428 GiB |
|       from large pool |  35515 KiB | 377599 KiB |   1337 GiB |   1337 GiB |
|       from small pool |    721 KiB |   3699 KiB |     91 GiB |     91 GiB |
|---------------------------------------------------------------------------|
| Active memory         |  36237 KiB | 378645 KiB |   1428 GiB |   1428 GiB |
|       from large pool |  35515 KiB | 377599 KiB |   1337 GiB |   1337 GiB |
|       from small pool |    721 KiB |   3699 KiB |     91 GiB |     91 GiB |
|---------------------------------------------------------------------------|
| Requested memory      |  36234 KiB | 378079 KiB |   1422 GiB |   1422 GiB |
|       from large pool |  35515 KiB | 377036 KiB |   1331 GiB |   1331 GiB |
|       from small pool |    719 KiB |   3696 KiB |     91 GiB |     91 GiB |
|---------------------------------------------------------------------------|
| GPU reserved memory   | 659456 KiB | 659456 KiB | 659456 KiB |      0 B   |
|       from large pool | 653312 KiB | 653312 KiB | 653312 KiB |      0 B   |
|       from small pool |   6144 KiB |   6144 KiB |   6144 KiB |      0 B   |
|---------------------------------------------------------------------------|
| Non-releasable memory |   6771 KiB | 109656 KiB | 723764 MiB | 723757 MiB |
|       from large pool |   5444 KiB | 108393 KiB | 629601 MiB | 629596 MiB |
|       from small pool |   1326 KiB |   4050 KiB |  94163 MiB |  94161 MiB |
|---------------------------------------------------------------------------|
| Allocations           |      29    |      54    |    2095 K  |    2095 K  |
|       from large pool |       7    |      26    |     165 K  |     165 K  |
|       from small pool |      22    |      35    |    1930 K  |    1930 K  |
|---------------------------------------------------------------------------|
| Active allocs         |      29    |      54    |    2095 K  |    2095 K  |
|       from large pool |       7    |      26    |     165 K  |     165 K  |
|       from small pool |      22    |      35    |    1930 K  |    1930 K  |
|---------------------------------------------------------------------------|
| GPU reserved segments |      23    |      23    |      23    |       0    |
|       from large pool |      20    |      20    |      20    |       0    |
|       from small pool |       3    |       3    |       3    |       0    |
|---------------------------------------------------------------------------|
| Non-releasable allocs |       6    |      18    |     890 K  |     890 K  |
|       from large pool |       2    |      13    |      80 K  |      80 K  |
|       from small pool |       4    |      14    |     810 K  |     810 K  |
|---------------------------------------------------------------------------|
| Oversize allocations  |       0    |       0    |       0    |       0    |
|---------------------------------------------------------------------------|
| Oversize GPU segments |       0    |       0    |       0    |       0    |
|===========================================================================|

|===========================================================================|
|                  PyTorch CUDA memory summary, device ID 0                 |
|---------------------------------------------------------------------------|
|            CUDA OOMs: 0            |        cudaMalloc retries: 0         |
|===========================================================================|
|        Metric         | Cur Usage  | Peak Usage | Tot Alloc  | Tot Freed  |
|---------------------------------------------------------------------------|
| Allocated memory      |  36193 KiB | 378645 KiB |   1458 GiB |   1458 GiB |
|       from large pool |  35632 KiB | 377599 KiB |   1365 GiB |   1365 GiB |
|       from small pool |    560 KiB |   3699 KiB |     93 GiB |     93 GiB |
|---------------------------------------------------------------------------|
| Active memory         |  36193 KiB | 378645 KiB |   1458 GiB |   1458 GiB |
|       from large pool |  35632 KiB | 377599 KiB |   1365 GiB |   1365 GiB |
|       from small pool |    560 KiB |   3699 KiB |     93 GiB |     93 GiB |
|---------------------------------------------------------------------------|
| Requested memory      |  36190 KiB | 378079 KiB |   1452 GiB |   1452 GiB |
|       from large pool |  35632 KiB | 377036 KiB |   1359 GiB |   1359 GiB |
|       from small pool |    558 KiB |   3696 KiB |     92 GiB |     92 GiB |
|---------------------------------------------------------------------------|
| GPU reserved memory   | 659456 KiB | 659456 KiB | 659456 KiB |      0 B   |
|       from large pool | 653312 KiB | 653312 KiB | 653312 KiB |      0 B   |
|       from small pool |   6144 KiB |   6144 KiB |   6144 KiB |      0 B   |
|---------------------------------------------------------------------------|
| Non-releasable memory |   6815 KiB | 109656 KiB | 741027 MiB | 741021 MiB |
|       from large pool |   5327 KiB | 108393 KiB | 644791 MiB | 644786 MiB |
|       from small pool |   1487 KiB |   4050 KiB |  96236 MiB |  96234 MiB |
|---------------------------------------------------------------------------|
| Allocations           |      29    |      54    |    2135 K  |    2135 K  |
|       from large pool |       7    |      26    |     168 K  |     168 K  |
|       from small pool |      22    |      35    |    1967 K  |    1967 K  |
|---------------------------------------------------------------------------|
| Active allocs         |      29    |      54    |    2135 K  |    2135 K  |
|       from large pool |       7    |      26    |     168 K  |     168 K  |
|       from small pool |      22    |      35    |    1967 K  |    1967 K  |
|---------------------------------------------------------------------------|
| GPU reserved segments |      23    |      23    |      23    |       0    |
|       from large pool |      20    |      20    |      20    |       0    |
|       from small pool |       3    |       3    |       3    |       0    |
|---------------------------------------------------------------------------|
| Non-releasable allocs |       7    |      20    |     910 K  |     910 K  |
|       from large pool |       2    |      14    |      82 K  |      82 K  |
|       from small pool |       5    |      14    |     827 K  |     827 K  |
|---------------------------------------------------------------------------|
| Oversize allocations  |       0    |       0    |       0    |       0    |
|---------------------------------------------------------------------------|
| Oversize GPU segments |       0    |       0    |       0    |       0    |
|===========================================================================|

