|===========================================================================|
|                  PyTorch CUDA memory summary, device ID 0                 |
|---------------------------------------------------------------------------|
|            CUDA OOMs: 0            |        cudaMalloc retries: 0         |
|===========================================================================|
|        Metric         | Cur Usage  | Peak Usage | Tot Alloc  | Tot Freed  |
|---------------------------------------------------------------------------|
| Allocated memory      |  37653 KiB | 130076 KiB | 437566 MiB | 437529 MiB |
|       from large pool |  37314 KiB | 129280 KiB | 423438 MiB | 423402 MiB |
|       from small pool |    338 KiB |   3316 KiB |  14128 MiB |  14127 MiB |
|---------------------------------------------------------------------------|
| Active memory         |  37653 KiB | 130076 KiB | 437566 MiB | 437529 MiB |
|       from large pool |  37314 KiB | 129280 KiB | 423438 MiB | 423402 MiB |
|       from small pool |    338 KiB |   3316 KiB |  14128 MiB |  14127 MiB |
|---------------------------------------------------------------------------|
| Requested memory      |  37650 KiB | 130072 KiB | 436062 MiB | 436025 MiB |
|       from large pool |  37314 KiB | 129280 KiB | 422009 MiB | 421973 MiB |
|       from small pool |    336 KiB |   3313 KiB |  14052 MiB |  14052 MiB |
|---------------------------------------------------------------------------|
| GPU reserved memory   | 172032 KiB | 172032 KiB | 172032 KiB |      0 B   |
|       from large pool | 167936 KiB | 167936 KiB | 167936 KiB |      0 B   |
|       from small pool |   4096 KiB |   4096 KiB |   4096 KiB |      0 B   |
|---------------------------------------------------------------------------|
| Non-releasable memory |  44267 KiB |  50406 KiB | 232489 MiB | 232446 MiB |
|       from large pool |  42557 KiB |  48896 KiB | 218356 MiB | 218314 MiB |
|       from small pool |   1709 KiB |   3347 KiB |  14133 MiB |  14131 MiB |
|---------------------------------------------------------------------------|
| Allocations           |      29    |      53    |  366385    |  366356    |
|       from large pool |       8    |      17    |   46197    |   46189    |
|       from small pool |      21    |      39    |  320188    |  320167    |
|---------------------------------------------------------------------------|
| Active allocs         |      29    |      53    |  366385    |  366356    |
|       from large pool |       8    |      17    |   46197    |   46189    |
|       from small pool |      21    |      39    |  320188    |  320167    |
|---------------------------------------------------------------------------|
| GPU reserved segments |      11    |      11    |      11    |       0    |
|       from large pool |       9    |       9    |       9    |       0    |
|       from small pool |       2    |       2    |       2    |       0    |
|---------------------------------------------------------------------------|
| Non-releasable allocs |      13    |      22    |  185132    |  185119    |
|       from large pool |       5    |       7    |   25560    |   25555    |
|       from small pool |       8    |      15    |  159572    |  159564    |
|---------------------------------------------------------------------------|
| Oversize allocations  |       0    |       0    |       0    |       0    |
|---------------------------------------------------------------------------|
| Oversize GPU segments |       0    |       0    |       0    |       0    |
|===========================================================================|

|===========================================================================|
|                  PyTorch CUDA memory summary, device ID 0                 |
|---------------------------------------------------------------------------|
|            CUDA OOMs: 0            |        cudaMalloc retries: 0         |
|===========================================================================|
|        Metric         | Cur Usage  | Peak Usage | Tot Alloc  | Tot Freed  |
|---------------------------------------------------------------------------|
| Allocated memory      |  37458 KiB | 378773 KiB | 529696 MiB | 529660 MiB |
|       from large pool |  37120 KiB | 377727 KiB | 483997 MiB | 483961 MiB |
|       from small pool |    338 KiB |   3316 KiB |  45698 MiB |  45698 MiB |
|---------------------------------------------------------------------------|
| Active memory         |  37458 KiB | 378773 KiB | 529696 MiB | 529660 MiB |
|       from large pool |  37120 KiB | 377727 KiB | 483997 MiB | 483961 MiB |
|       from small pool |    338 KiB |   3316 KiB |  45698 MiB |  45698 MiB |
|---------------------------------------------------------------------------|
| Requested memory      |  37346 KiB | 378079 KiB | 527801 MiB | 527765 MiB |
|       from large pool |  37010 KiB | 377036 KiB | 482370 MiB | 482333 MiB |
|       from small pool |    336 KiB |   3313 KiB |  45431 MiB |  45431 MiB |
|---------------------------------------------------------------------------|
| GPU reserved memory   | 585728 KiB | 585728 KiB | 585728 KiB |      0 B   |
|       from large pool | 581632 KiB | 581632 KiB | 581632 KiB |      0 B   |
|       from small pool |   4096 KiB |   4096 KiB |   4096 KiB |      0 B   |
|---------------------------------------------------------------------------|
| Non-releasable memory |  26029 KiB |  61546 KiB | 367875 MiB | 367850 MiB |
|       from large pool |  24320 KiB |  60196 KiB | 271561 MiB | 271537 MiB |
|       from small pool |   1709 KiB |   3347 KiB |  96313 MiB |  96312 MiB |
|---------------------------------------------------------------------------|
| Allocations           |      29    |      54    |     966 K  |     966 K  |
|       from large pool |       8    |      26    |      57 K  |      57 K  |
|       from small pool |      21    |      39    |     908 K  |     908 K  |
|---------------------------------------------------------------------------|
| Active allocs         |      29    |      54    |     966 K  |     966 K  |
|       from large pool |       8    |      26    |      57 K  |      57 K  |
|       from small pool |      21    |      39    |     908 K  |     908 K  |
|---------------------------------------------------------------------------|
| GPU reserved segments |      21    |      21    |      21    |       0    |
|       from large pool |      19    |      19    |      19    |       0    |
|       from small pool |       2    |       2    |       2    |       0    |
|---------------------------------------------------------------------------|
| Non-releasable allocs |      14    |      22    |  402325    |  402311    |
|       from large pool |       4    |      12    |   32715    |   32711    |
|       from small pool |      10    |      16    |  369610    |  369600    |
|---------------------------------------------------------------------------|
| Oversize allocations  |       0    |       0    |       0    |       0    |
|---------------------------------------------------------------------------|
| Oversize GPU segments |       0    |       0    |       0    |       0    |
|===========================================================================|

|===========================================================================|
|                  PyTorch CUDA memory summary, device ID 0                 |
|---------------------------------------------------------------------------|
|            CUDA OOMs: 0            |        cudaMalloc retries: 0         |
|===========================================================================|
|        Metric         | Cur Usage  | Peak Usage | Tot Alloc  | Tot Freed  |
|---------------------------------------------------------------------------|
| Allocated memory      |  37458 KiB | 378773 KiB | 620586 MiB | 620549 MiB |
|       from large pool |  37120 KiB | 377727 KiB | 545359 MiB | 545323 MiB |
|       from small pool |    338 KiB |   3316 KiB |  75226 MiB |  75226 MiB |
|---------------------------------------------------------------------------|
| Active memory         |  37458 KiB | 378773 KiB | 620586 MiB | 620549 MiB |
|       from large pool |  37120 KiB | 377727 KiB | 545359 MiB | 545323 MiB |
|       from small pool |    338 KiB |   3316 KiB |  75226 MiB |  75226 MiB |
|---------------------------------------------------------------------------|
| Requested memory      |  36771 KiB | 378079 KiB | 618341 MiB | 618305 MiB |
|       from large pool |  36435 KiB | 377036 KiB | 543570 MiB | 543534 MiB |
|       from small pool |    336 KiB |   3313 KiB |  74771 MiB |  74771 MiB |
|---------------------------------------------------------------------------|
| GPU reserved memory   | 661504 KiB | 661504 KiB | 661504 KiB |      0 B   |
|       from large pool | 657408 KiB | 657408 KiB | 657408 KiB |      0 B   |
|       from small pool |   4096 KiB |   4096 KiB |   4096 KiB |      0 B   |
|---------------------------------------------------------------------------|
| Non-releasable memory |  26029 KiB | 113823 KiB | 506625 MiB | 506599 MiB |
|       from large pool |  24320 KiB | 112560 KiB | 325035 MiB | 325011 MiB |
|       from small pool |   1709 KiB |   3347 KiB | 181589 MiB | 181588 MiB |
|---------------------------------------------------------------------------|
| Allocations           |      29    |      54    |    1578 K  |    1578 K  |
|       from large pool |       8    |      26    |      69 K  |      69 K  |
|       from small pool |      21    |      39    |    1509 K  |    1508 K  |
|---------------------------------------------------------------------------|
| Active allocs         |      29    |      54    |    1578 K  |    1578 K  |
|       from large pool |       8    |      26    |      69 K  |      69 K  |
|       from small pool |      21    |      39    |    1509 K  |    1508 K  |
|---------------------------------------------------------------------------|
| GPU reserved segments |      22    |      22    |      22    |       0    |
|       from large pool |      20    |      20    |      20    |       0    |
|       from small pool |       2    |       2    |       2    |       0    |
|---------------------------------------------------------------------------|
| Non-releasable allocs |      12    |      22    |  681932    |  681920    |
|       from large pool |       3    |      13    |   40318    |   40315    |
|       from small pool |       9    |      16    |  641614    |  641605    |
|---------------------------------------------------------------------------|
| Oversize allocations  |       0    |       0    |       0    |       0    |
|---------------------------------------------------------------------------|
| Oversize GPU segments |       0    |       0    |       0    |       0    |
|===========================================================================|

|===========================================================================|
|                  PyTorch CUDA memory summary, device ID 0                 |
|---------------------------------------------------------------------------|
|            CUDA OOMs: 0            |        cudaMalloc retries: 0         |
|===========================================================================|
|        Metric         | Cur Usage  | Peak Usage | Tot Alloc  | Tot Freed  |
|---------------------------------------------------------------------------|
| Allocated memory      |  37458 KiB | 378773 KiB | 708826 MiB | 708789 MiB |
|       from large pool |  37120 KiB | 377727 KiB | 610809 MiB | 610772 MiB |
|       from small pool |    338 KiB |   3316 KiB |  98017 MiB |  98017 MiB |
|---------------------------------------------------------------------------|
| Active memory         |  37458 KiB | 378773 KiB | 708826 MiB | 708789 MiB |
|       from large pool |  37120 KiB | 377727 KiB | 610809 MiB | 610772 MiB |
|       from small pool |    338 KiB |   3316 KiB |  98017 MiB |  98017 MiB |
|---------------------------------------------------------------------------|
| Requested memory      |  36478 KiB | 378079 KiB | 705732 MiB | 705696 MiB |
|       from large pool |  36142 KiB | 377036 KiB | 608305 MiB | 608270 MiB |
|       from small pool |    336 KiB |   3313 KiB |  97426 MiB |  97426 MiB |
|---------------------------------------------------------------------------|
| GPU reserved memory   | 661504 KiB | 661504 KiB | 661504 KiB |      0 B   |
|       from large pool | 657408 KiB | 657408 KiB | 657408 KiB |      0 B   |
|       from small pool |   4096 KiB |   4096 KiB |   4096 KiB |      0 B   |
|---------------------------------------------------------------------------|
| Non-releasable memory |  26029 KiB | 113823 KiB | 585229 MiB | 585204 MiB |
|       from large pool |  24320 KiB | 112560 KiB | 380840 MiB | 380816 MiB |
|       from small pool |   1709 KiB |   3347 KiB | 204389 MiB | 204387 MiB |
|---------------------------------------------------------------------------|
| Allocations           |      29    |      54    |    2196 K  |    2196 K  |
|       from large pool |       8    |      26    |      81 K  |      81 K  |
|       from small pool |      21    |      39    |    2114 K  |    2114 K  |
|---------------------------------------------------------------------------|
| Active allocs         |      29    |      54    |    2196 K  |    2196 K  |
|       from large pool |       8    |      26    |      81 K  |      81 K  |
|       from small pool |      21    |      39    |    2114 K  |    2114 K  |
|---------------------------------------------------------------------------|
| GPU reserved segments |      22    |      22    |      22    |       0    |
|       from large pool |      20    |      20    |      20    |       0    |
|       from small pool |       2    |       2    |       2    |       0    |
|---------------------------------------------------------------------------|
| Non-releasable allocs |      12    |      22    |     903 K  |     903 K  |
|       from large pool |       3    |      13    |      48 K  |      48 K  |
|       from small pool |       9    |      16    |     855 K  |     855 K  |
|---------------------------------------------------------------------------|
| Oversize allocations  |       0    |       0    |       0    |       0    |
|---------------------------------------------------------------------------|
| Oversize GPU segments |       0    |       0    |       0    |       0    |
|===========================================================================|

|===========================================================================|
|                  PyTorch CUDA memory summary, device ID 0                 |
|---------------------------------------------------------------------------|
|            CUDA OOMs: 0            |        cudaMalloc retries: 0         |
|===========================================================================|
|        Metric         | Cur Usage  | Peak Usage | Tot Alloc  | Tot Freed  |
|---------------------------------------------------------------------------|
| Allocated memory      |  36557 KiB | 378773 KiB | 760495 MiB | 760460 MiB |
|       from large pool |  36218 KiB | 377727 KiB | 646614 MiB | 646579 MiB |
|       from small pool |    338 KiB |   3316 KiB | 113881 MiB | 113880 MiB |
|---------------------------------------------------------------------------|
| Active memory         |  36557 KiB | 378773 KiB | 760495 MiB | 760460 MiB |
|       from large pool |  36218 KiB | 377727 KiB | 646614 MiB | 646579 MiB |
|       from small pool |    338 KiB |   3316 KiB | 113881 MiB | 113880 MiB |
|---------------------------------------------------------------------------|
| Requested memory      |  36553 KiB | 378079 KiB | 756975 MiB | 756940 MiB |
|       from large pool |  36217 KiB | 377036 KiB | 643865 MiB | 643830 MiB |
|       from small pool |    336 KiB |   3313 KiB | 113109 MiB | 113109 MiB |
|---------------------------------------------------------------------------|
| GPU reserved memory   | 661504 KiB | 661504 KiB | 661504 KiB |      0 B   |
|       from large pool | 657408 KiB | 657408 KiB | 657408 KiB |      0 B   |
|       from small pool |   4096 KiB |   4096 KiB |   4096 KiB |      0 B   |
|---------------------------------------------------------------------------|
| Non-releasable memory |  26931 KiB | 113823 KiB | 629884 MiB | 629858 MiB |
|       from large pool |  25221 KiB | 112560 KiB | 409616 MiB | 409591 MiB |
|       from small pool |   1709 KiB |   3347 KiB | 220268 MiB | 220266 MiB |
|---------------------------------------------------------------------------|
| Allocations           |      29    |      54    |    2741 K  |    2741 K  |
|       from large pool |       8    |      26    |      87 K  |      87 K  |
|       from small pool |      21    |      39    |    2653 K  |    2653 K  |
|---------------------------------------------------------------------------|
| Active allocs         |      29    |      54    |    2741 K  |    2741 K  |
|       from large pool |       8    |      26    |      87 K  |      87 K  |
|       from small pool |      21    |      39    |    2653 K  |    2653 K  |
|---------------------------------------------------------------------------|
| GPU reserved segments |      22    |      22    |      22    |       0    |
|       from large pool |      20    |      20    |      20    |       0    |
|       from small pool |       2    |       2    |       2    |       0    |
|---------------------------------------------------------------------------|
| Non-releasable allocs |      15    |      22    |    1086 K  |    1086 K  |
|       from large pool |       5    |      13    |      52 K  |      52 K  |
|       from small pool |      10    |      17    |    1034 K  |    1034 K  |
|---------------------------------------------------------------------------|
| Oversize allocations  |       0    |       0    |       0    |       0    |
|---------------------------------------------------------------------------|
| Oversize GPU segments |       0    |       0    |       0    |       0    |
|===========================================================================|

|===========================================================================|
|                  PyTorch CUDA memory summary, device ID 0                 |
|---------------------------------------------------------------------------|
|            CUDA OOMs: 0            |        cudaMalloc retries: 0         |
|===========================================================================|
|        Metric         | Cur Usage  | Peak Usage | Tot Alloc  | Tot Freed  |
|---------------------------------------------------------------------------|
| Allocated memory      |  37564 KiB | 378773 KiB |    806 GiB |    806 GiB |
|       from large pool |  37226 KiB | 377727 KiB |    679 GiB |    679 GiB |
|       from small pool |    338 KiB |   3316 KiB |    127 GiB |    127 GiB |
|---------------------------------------------------------------------------|
| Active memory         |  37564 KiB | 378773 KiB |    806 GiB |    806 GiB |
|       from large pool |  37226 KiB | 377727 KiB |    679 GiB |    679 GiB |
|       from small pool |    338 KiB |   3316 KiB |    127 GiB |    127 GiB |
|---------------------------------------------------------------------------|
| Requested memory      |  37044 KiB | 378079 KiB |    802 GiB |    802 GiB |
|       from large pool |  36708 KiB | 377036 KiB |    676 GiB |    676 GiB |
|       from small pool |    336 KiB |   3313 KiB |    126 GiB |    126 GiB |
|---------------------------------------------------------------------------|
| GPU reserved memory   | 661504 KiB | 661504 KiB | 661504 KiB |      0 B   |
|       from large pool | 657408 KiB | 657408 KiB | 657408 KiB |      0 B   |
|       from small pool |   4096 KiB |   4096 KiB |   4096 KiB |      0 B   |
|---------------------------------------------------------------------------|
| Non-releasable memory |  25923 KiB | 113823 KiB | 688759 MiB | 688734 MiB |
|       from large pool |  24214 KiB | 112560 KiB | 451694 MiB | 451670 MiB |
|       from small pool |   1709 KiB |   3347 KiB | 237065 MiB | 237063 MiB |
|---------------------------------------------------------------------------|
| Allocations           |      29    |      54    |    3327 K  |    3327 K  |
|       from large pool |       8    |      26    |      96 K  |      96 K  |
|       from small pool |      21    |      39    |    3230 K  |    3230 K  |
|---------------------------------------------------------------------------|
| Active allocs         |      29    |      54    |    3327 K  |    3327 K  |
|       from large pool |       8    |      26    |      96 K  |      96 K  |
|       from small pool |      21    |      39    |    3230 K  |    3230 K  |
|---------------------------------------------------------------------------|
| GPU reserved segments |      22    |      22    |      22    |       0    |
|       from large pool |      20    |      20    |      20    |       0    |
|       from small pool |       2    |       2    |       2    |       0    |
|---------------------------------------------------------------------------|
| Non-releasable allocs |      15    |      22    |    1215 K  |    1215 K  |
|       from large pool |       4    |      14    |      57 K  |      57 K  |
|       from small pool |      11    |      17    |    1157 K  |    1157 K  |
|---------------------------------------------------------------------------|
| Oversize allocations  |       0    |       0    |       0    |       0    |
|---------------------------------------------------------------------------|
| Oversize GPU segments |       0    |       0    |       0    |       0    |
|===========================================================================|

|===========================================================================|
|                  PyTorch CUDA memory summary, device ID 0                 |
|---------------------------------------------------------------------------|
|            CUDA OOMs: 0            |        cudaMalloc retries: 0         |
|===========================================================================|
|        Metric         | Cur Usage  | Peak Usage | Tot Alloc  | Tot Freed  |
|---------------------------------------------------------------------------|
| Allocated memory      |  37887 KiB | 378773 KiB |    864 GiB |    864 GiB |
|       from large pool |  37549 KiB | 377727 KiB |    716 GiB |    716 GiB |
|       from small pool |    338 KiB |   3316 KiB |    148 GiB |    148 GiB |
|---------------------------------------------------------------------------|
| Active memory         |  37887 KiB | 378773 KiB |    864 GiB |    864 GiB |
|       from large pool |  37549 KiB | 377727 KiB |    716 GiB |    716 GiB |
|       from small pool |    338 KiB |   3316 KiB |    148 GiB |    148 GiB |
|---------------------------------------------------------------------------|
| Requested memory      |  37026 KiB | 378079 KiB |    860 GiB |    860 GiB |
|       from large pool |  36690 KiB | 377036 KiB |    713 GiB |    713 GiB |
|       from small pool |    336 KiB |   3313 KiB |    147 GiB |    147 GiB |
|---------------------------------------------------------------------------|
| GPU reserved memory   | 661504 KiB | 661504 KiB | 661504 KiB |      0 B   |
|       from large pool | 657408 KiB | 657408 KiB | 657408 KiB |      0 B   |
|       from small pool |   4096 KiB |   4096 KiB |   4096 KiB |      0 B   |
|---------------------------------------------------------------------------|
| Non-releasable memory |  25600 KiB | 113823 KiB | 740278 MiB | 740253 MiB |
|       from large pool |  23891 KiB | 112560 KiB | 482124 MiB | 482101 MiB |
|       from small pool |   1709 KiB |   3347 KiB | 258153 MiB | 258152 MiB |
|---------------------------------------------------------------------------|
| Allocations           |      29    |      54    |    3925 K  |    3925 K  |
|       from large pool |       8    |      26    |     103 K  |     103 K  |
|       from small pool |      21    |      39    |    3822 K  |    3822 K  |
|---------------------------------------------------------------------------|
| Active allocs         |      29    |      54    |    3925 K  |    3925 K  |
|       from large pool |       8    |      26    |     103 K  |     103 K  |
|       from small pool |      21    |      39    |    3822 K  |    3822 K  |
|---------------------------------------------------------------------------|
| GPU reserved segments |      22    |      22    |      22    |       0    |
|       from large pool |      20    |      20    |      20    |       0    |
|       from small pool |       2    |       2    |       2    |       0    |
|---------------------------------------------------------------------------|
| Non-releasable allocs |      14    |      22    |    1335 K  |    1335 K  |
|       from large pool |       4    |      14    |      62 K  |      62 K  |
|       from small pool |      10    |      17    |    1273 K  |    1273 K  |
|---------------------------------------------------------------------------|
| Oversize allocations  |       0    |       0    |       0    |       0    |
|---------------------------------------------------------------------------|
| Oversize GPU segments |       0    |       0    |       0    |       0    |
|===========================================================================|

|===========================================================================|
|                  PyTorch CUDA memory summary, device ID 0                 |
|---------------------------------------------------------------------------|
|            CUDA OOMs: 0            |        cudaMalloc retries: 0         |
|===========================================================================|
|        Metric         | Cur Usage  | Peak Usage | Tot Alloc  | Tot Freed  |
|---------------------------------------------------------------------------|
| Allocated memory      |  36237 KiB | 378773 KiB |    929 GiB |    929 GiB |
|       from large pool |  35515 KiB | 377727 KiB |    760 GiB |    760 GiB |
|       from small pool |    721 KiB |   3316 KiB |    169 GiB |    169 GiB |
|---------------------------------------------------------------------------|
| Active memory         |  36237 KiB | 378773 KiB |    929 GiB |    929 GiB |
|       from large pool |  35515 KiB | 377727 KiB |    760 GiB |    760 GiB |
|       from small pool |    721 KiB |   3316 KiB |    169 GiB |    169 GiB |
|---------------------------------------------------------------------------|
| Requested memory      |  36234 KiB | 378079 KiB |    924 GiB |    924 GiB |
|       from large pool |  35515 KiB | 377036 KiB |    756 GiB |    756 GiB |
|       from small pool |    719 KiB |   3313 KiB |    167 GiB |    167 GiB |
|---------------------------------------------------------------------------|
| GPU reserved memory   | 661504 KiB | 661504 KiB | 661504 KiB |      0 B   |
|       from large pool | 657408 KiB | 657408 KiB | 657408 KiB |      0 B   |
|       from small pool |   4096 KiB |   4096 KiB |   4096 KiB |      0 B   |
|---------------------------------------------------------------------------|
| Non-releasable memory |  27251 KiB | 113823 KiB |    780 GiB |    780 GiB |
|       from large pool |  25924 KiB | 112560 KiB |    507 GiB |    507 GiB |
|       from small pool |   1326 KiB |   3347 KiB |    273 GiB |    273 GiB |
|---------------------------------------------------------------------------|
| Allocations           |      29    |      54    |    4569 K  |    4569 K  |
|       from large pool |       7    |      26    |     110 K  |     110 K  |
|       from small pool |      22    |      39    |    4458 K  |    4458 K  |
|---------------------------------------------------------------------------|
| Active allocs         |      29    |      54    |    4569 K  |    4569 K  |
|       from large pool |       7    |      26    |     110 K  |     110 K  |
|       from small pool |      22    |      39    |    4458 K  |    4458 K  |
|---------------------------------------------------------------------------|
| GPU reserved segments |      22    |      22    |      22    |       0    |
|       from large pool |      20    |      20    |      20    |       0    |
|       from small pool |       2    |       2    |       2    |       0    |
|---------------------------------------------------------------------------|
| Non-releasable allocs |      14    |      22    |    1589 K  |    1589 K  |
|       from large pool |       4    |      15    |      66 K  |      66 K  |
|       from small pool |      10    |      17    |    1522 K  |    1522 K  |
|---------------------------------------------------------------------------|
| Oversize allocations  |       0    |       0    |       0    |       0    |
|---------------------------------------------------------------------------|
| Oversize GPU segments |       0    |       0    |       0    |       0    |
|===========================================================================|

|===========================================================================|
|                  PyTorch CUDA memory summary, device ID 0                 |
|---------------------------------------------------------------------------|
|            CUDA OOMs: 0            |        cudaMalloc retries: 0         |
|===========================================================================|
|        Metric         | Cur Usage  | Peak Usage | Tot Alloc  | Tot Freed  |
|---------------------------------------------------------------------------|
| Allocated memory      |  36385 KiB | 378773 KiB |    963 GiB |    963 GiB |
|       from large pool |  35824 KiB | 377727 KiB |    786 GiB |    786 GiB |
|       from small pool |    560 KiB |   3699 KiB |    176 GiB |    176 GiB |
|---------------------------------------------------------------------------|
| Active memory         |  36385 KiB | 378773 KiB |    963 GiB |    963 GiB |
|       from large pool |  35824 KiB | 377727 KiB |    786 GiB |    786 GiB |
|       from small pool |    560 KiB |   3699 KiB |    176 GiB |    176 GiB |
|---------------------------------------------------------------------------|
| Requested memory      |  36190 KiB | 378079 KiB |    958 GiB |    958 GiB |
|       from large pool |  35632 KiB | 377036 KiB |    783 GiB |    783 GiB |
|       from small pool |    558 KiB |   3696 KiB |    175 GiB |    175 GiB |
|---------------------------------------------------------------------------|
| GPU reserved memory   | 663552 KiB | 663552 KiB | 663552 KiB |      0 B   |
|       from large pool | 657408 KiB | 657408 KiB | 657408 KiB |      0 B   |
|       from small pool |   6144 KiB |   6144 KiB |   6144 KiB |      0 B   |
|---------------------------------------------------------------------------|
| Non-releasable memory |  27103 KiB | 113823 KiB |    808 GiB |    808 GiB |
|       from large pool |  25615 KiB | 112560 KiB |    527 GiB |    527 GiB |
|       from small pool |   1487 KiB |   3834 KiB |    280 GiB |    280 GiB |
|---------------------------------------------------------------------------|
| Allocations           |      29    |      54    |    5151 K  |    5151 K  |
|       from large pool |       7    |      26    |     114 K  |     114 K  |
|       from small pool |      22    |      40    |    5036 K  |    5036 K  |
|---------------------------------------------------------------------------|
| Active allocs         |      29    |      54    |    5151 K  |    5151 K  |
|       from large pool |       7    |      26    |     114 K  |     114 K  |
|       from small pool |      22    |      40    |    5036 K  |    5036 K  |
|---------------------------------------------------------------------------|
| GPU reserved segments |      23    |      23    |      23    |       0    |
|       from large pool |      20    |      20    |      20    |       0    |
|       from small pool |       3    |       3    |       3    |       0    |
|---------------------------------------------------------------------------|
| Non-releasable allocs |      12    |      22    |    1848 K  |    1848 K  |
|       from large pool |       4    |      15    |      69 K  |      69 K  |
|       from small pool |       8    |      17    |    1778 K  |    1778 K  |
|---------------------------------------------------------------------------|
| Oversize allocations  |       0    |       0    |       0    |       0    |
|---------------------------------------------------------------------------|
| Oversize GPU segments |       0    |       0    |       0    |       0    |
|===========================================================================|

