|===========================================================================|
|                  PyTorch CUDA memory summary, device ID 0                 |
|---------------------------------------------------------------------------|
|            CUDA OOMs: 0            |        cudaMalloc retries: 0         |
|===========================================================================|
|        Metric         | Cur Usage  | Peak Usage | Tot Alloc  | Tot Freed  |
|---------------------------------------------------------------------------|
| Allocated memory      |  37653 KiB | 378645 KiB |   1892 GiB |   1892 GiB |
|       from large pool |  37314 KiB | 377599 KiB |   1781 GiB |   1781 GiB |
|       from small pool |    338 KiB |   3699 KiB |    110 GiB |    110 GiB |
|---------------------------------------------------------------------------|
| Active memory         |  37653 KiB | 378645 KiB |   1892 GiB |   1892 GiB |
|       from large pool |  37314 KiB | 377599 KiB |   1781 GiB |   1781 GiB |
|       from small pool |    338 KiB |   3699 KiB |    110 GiB |    110 GiB |
|---------------------------------------------------------------------------|
| Requested memory      |  37650 KiB | 378079 KiB |   1883 GiB |   1883 GiB |
|       from large pool |  37314 KiB | 377036 KiB |   1773 GiB |   1773 GiB |
|       from small pool |    336 KiB |   3696 KiB |    110 GiB |    110 GiB |
|---------------------------------------------------------------------------|
| GPU reserved memory   | 659456 KiB | 659456 KiB | 659456 KiB |      0 B   |
|       from large pool | 653312 KiB | 653312 KiB | 653312 KiB |      0 B   |
|       from small pool |   6144 KiB |   6144 KiB |   6144 KiB |      0 B   |
|---------------------------------------------------------------------------|
| Non-releasable memory |  21739 KiB | 109656 KiB |    833 GiB |    833 GiB |
|       from large pool |  20029 KiB | 108393 KiB |    721 GiB |    721 GiB |
|       from small pool |   1709 KiB |   4213 KiB |    111 GiB |    111 GiB |
|---------------------------------------------------------------------------|
| Allocations           |      29    |      54    |    2498 K  |    2498 K  |
|       from large pool |       8    |      26    |     208 K  |     208 K  |
|       from small pool |      21    |      35    |    2289 K  |    2289 K  |
|---------------------------------------------------------------------------|
| Active allocs         |      29    |      54    |    2498 K  |    2498 K  |
|       from large pool |       8    |      26    |     208 K  |     208 K  |
|       from small pool |      21    |      35    |    2289 K  |    2289 K  |
|---------------------------------------------------------------------------|
| GPU reserved segments |      23    |      23    |      23    |       0    |
|       from large pool |      20    |      20    |      20    |       0    |
|       from small pool |       3    |       3    |       3    |       0    |
|---------------------------------------------------------------------------|
| Non-releasable allocs |       8    |      20    |    1064 K  |    1064 K  |
|       from large pool |       4    |      14    |     101 K  |     101 K  |
|       from small pool |       4    |      13    |     963 K  |     963 K  |
|---------------------------------------------------------------------------|
| Oversize allocations  |       0    |       0    |       0    |       0    |
|---------------------------------------------------------------------------|
| Oversize GPU segments |       0    |       0    |       0    |       0    |
|===========================================================================|

|===========================================================================|
|                  PyTorch CUDA memory summary, device ID 0                 |
|---------------------------------------------------------------------------|
|            CUDA OOMs: 0            |        cudaMalloc retries: 0         |
|===========================================================================|
|        Metric         | Cur Usage  | Peak Usage | Tot Alloc  | Tot Freed  |
|---------------------------------------------------------------------------|
| Allocated memory      |  41529 KiB | 378645 KiB |   1963 GiB |   1963 GiB |
|       from large pool |  41191 KiB | 377599 KiB |   1844 GiB |   1844 GiB |
|       from small pool |    338 KiB |   3699 KiB |    118 GiB |    118 GiB |
|---------------------------------------------------------------------------|
| Active memory         |  41529 KiB | 378645 KiB |   1963 GiB |   1963 GiB |
|       from large pool |  41191 KiB | 377599 KiB |   1844 GiB |   1844 GiB |
|       from small pool |    338 KiB |   3699 KiB |    118 GiB |    118 GiB |
|---------------------------------------------------------------------------|
| Requested memory      |  41526 KiB | 378079 KiB |   1954 GiB |   1954 GiB |
|       from large pool |  41190 KiB | 377036 KiB |   1836 GiB |   1836 GiB |
|       from small pool |    336 KiB |   3696 KiB |    118 GiB |    118 GiB |
|---------------------------------------------------------------------------|
| GPU reserved memory   | 659456 KiB | 659456 KiB | 659456 KiB |      0 B   |
|       from large pool | 653312 KiB | 653312 KiB | 653312 KiB |      0 B   |
|       from small pool |   6144 KiB |   6144 KiB |   6144 KiB |      0 B   |
|---------------------------------------------------------------------------|
| Non-releasable memory |  34246 KiB | 109656 KiB |    898 GiB |    898 GiB |
|       from large pool |  32537 KiB | 108393 KiB |    778 GiB |    778 GiB |
|       from small pool |   1709 KiB |   4213 KiB |    119 GiB |    119 GiB |
|---------------------------------------------------------------------------|
| Allocations           |      30    |      54    |    2686 K  |    2686 K  |
|       from large pool |       9    |      26    |     221 K  |     221 K  |
|       from small pool |      21    |      35    |    2465 K  |    2465 K  |
|---------------------------------------------------------------------------|
| Active allocs         |      30    |      54    |    2686 K  |    2686 K  |
|       from large pool |       9    |      26    |     221 K  |     221 K  |
|       from small pool |      21    |      35    |    2465 K  |    2465 K  |
|---------------------------------------------------------------------------|
| GPU reserved segments |      23    |      23    |      23    |       0    |
|       from large pool |      20    |      20    |      20    |       0    |
|       from small pool |       3    |       3    |       3    |       0    |
|---------------------------------------------------------------------------|
| Non-releasable allocs |      11    |      20    |    1138 K  |    1138 K  |
|       from large pool |       6    |      14    |     108 K  |     108 K  |
|       from small pool |       5    |      13    |    1029 K  |    1029 K  |
|---------------------------------------------------------------------------|
| Oversize allocations  |       0    |       0    |       0    |       0    |
|---------------------------------------------------------------------------|
| Oversize GPU segments |       0    |       0    |       0    |       0    |
|===========================================================================|

|===========================================================================|
|                  PyTorch CUDA memory summary, device ID 0                 |
|---------------------------------------------------------------------------|
|            CUDA OOMs: 0            |        cudaMalloc retries: 0         |
|===========================================================================|
|        Metric         | Cur Usage  | Peak Usage | Tot Alloc  | Tot Freed  |
|---------------------------------------------------------------------------|
| Allocated memory      |  45691 KiB | 378645 KiB |   2023 GiB |   2023 GiB |
|       from large pool |  45352 KiB | 377599 KiB |   1897 GiB |   1897 GiB |
|       from small pool |    338 KiB |   3699 KiB |    125 GiB |    125 GiB |
|---------------------------------------------------------------------------|
| Active memory         |  45691 KiB | 378645 KiB |   2023 GiB |   2023 GiB |
|       from large pool |  45352 KiB | 377599 KiB |   1897 GiB |   1897 GiB |
|       from small pool |    338 KiB |   3699 KiB |    125 GiB |    125 GiB |
|---------------------------------------------------------------------------|
| Requested memory      |  45131 KiB | 378079 KiB |   2013 GiB |   2013 GiB |
|       from large pool |  44795 KiB | 377036 KiB |   1888 GiB |   1888 GiB |
|       from small pool |    336 KiB |   3696 KiB |    124 GiB |    124 GiB |
|---------------------------------------------------------------------------|
| GPU reserved memory   | 659456 KiB | 659456 KiB | 659456 KiB |      0 B   |
|       from large pool | 653312 KiB | 653312 KiB | 653312 KiB |      0 B   |
|       from small pool |   6144 KiB |   6144 KiB |   6144 KiB |      0 B   |
|---------------------------------------------------------------------------|
| Non-releasable memory |  13701 KiB | 109656 KiB |    953 GiB |    953 GiB |
|       from large pool |  11991 KiB | 108393 KiB |    827 GiB |    827 GiB |
|       from small pool |   1709 KiB |   4213 KiB |    126 GiB |    126 GiB |
|---------------------------------------------------------------------------|
| Allocations           |      30    |      54    |    2822 K  |    2822 K  |
|       from large pool |       9    |      26    |     231 K  |     231 K  |
|       from small pool |      21    |      35    |    2591 K  |    2591 K  |
|---------------------------------------------------------------------------|
| Active allocs         |      30    |      54    |    2822 K  |    2822 K  |
|       from large pool |       9    |      26    |     231 K  |     231 K  |
|       from small pool |      21    |      35    |    2591 K  |    2591 K  |
|---------------------------------------------------------------------------|
| GPU reserved segments |      23    |      23    |      23    |       0    |
|       from large pool |      20    |      20    |      20    |       0    |
|       from small pool |       3    |       3    |       3    |       0    |
|---------------------------------------------------------------------------|
| Non-releasable allocs |       7    |      20    |    1195 K  |    1195 K  |
|       from large pool |       3    |      14    |     115 K  |     115 K  |
|       from small pool |       4    |      13    |    1080 K  |    1080 K  |
|---------------------------------------------------------------------------|
| Oversize allocations  |       0    |       0    |       0    |       0    |
|---------------------------------------------------------------------------|
| Oversize GPU segments |       0    |       0    |       0    |       0    |
|===========================================================================|

|===========================================================================|
|                  PyTorch CUDA memory summary, device ID 0                 |
|---------------------------------------------------------------------------|
|            CUDA OOMs: 0            |        cudaMalloc retries: 0         |
|===========================================================================|
|        Metric         | Cur Usage  | Peak Usage | Tot Alloc  | Tot Freed  |
|---------------------------------------------------------------------------|
| Allocated memory      |  49871 KiB | 378645 KiB |   2097 GiB |   2097 GiB |
|       from large pool |  49532 KiB | 377599 KiB |   1965 GiB |   1964 GiB |
|       from small pool |    338 KiB |   3699 KiB |    132 GiB |    132 GiB |
|---------------------------------------------------------------------------|
| Active memory         |  49871 KiB | 378645 KiB |   2097 GiB |   2097 GiB |
|       from large pool |  49532 KiB | 377599 KiB |   1965 GiB |   1964 GiB |
|       from small pool |    338 KiB |   3699 KiB |    132 GiB |    132 GiB |
|---------------------------------------------------------------------------|
| Requested memory      |  49018 KiB | 378079 KiB |   2087 GiB |   2086 GiB |
|       from large pool |  48682 KiB | 377036 KiB |   1955 GiB |   1955 GiB |
|       from small pool |    336 KiB |   3696 KiB |    131 GiB |    131 GiB |
|---------------------------------------------------------------------------|
| GPU reserved memory   | 659456 KiB | 659456 KiB | 659456 KiB |      0 B   |
|       from large pool | 653312 KiB | 653312 KiB | 653312 KiB |      0 B   |
|       from small pool |   6144 KiB |   6144 KiB |   6144 KiB |      0 B   |
|---------------------------------------------------------------------------|
| Non-releasable memory |  25905 KiB | 109656 KiB |   1023 GiB |   1023 GiB |
|       from large pool |  24195 KiB | 108393 KiB |    890 GiB |    890 GiB |
|       from small pool |   1709 KiB |   4213 KiB |    133 GiB |    133 GiB |
|---------------------------------------------------------------------------|
| Allocations           |      30    |      54    |    2958 K  |    2958 K  |
|       from large pool |       9    |      26    |     245 K  |     245 K  |
|       from small pool |      21    |      35    |    2712 K  |    2712 K  |
|---------------------------------------------------------------------------|
| Active allocs         |      30    |      54    |    2958 K  |    2958 K  |
|       from large pool |       9    |      26    |     245 K  |     245 K  |
|       from small pool |      21    |      35    |    2712 K  |    2712 K  |
|---------------------------------------------------------------------------|
| GPU reserved segments |      23    |      23    |      23    |       0    |
|       from large pool |      20    |      20    |      20    |       0    |
|       from small pool |       3    |       3    |       3    |       0    |
|---------------------------------------------------------------------------|
| Non-releasable allocs |       9    |      20    |    1249 K  |    1249 K  |
|       from large pool |       4    |      14    |     124 K  |     124 K  |
|       from small pool |       5    |      13    |    1125 K  |    1125 K  |
|---------------------------------------------------------------------------|
| Oversize allocations  |       0    |       0    |       0    |       0    |
|---------------------------------------------------------------------------|
| Oversize GPU segments |       0    |       0    |       0    |       0    |
|===========================================================================|

|===========================================================================|
|                  PyTorch CUDA memory summary, device ID 0                 |
|---------------------------------------------------------------------------|
|            CUDA OOMs: 0            |        cudaMalloc retries: 0         |
|===========================================================================|
|        Metric         | Cur Usage  | Peak Usage | Tot Alloc  | Tot Freed  |
|---------------------------------------------------------------------------|
| Allocated memory      |  53934 KiB | 378645 KiB |   2179 GiB |   2179 GiB |
|       from large pool |  53596 KiB | 377599 KiB |   2039 GiB |   2039 GiB |
|       from small pool |    338 KiB |   3699 KiB |    139 GiB |    139 GiB |
|---------------------------------------------------------------------------|
| Active memory         |  53934 KiB | 378645 KiB |   2179 GiB |   2179 GiB |
|       from large pool |  53596 KiB | 377599 KiB |   2039 GiB |   2039 GiB |
|       from small pool |    338 KiB |   3699 KiB |    139 GiB |    139 GiB |
|---------------------------------------------------------------------------|
| Requested memory      |  53273 KiB | 378079 KiB |   2167 GiB |   2167 GiB |
|       from large pool |  52937 KiB | 377036 KiB |   2028 GiB |   2028 GiB |
|       from small pool |    336 KiB |   3696 KiB |    139 GiB |    139 GiB |
|---------------------------------------------------------------------------|
| GPU reserved memory   | 659456 KiB | 659456 KiB | 659456 KiB |      0 B   |
|       from large pool | 653312 KiB | 653312 KiB | 653312 KiB |      0 B   |
|       from small pool |   6144 KiB |   6144 KiB |   6144 KiB |      0 B   |
|---------------------------------------------------------------------------|
| Non-releasable memory |  23889 KiB | 109656 KiB |   1103 GiB |   1103 GiB |
|       from large pool |  22180 KiB | 108393 KiB |    962 GiB |    962 GiB |
|       from small pool |   1709 KiB |   4213 KiB |    140 GiB |    140 GiB |
|---------------------------------------------------------------------------|
| Allocations           |      30    |      54    |    3082 K  |    3082 K  |
|       from large pool |       9    |      26    |     260 K  |     260 K  |
|       from small pool |      21    |      35    |    2821 K  |    2821 K  |
|---------------------------------------------------------------------------|
| Active allocs         |      30    |      54    |    3082 K  |    3082 K  |
|       from large pool |       9    |      26    |     260 K  |     260 K  |
|       from small pool |      21    |      35    |    2821 K  |    2821 K  |
|---------------------------------------------------------------------------|
| GPU reserved segments |      23    |      23    |      23    |       0    |
|       from large pool |      20    |      20    |      20    |       0    |
|       from small pool |       3    |       3    |       3    |       0    |
|---------------------------------------------------------------------------|
| Non-releasable allocs |      10    |      20    |    1305 K  |    1305 K  |
|       from large pool |       4    |      14    |     134 K  |     134 K  |
|       from small pool |       6    |      13    |    1170 K  |    1170 K  |
|---------------------------------------------------------------------------|
| Oversize allocations  |       0    |       0    |       0    |       0    |
|---------------------------------------------------------------------------|
| Oversize GPU segments |       0    |       0    |       0    |       0    |
|===========================================================================|

|===========================================================================|
|                  PyTorch CUDA memory summary, device ID 0                 |
|---------------------------------------------------------------------------|
|            CUDA OOMs: 0            |        cudaMalloc retries: 0         |
|===========================================================================|
|        Metric         | Cur Usage  | Peak Usage | Tot Alloc  | Tot Freed  |
|---------------------------------------------------------------------------|
| Allocated memory      |  58231 KiB | 378645 KiB |   2244 GiB |   2244 GiB |
|       from large pool |  57892 KiB | 377599 KiB |   2099 GiB |   2098 GiB |
|       from small pool |    338 KiB |   3699 KiB |    145 GiB |    145 GiB |
|---------------------------------------------------------------------------|
| Active memory         |  58231 KiB | 378645 KiB |   2244 GiB |   2244 GiB |
|       from large pool |  57892 KiB | 377599 KiB |   2099 GiB |   2098 GiB |
|       from small pool |    338 KiB |   3699 KiB |    145 GiB |    145 GiB |
|---------------------------------------------------------------------------|
| Requested memory      |  57944 KiB | 378079 KiB |   2232 GiB |   2232 GiB |
|       from large pool |  57608 KiB | 377036 KiB |   2087 GiB |   2087 GiB |
|       from small pool |    336 KiB |   3696 KiB |    144 GiB |    144 GiB |
|---------------------------------------------------------------------------|
| GPU reserved memory   | 659456 KiB | 659456 KiB | 659456 KiB |      0 B   |
|       from large pool | 653312 KiB | 653312 KiB | 653312 KiB |      0 B   |
|       from small pool |   6144 KiB |   6144 KiB |   6144 KiB |      0 B   |
|---------------------------------------------------------------------------|
| Non-releasable memory |  17545 KiB | 109656 KiB |   1169 GiB |   1169 GiB |
|       from large pool |  15835 KiB | 108393 KiB |   1023 GiB |   1023 GiB |
|       from small pool |   1709 KiB |   4213 KiB |    146 GiB |    146 GiB |
|---------------------------------------------------------------------------|
| Allocations           |      30    |      54    |    3165 K  |    3165 K  |
|       from large pool |       9    |      26    |     272 K  |     272 K  |
|       from small pool |      21    |      35    |    2892 K  |    2892 K  |
|---------------------------------------------------------------------------|
| Active allocs         |      30    |      54    |    3165 K  |    3165 K  |
|       from large pool |       9    |      26    |     272 K  |     272 K  |
|       from small pool |      21    |      35    |    2892 K  |    2892 K  |
|---------------------------------------------------------------------------|
| GPU reserved segments |      23    |      23    |      23    |       0    |
|       from large pool |      20    |      20    |      20    |       0    |
|       from small pool |       3    |       3    |       3    |       0    |
|---------------------------------------------------------------------------|
| Non-releasable allocs |       8    |      20    |    1344 K  |    1344 K  |
|       from large pool |       2    |      14    |     141 K  |     141 K  |
|       from small pool |       6    |      13    |    1202 K  |    1202 K  |
|---------------------------------------------------------------------------|
| Oversize allocations  |       0    |       0    |       0    |       0    |
|---------------------------------------------------------------------------|
| Oversize GPU segments |       0    |       0    |       0    |       0    |
|===========================================================================|

|===========================================================================|
|                  PyTorch CUDA memory summary, device ID 0                 |
|---------------------------------------------------------------------------|
|            CUDA OOMs: 0            |        cudaMalloc retries: 0         |
|===========================================================================|
|        Metric         | Cur Usage  | Peak Usage | Tot Alloc  | Tot Freed  |
|---------------------------------------------------------------------------|
| Allocated memory      |  62110 KiB | 384259 KiB |   2320 GiB |   2320 GiB |
|       from large pool |  61771 KiB | 383190 KiB |   2168 GiB |   2168 GiB |
|       from small pool |    338 KiB |   3699 KiB |    151 GiB |    151 GiB |
|---------------------------------------------------------------------------|
| Active memory         |  62110 KiB | 384259 KiB |   2320 GiB |   2320 GiB |
|       from large pool |  61771 KiB | 383190 KiB |   2168 GiB |   2168 GiB |
|       from small pool |    338 KiB |   3699 KiB |    151 GiB |    151 GiB |
|---------------------------------------------------------------------------|
| Requested memory      |  62106 KiB | 380349 KiB |   2308 GiB |   2307 GiB |
|       from large pool |  61770 KiB | 379283 KiB |   2156 GiB |   2156 GiB |
|       from small pool |    336 KiB |   3696 KiB |    151 GiB |    151 GiB |
|---------------------------------------------------------------------------|
| GPU reserved memory   | 659456 KiB | 659456 KiB | 659456 KiB |      0 B   |
|       from large pool | 653312 KiB | 653312 KiB | 653312 KiB |      0 B   |
|       from small pool |   6144 KiB |   6144 KiB |   6144 KiB |      0 B   |
|---------------------------------------------------------------------------|
| Non-releasable memory |  13666 KiB | 109656 KiB |   1248 GiB |   1248 GiB |
|       from large pool |  11956 KiB | 108393 KiB |   1095 GiB |   1095 GiB |
|       from small pool |   1709 KiB |   4213 KiB |    152 GiB |    152 GiB |
|---------------------------------------------------------------------------|
| Allocations           |      30    |      54    |    3269 K  |    3269 K  |
|       from large pool |       9    |      26    |     287 K  |     287 K  |
|       from small pool |      21    |      35    |    2982 K  |    2982 K  |
|---------------------------------------------------------------------------|
| Active allocs         |      30    |      54    |    3269 K  |    3269 K  |
|       from large pool |       9    |      26    |     287 K  |     287 K  |
|       from small pool |      21    |      35    |    2982 K  |    2982 K  |
|---------------------------------------------------------------------------|
| GPU reserved segments |      23    |      23    |      23    |       0    |
|       from large pool |      20    |      20    |      20    |       0    |
|       from small pool |       3    |       3    |       3    |       0    |
|---------------------------------------------------------------------------|
| Non-releasable allocs |       7    |      20    |    1387 K  |    1387 K  |
|       from large pool |       4    |      14    |     150 K  |     150 K  |
|       from small pool |       3    |      13    |    1236 K  |    1236 K  |
|---------------------------------------------------------------------------|
| Oversize allocations  |       0    |       0    |       0    |       0    |
|---------------------------------------------------------------------------|
| Oversize GPU segments |       0    |       0    |       0    |       0    |
|===========================================================================|

|===========================================================================|
|                  PyTorch CUDA memory summary, device ID 0                 |
|---------------------------------------------------------------------------|
|            CUDA OOMs: 0            |        cudaMalloc retries: 0         |
|===========================================================================|
|        Metric         | Cur Usage  | Peak Usage | Tot Alloc  | Tot Freed  |
|---------------------------------------------------------------------------|
| Allocated memory      |  66513 KiB | 384259 KiB |   2406 GiB |   2406 GiB |
|       from large pool |  65792 KiB | 383190 KiB |   2246 GiB |   2246 GiB |
|       from small pool |    721 KiB |   3699 KiB |    159 GiB |    159 GiB |
|---------------------------------------------------------------------------|
| Active memory         |  66513 KiB | 384259 KiB |   2406 GiB |   2406 GiB |
|       from large pool |  65792 KiB | 383190 KiB |   2246 GiB |   2246 GiB |
|       from small pool |    721 KiB |   3699 KiB |    159 GiB |    159 GiB |
|---------------------------------------------------------------------------|
| Requested memory      |  65494 KiB | 380349 KiB |   2393 GiB |   2393 GiB |
|       from large pool |  64775 KiB | 379283 KiB |   2234 GiB |   2234 GiB |
|       from small pool |    719 KiB |   3696 KiB |    158 GiB |    158 GiB |
|---------------------------------------------------------------------------|
| GPU reserved memory   | 659456 KiB | 659456 KiB | 659456 KiB |      0 B   |
|       from large pool | 653312 KiB | 653312 KiB | 653312 KiB |      0 B   |
|       from small pool |   6144 KiB |   6144 KiB |   6144 KiB |      0 B   |
|---------------------------------------------------------------------------|
| Non-releasable memory |  25646 KiB | 109656 KiB |   1332 GiB |   1332 GiB |
|       from large pool |  24320 KiB | 108393 KiB |   1172 GiB |   1172 GiB |
|       from small pool |   1326 KiB |   4213 KiB |    160 GiB |    160 GiB |
|---------------------------------------------------------------------------|
| Allocations           |      30    |      54    |    3383 K  |    3383 K  |
|       from large pool |       8    |      26    |     303 K  |     303 K  |
|       from small pool |      22    |      35    |    3079 K  |    3079 K  |
|---------------------------------------------------------------------------|
| Active allocs         |      30    |      54    |    3383 K  |    3383 K  |
|       from large pool |       8    |      26    |     303 K  |     303 K  |
|       from small pool |      22    |      35    |    3079 K  |    3079 K  |
|---------------------------------------------------------------------------|
| GPU reserved segments |      23    |      23    |      23    |       0    |
|       from large pool |      20    |      20    |      20    |       0    |
|       from small pool |       3    |       3    |       3    |       0    |
|---------------------------------------------------------------------------|
| Non-releasable allocs |       8    |      20    |    1441 K  |    1441 K  |
|       from large pool |       4    |      14    |     161 K  |     161 K  |
|       from small pool |       4    |      13    |    1279 K  |    1279 K  |
|---------------------------------------------------------------------------|
| Oversize allocations  |       0    |       0    |       0    |       0    |
|---------------------------------------------------------------------------|
| Oversize GPU segments |       0    |       0    |       0    |       0    |
|===========================================================================|

|===========================================================================|
|                  PyTorch CUDA memory summary, device ID 0                 |
|---------------------------------------------------------------------------|
|            CUDA OOMs: 0            |        cudaMalloc retries: 0         |
|===========================================================================|
|        Metric         | Cur Usage  | Peak Usage | Tot Alloc  | Tot Freed  |
|---------------------------------------------------------------------------|
| Allocated memory      |  69633 KiB | 384259 KiB |   2505 GiB |   2505 GiB |
|       from large pool |  69073 KiB | 383190 KiB |   2337 GiB |   2337 GiB |
|       from small pool |    560 KiB |   4017 KiB |    167 GiB |    167 GiB |
|---------------------------------------------------------------------------|
| Active memory         |  69633 KiB | 384259 KiB |   2505 GiB |   2505 GiB |
|       from large pool |  69073 KiB | 383190 KiB |   2337 GiB |   2337 GiB |
|       from small pool |    560 KiB |   4017 KiB |    167 GiB |    167 GiB |
|---------------------------------------------------------------------------|
| Requested memory      |  69630 KiB | 380349 KiB |   2491 GiB |   2491 GiB |
|       from large pool |  69072 KiB | 379283 KiB |   2324 GiB |   2324 GiB |
|       from small pool |    558 KiB |   4012 KiB |    166 GiB |    166 GiB |
|---------------------------------------------------------------------------|
| GPU reserved memory   | 659456 KiB | 659456 KiB | 659456 KiB |      0 B   |
|       from large pool | 653312 KiB | 653312 KiB | 653312 KiB |      0 B   |
|       from small pool |   6144 KiB |   6144 KiB |   6144 KiB |      0 B   |
|---------------------------------------------------------------------------|
| Non-releasable memory |  24574 KiB | 109656 KiB |   1433 GiB |   1433 GiB |
|       from large pool |  23087 KiB | 108393 KiB |   1264 GiB |   1264 GiB |
|       from small pool |   1487 KiB |   4213 KiB |    168 GiB |    168 GiB |
|---------------------------------------------------------------------------|
| Allocations           |      30    |      54    |    3468 K  |    3467 K  |
|       from large pool |       8    |      26    |     322 K  |     322 K  |
|       from small pool |      22    |      35    |    3145 K  |    3145 K  |
|---------------------------------------------------------------------------|
| Active allocs         |      30    |      54    |    3468 K  |    3467 K  |
|       from large pool |       8    |      26    |     322 K  |     322 K  |
|       from small pool |      22    |      35    |    3145 K  |    3145 K  |
|---------------------------------------------------------------------------|
| GPU reserved segments |      23    |      23    |      23    |       0    |
|       from large pool |      20    |      20    |      20    |       0    |
|       from small pool |       3    |       3    |       3    |       0    |
|---------------------------------------------------------------------------|
| Non-releasable allocs |      12    |      20    |    1485 K  |    1485 K  |
|       from large pool |       5    |      14    |     175 K  |     175 K  |
|       from small pool |       7    |      13    |    1309 K  |    1309 K  |
|---------------------------------------------------------------------------|
| Oversize allocations  |       0    |       0    |       0    |       0    |
|---------------------------------------------------------------------------|
| Oversize GPU segments |       0    |       0    |       0    |       0    |
|===========================================================================|

