|===========================================================================|
|                  PyTorch CUDA memory summary, device ID 0                 |
|---------------------------------------------------------------------------|
|            CUDA OOMs: 0            |        cudaMalloc retries: 0         |
|===========================================================================|
|        Metric         | Cur Usage  | Peak Usage | Tot Alloc  | Tot Freed  |
|---------------------------------------------------------------------------|
| Allocated memory      |  37682 KiB | 125912 KiB | 386239 MiB | 386202 MiB |
|       from large pool |  37343 KiB | 125184 KiB | 373152 MiB | 373116 MiB |
|       from small pool |    338 KiB |   3316 KiB |  13086 MiB |  13086 MiB |
|---------------------------------------------------------------------------|
| Active memory         |  37682 KiB | 125912 KiB | 386239 MiB | 386202 MiB |
|       from large pool |  37343 KiB | 125184 KiB | 373152 MiB | 373116 MiB |
|       from small pool |    338 KiB |   3316 KiB |  13086 MiB |  13086 MiB |
|---------------------------------------------------------------------------|
| Requested memory      |  37650 KiB | 125908 KiB | 384607 MiB | 384570 MiB |
|       from large pool |  37314 KiB | 125184 KiB | 371577 MiB | 371541 MiB |
|       from small pool |    336 KiB |   3313 KiB |  13029 MiB |  13028 MiB |
|---------------------------------------------------------------------------|
| GPU reserved memory   | 167936 KiB | 167936 KiB | 167936 KiB |      0 B   |
|       from large pool | 163840 KiB | 163840 KiB | 163840 KiB |      0 B   |
|       from small pool |   4096 KiB |   4096 KiB |   4096 KiB |      0 B   |
|---------------------------------------------------------------------------|
| Non-releasable memory |  25806 KiB |  42265 KiB | 121000 MiB | 120975 MiB |
|       from large pool |  24096 KiB |  40704 KiB | 107910 MiB | 107886 MiB |
|       from small pool |   1709 KiB |   3195 KiB |  13090 MiB |  13088 MiB |
|---------------------------------------------------------------------------|
| Allocations           |      29    |      42    |  268289    |  268260    |
|       from large pool |       8    |      13    |   33589    |   33581    |
|       from small pool |      21    |      34    |  234700    |  234679    |
|---------------------------------------------------------------------------|
| Active allocs         |      29    |      42    |  268289    |  268260    |
|       from large pool |       8    |      13    |   33589    |   33581    |
|       from small pool |      21    |      34    |  234700    |  234679    |
|---------------------------------------------------------------------------|
| GPU reserved segments |      11    |      11    |      11    |       0    |
|       from large pool |       9    |       9    |       9    |       0    |
|       from small pool |       2    |       2    |       2    |       0    |
|---------------------------------------------------------------------------|
| Non-releasable allocs |       7    |      14    |  113939    |  113932    |
|       from large pool |       3    |       4    |    9288    |    9285    |
|       from small pool |       4    |      11    |  104651    |  104647    |
|---------------------------------------------------------------------------|
| Oversize allocations  |       0    |       0    |       0    |       0    |
|---------------------------------------------------------------------------|
| Oversize GPU segments |       0    |       0    |       0    |       0    |
|===========================================================================|

|===========================================================================|
|                  PyTorch CUDA memory summary, device ID 0                 |
|---------------------------------------------------------------------------|
|            CUDA OOMs: 0            |        cudaMalloc retries: 0         |
|===========================================================================|
|        Metric         | Cur Usage  | Peak Usage | Tot Alloc  | Tot Freed  |
|---------------------------------------------------------------------------|
| Allocated memory      |  38180 KiB | 378396 KiB | 457427 MiB | 457390 MiB |
|       from large pool |  37842 KiB | 377350 KiB | 435727 MiB | 435690 MiB |
|       from small pool |    338 KiB |   3316 KiB |  21700 MiB |  21700 MiB |
|---------------------------------------------------------------------------|
| Active memory         |  38180 KiB | 378396 KiB | 457427 MiB | 457390 MiB |
|       from large pool |  37842 KiB | 377350 KiB | 435727 MiB | 435690 MiB |
|       from small pool |    338 KiB |   3316 KiB |  21700 MiB |  21700 MiB |
|---------------------------------------------------------------------------|
| Requested memory      |  37346 KiB | 378079 KiB | 455556 MiB | 455519 MiB |
|       from large pool |  37010 KiB | 377036 KiB | 433962 MiB | 433926 MiB |
|       from small pool |    336 KiB |   3313 KiB |  21593 MiB |  21593 MiB |
|---------------------------------------------------------------------------|
| GPU reserved memory   | 581632 KiB | 581632 KiB | 581632 KiB |      0 B   |
|       from large pool | 577536 KiB | 577536 KiB | 577536 KiB |      0 B   |
|       from small pool |   4096 KiB |   4096 KiB |   4096 KiB |      0 B   |
|---------------------------------------------------------------------------|
| Non-releasable memory |  25307 KiB |  60901 KiB | 182340 MiB | 182315 MiB |
|       from large pool |  23598 KiB |  59893 KiB | 160624 MiB | 160601 MiB |
|       from small pool |   1709 KiB |   3290 KiB |  21715 MiB |  21714 MiB |
|---------------------------------------------------------------------------|
| Allocations           |      29    |      54    |  476448    |  476419    |
|       from large pool |       8    |      26    |   45576    |   45568    |
|       from small pool |      21    |      34    |  430872    |  430851    |
|---------------------------------------------------------------------------|
| Active allocs         |      29    |      54    |  476448    |  476419    |
|       from large pool |       8    |      26    |   45576    |   45568    |
|       from small pool |      21    |      34    |  430872    |  430851    |
|---------------------------------------------------------------------------|
| GPU reserved segments |      21    |      21    |      21    |       0    |
|       from large pool |      19    |      19    |      19    |       0    |
|       from small pool |       2    |       2    |       2    |       0    |
|---------------------------------------------------------------------------|
| Non-releasable allocs |       7    |      16    |  213400    |  213393    |
|       from large pool |       3    |      10    |   14317    |   14314    |
|       from small pool |       4    |      11    |  199083    |  199079    |
|---------------------------------------------------------------------------|
| Oversize allocations  |       0    |       0    |       0    |       0    |
|---------------------------------------------------------------------------|
| Oversize GPU segments |       0    |       0    |       0    |       0    |
|===========================================================================|

|===========================================================================|
|                  PyTorch CUDA memory summary, device ID 0                 |
|---------------------------------------------------------------------------|
|            CUDA OOMs: 0            |        cudaMalloc retries: 0         |
|===========================================================================|
|        Metric         | Cur Usage  | Peak Usage | Tot Alloc  | Tot Freed  |
|---------------------------------------------------------------------------|
| Allocated memory      |  37330 KiB | 378396 KiB | 509664 MiB | 509627 MiB |
|       from large pool |  36992 KiB | 377350 KiB | 481569 MiB | 481533 MiB |
|       from small pool |    338 KiB |   3316 KiB |  28094 MiB |  28094 MiB |
|---------------------------------------------------------------------------|
| Active memory         |  37330 KiB | 378396 KiB | 509664 MiB | 509627 MiB |
|       from large pool |  36992 KiB | 377350 KiB | 481569 MiB | 481533 MiB |
|       from small pool |    338 KiB |   3316 KiB |  28094 MiB |  28094 MiB |
|---------------------------------------------------------------------------|
| Requested memory      |  36771 KiB | 378079 KiB | 507620 MiB | 507584 MiB |
|       from large pool |  36435 KiB | 377036 KiB | 479667 MiB | 479632 MiB |
|       from small pool |    336 KiB |   3313 KiB |  27952 MiB |  27952 MiB |
|---------------------------------------------------------------------------|
| GPU reserved memory   | 657408 KiB | 657408 KiB | 657408 KiB |      0 B   |
|       from large pool | 653312 KiB | 653312 KiB | 653312 KiB |      0 B   |
|       from small pool |   4096 KiB |   4096 KiB |   4096 KiB |      0 B   |
|---------------------------------------------------------------------------|
| Non-releasable memory |  26157 KiB | 109005 KiB | 226976 MiB | 226951 MiB |
|       from large pool |  24448 KiB | 107742 KiB | 198822 MiB | 198798 MiB |
|       from small pool |   1709 KiB |   3290 KiB |  28153 MiB |  28152 MiB |
|---------------------------------------------------------------------------|
| Allocations           |      29    |      54    |  621661    |  621632    |
|       from large pool |       8    |      26    |   53741    |   53733    |
|       from small pool |      21    |      34    |  567920    |  567899    |
|---------------------------------------------------------------------------|
| Active allocs         |      29    |      54    |  621661    |  621632    |
|       from large pool |       8    |      26    |   53741    |   53733    |
|       from small pool |      21    |      34    |  567920    |  567899    |
|---------------------------------------------------------------------------|
| GPU reserved segments |      22    |      22    |      22    |       0    |
|       from large pool |      20    |      20    |      20    |       0    |
|       from small pool |       2    |       2    |       2    |       0    |
|---------------------------------------------------------------------------|
| Non-releasable allocs |       7    |      16    |  264467    |  264460    |
|       from large pool |       2    |      12    |   18439    |   18437    |
|       from small pool |       5    |      11    |  246028    |  246023    |
|---------------------------------------------------------------------------|
| Oversize allocations  |       0    |       0    |       0    |       0    |
|---------------------------------------------------------------------------|
| Oversize GPU segments |       0    |       0    |       0    |       0    |
|===========================================================================|

|===========================================================================|
|                  PyTorch CUDA memory summary, device ID 0                 |
|---------------------------------------------------------------------------|
|            CUDA OOMs: 0            |        cudaMalloc retries: 0         |
|===========================================================================|
|        Metric         | Cur Usage  | Peak Usage | Tot Alloc  | Tot Freed  |
|---------------------------------------------------------------------------|
| Allocated memory      |  37330 KiB | 378396 KiB | 548461 MiB | 548424 MiB |
|       from large pool |  36992 KiB | 377350 KiB | 516445 MiB | 516409 MiB |
|       from small pool |    338 KiB |   3316 KiB |  32015 MiB |  32014 MiB |
|---------------------------------------------------------------------------|
| Active memory         |  37330 KiB | 378396 KiB | 548461 MiB | 548424 MiB |
|       from large pool |  36992 KiB | 377350 KiB | 516445 MiB | 516409 MiB |
|       from small pool |    338 KiB |   3316 KiB |  32015 MiB |  32014 MiB |
|---------------------------------------------------------------------------|
| Requested memory      |  36478 KiB | 378079 KiB | 546092 MiB | 546057 MiB |
|       from large pool |  36142 KiB | 377036 KiB | 514242 MiB | 514206 MiB |
|       from small pool |    336 KiB |   3313 KiB |  31850 MiB |  31850 MiB |
|---------------------------------------------------------------------------|
| GPU reserved memory   | 657408 KiB | 657408 KiB | 657408 KiB |      0 B   |
|       from large pool | 653312 KiB | 653312 KiB | 653312 KiB |      0 B   |
|       from small pool |   4096 KiB |   4096 KiB |   4096 KiB |      0 B   |
|---------------------------------------------------------------------------|
| Non-releasable memory |  26157 KiB | 109005 KiB | 257693 MiB | 257667 MiB |
|       from large pool |  24448 KiB | 107742 KiB | 225609 MiB | 225585 MiB |
|       from small pool |   1709 KiB |   3305 KiB |  32083 MiB |  32082 MiB |
|---------------------------------------------------------------------------|
| Allocations           |      29    |      54    |  715646    |  715617    |
|       from large pool |       8    |      26    |   59805    |   59797    |
|       from small pool |      21    |      34    |  655841    |  655820    |
|---------------------------------------------------------------------------|
| Active allocs         |      29    |      54    |  715646    |  715617    |
|       from large pool |       8    |      26    |   59805    |   59797    |
|       from small pool |      21    |      34    |  655841    |  655820    |
|---------------------------------------------------------------------------|
| GPU reserved segments |      22    |      22    |      22    |       0    |
|       from large pool |      20    |      20    |      20    |       0    |
|       from small pool |       2    |       2    |       2    |       0    |
|---------------------------------------------------------------------------|
| Non-releasable allocs |       7    |      16    |  300397    |  300390    |
|       from large pool |       2    |      12    |   21093    |   21091    |
|       from small pool |       5    |      11    |  279304    |  279299    |
|---------------------------------------------------------------------------|
| Oversize allocations  |       0    |       0    |       0    |       0    |
|---------------------------------------------------------------------------|
| Oversize GPU segments |       0    |       0    |       0    |       0    |
|===========================================================================|

|===========================================================================|
|                  PyTorch CUDA memory summary, device ID 0                 |
|---------------------------------------------------------------------------|
|            CUDA OOMs: 0            |        cudaMalloc retries: 0         |
|===========================================================================|
|        Metric         | Cur Usage  | Peak Usage | Tot Alloc  | Tot Freed  |
|---------------------------------------------------------------------------|
| Allocated memory      |  36557 KiB | 378396 KiB | 585455 MiB | 585419 MiB |
|       from large pool |  36218 KiB | 377350 KiB | 549756 MiB | 549720 MiB |
|       from small pool |    338 KiB |   3316 KiB |  35698 MiB |  35698 MiB |
|---------------------------------------------------------------------------|
| Active memory         |  36557 KiB | 378396 KiB | 585455 MiB | 585419 MiB |
|       from large pool |  36218 KiB | 377350 KiB | 549756 MiB | 549720 MiB |
|       from small pool |    338 KiB |   3316 KiB |  35698 MiB |  35698 MiB |
|---------------------------------------------------------------------------|
| Requested memory      |  36553 KiB | 378079 KiB | 582846 MiB | 582811 MiB |
|       from large pool |  36217 KiB | 377036 KiB | 547332 MiB | 547296 MiB |
|       from small pool |    336 KiB |   3313 KiB |  35514 MiB |  35514 MiB |
|---------------------------------------------------------------------------|
| GPU reserved memory   | 657408 KiB | 657408 KiB | 657408 KiB |      0 B   |
|       from large pool | 653312 KiB | 653312 KiB | 653312 KiB |      0 B   |
|       from small pool |   4096 KiB |   4096 KiB |   4096 KiB |      0 B   |
|---------------------------------------------------------------------------|
| Non-releasable memory |  26931 KiB | 109005 KiB | 287765 MiB | 287739 MiB |
|       from large pool |  25221 KiB | 107742 KiB | 251990 MiB | 251965 MiB |
|       from small pool |   1709 KiB |   3305 KiB |  35775 MiB |  35773 MiB |
|---------------------------------------------------------------------------|
| Allocations           |      29    |      54    |     800 K  |     799 K  |
|       from large pool |       8    |      26    |      65 K  |      65 K  |
|       from small pool |      21    |      34    |     734 K  |     734 K  |
|---------------------------------------------------------------------------|
| Active allocs         |      29    |      54    |     800 K  |     799 K  |
|       from large pool |       8    |      26    |      65 K  |      65 K  |
|       from small pool |      21    |      34    |     734 K  |     734 K  |
|---------------------------------------------------------------------------|
| GPU reserved segments |      22    |      22    |      22    |       0    |
|       from large pool |      20    |      20    |      20    |       0    |
|       from small pool |       2    |       2    |       2    |       0    |
|---------------------------------------------------------------------------|
| Non-releasable allocs |       9    |      16    |  337712    |  337703    |
|       from large pool |       4    |      12    |   23898    |   23894    |
|       from small pool |       5    |      13    |  313814    |  313809    |
|---------------------------------------------------------------------------|
| Oversize allocations  |       0    |       0    |       0    |       0    |
|---------------------------------------------------------------------------|
| Oversize GPU segments |       0    |       0    |       0    |       0    |
|===========================================================================|

|===========================================================================|
|                  PyTorch CUDA memory summary, device ID 0                 |
|---------------------------------------------------------------------------|
|            CUDA OOMs: 0            |        cudaMalloc retries: 0         |
|===========================================================================|
|        Metric         | Cur Usage  | Peak Usage | Tot Alloc  | Tot Freed  |
|---------------------------------------------------------------------------|
| Allocated memory      |  37436 KiB | 378396 KiB | 618613 MiB | 618576 MiB |
|       from large pool |  37098 KiB | 377350 KiB | 580050 MiB | 580013 MiB |
|       from small pool |    338 KiB |   3316 KiB |  38563 MiB |  38562 MiB |
|---------------------------------------------------------------------------|
| Active memory         |  37436 KiB | 378396 KiB | 618613 MiB | 618576 MiB |
|       from large pool |  37098 KiB | 377350 KiB | 580050 MiB | 580013 MiB |
|       from small pool |    338 KiB |   3316 KiB |  38563 MiB |  38562 MiB |
|---------------------------------------------------------------------------|
| Requested memory      |  37044 KiB | 378079 KiB | 615845 MiB | 615809 MiB |
|       from large pool |  36708 KiB | 377036 KiB | 577483 MiB | 577447 MiB |
|       from small pool |    336 KiB |   3313 KiB |  38362 MiB |  38361 MiB |
|---------------------------------------------------------------------------|
| GPU reserved memory   | 657408 KiB | 657408 KiB | 657408 KiB |      0 B   |
|       from large pool | 653312 KiB | 653312 KiB | 653312 KiB |      0 B   |
|       from small pool |   4096 KiB |   4096 KiB |   4096 KiB |      0 B   |
|---------------------------------------------------------------------------|
| Non-releasable memory |  26051 KiB | 109005 KiB | 313332 MiB | 313306 MiB |
|       from large pool |  24342 KiB | 107742 KiB | 274684 MiB | 274660 MiB |
|       from small pool |   1709 KiB |   3305 KiB |  38647 MiB |  38645 MiB |
|---------------------------------------------------------------------------|
| Allocations           |      29    |      54    |     867 K  |     867 K  |
|       from large pool |       8    |      26    |      70 K  |      70 K  |
|       from small pool |      21    |      34    |     797 K  |     797 K  |
|---------------------------------------------------------------------------|
| Active allocs         |      29    |      54    |     867 K  |     867 K  |
|       from large pool |       8    |      26    |      70 K  |      70 K  |
|       from small pool |      21    |      34    |     797 K  |     797 K  |
|---------------------------------------------------------------------------|
| GPU reserved segments |      22    |      22    |      22    |       0    |
|       from large pool |      20    |      20    |      20    |       0    |
|       from small pool |       2    |       2    |       2    |       0    |
|---------------------------------------------------------------------------|
| Non-releasable allocs |       8    |      16    |  367168    |  367160    |
|       from large pool |       3    |      12    |   26074    |   26071    |
|       from small pool |       5    |      13    |  341094    |  341089    |
|---------------------------------------------------------------------------|
| Oversize allocations  |       0    |       0    |       0    |       0    |
|---------------------------------------------------------------------------|
| Oversize GPU segments |       0    |       0    |       0    |       0    |
|===========================================================================|

|===========================================================================|
|                  PyTorch CUDA memory summary, device ID 0                 |
|---------------------------------------------------------------------------|
|            CUDA OOMs: 0            |        cudaMalloc retries: 0         |
|===========================================================================|
|        Metric         | Cur Usage  | Peak Usage | Tot Alloc  | Tot Freed  |
|---------------------------------------------------------------------------|
| Allocated memory      |  37887 KiB | 378396 KiB | 656712 MiB | 656675 MiB |
|       from large pool |  37549 KiB | 377350 KiB | 614557 MiB | 614520 MiB |
|       from small pool |    338 KiB |   3316 KiB |  42155 MiB |  42155 MiB |
|---------------------------------------------------------------------------|
| Active memory         |  37887 KiB | 378396 KiB | 656712 MiB | 656675 MiB |
|       from large pool |  37549 KiB | 377350 KiB | 614557 MiB | 614520 MiB |
|       from small pool |    338 KiB |   3316 KiB |  42155 MiB |  42155 MiB |
|---------------------------------------------------------------------------|
| Requested memory      |  37026 KiB | 378079 KiB | 653742 MiB | 653706 MiB |
|       from large pool |  36690 KiB | 377036 KiB | 611808 MiB | 611773 MiB |
|       from small pool |    336 KiB |   3313 KiB |  41933 MiB |  41933 MiB |
|---------------------------------------------------------------------------|
| GPU reserved memory   | 657408 KiB | 657408 KiB | 657408 KiB |      0 B   |
|       from large pool | 653312 KiB | 653312 KiB | 653312 KiB |      0 B   |
|       from small pool |   4096 KiB |   4096 KiB |   4096 KiB |      0 B   |
|---------------------------------------------------------------------------|
| Non-releasable memory |  25600 KiB | 109005 KiB | 343003 MiB | 342978 MiB |
|       from large pool |  23891 KiB | 107742 KiB | 300754 MiB | 300731 MiB |
|       from small pool |   1709 KiB |   3305 KiB |  42248 MiB |  42247 MiB |
|---------------------------------------------------------------------------|
| Allocations           |      29    |      54    |     952 K  |     952 K  |
|       from large pool |       8    |      26    |      75 K  |      75 K  |
|       from small pool |      21    |      34    |     876 K  |     876 K  |
|---------------------------------------------------------------------------|
| Active allocs         |      29    |      54    |     952 K  |     952 K  |
|       from large pool |       8    |      26    |      75 K  |      75 K  |
|       from small pool |      21    |      34    |     876 K  |     876 K  |
|---------------------------------------------------------------------------|
| GPU reserved segments |      22    |      22    |      22    |       0    |
|       from large pool |      20    |      20    |      20    |       0    |
|       from small pool |       2    |       2    |       2    |       0    |
|---------------------------------------------------------------------------|
| Non-releasable allocs |       7    |      16    |  405373    |  405366    |
|       from large pool |       3    |      12    |   28506    |   28503    |
|       from small pool |       4    |      13    |  376867    |  376863    |
|---------------------------------------------------------------------------|
| Oversize allocations  |       0    |       0    |       0    |       0    |
|---------------------------------------------------------------------------|
| Oversize GPU segments |       0    |       0    |       0    |       0    |
|===========================================================================|

|===========================================================================|
|                  PyTorch CUDA memory summary, device ID 0                 |
|---------------------------------------------------------------------------|
|            CUDA OOMs: 0            |        cudaMalloc retries: 0         |
|===========================================================================|
|        Metric         | Cur Usage  | Peak Usage | Tot Alloc  | Tot Freed  |
|---------------------------------------------------------------------------|
| Allocated memory      |  36429 KiB | 378396 KiB | 698642 MiB | 698606 MiB |
|       from large pool |  35707 KiB | 377350 KiB | 652018 MiB | 651983 MiB |
|       from small pool |    721 KiB |   3316 KiB |  46623 MiB |  46622 MiB |
|---------------------------------------------------------------------------|
| Active memory         |  36429 KiB | 378396 KiB | 698642 MiB | 698606 MiB |
|       from large pool |  35707 KiB | 377350 KiB | 652018 MiB | 651983 MiB |
|       from small pool |    721 KiB |   3316 KiB |  46623 MiB |  46622 MiB |
|---------------------------------------------------------------------------|
| Requested memory      |  36234 KiB | 378079 KiB | 695473 MiB | 695437 MiB |
|       from large pool |  35515 KiB | 377036 KiB | 649094 MiB | 649060 MiB |
|       from small pool |    719 KiB |   3313 KiB |  46378 MiB |  46377 MiB |
|---------------------------------------------------------------------------|
| GPU reserved memory   | 657408 KiB | 657408 KiB | 657408 KiB |      0 B   |
|       from large pool | 653312 KiB | 653312 KiB | 653312 KiB |      0 B   |
|       from small pool |   4096 KiB |   4096 KiB |   4096 KiB |      0 B   |
|---------------------------------------------------------------------------|
| Non-releasable memory |  27059 KiB | 109005 KiB | 375826 MiB | 375799 MiB |
|       from large pool |  25732 KiB | 107742 KiB | 329035 MiB | 329010 MiB |
|       from small pool |   1326 KiB |   3317 KiB |  46790 MiB |  46789 MiB |
|---------------------------------------------------------------------------|
| Allocations           |      29    |      54    |    1051 K  |    1051 K  |
|       from large pool |       7    |      26    |      81 K  |      81 K  |
|       from small pool |      22    |      34    |     969 K  |     969 K  |
|---------------------------------------------------------------------------|
| Active allocs         |      29    |      54    |    1051 K  |    1051 K  |
|       from large pool |       7    |      26    |      81 K  |      81 K  |
|       from small pool |      22    |      34    |     969 K  |     969 K  |
|---------------------------------------------------------------------------|
| GPU reserved segments |      22    |      22    |      22    |       0    |
|       from large pool |      20    |      20    |      20    |       0    |
|       from small pool |       2    |       2    |       2    |       0    |
|---------------------------------------------------------------------------|
| Non-releasable allocs |       7    |      16    |  442131    |  442124    |
|       from large pool |       3    |      12    |   32039    |   32036    |
|       from small pool |       4    |      13    |  410092    |  410088    |
|---------------------------------------------------------------------------|
| Oversize allocations  |       0    |       0    |       0    |       0    |
|---------------------------------------------------------------------------|
| Oversize GPU segments |       0    |       0    |       0    |       0    |
|===========================================================================|

|===========================================================================|
|                  PyTorch CUDA memory summary, device ID 0                 |
|---------------------------------------------------------------------------|
|            CUDA OOMs: 0            |        cudaMalloc retries: 0         |
|===========================================================================|
|        Metric         | Cur Usage  | Peak Usage | Tot Alloc  | Tot Freed  |
|---------------------------------------------------------------------------|
| Allocated memory      |  36385 KiB | 378396 KiB | 724058 MiB | 724022 MiB |
|       from large pool |  35824 KiB | 377350 KiB | 675493 MiB | 675458 MiB |
|       from small pool |    560 KiB |   3699 KiB |  48565 MiB |  48564 MiB |
|---------------------------------------------------------------------------|
| Active memory         |  36385 KiB | 378396 KiB | 724058 MiB | 724022 MiB |
|       from large pool |  35824 KiB | 377350 KiB | 675493 MiB | 675458 MiB |
|       from small pool |    560 KiB |   3699 KiB |  48565 MiB |  48564 MiB |
|---------------------------------------------------------------------------|
| Requested memory      |  36190 KiB | 378079 KiB | 720737 MiB | 720702 MiB |
|       from large pool |  35632 KiB | 377036 KiB | 672429 MiB | 672394 MiB |
|       from small pool |    558 KiB |   3696 KiB |  48308 MiB |  48308 MiB |
|---------------------------------------------------------------------------|
| GPU reserved memory   | 659456 KiB | 659456 KiB | 659456 KiB |      0 B   |
|       from large pool | 653312 KiB | 653312 KiB | 653312 KiB |      0 B   |
|       from small pool |   6144 KiB |   6144 KiB |   6144 KiB |      0 B   |
|---------------------------------------------------------------------------|
| Non-releasable memory |  43487 KiB | 109005 KiB | 396442 MiB | 396400 MiB |
|       from large pool |  41999 KiB | 107742 KiB | 347601 MiB | 347560 MiB |
|       from small pool |   1487 KiB |   3834 KiB |  48841 MiB |  48840 MiB |
|---------------------------------------------------------------------------|
| Allocations           |      29    |      54    |    1091 K  |    1091 K  |
|       from large pool |       7    |      26    |      84 K  |      84 K  |
|       from small pool |      22    |      35    |    1006 K  |    1006 K  |
|---------------------------------------------------------------------------|
| Active allocs         |      29    |      54    |    1091 K  |    1091 K  |
|       from large pool |       7    |      26    |      84 K  |      84 K  |
|       from small pool |      22    |      35    |    1006 K  |    1006 K  |
|---------------------------------------------------------------------------|
| GPU reserved segments |      23    |      23    |      23    |       0    |
|       from large pool |      20    |      20    |      20    |       0    |
|       from small pool |       3    |       3    |       3    |       0    |
|---------------------------------------------------------------------------|
| Non-releasable allocs |       9    |      18    |  461959    |  461950    |
|       from large pool |       4    |      12    |   33604    |   33600    |
|       from small pool |       5    |      13    |  428355    |  428350    |
|---------------------------------------------------------------------------|
| Oversize allocations  |       0    |       0    |       0    |       0    |
|---------------------------------------------------------------------------|
| Oversize GPU segments |       0    |       0    |       0    |       0    |
|===========================================================================|

