|===========================================================================|
|                  PyTorch CUDA memory summary, device ID 0                 |
|---------------------------------------------------------------------------|
|            CUDA OOMs: 0            |        cudaMalloc retries: 0         |
|===========================================================================|
|        Metric         | Cur Usage  | Peak Usage | Tot Alloc  | Tot Freed  |
|---------------------------------------------------------------------------|
| Allocated memory      |  37653 KiB | 378396 KiB |   1286 GiB |   1286 GiB |
|       from large pool |  37314 KiB | 377350 KiB |   1093 GiB |   1093 GiB |
|       from small pool |    338 KiB |   3699 KiB |    193 GiB |    193 GiB |
|---------------------------------------------------------------------------|
| Active memory         |  37653 KiB | 378396 KiB |   1286 GiB |   1286 GiB |
|       from large pool |  37314 KiB | 377350 KiB |   1093 GiB |   1093 GiB |
|       from small pool |    338 KiB |   3699 KiB |    193 GiB |    193 GiB |
|---------------------------------------------------------------------------|
| Requested memory      |  37650 KiB | 378079 KiB |   1279 GiB |   1279 GiB |
|       from large pool |  37314 KiB | 377036 KiB |   1088 GiB |   1088 GiB |
|       from small pool |    336 KiB |   3696 KiB |    191 GiB |    191 GiB |
|---------------------------------------------------------------------------|
| GPU reserved memory   | 659456 KiB | 659456 KiB | 659456 KiB |      0 B   |
|       from large pool | 653312 KiB | 653312 KiB | 653312 KiB |      0 B   |
|       from small pool |   6144 KiB |   6144 KiB |   6144 KiB |      0 B   |
|---------------------------------------------------------------------------|
| Non-releasable memory |  21739 KiB | 109836 KiB | 716136 MiB | 716115 MiB |
|       from large pool |  20029 KiB | 108573 KiB | 467439 MiB | 467420 MiB |
|       from small pool |   1709 KiB |   4213 KiB | 248697 MiB | 248695 MiB |
|---------------------------------------------------------------------------|
| Allocations           |      29    |      54    |    5824 K  |    5824 K  |
|       from large pool |       8    |      26    |     129 K  |     129 K  |
|       from small pool |      21    |      35    |    5694 K  |    5694 K  |
|---------------------------------------------------------------------------|
| Active allocs         |      29    |      54    |    5824 K  |    5824 K  |
|       from large pool |       8    |      26    |     129 K  |     129 K  |
|       from small pool |      21    |      35    |    5694 K  |    5694 K  |
|---------------------------------------------------------------------------|
| GPU reserved segments |      23    |      23    |      23    |       0    |
|       from large pool |      20    |      20    |      20    |       0    |
|       from small pool |       3    |       3    |       3    |       0    |
|---------------------------------------------------------------------------|
| Non-releasable allocs |      10    |      19    |    1664 K  |    1664 K  |
|       from large pool |       4    |      12    |      54 K  |      54 K  |
|       from small pool |       6    |      13    |    1610 K  |    1610 K  |
|---------------------------------------------------------------------------|
| Oversize allocations  |       0    |       0    |       0    |       0    |
|---------------------------------------------------------------------------|
| Oversize GPU segments |       0    |       0    |       0    |       0    |
|===========================================================================|

|===========================================================================|
|                  PyTorch CUDA memory summary, device ID 0                 |
|---------------------------------------------------------------------------|
|            CUDA OOMs: 0            |        cudaMalloc retries: 0         |
|===========================================================================|
|        Metric         | Cur Usage  | Peak Usage | Tot Alloc  | Tot Freed  |
|---------------------------------------------------------------------------|
| Allocated memory      |  37637 KiB | 378645 KiB |   1412 GiB |   1412 GiB |
|       from large pool |  37298 KiB | 377599 KiB |   1184 GiB |   1184 GiB |
|       from small pool |    338 KiB |   3699 KiB |    227 GiB |    227 GiB |
|---------------------------------------------------------------------------|
| Active memory         |  37637 KiB | 378645 KiB |   1412 GiB |   1412 GiB |
|       from large pool |  37298 KiB | 377599 KiB |   1184 GiB |   1184 GiB |
|       from small pool |    338 KiB |   3699 KiB |    227 GiB |    227 GiB |
|---------------------------------------------------------------------------|
| Requested memory      |  37346 KiB | 378079 KiB |   1405 GiB |   1405 GiB |
|       from large pool |  37010 KiB | 377036 KiB |   1179 GiB |   1179 GiB |
|       from small pool |    336 KiB |   3696 KiB |    226 GiB |    226 GiB |
|---------------------------------------------------------------------------|
| GPU reserved memory   | 659456 KiB | 659456 KiB | 659456 KiB |      0 B   |
|       from large pool | 653312 KiB | 653312 KiB | 653312 KiB |      0 B   |
|       from small pool |   6144 KiB |   6144 KiB |   6144 KiB |      0 B   |
|---------------------------------------------------------------------------|
| Non-releasable memory |  21755 KiB | 109836 KiB |    857 GiB |    857 GiB |
|       from large pool |  20045 KiB | 108573 KiB |    530 GiB |    530 GiB |
|       from small pool |   1709 KiB |   4213 KiB |    327 GiB |    327 GiB |
|---------------------------------------------------------------------------|
| Allocations           |      29    |      54    |    6516 K  |    6516 K  |
|       from large pool |       8    |      26    |     146 K  |     146 K  |
|       from small pool |      21    |      35    |    6370 K  |    6370 K  |
|---------------------------------------------------------------------------|
| Active allocs         |      29    |      54    |    6516 K  |    6516 K  |
|       from large pool |       8    |      26    |     146 K  |     146 K  |
|       from small pool |      21    |      35    |    6370 K  |    6370 K  |
|---------------------------------------------------------------------------|
| GPU reserved segments |      23    |      23    |      23    |       0    |
|       from large pool |      20    |      20    |      20    |       0    |
|       from small pool |       3    |       3    |       3    |       0    |
|---------------------------------------------------------------------------|
| Non-releasable allocs |       9    |      19    |    1875 K  |    1875 K  |
|       from large pool |       4    |      12    |      65 K  |      65 K  |
|       from small pool |       5    |      13    |    1810 K  |    1810 K  |
|---------------------------------------------------------------------------|
| Oversize allocations  |       0    |       0    |       0    |       0    |
|---------------------------------------------------------------------------|
| Oversize GPU segments |       0    |       0    |       0    |       0    |
|===========================================================================|

|===========================================================================|
|                  PyTorch CUDA memory summary, device ID 0                 |
|---------------------------------------------------------------------------|
|            CUDA OOMs: 0            |        cudaMalloc retries: 0         |
|===========================================================================|
|        Metric         | Cur Usage  | Peak Usage | Tot Alloc  | Tot Freed  |
|---------------------------------------------------------------------------|
| Allocated memory      |  37618 KiB | 378645 KiB |   1484 GiB |   1484 GiB |
|       from large pool |  37280 KiB | 377599 KiB |   1230 GiB |   1230 GiB |
|       from small pool |    338 KiB |   3699 KiB |    254 GiB |    254 GiB |
|---------------------------------------------------------------------------|
| Active memory         |  37618 KiB | 378645 KiB |   1484 GiB |   1484 GiB |
|       from large pool |  37280 KiB | 377599 KiB |   1230 GiB |   1230 GiB |
|       from small pool |    338 KiB |   3699 KiB |    254 GiB |    254 GiB |
|---------------------------------------------------------------------------|
| Requested memory      |  36771 KiB | 378079 KiB |   1477 GiB |   1477 GiB |
|       from large pool |  36435 KiB | 377036 KiB |   1225 GiB |   1225 GiB |
|       from small pool |    336 KiB |   3696 KiB |    252 GiB |    252 GiB |
|---------------------------------------------------------------------------|
| GPU reserved memory   | 659456 KiB | 659456 KiB | 659456 KiB |      0 B   |
|       from large pool | 653312 KiB | 653312 KiB | 653312 KiB |      0 B   |
|       from small pool |   6144 KiB |   6144 KiB |   6144 KiB |      0 B   |
|---------------------------------------------------------------------------|
| Non-releasable memory |  21773 KiB | 109836 KiB |    916 GiB |    915 GiB |
|       from large pool |  20064 KiB | 108573 KiB |    562 GiB |    562 GiB |
|       from small pool |   1709 KiB |   4213 KiB |    353 GiB |    353 GiB |
|---------------------------------------------------------------------------|
| Allocations           |      29    |      54    |    7065 K  |    7065 K  |
|       from large pool |       8    |      26    |     153 K  |     153 K  |
|       from small pool |      21    |      35    |    6912 K  |    6912 K  |
|---------------------------------------------------------------------------|
| Active allocs         |      29    |      54    |    7065 K  |    7065 K  |
|       from large pool |       8    |      26    |     153 K  |     153 K  |
|       from small pool |      21    |      35    |    6912 K  |    6912 K  |
|---------------------------------------------------------------------------|
| GPU reserved segments |      23    |      23    |      23    |       0    |
|       from large pool |      20    |      20    |      20    |       0    |
|       from small pool |       3    |       3    |       3    |       0    |
|---------------------------------------------------------------------------|
| Non-releasable allocs |       7    |      19    |    2019 K  |    2019 K  |
|       from large pool |       3    |      12    |      70 K  |      70 K  |
|       from small pool |       4    |      13    |    1949 K  |    1949 K  |
|---------------------------------------------------------------------------|
| Oversize allocations  |       0    |       0    |       0    |       0    |
|---------------------------------------------------------------------------|
| Oversize GPU segments |       0    |       0    |       0    |       0    |
|===========================================================================|

|===========================================================================|
|                  PyTorch CUDA memory summary, device ID 0                 |
|---------------------------------------------------------------------------|
|            CUDA OOMs: 0            |        cudaMalloc retries: 0         |
|===========================================================================|
|        Metric         | Cur Usage  | Peak Usage | Tot Alloc  | Tot Freed  |
|---------------------------------------------------------------------------|
| Allocated memory      |  37618 KiB | 378645 KiB |   1566 GiB |   1566 GiB |
|       from large pool |  37280 KiB | 377599 KiB |   1290 GiB |   1290 GiB |
|       from small pool |    338 KiB |   3699 KiB |    275 GiB |    275 GiB |
|---------------------------------------------------------------------------|
| Active memory         |  37618 KiB | 378645 KiB |   1566 GiB |   1566 GiB |
|       from large pool |  37280 KiB | 377599 KiB |   1290 GiB |   1290 GiB |
|       from small pool |    338 KiB |   3699 KiB |    275 GiB |    275 GiB |
|---------------------------------------------------------------------------|
| Requested memory      |  36478 KiB | 378079 KiB |   1558 GiB |   1558 GiB |
|       from large pool |  36142 KiB | 377036 KiB |   1284 GiB |   1284 GiB |
|       from small pool |    336 KiB |   3696 KiB |    273 GiB |    273 GiB |
|---------------------------------------------------------------------------|
| GPU reserved memory   | 659456 KiB | 659456 KiB | 659456 KiB |      0 B   |
|       from large pool | 653312 KiB | 653312 KiB | 653312 KiB |      0 B   |
|       from small pool |   6144 KiB |   6144 KiB |   6144 KiB |      0 B   |
|---------------------------------------------------------------------------|
| Non-releasable memory |  21773 KiB | 109836 KiB |    978 GiB |    978 GiB |
|       from large pool |  20064 KiB | 108573 KiB |    603 GiB |    603 GiB |
|       from small pool |   1709 KiB |   4213 KiB |    375 GiB |    375 GiB |
|---------------------------------------------------------------------------|
| Allocations           |      29    |      54    |    7652 K  |    7652 K  |
|       from large pool |       8    |      26    |     162 K  |     162 K  |
|       from small pool |      21    |      35    |    7489 K  |    7489 K  |
|---------------------------------------------------------------------------|
| Active allocs         |      29    |      54    |    7652 K  |    7652 K  |
|       from large pool |       8    |      26    |     162 K  |     162 K  |
|       from small pool |      21    |      35    |    7489 K  |    7489 K  |
|---------------------------------------------------------------------------|
| GPU reserved segments |      23    |      23    |      23    |       0    |
|       from large pool |      20    |      20    |      20    |       0    |
|       from small pool |       3    |       3    |       3    |       0    |
|---------------------------------------------------------------------------|
| Non-releasable allocs |       8    |      19    |    2217 K  |    2217 K  |
|       from large pool |       3    |      12    |      76 K  |      76 K  |
|       from small pool |       5    |      13    |    2140 K  |    2140 K  |
|---------------------------------------------------------------------------|
| Oversize allocations  |       0    |       0    |       0    |       0    |
|---------------------------------------------------------------------------|
| Oversize GPU segments |       0    |       0    |       0    |       0    |
|===========================================================================|

|===========================================================================|
|                  PyTorch CUDA memory summary, device ID 0                 |
|---------------------------------------------------------------------------|
|            CUDA OOMs: 0            |        cudaMalloc retries: 0         |
|===========================================================================|
|        Metric         | Cur Usage  | Peak Usage | Tot Alloc  | Tot Freed  |
|---------------------------------------------------------------------------|
| Allocated memory      |  36557 KiB | 378645 KiB |   1637 GiB |   1637 GiB |
|       from large pool |  36218 KiB | 377599 KiB |   1344 GiB |   1344 GiB |
|       from small pool |    338 KiB |   3699 KiB |    293 GiB |    293 GiB |
|---------------------------------------------------------------------------|
| Active memory         |  36557 KiB | 378645 KiB |   1637 GiB |   1637 GiB |
|       from large pool |  36218 KiB | 377599 KiB |   1344 GiB |   1344 GiB |
|       from small pool |    338 KiB |   3699 KiB |    293 GiB |    293 GiB |
|---------------------------------------------------------------------------|
| Requested memory      |  36553 KiB | 378079 KiB |   1628 GiB |   1628 GiB |
|       from large pool |  36217 KiB | 377036 KiB |   1338 GiB |   1337 GiB |
|       from small pool |    336 KiB |   3696 KiB |    290 GiB |    290 GiB |
|---------------------------------------------------------------------------|
| GPU reserved memory   | 659456 KiB | 659456 KiB | 659456 KiB |      0 B   |
|       from large pool | 653312 KiB | 653312 KiB | 653312 KiB |      0 B   |
|       from small pool |   6144 KiB |   6144 KiB |   6144 KiB |      0 B   |
|---------------------------------------------------------------------------|
| Non-releasable memory |   6451 KiB | 109836 KiB |   1029 GiB |   1029 GiB |
|       from large pool |   4741 KiB | 108573 KiB |    637 GiB |    637 GiB |
|       from small pool |   1709 KiB |   4213 KiB |    392 GiB |    392 GiB |
|---------------------------------------------------------------------------|
| Allocations           |      29    |      54    |    8229 K  |    8229 K  |
|       from large pool |       8    |      26    |     170 K  |     170 K  |
|       from small pool |      21    |      35    |    8058 K  |    8058 K  |
|---------------------------------------------------------------------------|
| Active allocs         |      29    |      54    |    8229 K  |    8229 K  |
|       from large pool |       8    |      26    |     170 K  |     170 K  |
|       from small pool |      21    |      35    |    8058 K  |    8058 K  |
|---------------------------------------------------------------------------|
| GPU reserved segments |      23    |      23    |      23    |       0    |
|       from large pool |      20    |      20    |      20    |       0    |
|       from small pool |       3    |       3    |       3    |       0    |
|---------------------------------------------------------------------------|
| Non-releasable allocs |       8    |      19    |    2417 K  |    2417 K  |
|       from large pool |       3    |      12    |      82 K  |      82 K  |
|       from small pool |       5    |      13    |    2335 K  |    2335 K  |
|---------------------------------------------------------------------------|
| Oversize allocations  |       0    |       0    |       0    |       0    |
|---------------------------------------------------------------------------|
| Oversize GPU segments |       0    |       0    |       0    |       0    |
|===========================================================================|

|===========================================================================|
|                  PyTorch CUDA memory summary, device ID 0                 |
|---------------------------------------------------------------------------|
|            CUDA OOMs: 0            |        cudaMalloc retries: 0         |
|===========================================================================|
|        Metric         | Cur Usage  | Peak Usage | Tot Alloc  | Tot Freed  |
|---------------------------------------------------------------------------|
| Allocated memory      |  37724 KiB | 378645 KiB |   1705 GiB |   1705 GiB |
|       from large pool |  37386 KiB | 377599 KiB |   1395 GiB |   1395 GiB |
|       from small pool |    338 KiB |   3699 KiB |    309 GiB |    309 GiB |
|---------------------------------------------------------------------------|
| Active memory         |  37724 KiB | 378645 KiB |   1705 GiB |   1705 GiB |
|       from large pool |  37386 KiB | 377599 KiB |   1395 GiB |   1395 GiB |
|       from small pool |    338 KiB |   3699 KiB |    309 GiB |    309 GiB |
|---------------------------------------------------------------------------|
| Requested memory      |  37044 KiB | 378079 KiB |   1696 GiB |   1696 GiB |
|       from large pool |  36708 KiB | 377036 KiB |   1389 GiB |   1389 GiB |
|       from small pool |    336 KiB |   3696 KiB |    306 GiB |    306 GiB |
|---------------------------------------------------------------------------|
| GPU reserved memory   | 659456 KiB | 659456 KiB | 659456 KiB |      0 B   |
|       from large pool | 653312 KiB | 653312 KiB | 653312 KiB |      0 B   |
|       from small pool |   6144 KiB |   6144 KiB |   6144 KiB |      0 B   |
|---------------------------------------------------------------------------|
| Non-releasable memory |  21667 KiB | 109836 KiB |   1080 GiB |   1080 GiB |
|       from large pool |  19958 KiB | 108573 KiB |    671 GiB |    671 GiB |
|       from small pool |   1709 KiB |   4213 KiB |    408 GiB |    408 GiB |
|---------------------------------------------------------------------------|
| Allocations           |      29    |      54    |    8806 K  |    8806 K  |
|       from large pool |       8    |      26    |     177 K  |     177 K  |
|       from small pool |      21    |      35    |    8628 K  |    8628 K  |
|---------------------------------------------------------------------------|
| Active allocs         |      29    |      54    |    8806 K  |    8806 K  |
|       from large pool |       8    |      26    |     177 K  |     177 K  |
|       from small pool |      21    |      35    |    8628 K  |    8628 K  |
|---------------------------------------------------------------------------|
| GPU reserved segments |      23    |      23    |      23    |       0    |
|       from large pool |      20    |      20    |      20    |       0    |
|       from small pool |       3    |       3    |       3    |       0    |
|---------------------------------------------------------------------------|
| Non-releasable allocs |       8    |      19    |    2581 K  |    2581 K  |
|       from large pool |       4    |      12    |      87 K  |      87 K  |
|       from small pool |       4    |      13    |    2494 K  |    2494 K  |
|---------------------------------------------------------------------------|
| Oversize allocations  |       0    |       0    |       0    |       0    |
|---------------------------------------------------------------------------|
| Oversize GPU segments |       0    |       0    |       0    |       0    |
|===========================================================================|

|===========================================================================|
|                  PyTorch CUDA memory summary, device ID 0                 |
|---------------------------------------------------------------------------|
|            CUDA OOMs: 0            |        cudaMalloc retries: 0         |
|===========================================================================|
|        Metric         | Cur Usage  | Peak Usage | Tot Alloc  | Tot Freed  |
|---------------------------------------------------------------------------|
| Allocated memory      |  38175 KiB | 378645 KiB |   1764 GiB |   1764 GiB |
|       from large pool |  37837 KiB | 377599 KiB |   1434 GiB |   1434 GiB |
|       from small pool |    338 KiB |   3699 KiB |    329 GiB |    329 GiB |
|---------------------------------------------------------------------------|
| Active memory         |  38175 KiB | 378645 KiB |   1764 GiB |   1764 GiB |
|       from large pool |  37837 KiB | 377599 KiB |   1434 GiB |   1434 GiB |
|       from small pool |    338 KiB |   3699 KiB |    329 GiB |    329 GiB |
|---------------------------------------------------------------------------|
| Requested memory      |  37026 KiB | 378079 KiB |   1755 GiB |   1755 GiB |
|       from large pool |  36690 KiB | 377036 KiB |   1428 GiB |   1428 GiB |
|       from small pool |    336 KiB |   3696 KiB |    327 GiB |    327 GiB |
|---------------------------------------------------------------------------|
| GPU reserved memory   | 659456 KiB | 659456 KiB | 659456 KiB |      0 B   |
|       from large pool | 653312 KiB | 653312 KiB | 653312 KiB |      0 B   |
|       from small pool |   6144 KiB |   6144 KiB |   6144 KiB |      0 B   |
|---------------------------------------------------------------------------|
| Non-releasable memory |  21216 KiB | 109836 KiB |   1127 GiB |   1127 GiB |
|       from large pool |  19507 KiB | 108573 KiB |    697 GiB |    697 GiB |
|       from small pool |   1709 KiB |   4213 KiB |    429 GiB |    429 GiB |
|---------------------------------------------------------------------------|
| Allocations           |      29    |      54    |    9397 K  |    9397 K  |
|       from large pool |       8    |      26    |     183 K  |     183 K  |
|       from small pool |      21    |      35    |    9213 K  |    9213 K  |
|---------------------------------------------------------------------------|
| Active allocs         |      29    |      54    |    9397 K  |    9397 K  |
|       from large pool |       8    |      26    |     183 K  |     183 K  |
|       from small pool |      21    |      35    |    9213 K  |    9213 K  |
|---------------------------------------------------------------------------|
| GPU reserved segments |      23    |      23    |      23    |       0    |
|       from large pool |      20    |      20    |      20    |       0    |
|       from small pool |       3    |       3    |       3    |       0    |
|---------------------------------------------------------------------------|
| Non-releasable allocs |       8    |      19    |    2744 K  |    2744 K  |
|       from large pool |       4    |      12    |      91 K  |      91 K  |
|       from small pool |       4    |      13    |    2653 K  |    2653 K  |
|---------------------------------------------------------------------------|
| Oversize allocations  |       0    |       0    |       0    |       0    |
|---------------------------------------------------------------------------|
| Oversize GPU segments |       0    |       0    |       0    |       0    |
|===========================================================================|

|===========================================================================|
|                  PyTorch CUDA memory summary, device ID 0                 |
|---------------------------------------------------------------------------|
|            CUDA OOMs: 0            |        cudaMalloc retries: 0         |
|===========================================================================|
|        Metric         | Cur Usage  | Peak Usage | Tot Alloc  | Tot Freed  |
|---------------------------------------------------------------------------|
| Allocated memory      |  36525 KiB | 378645 KiB |   1824 GiB |   1824 GiB |
|       from large pool |  35803 KiB | 377599 KiB |   1474 GiB |   1473 GiB |
|       from small pool |    721 KiB |   3699 KiB |    350 GiB |    350 GiB |
|---------------------------------------------------------------------------|
| Active memory         |  36525 KiB | 378645 KiB |   1824 GiB |   1824 GiB |
|       from large pool |  35803 KiB | 377599 KiB |   1474 GiB |   1473 GiB |
|       from small pool |    721 KiB |   3699 KiB |    350 GiB |    350 GiB |
|---------------------------------------------------------------------------|
| Requested memory      |  36234 KiB | 378079 KiB |   1814 GiB |   1814 GiB |
|       from large pool |  35515 KiB | 377036 KiB |   1467 GiB |   1467 GiB |
|       from small pool |    719 KiB |   3696 KiB |    347 GiB |    347 GiB |
|---------------------------------------------------------------------------|
| GPU reserved memory   | 659456 KiB | 659456 KiB | 659456 KiB |      0 B   |
|       from large pool | 653312 KiB | 653312 KiB | 653312 KiB |      0 B   |
|       from small pool |   6144 KiB |   6144 KiB |   6144 KiB |      0 B   |
|---------------------------------------------------------------------------|
| Non-releasable memory |  22867 KiB | 109836 KiB |   1171 GiB |   1171 GiB |
|       from large pool |  21540 KiB | 108573 KiB |    721 GiB |    721 GiB |
|       from small pool |   1326 KiB |   4213 KiB |    449 GiB |    449 GiB |
|---------------------------------------------------------------------------|
| Allocations           |      29    |      54    |   10014 K  |   10014 K  |
|       from large pool |       7    |      26    |     189 K  |     189 K  |
|       from small pool |      22    |      35    |    9825 K  |    9825 K  |
|---------------------------------------------------------------------------|
| Active allocs         |      29    |      54    |   10014 K  |   10014 K  |
|       from large pool |       7    |      26    |     189 K  |     189 K  |
|       from small pool |      22    |      35    |    9825 K  |    9825 K  |
|---------------------------------------------------------------------------|
| GPU reserved segments |      23    |      23    |      23    |       0    |
|       from large pool |      20    |      20    |      20    |       0    |
|       from small pool |       3    |       3    |       3    |       0    |
|---------------------------------------------------------------------------|
| Non-releasable allocs |       8    |      19    |    2916 K  |    2916 K  |
|       from large pool |       4    |      13    |      95 K  |      95 K  |
|       from small pool |       4    |      13    |    2821 K  |    2821 K  |
|---------------------------------------------------------------------------|
| Oversize allocations  |       0    |       0    |       0    |       0    |
|---------------------------------------------------------------------------|
| Oversize GPU segments |       0    |       0    |       0    |       0    |
|===========================================================================|

|===========================================================================|
|                  PyTorch CUDA memory summary, device ID 0                 |
|---------------------------------------------------------------------------|
|            CUDA OOMs: 0            |        cudaMalloc retries: 0         |
|===========================================================================|
|        Metric         | Cur Usage  | Peak Usage | Tot Alloc  | Tot Freed  |
|---------------------------------------------------------------------------|
| Allocated memory      |  36193 KiB | 378645 KiB |   1877 GiB |   1877 GiB |
|       from large pool |  35632 KiB | 377599 KiB |   1518 GiB |   1518 GiB |
|       from small pool |    560 KiB |   3699 KiB |    358 GiB |    358 GiB |
|---------------------------------------------------------------------------|
| Active memory         |  36193 KiB | 378645 KiB |   1877 GiB |   1877 GiB |
|       from large pool |  35632 KiB | 377599 KiB |   1518 GiB |   1518 GiB |
|       from small pool |    560 KiB |   3699 KiB |    358 GiB |    358 GiB |
|---------------------------------------------------------------------------|
| Requested memory      |  36190 KiB | 378079 KiB |   1866 GiB |   1866 GiB |
|       from large pool |  35632 KiB | 377036 KiB |   1511 GiB |   1510 GiB |
|       from small pool |    558 KiB |   3696 KiB |    355 GiB |    355 GiB |
|---------------------------------------------------------------------------|
| GPU reserved memory   | 659456 KiB | 659456 KiB | 659456 KiB |      0 B   |
|       from large pool | 653312 KiB | 653312 KiB | 653312 KiB |      0 B   |
|       from small pool |   6144 KiB |   6144 KiB |   6144 KiB |      0 B   |
|---------------------------------------------------------------------------|
| Non-releasable memory |   6815 KiB | 109836 KiB |   1203 GiB |   1203 GiB |
|       from large pool |   5327 KiB | 108573 KiB |    744 GiB |    744 GiB |
|       from small pool |   1487 KiB |   4213 KiB |    458 GiB |    458 GiB |
|---------------------------------------------------------------------------|
| Allocations           |      29    |      54    |   10612 K  |   10612 K  |
|       from large pool |       7    |      26    |     194 K  |     194 K  |
|       from small pool |      22    |      35    |   10418 K  |   10418 K  |
|---------------------------------------------------------------------------|
| Active allocs         |      29    |      54    |   10612 K  |   10612 K  |
|       from large pool |       7    |      26    |     194 K  |     194 K  |
|       from small pool |      22    |      35    |   10418 K  |   10418 K  |
|---------------------------------------------------------------------------|
| GPU reserved segments |      23    |      23    |      23    |       0    |
|       from large pool |      20    |      20    |      20    |       0    |
|       from small pool |       3    |       3    |       3    |       0    |
|---------------------------------------------------------------------------|
| Non-releasable allocs |       9    |      19    |    3151 K  |    3151 K  |
|       from large pool |       2    |      14    |      99 K  |      99 K  |
|       from small pool |       7    |      14    |    3052 K  |    3052 K  |
|---------------------------------------------------------------------------|
| Oversize allocations  |       0    |       0    |       0    |       0    |
|---------------------------------------------------------------------------|
| Oversize GPU segments |       0    |       0    |       0    |       0    |
|===========================================================================|

