|===========================================================================|
|                  PyTorch CUDA memory summary, device ID 0                 |
|---------------------------------------------------------------------------|
|            CUDA OOMs: 0            |        cudaMalloc retries: 0         |
|===========================================================================|
|        Metric         | Cur Usage  | Peak Usage | Tot Alloc  | Tot Freed  |
|---------------------------------------------------------------------------|
| Allocated memory      |  37653 KiB | 378396 KiB |   1177 GiB |   1177 GiB |
|       from large pool |  37314 KiB | 377350 KiB |   1114 GiB |   1114 GiB |
|       from small pool |    338 KiB |   3699 KiB |     63 GiB |     63 GiB |
|---------------------------------------------------------------------------|
| Active memory         |  37653 KiB | 378396 KiB |   1177 GiB |   1177 GiB |
|       from large pool |  37314 KiB | 377350 KiB |   1114 GiB |   1114 GiB |
|       from small pool |    338 KiB |   3699 KiB |     63 GiB |     63 GiB |
|---------------------------------------------------------------------------|
| Requested memory      |  37650 KiB | 378079 KiB |   1172 GiB |   1172 GiB |
|       from large pool |  37314 KiB | 377036 KiB |   1108 GiB |   1108 GiB |
|       from small pool |    336 KiB |   3696 KiB |     63 GiB |     63 GiB |
|---------------------------------------------------------------------------|
| GPU reserved memory   | 659456 KiB | 659456 KiB | 659456 KiB |      0 B   |
|       from large pool | 653312 KiB | 653312 KiB | 653312 KiB |      0 B   |
|       from small pool |   6144 KiB |   6144 KiB |   6144 KiB |      0 B   |
|---------------------------------------------------------------------------|
| Non-releasable memory |  21739 KiB | 109704 KiB | 471387 MiB | 471366 MiB |
|       from large pool |  20029 KiB | 108441 KiB | 406132 MiB | 406113 MiB |
|       from small pool |   1709 KiB |   4213 KiB |  65254 MiB |  65252 MiB |
|---------------------------------------------------------------------------|
| Allocations           |      29    |      54    |    1423 K  |    1423 K  |
|       from large pool |       8    |      26    |     123 K  |     123 K  |
|       from small pool |      21    |      35    |    1300 K  |    1300 K  |
|---------------------------------------------------------------------------|
| Active allocs         |      29    |      54    |    1423 K  |    1423 K  |
|       from large pool |       8    |      26    |     123 K  |     123 K  |
|       from small pool |      21    |      35    |    1300 K  |    1300 K  |
|---------------------------------------------------------------------------|
| GPU reserved segments |      23    |      23    |      23    |       0    |
|       from large pool |      20    |      20    |      20    |       0    |
|       from small pool |       3    |       3    |       3    |       0    |
|---------------------------------------------------------------------------|
| Non-releasable allocs |       8    |      19    |  613593    |  613585    |
|       from large pool |       4    |      12    |   45768    |   45764    |
|       from small pool |       4    |      12    |  567825    |  567821    |
|---------------------------------------------------------------------------|
| Oversize allocations  |       0    |       0    |       0    |       0    |
|---------------------------------------------------------------------------|
| Oversize GPU segments |       0    |       0    |       0    |       0    |
|===========================================================================|

|===========================================================================|
|                  PyTorch CUDA memory summary, device ID 0                 |
|---------------------------------------------------------------------------|
|            CUDA OOMs: 0            |        cudaMalloc retries: 0         |
|===========================================================================|
|        Metric         | Cur Usage  | Peak Usage | Tot Alloc  | Tot Freed  |
|---------------------------------------------------------------------------|
| Allocated memory      |  41529 KiB | 378645 KiB |   1246 GiB |   1246 GiB |
|       from large pool |  41191 KiB | 377599 KiB |   1175 GiB |   1175 GiB |
|       from small pool |    338 KiB |   3699 KiB |     71 GiB |     71 GiB |
|---------------------------------------------------------------------------|
| Active memory         |  41529 KiB | 378645 KiB |   1246 GiB |   1246 GiB |
|       from large pool |  41191 KiB | 377599 KiB |   1175 GiB |   1175 GiB |
|       from small pool |    338 KiB |   3699 KiB |     71 GiB |     71 GiB |
|---------------------------------------------------------------------------|
| Requested memory      |  41526 KiB | 378079 KiB |   1240 GiB |   1240 GiB |
|       from large pool |  41190 KiB | 377036 KiB |   1169 GiB |   1169 GiB |
|       from small pool |    336 KiB |   3696 KiB |     70 GiB |     70 GiB |
|---------------------------------------------------------------------------|
| GPU reserved memory   | 659456 KiB | 659456 KiB | 659456 KiB |      0 B   |
|       from large pool | 653312 KiB | 653312 KiB | 653312 KiB |      0 B   |
|       from small pool |   6144 KiB |   6144 KiB |   6144 KiB |      0 B   |
|---------------------------------------------------------------------------|
| Non-releasable memory |  17862 KiB | 109704 KiB | 542248 MiB | 542230 MiB |
|       from large pool |  16153 KiB | 108441 KiB | 468979 MiB | 468964 MiB |
|       from small pool |   1709 KiB |   4213 KiB |  73268 MiB |  73266 MiB |
|---------------------------------------------------------------------------|
| Allocations           |      30    |      54    |    1606 K  |    1606 K  |
|       from large pool |       9    |      26    |     136 K  |     136 K  |
|       from small pool |      21    |      35    |    1470 K  |    1470 K  |
|---------------------------------------------------------------------------|
| Active allocs         |      30    |      54    |    1606 K  |    1606 K  |
|       from large pool |       9    |      26    |     136 K  |     136 K  |
|       from small pool |      21    |      35    |    1470 K  |    1470 K  |
|---------------------------------------------------------------------------|
| GPU reserved segments |      23    |      23    |      23    |       0    |
|       from large pool |      20    |      20    |      20    |       0    |
|       from small pool |       3    |       3    |       3    |       0    |
|---------------------------------------------------------------------------|
| Non-releasable allocs |       9    |      19    |  690691    |  690682    |
|       from large pool |       4    |      12    |   53132    |   53128    |
|       from small pool |       5    |      12    |  637559    |  637554    |
|---------------------------------------------------------------------------|
| Oversize allocations  |       0    |       0    |       0    |       0    |
|---------------------------------------------------------------------------|
| Oversize GPU segments |       0    |       0    |       0    |       0    |
|===========================================================================|

|===========================================================================|
|                  PyTorch CUDA memory summary, device ID 0                 |
|---------------------------------------------------------------------------|
|            CUDA OOMs: 0            |        cudaMalloc retries: 0         |
|===========================================================================|
|        Metric         | Cur Usage  | Peak Usage | Tot Alloc  | Tot Freed  |
|---------------------------------------------------------------------------|
| Allocated memory      |  45691 KiB | 378645 KiB |   1306 GiB |   1306 GiB |
|       from large pool |  45352 KiB | 377599 KiB |   1228 GiB |   1228 GiB |
|       from small pool |    338 KiB |   3699 KiB |     77 GiB |     77 GiB |
|---------------------------------------------------------------------------|
| Active memory         |  45691 KiB | 378645 KiB |   1306 GiB |   1306 GiB |
|       from large pool |  45352 KiB | 377599 KiB |   1228 GiB |   1228 GiB |
|       from small pool |    338 KiB |   3699 KiB |     77 GiB |     77 GiB |
|---------------------------------------------------------------------------|
| Requested memory      |  45131 KiB | 378079 KiB |   1299 GiB |   1299 GiB |
|       from large pool |  44795 KiB | 377036 KiB |   1222 GiB |   1222 GiB |
|       from small pool |    336 KiB |   3696 KiB |     77 GiB |     77 GiB |
|---------------------------------------------------------------------------|
| GPU reserved memory   | 659456 KiB | 659456 KiB | 659456 KiB |      0 B   |
|       from large pool | 653312 KiB | 653312 KiB | 653312 KiB |      0 B   |
|       from small pool |   6144 KiB |   6144 KiB |   6144 KiB |      0 B   |
|---------------------------------------------------------------------------|
| Non-releasable memory |  13701 KiB | 109704 KiB | 597287 MiB | 597274 MiB |
|       from large pool |  11991 KiB | 108441 KiB | 517221 MiB | 517209 MiB |
|       from small pool |   1709 KiB |   4213 KiB |  80066 MiB |  80064 MiB |
|---------------------------------------------------------------------------|
| Allocations           |      30    |      54    |    1742 K  |    1742 K  |
|       from large pool |       9    |      26    |     146 K  |     146 K  |
|       from small pool |      21    |      35    |    1596 K  |    1595 K  |
|---------------------------------------------------------------------------|
| Active allocs         |      30    |      54    |    1742 K  |    1742 K  |
|       from large pool |       9    |      26    |     146 K  |     146 K  |
|       from small pool |      21    |      35    |    1596 K  |    1595 K  |
|---------------------------------------------------------------------------|
| GPU reserved segments |      23    |      23    |      23    |       0    |
|       from large pool |      20    |      20    |      20    |       0    |
|       from small pool |       3    |       3    |       3    |       0    |
|---------------------------------------------------------------------------|
| Non-releasable allocs |       7    |      19    |  739349    |  739342    |
|       from large pool |       2    |      14    |   58286    |   58284    |
|       from small pool |       5    |      12    |  681063    |  681058    |
|---------------------------------------------------------------------------|
| Oversize allocations  |       0    |       0    |       0    |       0    |
|---------------------------------------------------------------------------|
| Oversize GPU segments |       0    |       0    |       0    |       0    |
|===========================================================================|

|===========================================================================|
|                  PyTorch CUDA memory summary, device ID 0                 |
|---------------------------------------------------------------------------|
|            CUDA OOMs: 0            |        cudaMalloc retries: 0         |
|===========================================================================|
|        Metric         | Cur Usage  | Peak Usage | Tot Alloc  | Tot Freed  |
|---------------------------------------------------------------------------|
| Allocated memory      |  49871 KiB | 378645 KiB |   1390 GiB |   1390 GiB |
|       from large pool |  49532 KiB | 377599 KiB |   1304 GiB |   1304 GiB |
|       from small pool |    338 KiB |   3699 KiB |     85 GiB |     85 GiB |
|---------------------------------------------------------------------------|
| Active memory         |  49871 KiB | 378645 KiB |   1390 GiB |   1390 GiB |
|       from large pool |  49532 KiB | 377599 KiB |   1304 GiB |   1304 GiB |
|       from small pool |    338 KiB |   3699 KiB |     85 GiB |     85 GiB |
|---------------------------------------------------------------------------|
| Requested memory      |  49018 KiB | 378079 KiB |   1383 GiB |   1383 GiB |
|       from large pool |  48682 KiB | 377036 KiB |   1297 GiB |   1297 GiB |
|       from small pool |    336 KiB |   3696 KiB |     85 GiB |     85 GiB |
|---------------------------------------------------------------------------|
| GPU reserved memory   | 659456 KiB | 659456 KiB | 659456 KiB |      0 B   |
|       from large pool | 653312 KiB | 653312 KiB | 653312 KiB |      0 B   |
|       from small pool |   6144 KiB |   6144 KiB |   6144 KiB |      0 B   |
|---------------------------------------------------------------------------|
| Non-releasable memory |  25905 KiB | 109704 KiB | 678989 MiB | 678964 MiB |
|       from large pool |  24195 KiB | 108441 KiB | 590704 MiB | 590680 MiB |
|       from small pool |   1709 KiB |   4213 KiB |  88285 MiB |  88283 MiB |
|---------------------------------------------------------------------------|
| Allocations           |      30    |      54    |    1896 K  |    1896 K  |
|       from large pool |       9    |      26    |     162 K  |     162 K  |
|       from small pool |      21    |      35    |    1734 K  |    1734 K  |
|---------------------------------------------------------------------------|
| Active allocs         |      30    |      54    |    1896 K  |    1896 K  |
|       from large pool |       9    |      26    |     162 K  |     162 K  |
|       from small pool |      21    |      35    |    1734 K  |    1734 K  |
|---------------------------------------------------------------------------|
| GPU reserved segments |      23    |      23    |      23    |       0    |
|       from large pool |      20    |      20    |      20    |       0    |
|       from small pool |       3    |       3    |       3    |       0    |
|---------------------------------------------------------------------------|
| Non-releasable allocs |      10    |      19    |     807 K  |     807 K  |
|       from large pool |       4    |      14    |      69 K  |      69 K  |
|       from small pool |       6    |      12    |     738 K  |     738 K  |
|---------------------------------------------------------------------------|
| Oversize allocations  |       0    |       0    |       0    |       0    |
|---------------------------------------------------------------------------|
| Oversize GPU segments |       0    |       0    |       0    |       0    |
|===========================================================================|

|===========================================================================|
|                  PyTorch CUDA memory summary, device ID 0                 |
|---------------------------------------------------------------------------|
|            CUDA OOMs: 0            |        cudaMalloc retries: 0         |
|===========================================================================|
|        Metric         | Cur Usage  | Peak Usage | Tot Alloc  | Tot Freed  |
|---------------------------------------------------------------------------|
| Allocated memory      |  53934 KiB | 378645 KiB |   1468 GiB |   1468 GiB |
|       from large pool |  53596 KiB | 377599 KiB |   1375 GiB |   1375 GiB |
|       from small pool |    338 KiB |   3699 KiB |     92 GiB |     92 GiB |
|---------------------------------------------------------------------------|
| Active memory         |  53934 KiB | 378645 KiB |   1468 GiB |   1468 GiB |
|       from large pool |  53596 KiB | 377599 KiB |   1375 GiB |   1375 GiB |
|       from small pool |    338 KiB |   3699 KiB |     92 GiB |     92 GiB |
|---------------------------------------------------------------------------|
| Requested memory      |  53273 KiB | 378079 KiB |   1460 GiB |   1460 GiB |
|       from large pool |  52937 KiB | 377036 KiB |   1368 GiB |   1368 GiB |
|       from small pool |    336 KiB |   3696 KiB |     92 GiB |     92 GiB |
|---------------------------------------------------------------------------|
| GPU reserved memory   | 659456 KiB | 659456 KiB | 659456 KiB |      0 B   |
|       from large pool | 653312 KiB | 653312 KiB | 653312 KiB |      0 B   |
|       from small pool |   6144 KiB |   6144 KiB |   6144 KiB |      0 B   |
|---------------------------------------------------------------------------|
| Non-releasable memory |  23889 KiB | 109704 KiB | 758200 MiB | 758177 MiB |
|       from large pool |  22180 KiB | 108441 KiB | 662603 MiB | 662581 MiB |
|       from small pool |   1709 KiB |   4213 KiB |  95597 MiB |  95596 MiB |
|---------------------------------------------------------------------------|
| Allocations           |      30    |      54    |    2016 K  |    2016 K  |
|       from large pool |       9    |      26    |     176 K  |     176 K  |
|       from small pool |      21    |      35    |    1839 K  |    1839 K  |
|---------------------------------------------------------------------------|
| Active allocs         |      30    |      54    |    2016 K  |    2016 K  |
|       from large pool |       9    |      26    |     176 K  |     176 K  |
|       from small pool |      21    |      35    |    1839 K  |    1839 K  |
|---------------------------------------------------------------------------|
| GPU reserved segments |      23    |      23    |      23    |       0    |
|       from large pool |      20    |      20    |      20    |       0    |
|       from small pool |       3    |       3    |       3    |       0    |
|---------------------------------------------------------------------------|
| Non-releasable allocs |       8    |      19    |     859 K  |     859 K  |
|       from large pool |       4    |      14    |      78 K  |      78 K  |
|       from small pool |       4    |      12    |     780 K  |     780 K  |
|---------------------------------------------------------------------------|
| Oversize allocations  |       0    |       0    |       0    |       0    |
|---------------------------------------------------------------------------|
| Oversize GPU segments |       0    |       0    |       0    |       0    |
|===========================================================================|

|===========================================================================|
|                  PyTorch CUDA memory summary, device ID 0                 |
|---------------------------------------------------------------------------|
|            CUDA OOMs: 0            |        cudaMalloc retries: 0         |
|===========================================================================|
|        Metric         | Cur Usage  | Peak Usage | Tot Alloc  | Tot Freed  |
|---------------------------------------------------------------------------|
| Allocated memory      |  58231 KiB | 378645 KiB |   1551 GiB |   1551 GiB |
|       from large pool |  57892 KiB | 377599 KiB |   1451 GiB |   1451 GiB |
|       from small pool |    338 KiB |   3699 KiB |     99 GiB |     99 GiB |
|---------------------------------------------------------------------------|
| Active memory         |  58231 KiB | 378645 KiB |   1551 GiB |   1551 GiB |
|       from large pool |  57892 KiB | 377599 KiB |   1451 GiB |   1451 GiB |
|       from small pool |    338 KiB |   3699 KiB |     99 GiB |     99 GiB |
|---------------------------------------------------------------------------|
| Requested memory      |  57944 KiB | 378079 KiB |   1543 GiB |   1543 GiB |
|       from large pool |  57608 KiB | 377036 KiB |   1443 GiB |   1443 GiB |
|       from small pool |    336 KiB |   3696 KiB |     99 GiB |     99 GiB |
|---------------------------------------------------------------------------|
| GPU reserved memory   | 659456 KiB | 659456 KiB | 659456 KiB |      0 B   |
|       from large pool | 653312 KiB | 653312 KiB | 653312 KiB |      0 B   |
|       from small pool |   6144 KiB |   6144 KiB |   6144 KiB |      0 B   |
|---------------------------------------------------------------------------|
| Non-releasable memory |  17545 KiB | 109704 KiB |    825 GiB |    825 GiB |
|       from large pool |  15835 KiB | 108441 KiB |    725 GiB |    725 GiB |
|       from small pool |   1709 KiB |   4213 KiB |    100 GiB |    100 GiB |
|---------------------------------------------------------------------------|
| Allocations           |      30    |      54    |    2122 K  |    2122 K  |
|       from large pool |       9    |      26    |     192 K  |     192 K  |
|       from small pool |      21    |      35    |    1930 K  |    1930 K  |
|---------------------------------------------------------------------------|
| Active allocs         |      30    |      54    |    2122 K  |    2122 K  |
|       from large pool |       9    |      26    |     192 K  |     192 K  |
|       from small pool |      21    |      35    |    1930 K  |    1930 K  |
|---------------------------------------------------------------------------|
| GPU reserved segments |      23    |      23    |      23    |       0    |
|       from large pool |      20    |      20    |      20    |       0    |
|       from small pool |       3    |       3    |       3    |       0    |
|---------------------------------------------------------------------------|
| Non-releasable allocs |       8    |      19    |     905 K  |     905 K  |
|       from large pool |       2    |      14    |      89 K  |      89 K  |
|       from small pool |       6    |      12    |     815 K  |     815 K  |
|---------------------------------------------------------------------------|
| Oversize allocations  |       0    |       0    |       0    |       0    |
|---------------------------------------------------------------------------|
| Oversize GPU segments |       0    |       0    |       0    |       0    |
|===========================================================================|

|===========================================================================|
|                  PyTorch CUDA memory summary, device ID 0                 |
|---------------------------------------------------------------------------|
|            CUDA OOMs: 0            |        cudaMalloc retries: 0         |
|===========================================================================|
|        Metric         | Cur Usage  | Peak Usage | Tot Alloc  | Tot Freed  |
|---------------------------------------------------------------------------|
| Allocated memory      |  62110 KiB | 384259 KiB |   1636 GiB |   1636 GiB |
|       from large pool |  61771 KiB | 383190 KiB |   1529 GiB |   1529 GiB |
|       from small pool |    338 KiB |   3699 KiB |    107 GiB |    107 GiB |
|---------------------------------------------------------------------------|
| Active memory         |  62110 KiB | 384259 KiB |   1636 GiB |   1636 GiB |
|       from large pool |  61771 KiB | 383190 KiB |   1529 GiB |   1529 GiB |
|       from small pool |    338 KiB |   3699 KiB |    107 GiB |    107 GiB |
|---------------------------------------------------------------------------|
| Requested memory      |  62106 KiB | 380349 KiB |   1626 GiB |   1626 GiB |
|       from large pool |  61770 KiB | 379283 KiB |   1520 GiB |   1520 GiB |
|       from small pool |    336 KiB |   3696 KiB |    106 GiB |    106 GiB |
|---------------------------------------------------------------------------|
| GPU reserved memory   | 659456 KiB | 659456 KiB | 659456 KiB |      0 B   |
|       from large pool | 653312 KiB | 653312 KiB | 653312 KiB |      0 B   |
|       from small pool |   6144 KiB |   6144 KiB |   6144 KiB |      0 B   |
|---------------------------------------------------------------------------|
| Non-releasable memory |  13666 KiB | 109704 KiB |    915 GiB |    915 GiB |
|       from large pool |  11956 KiB | 108441 KiB |    808 GiB |    808 GiB |
|       from small pool |   1709 KiB |   4213 KiB |    107 GiB |    107 GiB |
|---------------------------------------------------------------------------|
| Allocations           |      30    |      54    |    2238 K  |    2238 K  |
|       from large pool |       9    |      26    |     208 K  |     208 K  |
|       from small pool |      21    |      35    |    2030 K  |    2030 K  |
|---------------------------------------------------------------------------|
| Active allocs         |      30    |      54    |    2238 K  |    2238 K  |
|       from large pool |       9    |      26    |     208 K  |     208 K  |
|       from small pool |      21    |      35    |    2030 K  |    2030 K  |
|---------------------------------------------------------------------------|
| GPU reserved segments |      23    |      23    |      23    |       0    |
|       from large pool |      20    |      20    |      20    |       0    |
|       from small pool |       3    |       3    |       3    |       0    |
|---------------------------------------------------------------------------|
| Non-releasable allocs |      10    |      19    |     960 K  |     960 K  |
|       from large pool |       4    |      14    |      99 K  |      99 K  |
|       from small pool |       6    |      12    |     860 K  |     860 K  |
|---------------------------------------------------------------------------|
| Oversize allocations  |       0    |       0    |       0    |       0    |
|---------------------------------------------------------------------------|
| Oversize GPU segments |       0    |       0    |       0    |       0    |
|===========================================================================|

|===========================================================================|
|                  PyTorch CUDA memory summary, device ID 0                 |
|---------------------------------------------------------------------------|
|            CUDA OOMs: 0            |        cudaMalloc retries: 0         |
|===========================================================================|
|        Metric         | Cur Usage  | Peak Usage | Tot Alloc  | Tot Freed  |
|---------------------------------------------------------------------------|
| Allocated memory      |  66513 KiB | 384259 KiB |   1748 GiB |   1748 GiB |
|       from large pool |  65792 KiB | 383190 KiB |   1630 GiB |   1630 GiB |
|       from small pool |    721 KiB |   3699 KiB |    117 GiB |    117 GiB |
|---------------------------------------------------------------------------|
| Active memory         |  66513 KiB | 384259 KiB |   1748 GiB |   1748 GiB |
|       from large pool |  65792 KiB | 383190 KiB |   1630 GiB |   1630 GiB |
|       from small pool |    721 KiB |   3699 KiB |    117 GiB |    117 GiB |
|---------------------------------------------------------------------------|
| Requested memory      |  65494 KiB | 380349 KiB |   1737 GiB |   1737 GiB |
|       from large pool |  64775 KiB | 379283 KiB |   1621 GiB |   1620 GiB |
|       from small pool |    719 KiB |   3696 KiB |    116 GiB |    116 GiB |
|---------------------------------------------------------------------------|
| GPU reserved memory   | 659456 KiB | 659456 KiB | 659456 KiB |      0 B   |
|       from large pool | 653312 KiB | 653312 KiB | 653312 KiB |      0 B   |
|       from small pool |   6144 KiB |   6144 KiB |   6144 KiB |      0 B   |
|---------------------------------------------------------------------------|
| Non-releasable memory |  25646 KiB | 109704 KiB |   1031 GiB |   1030 GiB |
|       from large pool |  24320 KiB | 108441 KiB |    913 GiB |    912 GiB |
|       from small pool |   1326 KiB |   4213 KiB |    117 GiB |    117 GiB |
|---------------------------------------------------------------------------|
| Allocations           |      30    |      54    |    2387 K  |    2387 K  |
|       from large pool |       8    |      26    |     230 K  |     230 K  |
|       from small pool |      22    |      35    |    2157 K  |    2157 K  |
|---------------------------------------------------------------------------|
| Active allocs         |      30    |      54    |    2387 K  |    2387 K  |
|       from large pool |       8    |      26    |     230 K  |     230 K  |
|       from small pool |      22    |      35    |    2157 K  |    2157 K  |
|---------------------------------------------------------------------------|
| GPU reserved segments |      23    |      23    |      23    |       0    |
|       from large pool |      20    |      20    |      20    |       0    |
|       from small pool |       3    |       3    |       3    |       0    |
|---------------------------------------------------------------------------|
| Non-releasable allocs |       8    |      19    |    1026 K  |    1026 K  |
|       from large pool |       4    |      14    |     113 K  |     113 K  |
|       from small pool |       4    |      12    |     913 K  |     913 K  |
|---------------------------------------------------------------------------|
| Oversize allocations  |       0    |       0    |       0    |       0    |
|---------------------------------------------------------------------------|
| Oversize GPU segments |       0    |       0    |       0    |       0    |
|===========================================================================|

|===========================================================================|
|                  PyTorch CUDA memory summary, device ID 0                 |
|---------------------------------------------------------------------------|
|            CUDA OOMs: 0            |        cudaMalloc retries: 0         |
|===========================================================================|
|        Metric         | Cur Usage  | Peak Usage | Tot Alloc  | Tot Freed  |
|---------------------------------------------------------------------------|
| Allocated memory      |  69633 KiB | 384259 KiB |   1853 GiB |   1853 GiB |
|       from large pool |  69073 KiB | 383190 KiB |   1727 GiB |   1727 GiB |
|       from small pool |    560 KiB |   4017 KiB |    125 GiB |    125 GiB |
|---------------------------------------------------------------------------|
| Active memory         |  69633 KiB | 384259 KiB |   1853 GiB |   1853 GiB |
|       from large pool |  69073 KiB | 383190 KiB |   1727 GiB |   1727 GiB |
|       from small pool |    560 KiB |   4017 KiB |    125 GiB |    125 GiB |
|---------------------------------------------------------------------------|
| Requested memory      |  69630 KiB | 380349 KiB |   1841 GiB |   1841 GiB |
|       from large pool |  69072 KiB | 379283 KiB |   1716 GiB |   1716 GiB |
|       from small pool |    558 KiB |   4012 KiB |    125 GiB |    125 GiB |
|---------------------------------------------------------------------------|
| GPU reserved memory   | 659456 KiB | 659456 KiB | 659456 KiB |      0 B   |
|       from large pool | 653312 KiB | 653312 KiB | 653312 KiB |      0 B   |
|       from small pool |   6144 KiB |   6144 KiB |   6144 KiB |      0 B   |
|---------------------------------------------------------------------------|
| Non-releasable memory |  24574 KiB | 109704 KiB |   1139 GiB |   1139 GiB |
|       from large pool |  23087 KiB | 108441 KiB |   1012 GiB |   1012 GiB |
|       from small pool |   1487 KiB |   4213 KiB |    126 GiB |    126 GiB |
|---------------------------------------------------------------------------|
| Allocations           |      30    |      54    |    2477 K  |    2477 K  |
|       from large pool |       8    |      26    |     250 K  |     250 K  |
|       from small pool |      22    |      35    |    2226 K  |    2226 K  |
|---------------------------------------------------------------------------|
| Active allocs         |      30    |      54    |    2477 K  |    2477 K  |
|       from large pool |       8    |      26    |     250 K  |     250 K  |
|       from small pool |      22    |      35    |    2226 K  |    2226 K  |
|---------------------------------------------------------------------------|
| GPU reserved segments |      23    |      23    |      23    |       0    |
|       from large pool |      20    |      20    |      20    |       0    |
|       from small pool |       3    |       3    |       3    |       0    |
|---------------------------------------------------------------------------|
| Non-releasable allocs |      11    |      19    |    1076 K  |    1076 K  |
|       from large pool |       5    |      14    |     127 K  |     127 K  |
|       from small pool |       6    |      13    |     948 K  |     948 K  |
|---------------------------------------------------------------------------|
| Oversize allocations  |       0    |       0    |       0    |       0    |
|---------------------------------------------------------------------------|
| Oversize GPU segments |       0    |       0    |       0    |       0    |
|===========================================================================|

